[Init] Using device: cuda
[Config] Parameters saved to: results/mnist/seed_44_aa_5/params.json
[Training Start] 50 epochs total
Warmup: first 5 epochs | Semantic: 6–10 | AA starts from 11
[Config] batch_size=500 | lr=0.005 | gamma=60.0 | cos_sim_weight=1.0

===================== Epoch 1/50 =====================
Mode: Warmup (KL + Reconstruction)
[Train] Batch 010 | I(t;x): 2.5031 | I(t;y): 2.3012 | Recon: 0.1010 | Total: 22.7040
[Train] Batch 020 | I(t;x): 0.1750 | I(t;y): 2.3011 | Recon: 0.0642 | Total: 13.0236
[Train] Batch 030 | I(t;x): 0.2134 | I(t;y): 2.3010 | Recon: 0.0623 | Total: 12.6772
[Train] Batch 040 | I(t;x): 0.2626 | I(t;y): 2.3008 | Recon: 0.0608 | Total: 12.4224

[Summary] Epoch 1 Train Total Loss: 33906518725201.9258
=======================================================================

===================== Epoch 2/50 =====================
Mode: Warmup (KL + Reconstruction)
[Train] Batch 010 | I(t;x): 0.5469 | I(t;y): 2.3006 | Recon: 0.0551 | Total: 11.5708
[Train] Batch 020 | I(t;x): 0.7145 | I(t;y): 2.3007 | Recon: 0.0512 | Total: 10.9586
[Train] Batch 030 | I(t;x): 0.8182 | I(t;y): 2.3009 | Recon: 0.0482 | Total: 10.4494
[Train] Batch 040 | I(t;x): 0.8034 | I(t;y): 2.3009 | Recon: 0.0454 | Total: 9.8744

[Summary] Epoch 2 Train Total Loss: 10.9659
=======================================================================

===================== Epoch 3/50 =====================
Mode: Warmup (KL + Reconstruction)
[Train] Batch 010 | I(t;x): 0.9759 | I(t;y): 2.3010 | Recon: 0.0428 | Total: 9.5423
[Train] Batch 020 | I(t;x): 0.9597 | I(t;y): 2.3010 | Recon: 0.0407 | Total: 9.0945
[Train] Batch 030 | I(t;x): 0.9802 | I(t;y): 2.3010 | Recon: 0.0380 | Total: 8.5878
[Train] Batch 040 | I(t;x): 1.0233 | I(t;y): 2.3009 | Recon: 0.0360 | Total: 8.2205

[Summary] Epoch 3 Train Total Loss: 8.8824
=======================================================================

===================== Epoch 4/50 =====================
Mode: Warmup (KL + Reconstruction)
[Train] Batch 010 | I(t;x): 1.0248 | I(t;y): 2.3009 | Recon: 0.0342 | Total: 7.8686
[Train] Batch 020 | I(t;x): 1.0259 | I(t;y): 2.3008 | Recon: 0.0331 | Total: 7.6373
[Train] Batch 030 | I(t;x): 0.9849 | I(t;y): 2.3009 | Recon: 0.0309 | Total: 7.1569
[Train] Batch 040 | I(t;x): 0.9729 | I(t;y): 2.3009 | Recon: 0.0309 | Total: 7.1576

[Summary] Epoch 4 Train Total Loss: 7.6280
=======================================================================

===================== Epoch 5/50 =====================
Mode: Warmup (KL + Reconstruction)
[Train] Batch 010 | I(t;x): 0.9971 | I(t;y): 2.3008 | Recon: 0.0303 | Total: 7.0614
[Train] Batch 020 | I(t;x): 0.9976 | I(t;y): 2.3009 | Recon: 0.0280 | Total: 6.6000
[Train] Batch 030 | I(t;x): 1.0481 | I(t;y): 2.3008 | Recon: 0.0277 | Total: 6.5905
[Train] Batch 040 | I(t;x): 0.9863 | I(t;y): 2.3009 | Recon: 0.0256 | Total: 6.1049

[Summary] Epoch 5 Train Total Loss: 6.6452
=======================================================================

===================== Epoch 6/50 =====================
Mode: Semantic (KL + Recon + weak MI)
[Train] Batch 010 | I(t;x): 0.9608 | I(t;y): 2.1883 | Recon: 0.0253 | Total: 6.0241
[Train] Batch 020 | I(t;x): 0.9472 | I(t;y): 1.7903 | Recon: 0.0236 | Total: 5.6727
[Train] Batch 030 | I(t;x): 0.9588 | I(t;y): 1.4512 | Recon: 0.0231 | Total: 5.5828
[Train] Batch 040 | I(t;x): 0.9567 | I(t;y): 0.6935 | Recon: 0.0227 | Total: 5.5048

[Summary] Epoch 6 Train Total Loss: 5.7786
=======================================================================

===================== Epoch 7/50 =====================
Mode: Semantic (KL + Recon + weak MI)
[Train] Batch 010 | I(t;x): 0.9421 | I(t;y): 0.0460 | Recon: 0.0217 | Total: 5.2893
[Train] Batch 020 | I(t;x): 0.9647 | I(t;y): 0.0027 | Recon: 0.0208 | Total: 5.1334
[Train] Batch 030 | I(t;x): 1.0169 | I(t;y): 0.0011 | Recon: 0.0221 | Total: 5.4372
[Train] Batch 040 | I(t;x): 0.9609 | I(t;y): 0.0004 | Recon: 0.0202 | Total: 5.0052

[Summary] Epoch 7 Train Total Loss: 5.2355
=======================================================================

===================== Epoch 8/50 =====================
Mode: Semantic (KL + Recon + weak MI)
[Train] Batch 010 | I(t;x): 0.9744 | I(t;y): 0.0004 | Recon: 0.0194 | Total: 4.8578
[Train] Batch 020 | I(t;x): 0.9620 | I(t;y): 0.0004 | Recon: 0.0203 | Total: 5.0230
[Train] Batch 030 | I(t;x): 0.9610 | I(t;y): 0.0002 | Recon: 0.0185 | Total: 4.6678
[Train] Batch 040 | I(t;x): 0.9919 | I(t;y): 0.0004 | Recon: 0.0187 | Total: 4.7219

[Summary] Epoch 8 Train Total Loss: 4.8565
=======================================================================

===================== Epoch 9/50 =====================
Mode: Semantic (KL + Recon + weak MI)
[Train] Batch 010 | I(t;x): 0.9667 | I(t;y): 0.0002 | Recon: 0.0186 | Total: 4.6908
[Train] Batch 020 | I(t;x): 0.9650 | I(t;y): 0.0003 | Recon: 0.0179 | Total: 4.5413
[Train] Batch 030 | I(t;x): 0.9802 | I(t;y): 0.0003 | Recon: 0.0193 | Total: 4.8460
[Train] Batch 040 | I(t;x): 0.9810 | I(t;y): 0.0004 | Recon: 0.0176 | Total: 4.5035

[Summary] Epoch 9 Train Total Loss: 4.7050
=======================================================================

===================== Epoch 10/50 =====================
Mode: Semantic (KL + Recon + weak MI)
[Train] Batch 010 | I(t;x): 0.9720 | I(t;y): 0.0001 | Recon: 0.0181 | Total: 4.5958
[Train] Batch 020 | I(t;x): 0.9850 | I(t;y): 0.0002 | Recon: 0.0176 | Total: 4.5041
[Train] Batch 030 | I(t;x): 0.9823 | I(t;y): 0.0003 | Recon: 0.0169 | Total: 4.3692
[Train] Batch 040 | I(t;x): 0.9705 | I(t;y): 0.0002 | Recon: 0.0184 | Total: 4.6455

[Summary] Epoch 10 Train Total Loss: 4.5272
=======================================================================

===================== Epoch 11/50 =====================
Mode: Full (KL + Recon + MI + full AA reconstruction + cos loss)
[Init] Initializing class-wise archetypes (multi-seed + fallback)...
[Init] Archetypes initialized.
[Train] Batch 010 | I(t;x): 1.3968 | I(t;y): 0.0000 | Recon: 0.0379 | Total: 12.9614
   ↳ AA sample loss: 0.022303 | AA cos loss: 0.044100
[Train] Batch 020 | I(t;x): 1.9420 | I(t;y): 0.0000 | Recon: 0.0346 | Total: 11.0126
   ↳ AA sample loss: 0.022185 | AA cos loss: 0.013582
[Train] Batch 030 | I(t;x): 1.7839 | I(t;y): 0.0000 | Recon: 0.0306 | Total: 9.8544
   ↳ AA sample loss: 0.022306 | AA cos loss: 0.010114
[Train] Batch 040 | I(t;x): 1.7202 | I(t;y): 0.0000 | Recon: 0.0273 | Total: 9.1439
   ↳ AA sample loss: 0.022257 | AA cos loss: 0.010398

[Summary] Epoch 11 Train Total Loss: 14.3137
[Collapse Monitor] Avg intra-class archetype distance: 0.3153
=======================================================================

===================== Epoch 12/50 =====================
Mode: Full (KL + Recon + MI + full AA reconstruction + cos loss)
[Train] Batch 010 | I(t;x): 1.7411 | I(t;y): 0.0000 | Recon: 0.0248 | Total: 8.6747
   ↳ AA sample loss: 0.022276 | AA cos loss: 0.010697
[Train] Batch 020 | I(t;x): 1.6871 | I(t;y): 0.0000 | Recon: 0.0231 | Total: 8.2891
   ↳ AA sample loss: 0.022267 | AA cos loss: 0.010793
[Train] Batch 030 | I(t;x): 1.6863 | I(t;y): 0.0000 | Recon: 0.0244 | Total: 8.4979
   ↳ AA sample loss: 0.022268 | AA cos loss: 0.010065
[Train] Batch 040 | I(t;x): 1.6114 | I(t;y): 0.0000 | Recon: 0.0228 | Total: 8.0910
   ↳ AA sample loss: 0.022260 | AA cos loss: 0.009676

[Summary] Epoch 12 Train Total Loss: 8.3635
[Collapse Monitor] Avg intra-class archetype distance: 0.3180
=======================================================================

===================== Epoch 13/50 =====================
Mode: Full (KL + Recon + MI + full AA reconstruction + cos loss)
[Train] Batch 010 | I(t;x): 1.6164 | I(t;y): 0.0000 | Recon: 0.0214 | Total: 7.7874
   ↳ AA sample loss: 0.022258 | AA cos loss: 0.009166
[Train] Batch 020 | I(t;x): 1.6051 | I(t;y): 0.0000 | Recon: 0.0208 | Total: 7.6281
   ↳ AA sample loss: 0.022271 | AA cos loss: 0.008873
[Train] Batch 030 | I(t;x): 1.6000 | I(t;y): 0.0000 | Recon: 0.0202 | Total: 7.4965
   ↳ AA sample loss: 0.022272 | AA cos loss: 0.008565
[Train] Batch 040 | I(t;x): 1.5710 | I(t;y): 0.0000 | Recon: 0.0197 | Total: 7.2758
   ↳ AA sample loss: 0.022295 | AA cos loss: 0.007275

[Summary] Epoch 13 Train Total Loss: 7.5935
[Collapse Monitor] Avg intra-class archetype distance: 0.3227
=======================================================================

===================== Epoch 14/50 =====================
Mode: Full (KL + Recon + MI + full AA reconstruction + cos loss)
[Train] Batch 010 | I(t;x): 1.5486 | I(t;y): 0.0000 | Recon: 0.0203 | Total: 7.3783
   ↳ AA sample loss: 0.022323 | AA cos loss: 0.007211
[Train] Batch 020 | I(t;x): 1.5465 | I(t;y): 0.0000 | Recon: 0.0194 | Total: 7.2037
   ↳ AA sample loss: 0.022313 | AA cos loss: 0.007161
[Train] Batch 030 | I(t;x): 1.5612 | I(t;y): 0.0000 | Recon: 0.0185 | Total: 6.9761
   ↳ AA sample loss: 0.022323 | AA cos loss: 0.006311
[Train] Batch 040 | I(t;x): 1.5233 | I(t;y): 0.0000 | Recon: 0.0195 | Total: 7.1374
   ↳ AA sample loss: 0.022310 | AA cos loss: 0.006170

[Summary] Epoch 14 Train Total Loss: 7.1562
[Collapse Monitor] Avg intra-class archetype distance: 0.3323
=======================================================================

===================== Epoch 15/50 =====================
Mode: Full (KL + Recon + MI + full AA reconstruction + cos loss)
[Train] Batch 010 | I(t;x): 1.5026 | I(t;y): 0.0000 | Recon: 0.0184 | Total: 6.8509
   ↳ AA sample loss: 0.022298 | AA cos loss: 0.005401
[Train] Batch 020 | I(t;x): 1.4857 | I(t;y): 0.0000 | Recon: 0.0191 | Total: 6.9839
   ↳ AA sample loss: 0.022281 | AA cos loss: 0.005550
[Train] Batch 030 | I(t;x): 1.4774 | I(t;y): 0.0000 | Recon: 0.0188 | Total: 6.8769
   ↳ AA sample loss: 0.022268 | AA cos loss: 0.005105
[Train] Batch 040 | I(t;x): 1.5194 | I(t;y): 0.0000 | Recon: 0.0180 | Total: 6.7462
   ↳ AA sample loss: 0.022140 | AA cos loss: 0.004906

[Summary] Epoch 15 Train Total Loss: 6.8171
[Collapse Monitor] Avg intra-class archetype distance: 0.3472
=======================================================================

===================== Epoch 16/50 =====================
Mode: Full (KL + Recon + MI + full AA reconstruction + cos loss)
[Train] Batch 010 | I(t;x): 1.5022 | I(t;y): 0.0000 | Recon: 0.0178 | Total: 6.6568
   ↳ AA sample loss: 0.022081 | AA cos loss: 0.004510
[Train] Batch 020 | I(t;x): 1.4580 | I(t;y): 0.0000 | Recon: 0.0168 | Total: 6.3973
   ↳ AA sample loss: 0.021949 | AA cos loss: 0.004520
[Train] Batch 030 | I(t;x): 1.4476 | I(t;y): 0.0000 | Recon: 0.0175 | Total: 6.5159
   ↳ AA sample loss: 0.021853 | AA cos loss: 0.004237
[Train] Batch 040 | I(t;x): 1.3952 | I(t;y): 0.0000 | Recon: 0.0175 | Total: 6.4405
   ↳ AA sample loss: 0.021668 | AA cos loss: 0.004249

[Summary] Epoch 16 Train Total Loss: 6.5810
[Collapse Monitor] Avg intra-class archetype distance: 0.3643
=======================================================================

===================== Epoch 17/50 =====================
Mode: Full (KL + Recon + MI + full AA reconstruction + cos loss)
[Train] Batch 010 | I(t;x): 1.4376 | I(t;y): 0.0000 | Recon: 0.0175 | Total: 6.4704
   ↳ AA sample loss: 0.021611 | AA cos loss: 0.003957
[Train] Batch 020 | I(t;x): 1.3653 | I(t;y): 0.0000 | Recon: 0.0170 | Total: 6.3077
   ↳ AA sample loss: 0.021424 | AA cos loss: 0.004192
[Train] Batch 030 | I(t;x): 1.3882 | I(t;y): 0.0000 | Recon: 0.0171 | Total: 6.3141
   ↳ AA sample loss: 0.021262 | AA cos loss: 0.003919
[Train] Batch 040 | I(t;x): 1.4023 | I(t;y): 0.0000 | Recon: 0.0168 | Total: 6.2747
   ↳ AA sample loss: 0.021189 | AA cos loss: 0.004144

[Summary] Epoch 17 Train Total Loss: 6.3751
[Collapse Monitor] Avg intra-class archetype distance: 0.3804
=======================================================================

===================== Epoch 18/50 =====================
Mode: Full (KL + Recon + MI + full AA reconstruction + cos loss)
[Train] Batch 010 | I(t;x): 1.3471 | I(t;y): 0.0000 | Recon: 0.0169 | Total: 6.2147
   ↳ AA sample loss: 0.021024 | AA cos loss: 0.003926
[Train] Batch 020 | I(t;x): 1.3767 | I(t;y): 0.0000 | Recon: 0.0167 | Total: 6.2149
   ↳ AA sample loss: 0.020893 | AA cos loss: 0.003975
[Train] Batch 030 | I(t;x): 1.3440 | I(t;y): 0.0000 | Recon: 0.0171 | Total: 6.2521
   ↳ AA sample loss: 0.020656 | AA cos loss: 0.004112
[Train] Batch 040 | I(t;x): 1.3296 | I(t;y): 0.0000 | Recon: 0.0168 | Total: 6.1585
   ↳ AA sample loss: 0.020553 | AA cos loss: 0.003886

[Summary] Epoch 18 Train Total Loss: 6.2212
[Collapse Monitor] Avg intra-class archetype distance: 0.3988
=======================================================================

===================== Epoch 19/50 =====================
Mode: Full (KL + Recon + MI + full AA reconstruction + cos loss)
[Train] Batch 010 | I(t;x): 1.3703 | I(t;y): 0.0000 | Recon: 0.0170 | Total: 6.2013
   ↳ AA sample loss: 0.020394 | AA cos loss: 0.003613
[Train] Batch 020 | I(t;x): 1.3357 | I(t;y): 0.0000 | Recon: 0.0171 | Total: 6.1895
   ↳ AA sample loss: 0.020237 | AA cos loss: 0.003502
[Train] Batch 030 | I(t;x): 1.3550 | I(t;y): 0.0000 | Recon: 0.0151 | Total: 5.8144
   ↳ AA sample loss: 0.020070 | AA cos loss: 0.003920
[Train] Batch 040 | I(t;x): 1.3377 | I(t;y): 0.0000 | Recon: 0.0155 | Total: 5.8431
   ↳ AA sample loss: 0.019914 | AA cos loss: 0.003467

[Summary] Epoch 19 Train Total Loss: 6.0698
[Collapse Monitor] Avg intra-class archetype distance: 0.4190
=======================================================================

===================== Epoch 20/50 =====================
Mode: Full (KL + Recon + MI + full AA reconstruction + cos loss)
[Train] Batch 010 | I(t;x): 1.3373 | I(t;y): 0.0000 | Recon: 0.0164 | Total: 6.0029
   ↳ AA sample loss: 0.019803 | AA cos loss: 0.003359
[Train] Batch 020 | I(t;x): 1.3179 | I(t;y): 0.0000 | Recon: 0.0166 | Total: 6.0256
   ↳ AA sample loss: 0.019514 | AA cos loss: 0.003776
[Train] Batch 030 | I(t;x): 1.3219 | I(t;y): 0.0000 | Recon: 0.0155 | Total: 5.8144
   ↳ AA sample loss: 0.019346 | AA cos loss: 0.003713
[Train] Batch 040 | I(t;x): 1.3274 | I(t;y): 0.0000 | Recon: 0.0162 | Total: 5.9492
   ↳ AA sample loss: 0.019152 | AA cos loss: 0.003774

[Summary] Epoch 20 Train Total Loss: 5.9463
[Collapse Monitor] Avg intra-class archetype distance: 0.4424
=======================================================================

===================== Epoch 21/50 =====================
Mode: Full (KL + Recon + MI + full AA reconstruction + cos loss)
[Train] Batch 010 | I(t;x): 1.3389 | I(t;y): 0.0000 | Recon: 0.0160 | Total: 5.8936
   ↳ AA sample loss: 0.019105 | AA cos loss: 0.003562
[Train] Batch 020 | I(t;x): 1.3223 | I(t;y): 0.0000 | Recon: 0.0155 | Total: 5.7693
   ↳ AA sample loss: 0.018781 | AA cos loss: 0.003665
[Train] Batch 030 | I(t;x): 1.2894 | I(t;y): 0.0000 | Recon: 0.0164 | Total: 5.8999
   ↳ AA sample loss: 0.018550 | AA cos loss: 0.003741
[Train] Batch 040 | I(t;x): 1.3358 | I(t;y): 0.0000 | Recon: 0.0163 | Total: 5.9181
   ↳ AA sample loss: 0.018362 | AA cos loss: 0.003587

[Summary] Epoch 21 Train Total Loss: 5.8390
[Collapse Monitor] Avg intra-class archetype distance: 0.4688
=======================================================================

===================== Epoch 22/50 =====================
Mode: Full (KL + Recon + MI + full AA reconstruction + cos loss)
[Train] Batch 010 | I(t;x): 1.3246 | I(t;y): 0.0000 | Recon: 0.0148 | Total: 5.5951
   ↳ AA sample loss: 0.018142 | AA cos loss: 0.003660
[Train] Batch 020 | I(t;x): 1.2998 | I(t;y): 0.0000 | Recon: 0.0161 | Total: 5.8240
   ↳ AA sample loss: 0.017887 | AA cos loss: 0.003733
[Train] Batch 030 | I(t;x): 1.3180 | I(t;y): 0.0000 | Recon: 0.0157 | Total: 5.7325
   ↳ AA sample loss: 0.017686 | AA cos loss: 0.003391
[Train] Batch 040 | I(t;x): 1.3264 | I(t;y): 0.0000 | Recon: 0.0155 | Total: 5.6906
   ↳ AA sample loss: 0.017495 | AA cos loss: 0.003689

[Summary] Epoch 22 Train Total Loss: 5.7117
[Collapse Monitor] Avg intra-class archetype distance: 0.4955
=======================================================================

===================== Epoch 23/50 =====================
Mode: Full (KL + Recon + MI + full AA reconstruction + cos loss)
[Train] Batch 010 | I(t;x): 1.2920 | I(t;y): 0.0000 | Recon: 0.0155 | Total: 5.6169
   ↳ AA sample loss: 0.017331 | AA cos loss: 0.003143
[Train] Batch 020 | I(t;x): 1.2852 | I(t;y): 0.0000 | Recon: 0.0154 | Total: 5.6033
   ↳ AA sample loss: 0.017062 | AA cos loss: 0.003415
[Train] Batch 030 | I(t;x): 1.2994 | I(t;y): 0.0000 | Recon: 0.0152 | Total: 5.5575
   ↳ AA sample loss: 0.016803 | AA cos loss: 0.003361
[Train] Batch 040 | I(t;x): 1.3178 | I(t;y): 0.0000 | Recon: 0.0151 | Total: 5.5525
   ↳ AA sample loss: 0.016539 | AA cos loss: 0.003705

[Summary] Epoch 23 Train Total Loss: 5.6054
[Collapse Monitor] Avg intra-class archetype distance: 0.5207
=======================================================================

===================== Epoch 24/50 =====================
Mode: Full (KL + Recon + MI + full AA reconstruction + cos loss)
[Train] Batch 010 | I(t;x): 1.2849 | I(t;y): 0.0000 | Recon: 0.0144 | Total: 5.3357
   ↳ AA sample loss: 0.016267 | AA cos loss: 0.003278
[Train] Batch 020 | I(t;x): 1.3210 | I(t;y): 0.0000 | Recon: 0.0153 | Total: 5.5749
   ↳ AA sample loss: 0.016019 | AA cos loss: 0.003717
[Train] Batch 030 | I(t;x): 1.3172 | I(t;y): 0.0000 | Recon: 0.0153 | Total: 5.5314
   ↳ AA sample loss: 0.015891 | AA cos loss: 0.003244
[Train] Batch 040 | I(t;x): 1.2742 | I(t;y): 0.0000 | Recon: 0.0160 | Total: 5.6258
   ↳ AA sample loss: 0.015603 | AA cos loss: 0.003506

[Summary] Epoch 24 Train Total Loss: 5.5269
[Collapse Monitor] Avg intra-class archetype distance: 0.5451
=======================================================================

===================== Epoch 25/50 =====================
Mode: Full (KL + Recon + MI + full AA reconstruction + cos loss)
[Train] Batch 010 | I(t;x): 1.3180 | I(t;y): 0.0000 | Recon: 0.0151 | Total: 5.4672
   ↳ AA sample loss: 0.015379 | AA cos loss: 0.003349
[Train] Batch 020 | I(t;x): 1.3091 | I(t;y): 0.0000 | Recon: 0.0152 | Total: 5.4675
   ↳ AA sample loss: 0.015149 | AA cos loss: 0.003453
[Train] Batch 030 | I(t;x): 1.3187 | I(t;y): 0.0000 | Recon: 0.0152 | Total: 5.4646
   ↳ AA sample loss: 0.014853 | AA cos loss: 0.003506
[Train] Batch 040 | I(t;x): 1.3102 | I(t;y): 0.0000 | Recon: 0.0150 | Total: 5.3643
   ↳ AA sample loss: 0.014493 | AA cos loss: 0.003210

[Summary] Epoch 25 Train Total Loss: 5.4238
[Collapse Monitor] Avg intra-class archetype distance: 0.5703
=======================================================================

===================== Epoch 26/50 =====================
Mode: Full (KL + Recon + MI + full AA reconstruction + cos loss)
[Train] Batch 010 | I(t;x): 1.3057 | I(t;y): 0.0000 | Recon: 0.0142 | Total: 5.2206
   ↳ AA sample loss: 0.014255 | AA cos loss: 0.003499
[Train] Batch 020 | I(t;x): 1.3111 | I(t;y): 0.0000 | Recon: 0.0147 | Total: 5.3133
   ↳ AA sample loss: 0.013898 | AA cos loss: 0.003663
[Train] Batch 030 | I(t;x): 1.3222 | I(t;y): 0.0000 | Recon: 0.0147 | Total: 5.2923
   ↳ AA sample loss: 0.013676 | AA cos loss: 0.003443
[Train] Batch 040 | I(t;x): 1.3057 | I(t;y): 0.0000 | Recon: 0.0154 | Total: 5.4118
   ↳ AA sample loss: 0.013498 | AA cos loss: 0.003502

[Summary] Epoch 26 Train Total Loss: 5.3236
[Collapse Monitor] Avg intra-class archetype distance: 0.5936
=======================================================================

===================== Epoch 27/50 =====================
Mode: Full (KL + Recon + MI + full AA reconstruction + cos loss)
[Train] Batch 010 | I(t;x): 1.3014 | I(t;y): 0.0000 | Recon: 0.0148 | Total: 5.2662
   ↳ AA sample loss: 0.013267 | AA cos loss: 0.003603
[Train] Batch 020 | I(t;x): 1.3298 | I(t;y): 0.0000 | Recon: 0.0155 | Total: 5.3978
   ↳ AA sample loss: 0.012974 | AA cos loss: 0.003230
[Train] Batch 030 | I(t;x): 1.3200 | I(t;y): 0.0000 | Recon: 0.0147 | Total: 5.2132
   ↳ AA sample loss: 0.012760 | AA cos loss: 0.003273
[Train] Batch 040 | I(t;x): 1.2966 | I(t;y): 0.0000 | Recon: 0.0137 | Total: 5.0014
   ↳ AA sample loss: 0.012483 | AA cos loss: 0.003457

[Summary] Epoch 27 Train Total Loss: 5.2331
[Collapse Monitor] Avg intra-class archetype distance: 0.6187
=======================================================================

===================== Epoch 28/50 =====================
Mode: Full (KL + Recon + MI + full AA reconstruction + cos loss)
[Train] Batch 010 | I(t;x): 1.3123 | I(t;y): 0.0000 | Recon: 0.0151 | Total: 5.2688
   ↳ AA sample loss: 0.012369 | AA cos loss: 0.003329
[Train] Batch 020 | I(t;x): 1.3112 | I(t;y): 0.0000 | Recon: 0.0147 | Total: 5.1591
   ↳ AA sample loss: 0.012155 | AA cos loss: 0.003139
[Train] Batch 030 | I(t;x): 1.2986 | I(t;y): 0.0000 | Recon: 0.0142 | Total: 5.0386
   ↳ AA sample loss: 0.011931 | AA cos loss: 0.003148
[Train] Batch 040 | I(t;x): 1.3392 | I(t;y): 0.0000 | Recon: 0.0139 | Total: 5.0273
   ↳ AA sample loss: 0.011718 | AA cos loss: 0.003405

[Summary] Epoch 28 Train Total Loss: 5.1390
[Collapse Monitor] Avg intra-class archetype distance: 0.6452
=======================================================================

===================== Epoch 29/50 =====================
Mode: Full (KL + Recon + MI + full AA reconstruction + cos loss)
[Train] Batch 010 | I(t;x): 1.3156 | I(t;y): 0.0000 | Recon: 0.0145 | Total: 5.1080
   ↳ AA sample loss: 0.011468 | AA cos loss: 0.003439
[Train] Batch 020 | I(t;x): 1.3290 | I(t;y): 0.0000 | Recon: 0.0139 | Total: 4.9848
   ↳ AA sample loss: 0.011273 | AA cos loss: 0.003229
[Train] Batch 030 | I(t;x): 1.3296 | I(t;y): 0.0000 | Recon: 0.0140 | Total: 4.9990
   ↳ AA sample loss: 0.011017 | AA cos loss: 0.003380
[Train] Batch 040 | I(t;x): 1.3166 | I(t;y): 0.0000 | Recon: 0.0148 | Total: 5.1364
   ↳ AA sample loss: 0.010987 | AA cos loss: 0.003321

[Summary] Epoch 29 Train Total Loss: 5.0924
[Collapse Monitor] Avg intra-class archetype distance: 0.6734
=======================================================================

===================== Epoch 30/50 =====================
Mode: Full (KL + Recon + MI + full AA reconstruction + cos loss)
[Train] Batch 010 | I(t;x): 1.3364 | I(t;y): 0.0000 | Recon: 0.0150 | Total: 5.1982
   ↳ AA sample loss: 0.010861 | AA cos loss: 0.003406
[Train] Batch 020 | I(t;x): 1.3067 | I(t;y): 0.0000 | Recon: 0.0143 | Total: 4.9888
   ↳ AA sample loss: 0.010641 | AA cos loss: 0.003154
[Train] Batch 030 | I(t;x): 1.3272 | I(t;y): 0.0000 | Recon: 0.0138 | Total: 4.9123
   ↳ AA sample loss: 0.010576 | AA cos loss: 0.003182
[Train] Batch 040 | I(t;x): 1.3040 | I(t;y): 0.0000 | Recon: 0.0145 | Total: 5.0321
   ↳ AA sample loss: 0.010309 | AA cos loss: 0.003398

[Summary] Epoch 30 Train Total Loss: 5.0513
[Collapse Monitor] Avg intra-class archetype distance: 0.6940
=======================================================================

===================== Epoch 31/50 =====================
Mode: Full (KL + Recon + MI + full AA reconstruction + cos loss)
[Train] Batch 010 | I(t;x): 1.3263 | I(t;y): 0.0000 | Recon: 0.0143 | Total: 5.0100
   ↳ AA sample loss: 0.010218 | AA cos loss: 0.003413
[Train] Batch 020 | I(t;x): 1.3077 | I(t;y): 0.0000 | Recon: 0.0145 | Total: 5.0288
   ↳ AA sample loss: 0.010137 | AA cos loss: 0.003419
[Train] Batch 030 | I(t;x): 1.3177 | I(t;y): 0.0000 | Recon: 0.0140 | Total: 4.9214
   ↳ AA sample loss: 0.009930 | AA cos loss: 0.003487
[Train] Batch 040 | I(t;x): 1.3106 | I(t;y): 0.0000 | Recon: 0.0142 | Total: 4.9295
   ↳ AA sample loss: 0.009843 | AA cos loss: 0.003267

[Summary] Epoch 31 Train Total Loss: 4.9898
[Collapse Monitor] Avg intra-class archetype distance: 0.7125
=======================================================================

===================== Epoch 32/50 =====================
Mode: Full (KL + Recon + MI + full AA reconstruction + cos loss)
[Train] Batch 010 | I(t;x): 1.3100 | I(t;y): 0.0000 | Recon: 0.0140 | Total: 4.8832
   ↳ AA sample loss: 0.009760 | AA cos loss: 0.003226
[Train] Batch 020 | I(t;x): 1.3276 | I(t;y): 0.0000 | Recon: 0.0136 | Total: 4.8235
   ↳ AA sample loss: 0.009629 | AA cos loss: 0.003297
[Train] Batch 030 | I(t;x): 1.3510 | I(t;y): 0.0000 | Recon: 0.0149 | Total: 5.0968
   ↳ AA sample loss: 0.009566 | AA cos loss: 0.003246
[Train] Batch 040 | I(t;x): 1.3232 | I(t;y): 0.0000 | Recon: 0.0147 | Total: 5.0359
   ↳ AA sample loss: 0.009395 | AA cos loss: 0.003427

[Summary] Epoch 32 Train Total Loss: 4.9555
[Collapse Monitor] Avg intra-class archetype distance: 0.7292
=======================================================================

===================== Epoch 33/50 =====================
Mode: Full (KL + Recon + MI + full AA reconstruction + cos loss)
[Train] Batch 010 | I(t;x): 1.3312 | I(t;y): 0.0000 | Recon: 0.0142 | Total: 4.9331
   ↳ AA sample loss: 0.009308 | AA cos loss: 0.003433
[Train] Batch 020 | I(t;x): 1.3444 | I(t;y): 0.0000 | Recon: 0.0145 | Total: 4.9985
   ↳ AA sample loss: 0.009272 | AA cos loss: 0.003199
[Train] Batch 030 | I(t;x): 1.3109 | I(t;y): 0.0000 | Recon: 0.0143 | Total: 4.9052
   ↳ AA sample loss: 0.009112 | AA cos loss: 0.003010
[Train] Batch 040 | I(t;x): 1.3303 | I(t;y): 0.0000 | Recon: 0.0130 | Total: 4.6604
   ↳ AA sample loss: 0.009033 | AA cos loss: 0.003042

[Summary] Epoch 33 Train Total Loss: 4.9060
[Collapse Monitor] Avg intra-class archetype distance: 0.7420
=======================================================================

===================== Epoch 34/50 =====================
Mode: Full (KL + Recon + MI + full AA reconstruction + cos loss)
[Train] Batch 010 | I(t;x): 1.3372 | I(t;y): 0.0000 | Recon: 0.0132 | Total: 4.7022
   ↳ AA sample loss: 0.008909 | AA cos loss: 0.003218
[Train] Batch 020 | I(t;x): 1.3309 | I(t;y): 0.0000 | Recon: 0.0137 | Total: 4.7874
   ↳ AA sample loss: 0.008861 | AA cos loss: 0.002941
[Train] Batch 030 | I(t;x): 1.3270 | I(t;y): 0.0000 | Recon: 0.0138 | Total: 4.7981
   ↳ AA sample loss: 0.008841 | AA cos loss: 0.003159
[Train] Batch 040 | I(t;x): 1.3230 | I(t;y): 0.0000 | Recon: 0.0135 | Total: 4.7521
   ↳ AA sample loss: 0.008715 | AA cos loss: 0.003547

[Summary] Epoch 34 Train Total Loss: 4.8395
[Collapse Monitor] Avg intra-class archetype distance: 0.7548
=======================================================================

===================== Epoch 35/50 =====================
Mode: Full (KL + Recon + MI + full AA reconstruction + cos loss)
[Train] Batch 010 | I(t;x): 1.3413 | I(t;y): 0.0000 | Recon: 0.0138 | Total: 4.8281
   ↳ AA sample loss: 0.008756 | AA cos loss: 0.003220
[Train] Batch 020 | I(t;x): 1.3244 | I(t;y): 0.0000 | Recon: 0.0136 | Total: 4.7685
   ↳ AA sample loss: 0.008550 | AA cos loss: 0.003385
[Train] Batch 030 | I(t;x): 1.3158 | I(t;y): 0.0000 | Recon: 0.0141 | Total: 4.8585
   ↳ AA sample loss: 0.008560 | AA cos loss: 0.003386
[Train] Batch 040 | I(t;x): 1.3362 | I(t;y): 0.0000 | Recon: 0.0136 | Total: 4.7548
   ↳ AA sample loss: 0.008542 | AA cos loss: 0.003102

[Summary] Epoch 35 Train Total Loss: 4.8042
[Collapse Monitor] Avg intra-class archetype distance: 0.7677
=======================================================================

===================== Epoch 36/50 =====================
Mode: Full (KL + Recon + MI + full AA reconstruction + cos loss)
[Train] Batch 010 | I(t;x): 1.3462 | I(t;y): 0.0000 | Recon: 0.0142 | Total: 4.8810
   ↳ AA sample loss: 0.008496 | AA cos loss: 0.003126
[Train] Batch 020 | I(t;x): 1.3404 | I(t;y): 0.0000 | Recon: 0.0131 | Total: 4.6567
   ↳ AA sample loss: 0.008303 | AA cos loss: 0.003139
[Train] Batch 030 | I(t;x): 1.3417 | I(t;y): 0.0000 | Recon: 0.0137 | Total: 4.7609
   ↳ AA sample loss: 0.008318 | AA cos loss: 0.003046
[Train] Batch 040 | I(t;x): 1.3175 | I(t;y): 0.0000 | Recon: 0.0137 | Total: 4.7332
   ↳ AA sample loss: 0.008171 | AA cos loss: 0.003070

[Summary] Epoch 36 Train Total Loss: 4.7560
[Collapse Monitor] Avg intra-class archetype distance: 0.7786
=======================================================================

===================== Epoch 37/50 =====================
Mode: Full (KL + Recon + MI + full AA reconstruction + cos loss)
[Train] Batch 010 | I(t;x): 1.3461 | I(t;y): 0.0000 | Recon: 0.0136 | Total: 4.7628
   ↳ AA sample loss: 0.008198 | AA cos loss: 0.003356
[Train] Batch 020 | I(t;x): 1.3485 | I(t;y): 0.0000 | Recon: 0.0138 | Total: 4.7913
   ↳ AA sample loss: 0.008126 | AA cos loss: 0.003256
[Train] Batch 030 | I(t;x): 1.3080 | I(t;y): 0.0000 | Recon: 0.0141 | Total: 4.8070
   ↳ AA sample loss: 0.008110 | AA cos loss: 0.003284
[Train] Batch 040 | I(t;x): 1.3457 | I(t;y): 0.0000 | Recon: 0.0138 | Total: 4.7789
   ↳ AA sample loss: 0.008097 | AA cos loss: 0.003141

[Summary] Epoch 37 Train Total Loss: 4.7737
[Collapse Monitor] Avg intra-class archetype distance: 0.7864
=======================================================================

===================== Epoch 38/50 =====================
Mode: Full (KL + Recon + MI + full AA reconstruction + cos loss)
[Train] Batch 010 | I(t;x): 1.3327 | I(t;y): 0.0000 | Recon: 0.0133 | Total: 4.6618
   ↳ AA sample loss: 0.008014 | AA cos loss: 0.003278
[Train] Batch 020 | I(t;x): 1.3392 | I(t;y): 0.0000 | Recon: 0.0134 | Total: 4.6932
   ↳ AA sample loss: 0.008001 | AA cos loss: 0.003123
[Train] Batch 030 | I(t;x): 1.3031 | I(t;y): 0.0000 | Recon: 0.0139 | Total: 4.7473
   ↳ AA sample loss: 0.007915 | AA cos loss: 0.003137
[Train] Batch 040 | I(t;x): 1.3695 | I(t;y): 0.0000 | Recon: 0.0136 | Total: 4.7456
   ↳ AA sample loss: 0.007925 | AA cos loss: 0.003102

[Summary] Epoch 38 Train Total Loss: 4.7113
[Collapse Monitor] Avg intra-class archetype distance: 0.7928
=======================================================================

===================== Epoch 39/50 =====================
Mode: Full (KL + Recon + MI + full AA reconstruction + cos loss)
[Train] Batch 010 | I(t;x): 1.3635 | I(t;y): 0.0000 | Recon: 0.0140 | Total: 4.8350
   ↳ AA sample loss: 0.007837 | AA cos loss: 0.003461
[Train] Batch 020 | I(t;x): 1.3129 | I(t;y): 0.0000 | Recon: 0.0133 | Total: 4.6172
   ↳ AA sample loss: 0.007793 | AA cos loss: 0.003010
[Train] Batch 030 | I(t;x): 1.3453 | I(t;y): 0.0000 | Recon: 0.0135 | Total: 4.7101
   ↳ AA sample loss: 0.007733 | AA cos loss: 0.003226
[Train] Batch 040 | I(t;x): 1.3194 | I(t;y): 0.0000 | Recon: 0.0139 | Total: 4.7578
   ↳ AA sample loss: 0.007679 | AA cos loss: 0.003225

[Summary] Epoch 39 Train Total Loss: 4.7096
[Collapse Monitor] Avg intra-class archetype distance: 0.7985
=======================================================================

===================== Epoch 40/50 =====================
Mode: Full (KL + Recon + MI + full AA reconstruction + cos loss)
[Train] Batch 010 | I(t;x): 1.3452 | I(t;y): 0.0000 | Recon: 0.0133 | Total: 4.6542
   ↳ AA sample loss: 0.007657 | AA cos loss: 0.003089
[Train] Batch 020 | I(t;x): 1.3161 | I(t;y): 0.0000 | Recon: 0.0130 | Total: 4.5500
   ↳ AA sample loss: 0.007542 | AA cos loss: 0.003157
[Train] Batch 030 | I(t;x): 1.3290 | I(t;y): 0.0000 | Recon: 0.0140 | Total: 4.7762
   ↳ AA sample loss: 0.007558 | AA cos loss: 0.003164
[Train] Batch 040 | I(t;x): 1.3258 | I(t;y): 0.0000 | Recon: 0.0141 | Total: 4.8001
   ↳ AA sample loss: 0.007529 | AA cos loss: 0.003217

[Summary] Epoch 40 Train Total Loss: 4.6856
[Collapse Monitor] Avg intra-class archetype distance: 0.8045
=======================================================================

===================== Epoch 41/50 =====================
Mode: Full (KL + Recon + MI + full AA reconstruction + cos loss)
[Train] Batch 010 | I(t;x): 1.3280 | I(t;y): 0.0000 | Recon: 0.0129 | Total: 4.5357
   ↳ AA sample loss: 0.007495 | AA cos loss: 0.002864
[Train] Batch 020 | I(t;x): 1.3305 | I(t;y): 0.0000 | Recon: 0.0142 | Total: 4.7998
   ↳ AA sample loss: 0.007512 | AA cos loss: 0.003130
[Train] Batch 030 | I(t;x): 1.3355 | I(t;y): 0.0000 | Recon: 0.0130 | Total: 4.5722
   ↳ AA sample loss: 0.007414 | AA cos loss: 0.003081
[Train] Batch 040 | I(t;x): 1.3426 | I(t;y): 0.0000 | Recon: 0.0137 | Total: 4.7110
   ↳ AA sample loss: 0.007384 | AA cos loss: 0.003237

[Summary] Epoch 41 Train Total Loss: 4.6541
[Collapse Monitor] Avg intra-class archetype distance: 0.8092
=======================================================================

===================== Epoch 42/50 =====================
Mode: Full (KL + Recon + MI + full AA reconstruction + cos loss)
[Train] Batch 010 | I(t;x): 1.3684 | I(t;y): 0.0000 | Recon: 0.0128 | Total: 4.5607
   ↳ AA sample loss: 0.007383 | AA cos loss: 0.003024
[Train] Batch 020 | I(t;x): 1.3085 | I(t;y): 0.0000 | Recon: 0.0133 | Total: 4.6049
   ↳ AA sample loss: 0.007305 | AA cos loss: 0.003194
[Train] Batch 030 | I(t;x): 1.3925 | I(t;y): 0.0000 | Recon: 0.0137 | Total: 4.7554
   ↳ AA sample loss: 0.007392 | AA cos loss: 0.002994
[Train] Batch 040 | I(t;x): 1.3328 | I(t;y): 0.0000 | Recon: 0.0140 | Total: 4.7618
   ↳ AA sample loss: 0.007278 | AA cos loss: 0.003101

[Summary] Epoch 42 Train Total Loss: 4.6366
[Collapse Monitor] Avg intra-class archetype distance: 0.8129
=======================================================================

===================== Epoch 43/50 =====================
Mode: Full (KL + Recon + MI + full AA reconstruction + cos loss)
[Train] Batch 010 | I(t;x): 1.3348 | I(t;y): 0.0000 | Recon: 0.0130 | Total: 4.5562
   ↳ AA sample loss: 0.007139 | AA cos loss: 0.003140
[Train] Batch 020 | I(t;x): 1.3096 | I(t;y): 0.0000 | Recon: 0.0131 | Total: 4.5476
   ↳ AA sample loss: 0.007139 | AA cos loss: 0.003107
[Train] Batch 030 | I(t;x): 1.3439 | I(t;y): 0.0000 | Recon: 0.0130 | Total: 4.5658
   ↳ AA sample loss: 0.007197 | AA cos loss: 0.003196
[Train] Batch 040 | I(t;x): 1.3179 | I(t;y): 0.0000 | Recon: 0.0127 | Total: 4.4368
   ↳ AA sample loss: 0.007207 | AA cos loss: 0.002572

[Summary] Epoch 43 Train Total Loss: 4.5883
[Collapse Monitor] Avg intra-class archetype distance: 0.8152
=======================================================================

===================== Epoch 44/50 =====================
Mode: Full (KL + Recon + MI + full AA reconstruction + cos loss)
[Train] Batch 010 | I(t;x): 1.3727 | I(t;y): 0.0000 | Recon: 0.0132 | Total: 4.6130
   ↳ AA sample loss: 0.007163 | AA cos loss: 0.002923
[Train] Batch 020 | I(t;x): 1.3588 | I(t;y): 0.0000 | Recon: 0.0134 | Total: 4.6384
   ↳ AA sample loss: 0.007157 | AA cos loss: 0.002844
[Train] Batch 030 | I(t;x): 1.3532 | I(t;y): 0.0000 | Recon: 0.0133 | Total: 4.6114
   ↳ AA sample loss: 0.007050 | AA cos loss: 0.002925
[Train] Batch 040 | I(t;x): 1.3065 | I(t;y): 0.0000 | Recon: 0.0134 | Total: 4.6009
   ↳ AA sample loss: 0.007007 | AA cos loss: 0.003107

[Summary] Epoch 44 Train Total Loss: 4.5982
[Collapse Monitor] Avg intra-class archetype distance: 0.8173
=======================================================================

===================== Epoch 45/50 =====================
Mode: Full (KL + Recon + MI + full AA reconstruction + cos loss)
[Train] Batch 010 | I(t;x): 1.3625 | I(t;y): 0.0000 | Recon: 0.0129 | Total: 4.5469
   ↳ AA sample loss: 0.007056 | AA cos loss: 0.003063
[Train] Batch 020 | I(t;x): 1.3370 | I(t;y): 0.0000 | Recon: 0.0138 | Total: 4.7023
   ↳ AA sample loss: 0.006923 | AA cos loss: 0.003118
[Train] Batch 030 | I(t;x): 1.3890 | I(t;y): 0.0000 | Recon: 0.0139 | Total: 4.7716
   ↳ AA sample loss: 0.006980 | AA cos loss: 0.003005
[Train] Batch 040 | I(t;x): 1.3593 | I(t;y): 0.0000 | Recon: 0.0129 | Total: 4.5300
   ↳ AA sample loss: 0.006869 | AA cos loss: 0.003010

[Summary] Epoch 45 Train Total Loss: 4.5761
[Collapse Monitor] Avg intra-class archetype distance: 0.8186
=======================================================================

===================== Epoch 46/50 =====================
Mode: Full (KL + Recon + MI + full AA reconstruction + cos loss)
[Train] Batch 010 | I(t;x): 1.3128 | I(t;y): 0.0000 | Recon: 0.0134 | Total: 4.5856
   ↳ AA sample loss: 0.006941 | AA cos loss: 0.002993
[Train] Batch 020 | I(t;x): 1.3590 | I(t;y): 0.0000 | Recon: 0.0126 | Total: 4.4568
   ↳ AA sample loss: 0.006836 | AA cos loss: 0.002886
[Train] Batch 030 | I(t;x): 1.3626 | I(t;y): 0.0000 | Recon: 0.0134 | Total: 4.6377
   ↳ AA sample loss: 0.006901 | AA cos loss: 0.002962
[Train] Batch 040 | I(t;x): 1.3318 | I(t;y): 0.0000 | Recon: 0.0129 | Total: 4.5021
   ↳ AA sample loss: 0.006795 | AA cos loss: 0.003008

[Summary] Epoch 46 Train Total Loss: 4.5290
[Collapse Monitor] Avg intra-class archetype distance: 0.8172
=======================================================================

===================== Epoch 47/50 =====================
Mode: Full (KL + Recon + MI + full AA reconstruction + cos loss)
[Train] Batch 010 | I(t;x): 1.3713 | I(t;y): 0.0000 | Recon: 0.0134 | Total: 4.6422
   ↳ AA sample loss: 0.006811 | AA cos loss: 0.003006
[Train] Batch 020 | I(t;x): 1.3946 | I(t;y): 0.0000 | Recon: 0.0132 | Total: 4.6235
   ↳ AA sample loss: 0.006707 | AA cos loss: 0.003110
[Train] Batch 030 | I(t;x): 1.3261 | I(t;y): 0.0000 | Recon: 0.0127 | Total: 4.4468
   ↳ AA sample loss: 0.006739 | AA cos loss: 0.002923
[Train] Batch 040 | I(t;x): 1.3649 | I(t;y): 0.0000 | Recon: 0.0129 | Total: 4.5346
   ↳ AA sample loss: 0.006725 | AA cos loss: 0.003061

[Summary] Epoch 47 Train Total Loss: 4.5309
[Collapse Monitor] Avg intra-class archetype distance: 0.8151
=======================================================================

===================== Epoch 48/50 =====================
Mode: Full (KL + Recon + MI + full AA reconstruction + cos loss)
[Train] Batch 010 | I(t;x): 1.3423 | I(t;y): 0.0000 | Recon: 0.0129 | Total: 4.4950
   ↳ AA sample loss: 0.006719 | AA cos loss: 0.002940
[Train] Batch 020 | I(t;x): 1.3428 | I(t;y): 0.0000 | Recon: 0.0127 | Total: 4.4499
   ↳ AA sample loss: 0.006623 | AA cos loss: 0.002990
[Train] Batch 030 | I(t;x): 1.4013 | I(t;y): 0.0000 | Recon: 0.0128 | Total: 4.5447
   ↳ AA sample loss: 0.006619 | AA cos loss: 0.003032
[Train] Batch 040 | I(t;x): 1.3330 | I(t;y): 0.0000 | Recon: 0.0139 | Total: 4.6972
   ↳ AA sample loss: 0.006642 | AA cos loss: 0.003091

[Summary] Epoch 48 Train Total Loss: 4.5350
[Collapse Monitor] Avg intra-class archetype distance: 0.8144
=======================================================================

===================== Epoch 49/50 =====================
Mode: Full (KL + Recon + MI + full AA reconstruction + cos loss)
[Train] Batch 010 | I(t;x): 1.3533 | I(t;y): 0.0000 | Recon: 0.0134 | Total: 4.6077
   ↳ AA sample loss: 0.006587 | AA cos loss: 0.003139
[Train] Batch 020 | I(t;x): 1.3669 | I(t;y): 0.0000 | Recon: 0.0128 | Total: 4.4987
   ↳ AA sample loss: 0.006563 | AA cos loss: 0.002929
[Train] Batch 030 | I(t;x): 1.3392 | I(t;y): 0.0000 | Recon: 0.0129 | Total: 4.4844
   ↳ AA sample loss: 0.006466 | AA cos loss: 0.003008
[Train] Batch 040 | I(t;x): 1.3630 | I(t;y): 0.0000 | Recon: 0.0132 | Total: 4.5600
   ↳ AA sample loss: 0.006524 | AA cos loss: 0.002816

[Summary] Epoch 49 Train Total Loss: 4.4919
[Collapse Monitor] Avg intra-class archetype distance: 0.8133
=======================================================================

===================== Epoch 50/50 =====================
Mode: Full (KL + Recon + MI + full AA reconstruction + cos loss)
[Train] Batch 010 | I(t;x): 1.3561 | I(t;y): 0.0000 | Recon: 0.0127 | Total: 4.4554
   ↳ AA sample loss: 0.006452 | AA cos loss: 0.002952
[Train] Batch 020 | I(t;x): 1.3469 | I(t;y): 0.0000 | Recon: 0.0121 | Total: 4.3282
   ↳ AA sample loss: 0.006380 | AA cos loss: 0.002948
[Train] Batch 030 | I(t;x): 1.3547 | I(t;y): 0.0000 | Recon: 0.0133 | Total: 4.5798
   ↳ AA sample loss: 0.006408 | AA cos loss: 0.002910
[Train] Batch 040 | I(t;x): 1.3475 | I(t;y): 0.0000 | Recon: 0.0127 | Total: 4.4434
   ↳ AA sample loss: 0.006373 | AA cos loss: 0.002899

[Summary] Epoch 50 Train Total Loss: 4.5058
[Collapse Monitor] Avg intra-class archetype distance: 0.8125
=======================================================================

[Save] Epoch losses saved to: results/mnist/seed_44_aa_5/epoch_total_losses.pkl
[Save] Final archetype coordinates saved to: results/mnist/seed_44_aa_5/final_archetypes.npy (shape: (50, 32))
[Save] Decoded archetype images saved to: results/mnist/seed_44_aa_5/final_archetypes_decoded.npy (shape: (50, 1, 28, 28))
[Save] Sample-to-AA weight parameters saved to: results/mnist/seed_44_aa_5/fc_sample_to_aa_weights.pth
[Save] Final model weights saved to: results/mnist/seed_44_aa_5/model_final.pth
