[Init] Using device: cuda
[Config] Parameters saved to: results/mnist/seed_46_aa_7/params.json
[Training Start] 50 epochs total
Warmup: first 5 epochs | Semantic: 6–10 | AA starts from 11
[Config] batch_size=500 | lr=0.005 | gamma=60.0 | cos_sim_weight=1.0

===================== Epoch 1/50 =====================
Mode: Warmup (KL + Reconstruction)
[Train] Batch 010 | I(t;x): 0.0286 | I(t;y): 2.2998 | Recon: 0.0719 | Total: 14.4180
[Train] Batch 020 | I(t;x): 0.1559 | I(t;y): 2.3001 | Recon: 0.0626 | Total: 12.6784
[Train] Batch 030 | I(t;x): 0.3548 | I(t;y): 2.2999 | Recon: 0.0615 | Total: 12.6451
[Train] Batch 040 | I(t;x): 0.4046 | I(t;y): 2.2995 | Recon: 0.0576 | Total: 11.9273

[Summary] Epoch 1 Train Total Loss: 14.8357
=======================================================================

===================== Epoch 2/50 =====================
Mode: Warmup (KL + Reconstruction)
[Train] Batch 010 | I(t;x): 0.6885 | I(t;y): 2.2996 | Recon: 0.0529 | Total: 11.2758
[Train] Batch 020 | I(t;x): 0.7405 | I(t;y): 2.2996 | Recon: 0.0518 | Total: 11.1007
[Train] Batch 030 | I(t;x): 0.7775 | I(t;y): 2.2997 | Recon: 0.0477 | Total: 10.3240
[Train] Batch 040 | I(t;x): 0.8858 | I(t;y): 2.2995 | Recon: 0.0451 | Total: 9.9088

[Summary] Epoch 2 Train Total Loss: 10.8347
=======================================================================

===================== Epoch 3/50 =====================
Mode: Warmup (KL + Reconstruction)
[Train] Batch 010 | I(t;x): 0.8852 | I(t;y): 2.2995 | Recon: 0.0417 | Total: 9.2242
[Train] Batch 020 | I(t;x): 0.8841 | I(t;y): 2.2995 | Recon: 0.0389 | Total: 8.6667
[Train] Batch 030 | I(t;x): 0.9226 | I(t;y): 2.2994 | Recon: 0.0375 | Total: 8.4154
[Train] Batch 040 | I(t;x): 0.9232 | I(t;y): 2.2994 | Recon: 0.0359 | Total: 8.0965

[Summary] Epoch 3 Train Total Loss: 8.8907
=======================================================================

===================== Epoch 4/50 =====================
Mode: Warmup (KL + Reconstruction)
[Train] Batch 010 | I(t;x): 0.8972 | I(t;y): 2.2996 | Recon: 0.0346 | Total: 7.8145
[Train] Batch 020 | I(t;x): 0.8748 | I(t;y): 2.2994 | Recon: 0.0350 | Total: 7.8837
[Train] Batch 030 | I(t;x): 0.8661 | I(t;y): 2.2997 | Recon: 0.0337 | Total: 7.6076
[Train] Batch 040 | I(t;x): 0.8612 | I(t;y): 2.2996 | Recon: 0.0332 | Total: 7.5028

[Summary] Epoch 4 Train Total Loss: 7.7660
=======================================================================

===================== Epoch 5/50 =====================
Mode: Warmup (KL + Reconstruction)
[Train] Batch 010 | I(t;x): 0.8530 | I(t;y): 2.2996 | Recon: 0.0319 | Total: 7.2295
[Train] Batch 020 | I(t;x): 0.8231 | I(t;y): 2.2997 | Recon: 0.0303 | Total: 6.8929
[Train] Batch 030 | I(t;x): 0.8149 | I(t;y): 2.2997 | Recon: 0.0323 | Total: 7.2676
[Train] Batch 040 | I(t;x): 0.8244 | I(t;y): 2.2998 | Recon: 0.0299 | Total: 6.8079

[Summary] Epoch 5 Train Total Loss: 7.1152
=======================================================================

===================== Epoch 6/50 =====================
Mode: Semantic (KL + Recon + weak MI)
[Train] Batch 010 | I(t;x): 0.8130 | I(t;y): 2.1568 | Recon: 0.0290 | Total: 6.6261
[Train] Batch 020 | I(t;x): 0.7895 | I(t;y): 1.7583 | Recon: 0.0291 | Total: 6.6164
[Train] Batch 030 | I(t;x): 0.7769 | I(t;y): 1.3359 | Recon: 0.0297 | Total: 6.7240
[Train] Batch 040 | I(t;x): 0.7803 | I(t;y): 0.2863 | Recon: 0.0293 | Total: 6.6433

[Summary] Epoch 6 Train Total Loss: 6.7839
=======================================================================

===================== Epoch 7/50 =====================
Mode: Semantic (KL + Recon + weak MI)
[Train] Batch 010 | I(t;x): 0.8037 | I(t;y): 0.0118 | Recon: 0.0297 | Total: 6.7364
[Train] Batch 020 | I(t;x): 0.8017 | I(t;y): 0.0015 | Recon: 0.0284 | Total: 6.4776
[Train] Batch 030 | I(t;x): 0.8028 | I(t;y): 0.0004 | Recon: 0.0293 | Total: 6.6601
[Train] Batch 040 | I(t;x): 0.7953 | I(t;y): 0.0004 | Recon: 0.0285 | Total: 6.4980

[Summary] Epoch 7 Train Total Loss: 6.6676
=======================================================================

===================== Epoch 8/50 =====================
Mode: Semantic (KL + Recon + weak MI)
[Train] Batch 010 | I(t;x): 0.7959 | I(t;y): 0.0003 | Recon: 0.0276 | Total: 6.3213
[Train] Batch 020 | I(t;x): 0.8037 | I(t;y): 0.0002 | Recon: 0.0288 | Total: 6.5546
[Train] Batch 030 | I(t;x): 0.7984 | I(t;y): 0.0002 | Recon: 0.0274 | Total: 6.2837
[Train] Batch 040 | I(t;x): 0.7918 | I(t;y): 0.0003 | Recon: 0.0275 | Total: 6.2902

[Summary] Epoch 8 Train Total Loss: 6.4879
=======================================================================

===================== Epoch 9/50 =====================
Mode: Semantic (KL + Recon + weak MI)
[Train] Batch 010 | I(t;x): 0.7967 | I(t;y): 0.0004 | Recon: 0.0272 | Total: 6.2345
[Train] Batch 020 | I(t;x): 0.7977 | I(t;y): 0.0003 | Recon: 0.0278 | Total: 6.3624
[Train] Batch 030 | I(t;x): 0.7912 | I(t;y): 0.0003 | Recon: 0.0272 | Total: 6.2247
[Train] Batch 040 | I(t;x): 0.7924 | I(t;y): 0.0003 | Recon: 0.0273 | Total: 6.2504

[Summary] Epoch 9 Train Total Loss: 6.3628
=======================================================================

===================== Epoch 10/50 =====================
Mode: Semantic (KL + Recon + weak MI)
[Train] Batch 010 | I(t;x): 0.7999 | I(t;y): 0.0003 | Recon: 0.0269 | Total: 6.1887
[Train] Batch 020 | I(t;x): 0.7953 | I(t;y): 0.0002 | Recon: 0.0285 | Total: 6.5035
[Train] Batch 030 | I(t;x): 0.7831 | I(t;y): 0.0002 | Recon: 0.0274 | Total: 6.2703
[Train] Batch 040 | I(t;x): 0.7841 | I(t;y): 0.0002 | Recon: 0.0275 | Total: 6.2830

[Summary] Epoch 10 Train Total Loss: 6.3097
=======================================================================

===================== Epoch 11/50 =====================
Mode: Full (KL + Recon + MI + full AA reconstruction + cos loss)
[Init] Initializing class-wise archetypes (multi-seed + fallback)...
[Init] Archetypes initialized.
[Train] Batch 010 | I(t;x): 0.8638 | I(t;y): 0.0000 | Recon: 0.0487 | Total: 21.4910
   ↳ AA sample loss: 0.023947 | AA cos loss: 0.157576
[Train] Batch 020 | I(t;x): 1.0936 | I(t;y): 0.0000 | Recon: 0.0431 | Total: 12.1474
   ↳ AA sample loss: 0.021966 | AA cos loss: 0.018638
[Train] Batch 030 | I(t;x): 1.2795 | I(t;y): 0.0000 | Recon: 0.0380 | Total: 10.7746
   ↳ AA sample loss: 0.022518 | AA cos loss: 0.008988
[Train] Batch 040 | I(t;x): 1.2460 | I(t;y): 0.0000 | Recon: 0.0343 | Total: 9.9893
   ↳ AA sample loss: 0.022382 | AA cos loss: 0.009173

[Summary] Epoch 11 Train Total Loss: 18.6009
[Collapse Monitor] Avg intra-class archetype distance: 0.4364
=======================================================================

===================== Epoch 12/50 =====================
Mode: Full (KL + Recon + MI + full AA reconstruction + cos loss)
[Train] Batch 010 | I(t;x): 1.2962 | I(t;y): 0.0000 | Recon: 0.0330 | Total: 9.7219
   ↳ AA sample loss: 0.022589 | AA cos loss: 0.007876
[Train] Batch 020 | I(t;x): 1.2517 | I(t;y): 0.0000 | Recon: 0.0306 | Total: 9.2114
   ↳ AA sample loss: 0.022620 | AA cos loss: 0.008117
[Train] Batch 030 | I(t;x): 1.2454 | I(t;y): 0.0000 | Recon: 0.0306 | Total: 9.1705
   ↳ AA sample loss: 0.022756 | AA cos loss: 0.007288
[Train] Batch 040 | I(t;x): 1.2195 | I(t;y): 0.0000 | Recon: 0.0298 | Total: 8.9061
   ↳ AA sample loss: 0.022763 | AA cos loss: 0.006130

[Summary] Epoch 12 Train Total Loss: 9.4072
[Collapse Monitor] Avg intra-class archetype distance: 0.4492
=======================================================================

===================== Epoch 13/50 =====================
Mode: Full (KL + Recon + MI + full AA reconstruction + cos loss)
[Train] Batch 010 | I(t;x): 1.2138 | I(t;y): 0.0000 | Recon: 0.0298 | Total: 8.8609
   ↳ AA sample loss: 0.022793 | AA cos loss: 0.005283
[Train] Batch 020 | I(t;x): 1.1999 | I(t;y): 0.0000 | Recon: 0.0272 | Total: 8.3031
   ↳ AA sample loss: 0.022822 | AA cos loss: 0.004990
[Train] Batch 030 | I(t;x): 1.1831 | I(t;y): 0.0000 | Recon: 0.0284 | Total: 8.5120
   ↳ AA sample loss: 0.022874 | AA cos loss: 0.004596
[Train] Batch 040 | I(t;x): 1.1602 | I(t;y): 0.0000 | Recon: 0.0276 | Total: 8.2843
   ↳ AA sample loss: 0.022853 | AA cos loss: 0.003779

[Summary] Epoch 13 Train Total Loss: 8.5932
[Collapse Monitor] Avg intra-class archetype distance: 0.4774
=======================================================================

===================== Epoch 14/50 =====================
Mode: Full (KL + Recon + MI + full AA reconstruction + cos loss)
[Train] Batch 010 | I(t;x): 1.1167 | I(t;y): 0.0000 | Recon: 0.0285 | Total: 8.3701
   ↳ AA sample loss: 0.022860 | AA cos loss: 0.003050
[Train] Batch 020 | I(t;x): 1.1210 | I(t;y): 0.0000 | Recon: 0.0262 | Total: 7.9108
   ↳ AA sample loss: 0.022826 | AA cos loss: 0.002971
[Train] Batch 030 | I(t;x): 1.1038 | I(t;y): 0.0000 | Recon: 0.0271 | Total: 8.0493
   ↳ AA sample loss: 0.022803 | AA cos loss: 0.002513
[Train] Batch 040 | I(t;x): 1.1102 | I(t;y): 0.0000 | Recon: 0.0267 | Total: 7.9364
   ↳ AA sample loss: 0.022759 | AA cos loss: 0.002066

[Summary] Epoch 14 Train Total Loss: 8.1381
[Collapse Monitor] Avg intra-class archetype distance: 0.5153
=======================================================================

===================== Epoch 15/50 =====================
Mode: Full (KL + Recon + MI + full AA reconstruction + cos loss)
[Train] Batch 010 | I(t;x): 1.0977 | I(t;y): 0.0000 | Recon: 0.0257 | Total: 7.7076
   ↳ AA sample loss: 0.022671 | AA cos loss: 0.001891
[Train] Batch 020 | I(t;x): 1.0777 | I(t;y): 0.0000 | Recon: 0.0262 | Total: 7.7724
   ↳ AA sample loss: 0.022652 | AA cos loss: 0.001748
[Train] Batch 030 | I(t;x): 1.0573 | I(t;y): 0.0000 | Recon: 0.0269 | Total: 7.8979
   ↳ AA sample loss: 0.022544 | AA cos loss: 0.001799
[Train] Batch 040 | I(t;x): 1.0680 | I(t;y): 0.0000 | Recon: 0.0262 | Total: 7.7986
   ↳ AA sample loss: 0.022528 | AA cos loss: 0.002266

[Summary] Epoch 15 Train Total Loss: 7.7918
[Collapse Monitor] Avg intra-class archetype distance: 0.5412
=======================================================================

===================== Epoch 16/50 =====================
Mode: Full (KL + Recon + MI + full AA reconstruction + cos loss)
[Train] Batch 010 | I(t;x): 1.0678 | I(t;y): 0.0000 | Recon: 0.0263 | Total: 7.7753
   ↳ AA sample loss: 0.022368 | AA cos loss: 0.001681
[Train] Batch 020 | I(t;x): 1.0446 | I(t;y): 0.0000 | Recon: 0.0254 | Total: 7.5788
   ↳ AA sample loss: 0.022288 | AA cos loss: 0.001982
[Train] Batch 030 | I(t;x): 1.0145 | I(t;y): 0.0000 | Recon: 0.0255 | Total: 7.5707
   ↳ AA sample loss: 0.022233 | AA cos loss: 0.002036
[Train] Batch 040 | I(t;x): 1.0127 | I(t;y): 0.0000 | Recon: 0.0249 | Total: 7.4290
   ↳ AA sample loss: 0.022102 | AA cos loss: 0.001920

[Summary] Epoch 16 Train Total Loss: 7.6000
[Collapse Monitor] Avg intra-class archetype distance: 0.5606
=======================================================================

===================== Epoch 17/50 =====================
Mode: Full (KL + Recon + MI + full AA reconstruction + cos loss)
[Train] Batch 010 | I(t;x): 1.0284 | I(t;y): 0.0000 | Recon: 0.0244 | Total: 7.3346
   ↳ AA sample loss: 0.021972 | AA cos loss: 0.001755
[Train] Batch 020 | I(t;x): 1.0204 | I(t;y): 0.0000 | Recon: 0.0244 | Total: 7.3281
   ↳ AA sample loss: 0.021953 | AA cos loss: 0.001901
[Train] Batch 030 | I(t;x): 1.0116 | I(t;y): 0.0000 | Recon: 0.0260 | Total: 7.6450
   ↳ AA sample loss: 0.021782 | AA cos loss: 0.002087
[Train] Batch 040 | I(t;x): 0.9886 | I(t;y): 0.0000 | Recon: 0.0251 | Total: 7.4183
   ↳ AA sample loss: 0.021694 | AA cos loss: 0.001906

[Summary] Epoch 17 Train Total Loss: 7.4082
[Collapse Monitor] Avg intra-class archetype distance: 0.5786
=======================================================================

===================== Epoch 18/50 =====================
Mode: Full (KL + Recon + MI + full AA reconstruction + cos loss)
[Train] Batch 010 | I(t;x): 0.9919 | I(t;y): 0.0000 | Recon: 0.0255 | Total: 7.5128
   ↳ AA sample loss: 0.021610 | AA cos loss: 0.002161
[Train] Batch 020 | I(t;x): 0.9861 | I(t;y): 0.0000 | Recon: 0.0241 | Total: 7.2033
   ↳ AA sample loss: 0.021425 | AA cos loss: 0.001749
[Train] Batch 030 | I(t;x): 0.9910 | I(t;y): 0.0000 | Recon: 0.0238 | Total: 7.1630
   ↳ AA sample loss: 0.021386 | AA cos loss: 0.002016
[Train] Batch 040 | I(t;x): 1.0021 | I(t;y): 0.0000 | Recon: 0.0245 | Total: 7.3026
   ↳ AA sample loss: 0.021289 | AA cos loss: 0.002141

[Summary] Epoch 18 Train Total Loss: 7.2978
[Collapse Monitor] Avg intra-class archetype distance: 0.5954
=======================================================================

===================== Epoch 19/50 =====================
Mode: Full (KL + Recon + MI + full AA reconstruction + cos loss)
[Train] Batch 010 | I(t;x): 0.9909 | I(t;y): 0.0000 | Recon: 0.0244 | Total: 7.2805
   ↳ AA sample loss: 0.021127 | AA cos loss: 0.002299
[Train] Batch 020 | I(t;x): 0.9993 | I(t;y): 0.0000 | Recon: 0.0241 | Total: 7.2222
   ↳ AA sample loss: 0.021082 | AA cos loss: 0.002423
[Train] Batch 030 | I(t;x): 0.9864 | I(t;y): 0.0000 | Recon: 0.0245 | Total: 7.2748
   ↳ AA sample loss: 0.021069 | AA cos loss: 0.002088
[Train] Batch 040 | I(t;x): 0.9898 | I(t;y): 0.0000 | Recon: 0.0235 | Total: 7.0786
   ↳ AA sample loss: 0.020842 | AA cos loss: 0.002419

[Summary] Epoch 19 Train Total Loss: 7.2046
[Collapse Monitor] Avg intra-class archetype distance: 0.6123
=======================================================================

===================== Epoch 20/50 =====================
Mode: Full (KL + Recon + MI + full AA reconstruction + cos loss)
[Train] Batch 010 | I(t;x): 0.9776 | I(t;y): 0.0000 | Recon: 0.0237 | Total: 7.1064
   ↳ AA sample loss: 0.020741 | AA cos loss: 0.002275
[Train] Batch 020 | I(t;x): 0.9563 | I(t;y): 0.0000 | Recon: 0.0242 | Total: 7.1624
   ↳ AA sample loss: 0.020649 | AA cos loss: 0.002109
[Train] Batch 030 | I(t;x): 0.9817 | I(t;y): 0.0000 | Recon: 0.0234 | Total: 7.0274
   ↳ AA sample loss: 0.020568 | AA cos loss: 0.002274
[Train] Batch 040 | I(t;x): 0.9779 | I(t;y): 0.0000 | Recon: 0.0226 | Total: 6.8523
   ↳ AA sample loss: 0.020444 | AA cos loss: 0.002147

[Summary] Epoch 20 Train Total Loss: 7.0923
[Collapse Monitor] Avg intra-class archetype distance: 0.6307
=======================================================================

===================== Epoch 21/50 =====================
Mode: Full (KL + Recon + MI + full AA reconstruction + cos loss)
[Train] Batch 010 | I(t;x): 0.9615 | I(t;y): 0.0000 | Recon: 0.0237 | Total: 7.0555
   ↳ AA sample loss: 0.020268 | AA cos loss: 0.002333
[Train] Batch 020 | I(t;x): 0.9699 | I(t;y): 0.0000 | Recon: 0.0231 | Total: 6.9509
   ↳ AA sample loss: 0.020135 | AA cos loss: 0.002557
[Train] Batch 030 | I(t;x): 0.9744 | I(t;y): 0.0000 | Recon: 0.0231 | Total: 6.9467
   ↳ AA sample loss: 0.020088 | AA cos loss: 0.002451
[Train] Batch 040 | I(t;x): 0.9515 | I(t;y): 0.0000 | Recon: 0.0237 | Total: 7.0408
   ↳ AA sample loss: 0.019954 | AA cos loss: 0.002422

[Summary] Epoch 21 Train Total Loss: 7.0175
[Collapse Monitor] Avg intra-class archetype distance: 0.6494
=======================================================================

===================== Epoch 22/50 =====================
Mode: Full (KL + Recon + MI + full AA reconstruction + cos loss)
[Train] Batch 010 | I(t;x): 0.9370 | I(t;y): 0.0000 | Recon: 0.0234 | Total: 6.9354
   ↳ AA sample loss: 0.019677 | AA cos loss: 0.002242
[Train] Batch 020 | I(t;x): 0.9682 | I(t;y): 0.0000 | Recon: 0.0235 | Total: 7.0073
   ↳ AA sample loss: 0.019490 | AA cos loss: 0.002664
[Train] Batch 030 | I(t;x): 0.9570 | I(t;y): 0.0000 | Recon: 0.0240 | Total: 7.0684
   ↳ AA sample loss: 0.019417 | AA cos loss: 0.002337
[Train] Batch 040 | I(t;x): 0.9561 | I(t;y): 0.0000 | Recon: 0.0228 | Total: 6.8162
   ↳ AA sample loss: 0.019303 | AA cos loss: 0.002237

[Summary] Epoch 22 Train Total Loss: 6.9491
[Collapse Monitor] Avg intra-class archetype distance: 0.6723
=======================================================================

===================== Epoch 23/50 =====================
Mode: Full (KL + Recon + MI + full AA reconstruction + cos loss)
[Train] Batch 010 | I(t;x): 0.9681 | I(t;y): 0.0000 | Recon: 0.0236 | Total: 7.0224
   ↳ AA sample loss: 0.019179 | AA cos loss: 0.003037
[Train] Batch 020 | I(t;x): 0.9606 | I(t;y): 0.0000 | Recon: 0.0221 | Total: 6.6696
   ↳ AA sample loss: 0.018984 | AA cos loss: 0.002529
[Train] Batch 030 | I(t;x): 0.9651 | I(t;y): 0.0000 | Recon: 0.0228 | Total: 6.8028
   ↳ AA sample loss: 0.018868 | AA cos loss: 0.002398
[Train] Batch 040 | I(t;x): 0.9623 | I(t;y): 0.0000 | Recon: 0.0230 | Total: 6.8250
   ↳ AA sample loss: 0.018615 | AA cos loss: 0.002491

[Summary] Epoch 23 Train Total Loss: 6.8397
[Collapse Monitor] Avg intra-class archetype distance: 0.6928
=======================================================================

===================== Epoch 24/50 =====================
Mode: Full (KL + Recon + MI + full AA reconstruction + cos loss)
[Train] Batch 010 | I(t;x): 0.9567 | I(t;y): 0.0000 | Recon: 0.0221 | Total: 6.6302
   ↳ AA sample loss: 0.018431 | AA cos loss: 0.002578
[Train] Batch 020 | I(t;x): 0.9784 | I(t;y): 0.0000 | Recon: 0.0235 | Total: 6.9620
   ↳ AA sample loss: 0.018430 | AA cos loss: 0.003003
[Train] Batch 030 | I(t;x): 0.9414 | I(t;y): 0.0000 | Recon: 0.0217 | Total: 6.5263
   ↳ AA sample loss: 0.018077 | AA cos loss: 0.002608
[Train] Batch 040 | I(t;x): 0.9519 | I(t;y): 0.0000 | Recon: 0.0221 | Total: 6.6138
   ↳ AA sample loss: 0.017957 | AA cos loss: 0.002721

[Summary] Epoch 24 Train Total Loss: 6.7397
[Collapse Monitor] Avg intra-class archetype distance: 0.7147
=======================================================================

===================== Epoch 25/50 =====================
Mode: Full (KL + Recon + MI + full AA reconstruction + cos loss)
[Train] Batch 010 | I(t;x): 0.9563 | I(t;y): 0.0000 | Recon: 0.0228 | Total: 6.7363
   ↳ AA sample loss: 0.017767 | AA cos loss: 0.002562
[Train] Batch 020 | I(t;x): 0.9383 | I(t;y): 0.0000 | Recon: 0.0227 | Total: 6.7031
   ↳ AA sample loss: 0.017722 | AA cos loss: 0.002580
[Train] Batch 030 | I(t;x): 0.9453 | I(t;y): 0.0000 | Recon: 0.0230 | Total: 6.7451
   ↳ AA sample loss: 0.017400 | AA cos loss: 0.002703
[Train] Batch 040 | I(t;x): 0.9296 | I(t;y): 0.0000 | Recon: 0.0227 | Total: 6.6610
   ↳ AA sample loss: 0.017300 | AA cos loss: 0.002438

[Summary] Epoch 25 Train Total Loss: 6.6700
[Collapse Monitor] Avg intra-class archetype distance: 0.7355
=======================================================================

===================== Epoch 26/50 =====================
Mode: Full (KL + Recon + MI + full AA reconstruction + cos loss)
[Train] Batch 010 | I(t;x): 0.9621 | I(t;y): 0.0000 | Recon: 0.0227 | Total: 6.6783
   ↳ AA sample loss: 0.017037 | AA cos loss: 0.002495
[Train] Batch 020 | I(t;x): 0.9795 | I(t;y): 0.0000 | Recon: 0.0219 | Total: 6.5116
   ↳ AA sample loss: 0.016895 | AA cos loss: 0.002439
[Train] Batch 030 | I(t;x): 0.9730 | I(t;y): 0.0000 | Recon: 0.0216 | Total: 6.4272
   ↳ AA sample loss: 0.016704 | AA cos loss: 0.002274
[Train] Batch 040 | I(t;x): 0.9497 | I(t;y): 0.0000 | Recon: 0.0218 | Total: 6.4600
   ↳ AA sample loss: 0.016480 | AA cos loss: 0.002838

[Summary] Epoch 26 Train Total Loss: 6.6459
[Collapse Monitor] Avg intra-class archetype distance: 0.7599
=======================================================================

===================== Epoch 27/50 =====================
Mode: Full (KL + Recon + MI + full AA reconstruction + cos loss)
[Train] Batch 010 | I(t;x): 0.9459 | I(t;y): 0.0000 | Recon: 0.0226 | Total: 6.6356
   ↳ AA sample loss: 0.016268 | AA cos loss: 0.003083
[Train] Batch 020 | I(t;x): 0.9491 | I(t;y): 0.0000 | Recon: 0.0222 | Total: 6.5374
   ↳ AA sample loss: 0.016193 | AA cos loss: 0.002893
[Train] Batch 030 | I(t;x): 0.9503 | I(t;y): 0.0000 | Recon: 0.0222 | Total: 6.5219
   ↳ AA sample loss: 0.016048 | AA cos loss: 0.002794
[Train] Batch 040 | I(t;x): 0.9322 | I(t;y): 0.0000 | Recon: 0.0219 | Total: 6.4079
   ↳ AA sample loss: 0.015766 | AA cos loss: 0.002532

[Summary] Epoch 27 Train Total Loss: 6.6178
[Collapse Monitor] Avg intra-class archetype distance: 0.7786
=======================================================================

===================== Epoch 28/50 =====================
Mode: Full (KL + Recon + MI + full AA reconstruction + cos loss)
[Train] Batch 010 | I(t;x): 0.9652 | I(t;y): 0.0000 | Recon: 0.0235 | Total: 6.7547
   ↳ AA sample loss: 0.015726 | AA cos loss: 0.002405
[Train] Batch 020 | I(t;x): 0.9664 | I(t;y): 0.0000 | Recon: 0.0213 | Total: 6.2983
   ↳ AA sample loss: 0.015489 | AA cos loss: 0.002494
[Train] Batch 030 | I(t;x): 0.9745 | I(t;y): 0.0000 | Recon: 0.0228 | Total: 6.6054
   ↳ AA sample loss: 0.015111 | AA cos loss: 0.002865
[Train] Batch 040 | I(t;x): 0.9521 | I(t;y): 0.0000 | Recon: 0.0225 | Total: 6.5077
   ↳ AA sample loss: 0.014924 | AA cos loss: 0.002649

[Summary] Epoch 28 Train Total Loss: 6.5282
[Collapse Monitor] Avg intra-class archetype distance: 0.8021
=======================================================================

===================== Epoch 29/50 =====================
Mode: Full (KL + Recon + MI + full AA reconstruction + cos loss)
[Train] Batch 010 | I(t;x): 0.9418 | I(t;y): 0.0000 | Recon: 0.0218 | Total: 6.3508
   ↳ AA sample loss: 0.014833 | AA cos loss: 0.002622
[Train] Batch 020 | I(t;x): 0.9323 | I(t;y): 0.0000 | Recon: 0.0222 | Total: 6.4052
   ↳ AA sample loss: 0.014659 | AA cos loss: 0.002557
[Train] Batch 030 | I(t;x): 0.9638 | I(t;y): 0.0000 | Recon: 0.0218 | Total: 6.3591
   ↳ AA sample loss: 0.014597 | AA cos loss: 0.002619
[Train] Batch 040 | I(t;x): 0.9596 | I(t;y): 0.0000 | Recon: 0.0223 | Total: 6.4348
   ↳ AA sample loss: 0.014377 | AA cos loss: 0.002688

[Summary] Epoch 29 Train Total Loss: 6.4868
[Collapse Monitor] Avg intra-class archetype distance: 0.8218
=======================================================================

===================== Epoch 30/50 =====================
Mode: Full (KL + Recon + MI + full AA reconstruction + cos loss)
[Train] Batch 010 | I(t;x): 0.9610 | I(t;y): 0.0000 | Recon: 0.0217 | Total: 6.3056
   ↳ AA sample loss: 0.014099 | AA cos loss: 0.002629
[Train] Batch 020 | I(t;x): 0.9576 | I(t;y): 0.0000 | Recon: 0.0224 | Total: 6.4702
   ↳ AA sample loss: 0.014067 | AA cos loss: 0.003048
[Train] Batch 030 | I(t;x): 0.9318 | I(t;y): 0.0000 | Recon: 0.0222 | Total: 6.3839
   ↳ AA sample loss: 0.013832 | AA cos loss: 0.002923
[Train] Batch 040 | I(t;x): 0.9604 | I(t;y): 0.0000 | Recon: 0.0222 | Total: 6.3695
   ↳ AA sample loss: 0.013541 | AA cos loss: 0.002698

[Summary] Epoch 30 Train Total Loss: 6.3845
[Collapse Monitor] Avg intra-class archetype distance: 0.8461
=======================================================================

===================== Epoch 31/50 =====================
Mode: Full (KL + Recon + MI + full AA reconstruction + cos loss)
[Train] Batch 010 | I(t;x): 0.9909 | I(t;y): 0.0000 | Recon: 0.0222 | Total: 6.3812
   ↳ AA sample loss: 0.013407 | AA cos loss: 0.002402
[Train] Batch 020 | I(t;x): 0.9818 | I(t;y): 0.0000 | Recon: 0.0217 | Total: 6.2503
   ↳ AA sample loss: 0.013170 | AA cos loss: 0.002330
[Train] Batch 030 | I(t;x): 0.9585 | I(t;y): 0.0000 | Recon: 0.0238 | Total: 6.6534
   ↳ AA sample loss: 0.012971 | AA cos loss: 0.002592
[Train] Batch 040 | I(t;x): 0.9424 | I(t;y): 0.0000 | Recon: 0.0216 | Total: 6.1669
   ↳ AA sample loss: 0.012793 | AA cos loss: 0.002413

[Summary] Epoch 31 Train Total Loss: 6.3140
[Collapse Monitor] Avg intra-class archetype distance: 0.8718
=======================================================================

===================== Epoch 32/50 =====================
Mode: Full (KL + Recon + MI + full AA reconstruction + cos loss)
[Train] Batch 010 | I(t;x): 0.9642 | I(t;y): 0.0000 | Recon: 0.0224 | Total: 6.3658
   ↳ AA sample loss: 0.012576 | AA cos loss: 0.002654
[Train] Batch 020 | I(t;x): 0.9510 | I(t;y): 0.0000 | Recon: 0.0220 | Total: 6.2538
   ↳ AA sample loss: 0.012439 | AA cos loss: 0.002610
[Train] Batch 030 | I(t;x): 0.9720 | I(t;y): 0.0000 | Recon: 0.0213 | Total: 6.1379
   ↳ AA sample loss: 0.012344 | AA cos loss: 0.002746
[Train] Batch 040 | I(t;x): 0.9674 | I(t;y): 0.0000 | Recon: 0.0212 | Total: 6.0920
   ↳ AA sample loss: 0.012114 | AA cos loss: 0.002468

[Summary] Epoch 32 Train Total Loss: 6.2730
[Collapse Monitor] Avg intra-class archetype distance: 0.8942
=======================================================================

===================== Epoch 33/50 =====================
Mode: Full (KL + Recon + MI + full AA reconstruction + cos loss)
[Train] Batch 010 | I(t;x): 0.9500 | I(t;y): 0.0000 | Recon: 0.0212 | Total: 6.0562
   ↳ AA sample loss: 0.012001 | AA cos loss: 0.002344
[Train] Batch 020 | I(t;x): 0.9641 | I(t;y): 0.0000 | Recon: 0.0225 | Total: 6.3278
   ↳ AA sample loss: 0.011781 | AA cos loss: 0.002692
[Train] Batch 030 | I(t;x): 0.9509 | I(t;y): 0.0000 | Recon: 0.0220 | Total: 6.1887
   ↳ AA sample loss: 0.011701 | AA cos loss: 0.002414
[Train] Batch 040 | I(t;x): 0.9585 | I(t;y): 0.0000 | Recon: 0.0218 | Total: 6.1484
   ↳ AA sample loss: 0.011476 | AA cos loss: 0.002488

[Summary] Epoch 33 Train Total Loss: 6.1657
[Collapse Monitor] Avg intra-class archetype distance: 0.9140
=======================================================================

===================== Epoch 34/50 =====================
Mode: Full (KL + Recon + MI + full AA reconstruction + cos loss)
[Train] Batch 010 | I(t;x): 0.9531 | I(t;y): 0.0000 | Recon: 0.0225 | Total: 6.3005
   ↳ AA sample loss: 0.011336 | AA cos loss: 0.002867
[Train] Batch 020 | I(t;x): 0.9375 | I(t;y): 0.0000 | Recon: 0.0216 | Total: 6.0956
   ↳ AA sample loss: 0.011221 | AA cos loss: 0.002778
[Train] Batch 030 | I(t;x): 0.9711 | I(t;y): 0.0000 | Recon: 0.0231 | Total: 6.3935
   ↳ AA sample loss: 0.010931 | AA cos loss: 0.002551
[Train] Batch 040 | I(t;x): 0.9500 | I(t;y): 0.0000 | Recon: 0.0217 | Total: 6.1164
   ↳ AA sample loss: 0.011015 | AA cos loss: 0.002638

[Summary] Epoch 34 Train Total Loss: 6.2145
[Collapse Monitor] Avg intra-class archetype distance: 0.9296
=======================================================================

===================== Epoch 35/50 =====================
Mode: Full (KL + Recon + MI + full AA reconstruction + cos loss)
[Train] Batch 010 | I(t;x): 0.9545 | I(t;y): 0.0000 | Recon: 0.0214 | Total: 6.0374
   ↳ AA sample loss: 0.010935 | AA cos loss: 0.002313
[Train] Batch 020 | I(t;x): 0.9497 | I(t;y): 0.0000 | Recon: 0.0219 | Total: 6.1765
   ↳ AA sample loss: 0.010866 | AA cos loss: 0.003095
[Train] Batch 030 | I(t;x): 0.9286 | I(t;y): 0.0000 | Recon: 0.0218 | Total: 6.0918
   ↳ AA sample loss: 0.010641 | AA cos loss: 0.002840
[Train] Batch 040 | I(t;x): 0.9185 | I(t;y): 0.0000 | Recon: 0.0219 | Total: 6.0659
   ↳ AA sample loss: 0.010531 | AA cos loss: 0.002221

[Summary] Epoch 35 Train Total Loss: 6.0999
[Collapse Monitor] Avg intra-class archetype distance: 0.9478
=======================================================================

===================== Epoch 36/50 =====================
Mode: Full (KL + Recon + MI + full AA reconstruction + cos loss)
[Train] Batch 010 | I(t;x): 0.9321 | I(t;y): 0.0000 | Recon: 0.0220 | Total: 6.0903
   ↳ AA sample loss: 0.010334 | AA cos loss: 0.002432
[Train] Batch 020 | I(t;x): 0.9844 | I(t;y): 0.0000 | Recon: 0.0224 | Total: 6.2437
   ↳ AA sample loss: 0.010452 | AA cos loss: 0.002513
[Train] Batch 030 | I(t;x): 0.9538 | I(t;y): 0.0000 | Recon: 0.0214 | Total: 5.9829
   ↳ AA sample loss: 0.010268 | AA cos loss: 0.002328
[Train] Batch 040 | I(t;x): 0.9223 | I(t;y): 0.0000 | Recon: 0.0213 | Total: 5.9473
   ↳ AA sample loss: 0.010075 | AA cos loss: 0.002513

[Summary] Epoch 36 Train Total Loss: 6.1023
[Collapse Monitor] Avg intra-class archetype distance: 0.9619
=======================================================================

===================== Epoch 37/50 =====================
Mode: Full (KL + Recon + MI + full AA reconstruction + cos loss)
[Train] Batch 010 | I(t;x): 0.9515 | I(t;y): 0.0000 | Recon: 0.0217 | Total: 6.0342
   ↳ AA sample loss: 0.010058 | AA cos loss: 0.002420
[Train] Batch 020 | I(t;x): 0.9709 | I(t;y): 0.0000 | Recon: 0.0221 | Total: 6.1440
   ↳ AA sample loss: 0.010053 | AA cos loss: 0.002571
[Train] Batch 030 | I(t;x): 0.9819 | I(t;y): 0.0000 | Recon: 0.0215 | Total: 6.0526
   ↳ AA sample loss: 0.010046 | AA cos loss: 0.002688
[Train] Batch 040 | I(t;x): 0.9554 | I(t;y): 0.0000 | Recon: 0.0233 | Total: 6.3845
   ↳ AA sample loss: 0.009707 | AA cos loss: 0.003260

[Summary] Epoch 37 Train Total Loss: 6.0933
[Collapse Monitor] Avg intra-class archetype distance: 0.9749
=======================================================================

===================== Epoch 38/50 =====================
Mode: Full (KL + Recon + MI + full AA reconstruction + cos loss)
[Train] Batch 010 | I(t;x): 0.9543 | I(t;y): 0.0000 | Recon: 0.0221 | Total: 6.1680
   ↳ AA sample loss: 0.009770 | AA cos loss: 0.003493
[Train] Batch 020 | I(t;x): 0.9633 | I(t;y): 0.0000 | Recon: 0.0210 | Total: 5.8972
   ↳ AA sample loss: 0.009757 | AA cos loss: 0.002507
[Train] Batch 030 | I(t;x): 0.9607 | I(t;y): 0.0000 | Recon: 0.0211 | Total: 5.9284
   ↳ AA sample loss: 0.009644 | AA cos loss: 0.002659
[Train] Batch 040 | I(t;x): 0.9561 | I(t;y): 0.0000 | Recon: 0.0222 | Total: 6.1109
   ↳ AA sample loss: 0.009494 | AA cos loss: 0.002478

[Summary] Epoch 38 Train Total Loss: 5.9980
[Collapse Monitor] Avg intra-class archetype distance: 0.9882
=======================================================================

===================== Epoch 39/50 =====================
Mode: Full (KL + Recon + MI + full AA reconstruction + cos loss)
[Train] Batch 010 | I(t;x): 0.9477 | I(t;y): 0.0000 | Recon: 0.0206 | Total: 5.7878
   ↳ AA sample loss: 0.009328 | AA cos loss: 0.002532
[Train] Batch 020 | I(t;x): 0.9614 | I(t;y): 0.0000 | Recon: 0.0205 | Total: 5.7633
   ↳ AA sample loss: 0.009253 | AA cos loss: 0.002398
[Train] Batch 030 | I(t;x): 0.9856 | I(t;y): 0.0000 | Recon: 0.0205 | Total: 5.7643
   ↳ AA sample loss: 0.009229 | AA cos loss: 0.002181
[Train] Batch 040 | I(t;x): 0.9848 | I(t;y): 0.0000 | Recon: 0.0210 | Total: 5.8762
   ↳ AA sample loss: 0.009070 | AA cos loss: 0.002570

[Summary] Epoch 39 Train Total Loss: 5.9657
[Collapse Monitor] Avg intra-class archetype distance: 1.0015
=======================================================================

===================== Epoch 40/50 =====================
Mode: Full (KL + Recon + MI + full AA reconstruction + cos loss)
[Train] Batch 010 | I(t;x): 0.9820 | I(t;y): 0.0000 | Recon: 0.0215 | Total: 5.9532
   ↳ AA sample loss: 0.008956 | AA cos loss: 0.002181
[Train] Batch 020 | I(t;x): 0.9956 | I(t;y): 0.0000 | Recon: 0.0225 | Total: 6.1648
   ↳ AA sample loss: 0.008869 | AA cos loss: 0.002407
[Train] Batch 030 | I(t;x): 1.0035 | I(t;y): 0.0000 | Recon: 0.0232 | Total: 6.3318
   ↳ AA sample loss: 0.008725 | AA cos loss: 0.002661
[Train] Batch 040 | I(t;x): 0.9651 | I(t;y): 0.0000 | Recon: 0.0214 | Total: 5.9299
   ↳ AA sample loss: 0.008788 | AA cos loss: 0.002522

[Summary] Epoch 40 Train Total Loss: 6.0145
[Collapse Monitor] Avg intra-class archetype distance: 1.0086
=======================================================================

===================== Epoch 41/50 =====================
Mode: Full (KL + Recon + MI + full AA reconstruction + cos loss)
[Train] Batch 010 | I(t;x): 0.9597 | I(t;y): 0.0000 | Recon: 0.0211 | Total: 5.8356
   ↳ AA sample loss: 0.008682 | AA cos loss: 0.002196
[Train] Batch 020 | I(t;x): 0.9810 | I(t;y): 0.0000 | Recon: 0.0221 | Total: 6.0694
   ↳ AA sample loss: 0.008679 | AA cos loss: 0.002308
[Train] Batch 030 | I(t;x): 0.9853 | I(t;y): 0.0000 | Recon: 0.0214 | Total: 5.9029
   ↳ AA sample loss: 0.008535 | AA cos loss: 0.002250
[Train] Batch 040 | I(t;x): 0.9676 | I(t;y): 0.0000 | Recon: 0.0208 | Total: 5.7693
   ↳ AA sample loss: 0.008498 | AA cos loss: 0.002167

[Summary] Epoch 41 Train Total Loss: 5.8539
[Collapse Monitor] Avg intra-class archetype distance: 1.0144
=======================================================================

===================== Epoch 42/50 =====================
Mode: Full (KL + Recon + MI + full AA reconstruction + cos loss)
[Train] Batch 010 | I(t;x): 0.9896 | I(t;y): 0.0000 | Recon: 0.0211 | Total: 5.8848
   ↳ AA sample loss: 0.008458 | AA cos loss: 0.002651
[Train] Batch 020 | I(t;x): 0.9755 | I(t;y): 0.0000 | Recon: 0.0222 | Total: 6.0704
   ↳ AA sample loss: 0.008353 | AA cos loss: 0.002515
[Train] Batch 030 | I(t;x): 0.9620 | I(t;y): 0.0000 | Recon: 0.0214 | Total: 5.9048
   ↳ AA sample loss: 0.008290 | AA cos loss: 0.002643
[Train] Batch 040 | I(t;x): 0.9696 | I(t;y): 0.0000 | Recon: 0.0215 | Total: 5.9256
   ↳ AA sample loss: 0.008319 | AA cos loss: 0.002506

[Summary] Epoch 42 Train Total Loss: 5.9321
[Collapse Monitor] Avg intra-class archetype distance: 1.0182
=======================================================================

===================== Epoch 43/50 =====================
Mode: Full (KL + Recon + MI + full AA reconstruction + cos loss)
[Train] Batch 010 | I(t;x): 0.9869 | I(t;y): 0.0000 | Recon: 0.0204 | Total: 5.6909
   ↳ AA sample loss: 0.008248 | AA cos loss: 0.002145
[Train] Batch 020 | I(t;x): 0.9837 | I(t;y): 0.0000 | Recon: 0.0213 | Total: 5.8621
   ↳ AA sample loss: 0.008077 | AA cos loss: 0.002347
[Train] Batch 030 | I(t;x): 0.9923 | I(t;y): 0.0000 | Recon: 0.0202 | Total: 5.6506
   ↳ AA sample loss: 0.008170 | AA cos loss: 0.002106
[Train] Batch 040 | I(t;x): 0.9867 | I(t;y): 0.0000 | Recon: 0.0212 | Total: 5.8673
   ↳ AA sample loss: 0.008132 | AA cos loss: 0.002382

[Summary] Epoch 43 Train Total Loss: 5.7765
[Collapse Monitor] Avg intra-class archetype distance: 1.0217
=======================================================================

===================== Epoch 44/50 =====================
Mode: Full (KL + Recon + MI + full AA reconstruction + cos loss)
[Train] Batch 010 | I(t;x): 0.9677 | I(t;y): 0.0000 | Recon: 0.0205 | Total: 5.6908
   ↳ AA sample loss: 0.008034 | AA cos loss: 0.002317
[Train] Batch 020 | I(t;x): 0.9591 | I(t;y): 0.0000 | Recon: 0.0204 | Total: 5.6773
   ↳ AA sample loss: 0.007843 | AA cos loss: 0.002873
[Train] Batch 030 | I(t;x): 0.9640 | I(t;y): 0.0000 | Recon: 0.0208 | Total: 5.7536
   ↳ AA sample loss: 0.007983 | AA cos loss: 0.002418
[Train] Batch 040 | I(t;x): 0.9532 | I(t;y): 0.0000 | Recon: 0.0217 | Total: 5.9105
   ↳ AA sample loss: 0.007820 | AA cos loss: 0.002442

[Summary] Epoch 44 Train Total Loss: 5.7724
[Collapse Monitor] Avg intra-class archetype distance: 1.0250
=======================================================================

===================== Epoch 45/50 =====================
Mode: Full (KL + Recon + MI + full AA reconstruction + cos loss)
[Train] Batch 010 | I(t;x): 0.9490 | I(t;y): 0.0000 | Recon: 0.0205 | Total: 5.6727
   ↳ AA sample loss: 0.007811 | AA cos loss: 0.002484
[Train] Batch 020 | I(t;x): 0.9865 | I(t;y): 0.0000 | Recon: 0.0218 | Total: 5.9566
   ↳ AA sample loss: 0.007863 | AA cos loss: 0.002239
[Train] Batch 030 | I(t;x): 0.9708 | I(t;y): 0.0000 | Recon: 0.0209 | Total: 5.7908
   ↳ AA sample loss: 0.007783 | AA cos loss: 0.002859
[Train] Batch 040 | I(t;x): 0.9747 | I(t;y): 0.0000 | Recon: 0.0221 | Total: 6.0073
   ↳ AA sample loss: 0.007651 | AA cos loss: 0.002557

[Summary] Epoch 45 Train Total Loss: 5.7821
[Collapse Monitor] Avg intra-class archetype distance: 1.0275
=======================================================================

===================== Epoch 46/50 =====================
Mode: Full (KL + Recon + MI + full AA reconstruction + cos loss)
[Train] Batch 010 | I(t;x): 0.9707 | I(t;y): 0.0000 | Recon: 0.0204 | Total: 5.6539
   ↳ AA sample loss: 0.007596 | AA cos loss: 0.002384
[Train] Batch 020 | I(t;x): 0.9743 | I(t;y): 0.0000 | Recon: 0.0206 | Total: 5.6966
   ↳ AA sample loss: 0.007658 | AA cos loss: 0.002273
[Train] Batch 030 | I(t;x): 0.9794 | I(t;y): 0.0000 | Recon: 0.0203 | Total: 5.6314
   ↳ AA sample loss: 0.007561 | AA cos loss: 0.002172
[Train] Batch 040 | I(t;x): 0.9591 | I(t;y): 0.0000 | Recon: 0.0203 | Total: 5.6132
   ↳ AA sample loss: 0.007499 | AA cos loss: 0.002325

[Summary] Epoch 46 Train Total Loss: 5.7183
[Collapse Monitor] Avg intra-class archetype distance: 1.0273
=======================================================================

===================== Epoch 47/50 =====================
Mode: Full (KL + Recon + MI + full AA reconstruction + cos loss)
[Train] Batch 010 | I(t;x): 0.9744 | I(t;y): 0.0000 | Recon: 0.0206 | Total: 5.6855
   ↳ AA sample loss: 0.007401 | AA cos loss: 0.002287
[Train] Batch 020 | I(t;x): 0.9751 | I(t;y): 0.0000 | Recon: 0.0209 | Total: 5.7447
   ↳ AA sample loss: 0.007499 | AA cos loss: 0.002386
[Train] Batch 030 | I(t;x): 0.9658 | I(t;y): 0.0000 | Recon: 0.0206 | Total: 5.6579
   ↳ AA sample loss: 0.007365 | AA cos loss: 0.002204
[Train] Batch 040 | I(t;x): 0.9821 | I(t;y): 0.0000 | Recon: 0.0209 | Total: 5.7326
   ↳ AA sample loss: 0.007372 | AA cos loss: 0.002216

[Summary] Epoch 47 Train Total Loss: 5.6967
[Collapse Monitor] Avg intra-class archetype distance: 1.0269
=======================================================================

===================== Epoch 48/50 =====================
Mode: Full (KL + Recon + MI + full AA reconstruction + cos loss)
[Train] Batch 010 | I(t;x): 0.9605 | I(t;y): 0.0000 | Recon: 0.0208 | Total: 5.7028
   ↳ AA sample loss: 0.007284 | AA cos loss: 0.002339
[Train] Batch 020 | I(t;x): 0.9675 | I(t;y): 0.0000 | Recon: 0.0204 | Total: 5.6060
   ↳ AA sample loss: 0.007238 | AA cos loss: 0.002234
[Train] Batch 030 | I(t;x): 0.9518 | I(t;y): 0.0000 | Recon: 0.0221 | Total: 5.9468
   ↳ AA sample loss: 0.007163 | AA cos loss: 0.002506
[Train] Batch 040 | I(t;x): 0.9748 | I(t;y): 0.0000 | Recon: 0.0208 | Total: 5.6960
   ↳ AA sample loss: 0.007127 | AA cos loss: 0.002060

[Summary] Epoch 48 Train Total Loss: 5.6767
[Collapse Monitor] Avg intra-class archetype distance: 1.0258
=======================================================================

===================== Epoch 49/50 =====================
Mode: Full (KL + Recon + MI + full AA reconstruction + cos loss)
[Train] Batch 010 | I(t;x): 0.9812 | I(t;y): 0.0000 | Recon: 0.0210 | Total: 5.7598
   ↳ AA sample loss: 0.007185 | AA cos loss: 0.002306
[Train] Batch 020 | I(t;x): 0.9637 | I(t;y): 0.0000 | Recon: 0.0202 | Total: 5.5668
   ↳ AA sample loss: 0.007050 | AA cos loss: 0.002354
[Train] Batch 030 | I(t;x): 0.9800 | I(t;y): 0.0000 | Recon: 0.0209 | Total: 5.7451
   ↳ AA sample loss: 0.007118 | AA cos loss: 0.002485
[Train] Batch 040 | I(t;x): 0.9914 | I(t;y): 0.0000 | Recon: 0.0201 | Total: 5.5741
   ↳ AA sample loss: 0.007044 | AA cos loss: 0.002261

[Summary] Epoch 49 Train Total Loss: 5.6718
[Collapse Monitor] Avg intra-class archetype distance: 1.0266
=======================================================================

===================== Epoch 50/50 =====================
Mode: Full (KL + Recon + MI + full AA reconstruction + cos loss)
[Train] Batch 010 | I(t;x): 0.9790 | I(t;y): 0.0000 | Recon: 0.0196 | Total: 5.4590
   ↳ AA sample loss: 0.007001 | AA cos loss: 0.002404
[Train] Batch 020 | I(t;x): 0.9732 | I(t;y): 0.0000 | Recon: 0.0197 | Total: 5.4647
   ↳ AA sample loss: 0.006922 | AA cos loss: 0.002192
[Train] Batch 030 | I(t;x): 0.9949 | I(t;y): 0.0000 | Recon: 0.0202 | Total: 5.6009
   ↳ AA sample loss: 0.007014 | AA cos loss: 0.002493
[Train] Batch 040 | I(t;x): 0.9631 | I(t;y): 0.0000 | Recon: 0.0207 | Total: 5.6656
   ↳ AA sample loss: 0.006792 | AA cos loss: 0.002451

[Summary] Epoch 50 Train Total Loss: 5.6246
[Collapse Monitor] Avg intra-class archetype distance: 1.0275
=======================================================================

[Save] Epoch losses saved to: results/mnist/seed_46_aa_7/epoch_total_losses.pkl
[Save] Final archetype coordinates saved to: results/mnist/seed_46_aa_7/final_archetypes.npy (shape: (70, 32))
[Save] Decoded archetype images saved to: results/mnist/seed_46_aa_7/final_archetypes_decoded.npy (shape: (70, 1, 28, 28))
[Save] Sample-to-AA weight parameters saved to: results/mnist/seed_46_aa_7/fc_sample_to_aa_weights.pth
[Save] Final model weights saved to: results/mnist/seed_46_aa_7/model_final.pth
