[Init] Using device: cuda
[Config] Parameters saved to: results/kmnist/seed_46_aa_6/params.json
[Training Start] 50 epochs total
Warmup: first 5 epochs | Semantic: 6–10 | AA starts from 11
[Config] batch_size=500 | lr=0.005 | gamma=200 | cos_sim_weight=1.0

===================== Epoch 1/50 =====================
Mode: Warmup (KL + Reconstruction)
[Train] Batch 010 | I(t;x): 0.3808 | I(t;y): 2.2991 | Recon: 0.1070 | Total: 21.7837
[Train] Batch 020 | I(t;x): 0.5021 | I(t;y): 2.3000 | Recon: 0.0964 | Total: 19.7733
[Train] Batch 030 | I(t;x): 0.5702 | I(t;y): 2.2999 | Recon: 0.0927 | Total: 19.1159
[Train] Batch 040 | I(t;x): 0.8508 | I(t;y): 2.3001 | Recon: 0.0864 | Total: 18.1402

[Summary] Epoch 1 Train Total Loss: 21.4427
=======================================================================

===================== Epoch 2/50 =====================
Mode: Warmup (KL + Reconstruction)
[Train] Batch 010 | I(t;x): 1.0293 | I(t;y): 2.3000 | Recon: 0.0820 | Total: 17.4201
[Train] Batch 020 | I(t;x): 1.1900 | I(t;y): 2.3000 | Recon: 0.0768 | Total: 16.5563
[Train] Batch 030 | I(t;x): 1.1922 | I(t;y): 2.2999 | Recon: 0.0738 | Total: 15.9427
[Train] Batch 040 | I(t;x): 1.2580 | I(t;y): 2.2999 | Recon: 0.0723 | Total: 15.7092

[Summary] Epoch 2 Train Total Loss: 16.7366
=======================================================================

===================== Epoch 3/50 =====================
Mode: Warmup (KL + Reconstruction)
[Train] Batch 010 | I(t;x): 1.2908 | I(t;y): 2.2999 | Recon: 0.0670 | Total: 14.6902
[Train] Batch 020 | I(t;x): 1.2451 | I(t;y): 2.2999 | Recon: 0.0649 | Total: 14.2344
[Train] Batch 030 | I(t;x): 1.4081 | I(t;y): 2.2999 | Recon: 0.0614 | Total: 13.6807
[Train] Batch 040 | I(t;x): 1.3400 | I(t;y): 2.2998 | Recon: 0.0600 | Total: 13.3354

[Summary] Epoch 3 Train Total Loss: 14.1712
=======================================================================

===================== Epoch 4/50 =====================
Mode: Warmup (KL + Reconstruction)
[Train] Batch 010 | I(t;x): 1.3409 | I(t;y): 2.2998 | Recon: 0.0575 | Total: 12.8480
[Train] Batch 020 | I(t;x): 1.3822 | I(t;y): 2.2997 | Recon: 0.0559 | Total: 12.5570
[Train] Batch 030 | I(t;x): 1.3804 | I(t;y): 2.2998 | Recon: 0.0528 | Total: 11.9392
[Train] Batch 040 | I(t;x): 1.3700 | I(t;y): 2.2999 | Recon: 0.0527 | Total: 11.9031

[Summary] Epoch 4 Train Total Loss: 12.3578
=======================================================================

===================== Epoch 5/50 =====================
Mode: Warmup (KL + Reconstruction)
[Train] Batch 010 | I(t;x): 1.4048 | I(t;y): 2.3000 | Recon: 0.0506 | Total: 11.5172
[Train] Batch 020 | I(t;x): 1.3879 | I(t;y): 2.2999 | Recon: 0.0503 | Total: 11.4579
[Train] Batch 030 | I(t;x): 1.3535 | I(t;y): 2.2999 | Recon: 0.0488 | Total: 11.1100
[Train] Batch 040 | I(t;x): 1.4316 | I(t;y): 2.3000 | Recon: 0.0454 | Total: 10.5098

[Summary] Epoch 5 Train Total Loss: 11.1813
=======================================================================

===================== Epoch 6/50 =====================
Mode: Semantic (KL + Recon + weak MI)
[Train] Batch 010 | I(t;x): 1.4104 | I(t;y): 2.1885 | Recon: 0.0473 | Total: 10.8887
[Train] Batch 020 | I(t;x): 1.4222 | I(t;y): 1.8822 | Recon: 0.0437 | Total: 10.1694
[Train] Batch 030 | I(t;x): 1.4529 | I(t;y): 1.4212 | Recon: 0.0444 | Total: 10.3498
[Train] Batch 040 | I(t;x): 1.4230 | I(t;y): 0.5974 | Recon: 0.0455 | Total: 10.5301

[Summary] Epoch 6 Train Total Loss: 10.5618
=======================================================================

===================== Epoch 7/50 =====================
Mode: Semantic (KL + Recon + weak MI)
[Train] Batch 010 | I(t;x): 1.4277 | I(t;y): 0.0216 | Recon: 0.0445 | Total: 10.3320
[Train] Batch 020 | I(t;x): 1.4016 | I(t;y): 0.0012 | Recon: 0.0445 | Total: 10.2925
[Train] Batch 030 | I(t;x): 1.3945 | I(t;y): 0.0003 | Recon: 0.0433 | Total: 10.0474
[Train] Batch 040 | I(t;x): 1.4666 | I(t;y): 0.0001 | Recon: 0.0419 | Total: 9.8443

[Summary] Epoch 7 Train Total Loss: 10.0930
=======================================================================

===================== Epoch 8/50 =====================
Mode: Semantic (KL + Recon + weak MI)
[Train] Batch 010 | I(t;x): 1.4578 | I(t;y): 0.0001 | Recon: 0.0420 | Total: 9.8506
[Train] Batch 020 | I(t;x): 1.4426 | I(t;y): 0.0002 | Recon: 0.0414 | Total: 9.7160
[Train] Batch 030 | I(t;x): 1.4896 | I(t;y): 0.0001 | Recon: 0.0417 | Total: 9.8294
[Train] Batch 040 | I(t;x): 1.4496 | I(t;y): 0.0001 | Recon: 0.0422 | Total: 9.8977

[Summary] Epoch 8 Train Total Loss: 9.7263
=======================================================================

===================== Epoch 9/50 =====================
Mode: Semantic (KL + Recon + weak MI)
[Train] Batch 010 | I(t;x): 1.5012 | I(t;y): 0.0001 | Recon: 0.0417 | Total: 9.8469
[Train] Batch 020 | I(t;x): 1.4804 | I(t;y): 0.0001 | Recon: 0.0405 | Total: 9.5902
[Train] Batch 030 | I(t;x): 1.4445 | I(t;y): 0.0001 | Recon: 0.0396 | Total: 9.3734
[Train] Batch 040 | I(t;x): 1.4831 | I(t;y): 0.0001 | Recon: 0.0380 | Total: 9.0834

[Summary] Epoch 9 Train Total Loss: 9.4313
=======================================================================

===================== Epoch 10/50 =====================
Mode: Semantic (KL + Recon + weak MI)
[Train] Batch 010 | I(t;x): 1.4530 | I(t;y): 0.0001 | Recon: 0.0399 | Total: 9.4284
[Train] Batch 020 | I(t;x): 1.5042 | I(t;y): 0.0001 | Recon: 0.0390 | Total: 9.3001
[Train] Batch 030 | I(t;x): 1.5375 | I(t;y): 0.0001 | Recon: 0.0385 | Total: 9.2299
[Train] Batch 040 | I(t;x): 1.4254 | I(t;y): 0.0001 | Recon: 0.0404 | Total: 9.5069

[Summary] Epoch 10 Train Total Loss: 9.2887
=======================================================================

===================== Epoch 11/50 =====================
Mode: Full (KL + Recon + MI + full AA reconstruction + cos loss)
[Init] Initializing class-wise archetypes (multi-seed + fallback)...
[Init] Archetypes initialized.
[Train] Batch 010 | I(t;x): 2.0543 | I(t;y): 0.0000 | Recon: 0.0772 | Total: 26.0526
   ↳ AA sample loss: 0.026485 | AA cos loss: 0.016303
[Train] Batch 020 | I(t;x): 2.7674 | I(t;y): 0.0000 | Recon: 0.0688 | Total: 22.8661
   ↳ AA sample loss: 0.026394 | AA cos loss: 0.005287
[Train] Batch 030 | I(t;x): 2.6869 | I(t;y): 0.0000 | Recon: 0.0635 | Total: 21.5515
   ↳ AA sample loss: 0.026433 | AA cos loss: 0.004358
[Train] Batch 040 | I(t;x): 2.6280 | I(t;y): 0.0000 | Recon: 0.0582 | Total: 20.7091
   ↳ AA sample loss: 0.026415 | AA cos loss: 0.005754

[Summary] Epoch 11 Train Total Loss: 35.1398
[Collapse Monitor] Avg intra-class archetype distance: 0.4523
=======================================================================

===================== Epoch 12/50 =====================
Mode: Full (KL + Recon + MI + full AA reconstruction + cos loss)
[Train] Batch 010 | I(t;x): 2.5231 | I(t;y): 0.0000 | Recon: 0.0524 | Total: 19.4526
   ↳ AA sample loss: 0.026421 | AA cos loss: 0.005850
[Train] Batch 020 | I(t;x): 2.5695 | I(t;y): 0.0000 | Recon: 0.0507 | Total: 19.0069
   ↳ AA sample loss: 0.026413 | AA cos loss: 0.005026
[Train] Batch 030 | I(t;x): 2.5193 | I(t;y): 0.0000 | Recon: 0.0483 | Total: 18.4032
   ↳ AA sample loss: 0.026402 | AA cos loss: 0.004724
[Train] Batch 040 | I(t;x): 2.5023 | I(t;y): 0.0000 | Recon: 0.0474 | Total: 18.1330
   ↳ AA sample loss: 0.026383 | AA cos loss: 0.004376

[Summary] Epoch 12 Train Total Loss: 18.9575
[Collapse Monitor] Avg intra-class archetype distance: 0.4589
=======================================================================

===================== Epoch 13/50 =====================
Mode: Full (KL + Recon + MI + full AA reconstruction + cos loss)
[Train] Batch 010 | I(t;x): 2.4667 | I(t;y): 0.0000 | Recon: 0.0459 | Total: 17.7099
   ↳ AA sample loss: 0.026355 | AA cos loss: 0.003965
[Train] Batch 020 | I(t;x): 2.4536 | I(t;y): 0.0000 | Recon: 0.0456 | Total: 17.5985
   ↳ AA sample loss: 0.026333 | AA cos loss: 0.003753
[Train] Batch 030 | I(t;x): 2.4685 | I(t;y): 0.0000 | Recon: 0.0455 | Total: 17.5637
   ↳ AA sample loss: 0.026310 | AA cos loss: 0.003617
[Train] Batch 040 | I(t;x): 2.4206 | I(t;y): 0.0000 | Recon: 0.0426 | Total: 16.8840
   ↳ AA sample loss: 0.026280 | AA cos loss: 0.003418

[Summary] Epoch 13 Train Total Loss: 17.4544
[Collapse Monitor] Avg intra-class archetype distance: 0.4754
=======================================================================

===================== Epoch 14/50 =====================
Mode: Full (KL + Recon + MI + full AA reconstruction + cos loss)
[Train] Batch 010 | I(t;x): 2.4474 | I(t;y): 0.0000 | Recon: 0.0417 | Total: 16.6963
   ↳ AA sample loss: 0.026245 | AA cos loss: 0.003252
[Train] Batch 020 | I(t;x): 2.4224 | I(t;y): 0.0000 | Recon: 0.0423 | Total: 16.7574
   ↳ AA sample loss: 0.026219 | AA cos loss: 0.003115
[Train] Batch 030 | I(t;x): 2.3246 | I(t;y): 0.0000 | Recon: 0.0426 | Total: 16.6922
   ↳ AA sample loss: 0.026185 | AA cos loss: 0.003008
[Train] Batch 040 | I(t;x): 2.3368 | I(t;y): 0.0000 | Recon: 0.0404 | Total: 16.1978
   ↳ AA sample loss: 0.026152 | AA cos loss: 0.002731

[Summary] Epoch 14 Train Total Loss: 16.6769
[Collapse Monitor] Avg intra-class archetype distance: 0.5035
=======================================================================

===================== Epoch 15/50 =====================
Mode: Full (KL + Recon + MI + full AA reconstruction + cos loss)
[Train] Batch 010 | I(t;x): 2.3139 | I(t;y): 0.0000 | Recon: 0.0415 | Total: 16.3579
   ↳ AA sample loss: 0.026118 | AA cos loss: 0.002552
[Train] Batch 020 | I(t;x): 2.3418 | I(t;y): 0.0000 | Recon: 0.0418 | Total: 16.3918
   ↳ AA sample loss: 0.026080 | AA cos loss: 0.002381
[Train] Batch 030 | I(t;x): 2.2893 | I(t;y): 0.0000 | Recon: 0.0409 | Total: 16.1309
   ↳ AA sample loss: 0.026038 | AA cos loss: 0.002263
[Train] Batch 040 | I(t;x): 2.3713 | I(t;y): 0.0000 | Recon: 0.0390 | Total: 15.7931
   ↳ AA sample loss: 0.025978 | AA cos loss: 0.002140

[Summary] Epoch 15 Train Total Loss: 16.1791
[Collapse Monitor] Avg intra-class archetype distance: 0.5434
=======================================================================

===================== Epoch 16/50 =====================
Mode: Full (KL + Recon + MI + full AA reconstruction + cos loss)
[Train] Batch 010 | I(t;x): 2.2748 | I(t;y): 0.0000 | Recon: 0.0401 | Total: 15.9288
   ↳ AA sample loss: 0.025937 | AA cos loss: 0.002191
[Train] Batch 020 | I(t;x): 2.2274 | I(t;y): 0.0000 | Recon: 0.0395 | Total: 15.7053
   ↳ AA sample loss: 0.025880 | AA cos loss: 0.002005
[Train] Batch 030 | I(t;x): 2.2368 | I(t;y): 0.0000 | Recon: 0.0393 | Total: 15.6089
   ↳ AA sample loss: 0.025818 | AA cos loss: 0.001753
[Train] Batch 040 | I(t;x): 2.3069 | I(t;y): 0.0000 | Recon: 0.0386 | Total: 15.4966
   ↳ AA sample loss: 0.025752 | AA cos loss: 0.001608

[Summary] Epoch 16 Train Total Loss: 15.7104
[Collapse Monitor] Avg intra-class archetype distance: 0.5889
=======================================================================

===================== Epoch 17/50 =====================
Mode: Full (KL + Recon + MI + full AA reconstruction + cos loss)
[Train] Batch 010 | I(t;x): 2.1317 | I(t;y): 0.0000 | Recon: 0.0384 | Total: 15.2574
   ↳ AA sample loss: 0.025684 | AA cos loss: 0.001592
[Train] Batch 020 | I(t;x): 2.1756 | I(t;y): 0.0000 | Recon: 0.0379 | Total: 15.1525
   ↳ AA sample loss: 0.025600 | AA cos loss: 0.001431
[Train] Batch 030 | I(t;x): 2.1277 | I(t;y): 0.0000 | Recon: 0.0368 | Total: 14.8571
   ↳ AA sample loss: 0.025521 | AA cos loss: 0.001294
[Train] Batch 040 | I(t;x): 2.0904 | I(t;y): 0.0000 | Recon: 0.0382 | Total: 15.0619
   ↳ AA sample loss: 0.025424 | AA cos loss: 0.001258

[Summary] Epoch 17 Train Total Loss: 15.2802
[Collapse Monitor] Avg intra-class archetype distance: 0.6340
=======================================================================

===================== Epoch 18/50 =====================
Mode: Full (KL + Recon + MI + full AA reconstruction + cos loss)
[Train] Batch 010 | I(t;x): 2.0578 | I(t;y): 0.0000 | Recon: 0.0369 | Total: 14.7819
   ↳ AA sample loss: 0.025327 | AA cos loss: 0.001369
[Train] Batch 020 | I(t;x): 2.1064 | I(t;y): 0.0000 | Recon: 0.0385 | Total: 15.1123
   ↳ AA sample loss: 0.025236 | AA cos loss: 0.001256
[Train] Batch 030 | I(t;x): 2.0159 | I(t;y): 0.0000 | Recon: 0.0367 | Total: 14.6403
   ↳ AA sample loss: 0.025115 | AA cos loss: 0.001286
[Train] Batch 040 | I(t;x): 1.9946 | I(t;y): 0.0000 | Recon: 0.0365 | Total: 14.5394
   ↳ AA sample loss: 0.024998 | AA cos loss: 0.001240

[Summary] Epoch 18 Train Total Loss: 14.9554
[Collapse Monitor] Avg intra-class archetype distance: 0.6703
=======================================================================

===================== Epoch 19/50 =====================
Mode: Full (KL + Recon + MI + full AA reconstruction + cos loss)
[Train] Batch 010 | I(t;x): 1.9970 | I(t;y): 0.0000 | Recon: 0.0377 | Total: 14.7761
   ↳ AA sample loss: 0.024937 | AA cos loss: 0.001230
[Train] Batch 020 | I(t;x): 1.9798 | I(t;y): 0.0000 | Recon: 0.0379 | Total: 14.7874
   ↳ AA sample loss: 0.024799 | AA cos loss: 0.001290
[Train] Batch 030 | I(t;x): 1.9792 | I(t;y): 0.0000 | Recon: 0.0382 | Total: 14.8049
   ↳ AA sample loss: 0.024661 | AA cos loss: 0.001223
[Train] Batch 040 | I(t;x): 1.9878 | I(t;y): 0.0000 | Recon: 0.0374 | Total: 14.6304
   ↳ AA sample loss: 0.024555 | AA cos loss: 0.001271

[Summary] Epoch 19 Train Total Loss: 14.6454
[Collapse Monitor] Avg intra-class archetype distance: 0.7067
=======================================================================

===================== Epoch 20/50 =====================
Mode: Full (KL + Recon + MI + full AA reconstruction + cos loss)
[Train] Batch 010 | I(t;x): 1.9595 | I(t;y): 0.0000 | Recon: 0.0359 | Total: 14.2860
   ↳ AA sample loss: 0.024440 | AA cos loss: 0.001284
[Train] Batch 020 | I(t;x): 1.9551 | I(t;y): 0.0000 | Recon: 0.0358 | Total: 14.2135
   ↳ AA sample loss: 0.024319 | AA cos loss: 0.001181
[Train] Batch 030 | I(t;x): 1.9784 | I(t;y): 0.0000 | Recon: 0.0377 | Total: 14.6060
   ↳ AA sample loss: 0.024221 | AA cos loss: 0.001246
[Train] Batch 040 | I(t;x): 1.9375 | I(t;y): 0.0000 | Recon: 0.0382 | Total: 14.6402
   ↳ AA sample loss: 0.024061 | AA cos loss: 0.001274

[Summary] Epoch 20 Train Total Loss: 14.3535
[Collapse Monitor] Avg intra-class archetype distance: 0.7441
=======================================================================

===================== Epoch 21/50 =====================
Mode: Full (KL + Recon + MI + full AA reconstruction + cos loss)
[Train] Batch 010 | I(t;x): 1.9233 | I(t;y): 0.0000 | Recon: 0.0369 | Total: 14.3281
   ↳ AA sample loss: 0.023896 | AA cos loss: 0.001243
[Train] Batch 020 | I(t;x): 1.9286 | I(t;y): 0.0000 | Recon: 0.0355 | Total: 14.0193
   ↳ AA sample loss: 0.023744 | AA cos loss: 0.001257
[Train] Batch 030 | I(t;x): 1.9102 | I(t;y): 0.0000 | Recon: 0.0364 | Total: 14.1714
   ↳ AA sample loss: 0.023551 | AA cos loss: 0.001307
[Train] Batch 040 | I(t;x): 1.9264 | I(t;y): 0.0000 | Recon: 0.0357 | Total: 14.0065
   ↳ AA sample loss: 0.023413 | AA cos loss: 0.001240

[Summary] Epoch 21 Train Total Loss: 14.1769
[Collapse Monitor] Avg intra-class archetype distance: 0.7845
=======================================================================

===================== Epoch 22/50 =====================
Mode: Full (KL + Recon + MI + full AA reconstruction + cos loss)
[Train] Batch 010 | I(t;x): 1.9328 | I(t;y): 0.0000 | Recon: 0.0351 | Total: 13.8529
   ↳ AA sample loss: 0.023279 | AA cos loss: 0.001268
[Train] Batch 020 | I(t;x): 1.9207 | I(t;y): 0.0000 | Recon: 0.0340 | Total: 13.6155
   ↳ AA sample loss: 0.023107 | AA cos loss: 0.001332
[Train] Batch 030 | I(t;x): 1.8922 | I(t;y): 0.0000 | Recon: 0.0358 | Total: 13.8971
   ↳ AA sample loss: 0.022883 | AA cos loss: 0.001323
[Train] Batch 040 | I(t;x): 1.8967 | I(t;y): 0.0000 | Recon: 0.0351 | Total: 13.7017
   ↳ AA sample loss: 0.022640 | AA cos loss: 0.001301

[Summary] Epoch 22 Train Total Loss: 13.8733
[Collapse Monitor] Avg intra-class archetype distance: 0.8235
=======================================================================

===================== Epoch 23/50 =====================
Mode: Full (KL + Recon + MI + full AA reconstruction + cos loss)
[Train] Batch 010 | I(t;x): 1.9383 | I(t;y): 0.0000 | Recon: 0.0352 | Total: 13.7397
   ↳ AA sample loss: 0.022465 | AA cos loss: 0.001306
[Train] Batch 020 | I(t;x): 1.9303 | I(t;y): 0.0000 | Recon: 0.0353 | Total: 13.6967
   ↳ AA sample loss: 0.022186 | AA cos loss: 0.001377
[Train] Batch 030 | I(t;x): 1.9321 | I(t;y): 0.0000 | Recon: 0.0348 | Total: 13.5451
   ↳ AA sample loss: 0.021945 | AA cos loss: 0.001351
[Train] Batch 040 | I(t;x): 1.9160 | I(t;y): 0.0000 | Recon: 0.0351 | Total: 13.5206
   ↳ AA sample loss: 0.021666 | AA cos loss: 0.001289

[Summary] Epoch 23 Train Total Loss: 13.6082
[Collapse Monitor] Avg intra-class archetype distance: 0.8641
=======================================================================

===================== Epoch 24/50 =====================
Mode: Full (KL + Recon + MI + full AA reconstruction + cos loss)
[Train] Batch 010 | I(t;x): 1.9014 | I(t;y): 0.0000 | Recon: 0.0342 | Total: 13.2792
   ↳ AA sample loss: 0.021322 | AA cos loss: 0.001410
[Train] Batch 020 | I(t;x): 1.9120 | I(t;y): 0.0000 | Recon: 0.0350 | Total: 13.4055
   ↳ AA sample loss: 0.021036 | AA cos loss: 0.001411
[Train] Batch 030 | I(t;x): 1.9130 | I(t;y): 0.0000 | Recon: 0.0351 | Total: 13.3803
   ↳ AA sample loss: 0.020741 | AA cos loss: 0.001472
[Train] Batch 040 | I(t;x): 1.9357 | I(t;y): 0.0000 | Recon: 0.0346 | Total: 13.2325
   ↳ AA sample loss: 0.020377 | AA cos loss: 0.001479

[Summary] Epoch 24 Train Total Loss: 13.3143
[Collapse Monitor] Avg intra-class archetype distance: 0.9033
=======================================================================

===================== Epoch 25/50 =====================
Mode: Full (KL + Recon + MI + full AA reconstruction + cos loss)
[Train] Batch 010 | I(t;x): 1.9152 | I(t;y): 0.0000 | Recon: 0.0348 | Total: 13.1541
   ↳ AA sample loss: 0.020014 | AA cos loss: 0.001393
[Train] Batch 020 | I(t;x): 1.9476 | I(t;y): 0.0000 | Recon: 0.0339 | Total: 12.9620
   ↳ AA sample loss: 0.019630 | AA cos loss: 0.001544
[Train] Batch 030 | I(t;x): 1.9539 | I(t;y): 0.0000 | Recon: 0.0345 | Total: 12.9960
   ↳ AA sample loss: 0.019279 | AA cos loss: 0.001462
[Train] Batch 040 | I(t;x): 1.9514 | I(t;y): 0.0000 | Recon: 0.0348 | Total: 12.9871
   ↳ AA sample loss: 0.018857 | AA cos loss: 0.001525

[Summary] Epoch 25 Train Total Loss: 13.0248
[Collapse Monitor] Avg intra-class archetype distance: 0.9434
=======================================================================

===================== Epoch 26/50 =====================
Mode: Full (KL + Recon + MI + full AA reconstruction + cos loss)
[Train] Batch 010 | I(t;x): 1.9540 | I(t;y): 0.0000 | Recon: 0.0336 | Total: 12.6660
   ↳ AA sample loss: 0.018454 | AA cos loss: 0.001493
[Train] Batch 020 | I(t;x): 1.9604 | I(t;y): 0.0000 | Recon: 0.0340 | Total: 12.7034
   ↳ AA sample loss: 0.018115 | AA cos loss: 0.001564
[Train] Batch 030 | I(t;x): 1.9402 | I(t;y): 0.0000 | Recon: 0.0340 | Total: 12.6063
   ↳ AA sample loss: 0.017649 | AA cos loss: 0.001657
[Train] Batch 040 | I(t;x): 1.9745 | I(t;y): 0.0000 | Recon: 0.0341 | Total: 12.5631
   ↳ AA sample loss: 0.017242 | AA cos loss: 0.001625

[Summary] Epoch 26 Train Total Loss: 12.6835
[Collapse Monitor] Avg intra-class archetype distance: 0.9816
=======================================================================

===================== Epoch 27/50 =====================
Mode: Full (KL + Recon + MI + full AA reconstruction + cos loss)
[Train] Batch 010 | I(t;x): 2.0021 | I(t;y): 0.0000 | Recon: 0.0347 | Total: 12.6592
   ↳ AA sample loss: 0.016881 | AA cos loss: 0.001719
[Train] Batch 020 | I(t;x): 1.9541 | I(t;y): 0.0000 | Recon: 0.0354 | Total: 12.6524
   ↳ AA sample loss: 0.016507 | AA cos loss: 0.001622
[Train] Batch 030 | I(t;x): 1.9828 | I(t;y): 0.0000 | Recon: 0.0338 | Total: 12.3216
   ↳ AA sample loss: 0.016169 | AA cos loss: 0.001713
[Train] Batch 040 | I(t;x): 2.0056 | I(t;y): 0.0000 | Recon: 0.0339 | Total: 12.3010
   ↳ AA sample loss: 0.015902 | AA cos loss: 0.001667

[Summary] Epoch 27 Train Total Loss: 12.4184
[Collapse Monitor] Avg intra-class archetype distance: 1.0117
=======================================================================

===================== Epoch 28/50 =====================
Mode: Full (KL + Recon + MI + full AA reconstruction + cos loss)
[Train] Batch 010 | I(t;x): 1.9822 | I(t;y): 0.0000 | Recon: 0.0330 | Total: 12.0472
   ↳ AA sample loss: 0.015594 | AA cos loss: 0.001781
[Train] Batch 020 | I(t;x): 1.9915 | I(t;y): 0.0000 | Recon: 0.0331 | Total: 12.0101
   ↳ AA sample loss: 0.015373 | AA cos loss: 0.001661
[Train] Batch 030 | I(t;x): 1.9881 | I(t;y): 0.0000 | Recon: 0.0327 | Total: 11.8846
   ↳ AA sample loss: 0.015047 | AA cos loss: 0.001742
[Train] Batch 040 | I(t;x): 2.0292 | I(t;y): 0.0000 | Recon: 0.0335 | Total: 12.0220
   ↳ AA sample loss: 0.014784 | AA cos loss: 0.001668

[Summary] Epoch 28 Train Total Loss: 12.1371
[Collapse Monitor] Avg intra-class archetype distance: 1.0341
=======================================================================

===================== Epoch 29/50 =====================
Mode: Full (KL + Recon + MI + full AA reconstruction + cos loss)
[Train] Batch 010 | I(t;x): 2.0004 | I(t;y): 0.0000 | Recon: 0.0343 | Total: 12.1158
   ↳ AA sample loss: 0.014408 | AA cos loss: 0.001892
[Train] Batch 020 | I(t;x): 1.9997 | I(t;y): 0.0000 | Recon: 0.0346 | Total: 12.1282
   ↳ AA sample loss: 0.014199 | AA cos loss: 0.001854
[Train] Batch 030 | I(t;x): 2.0055 | I(t;y): 0.0000 | Recon: 0.0339 | Total: 11.9190
   ↳ AA sample loss: 0.013893 | AA cos loss: 0.001732
[Train] Batch 040 | I(t;x): 2.0168 | I(t;y): 0.0000 | Recon: 0.0341 | Total: 11.9375
   ↳ AA sample loss: 0.013649 | AA cos loss: 0.001846

[Summary] Epoch 29 Train Total Loss: 11.9723
[Collapse Monitor] Avg intra-class archetype distance: 1.0509
=======================================================================

===================== Epoch 30/50 =====================
Mode: Full (KL + Recon + MI + full AA reconstruction + cos loss)
[Train] Batch 010 | I(t;x): 2.0266 | I(t;y): 0.0000 | Recon: 0.0332 | Total: 11.7084
   ↳ AA sample loss: 0.013414 | AA cos loss: 0.001757
[Train] Batch 020 | I(t;x): 2.0291 | I(t;y): 0.0000 | Recon: 0.0314 | Total: 11.3280
   ↳ AA sample loss: 0.013218 | AA cos loss: 0.001841
[Train] Batch 030 | I(t;x): 2.0455 | I(t;y): 0.0000 | Recon: 0.0334 | Total: 11.6591
   ↳ AA sample loss: 0.012971 | AA cos loss: 0.001732
[Train] Batch 040 | I(t;x): 2.0365 | I(t;y): 0.0000 | Recon: 0.0334 | Total: 11.6274
   ↳ AA sample loss: 0.012768 | AA cos loss: 0.001817

[Summary] Epoch 30 Train Total Loss: 11.7161
[Collapse Monitor] Avg intra-class archetype distance: 1.0632
=======================================================================

===================== Epoch 31/50 =====================
Mode: Full (KL + Recon + MI + full AA reconstruction + cos loss)
[Train] Batch 010 | I(t;x): 2.1007 | I(t;y): 0.0000 | Recon: 0.0332 | Total: 11.6052
   ↳ AA sample loss: 0.012569 | AA cos loss: 0.001756
[Train] Batch 020 | I(t;x): 2.0516 | I(t;y): 0.0000 | Recon: 0.0325 | Total: 11.3830
   ↳ AA sample loss: 0.012381 | AA cos loss: 0.001763
[Train] Batch 030 | I(t;x): 2.0597 | I(t;y): 0.0000 | Recon: 0.0327 | Total: 11.3820
   ↳ AA sample loss: 0.012124 | AA cos loss: 0.001818
[Train] Batch 040 | I(t;x): 2.0891 | I(t;y): 0.0000 | Recon: 0.0337 | Total: 11.5715
   ↳ AA sample loss: 0.011949 | AA cos loss: 0.001753

[Summary] Epoch 31 Train Total Loss: 11.4914
[Collapse Monitor] Avg intra-class archetype distance: 1.0751
=======================================================================

===================== Epoch 32/50 =====================
Mode: Full (KL + Recon + MI + full AA reconstruction + cos loss)
[Train] Batch 010 | I(t;x): 2.0837 | I(t;y): 0.0000 | Recon: 0.0316 | Total: 11.1178
   ↳ AA sample loss: 0.011792 | AA cos loss: 0.001784
[Train] Batch 020 | I(t;x): 2.0540 | I(t;y): 0.0000 | Recon: 0.0323 | Total: 11.1988
   ↳ AA sample loss: 0.011582 | AA cos loss: 0.001828
[Train] Batch 030 | I(t;x): 2.0835 | I(t;y): 0.0000 | Recon: 0.0340 | Total: 11.5277
   ↳ AA sample loss: 0.011412 | AA cos loss: 0.001852
[Train] Batch 040 | I(t;x): 2.0830 | I(t;y): 0.0000 | Recon: 0.0336 | Total: 11.4261
   ↳ AA sample loss: 0.011272 | AA cos loss: 0.001850

[Summary] Epoch 32 Train Total Loss: 11.3284
[Collapse Monitor] Avg intra-class archetype distance: 1.0865
=======================================================================

===================== Epoch 33/50 =====================
Mode: Full (KL + Recon + MI + full AA reconstruction + cos loss)
[Train] Batch 010 | I(t;x): 2.0507 | I(t;y): 0.0000 | Recon: 0.0334 | Total: 11.3326
   ↳ AA sample loss: 0.011209 | AA cos loss: 0.001797
[Train] Batch 020 | I(t;x): 2.0754 | I(t;y): 0.0000 | Recon: 0.0330 | Total: 11.2499
   ↳ AA sample loss: 0.011046 | AA cos loss: 0.001862
[Train] Batch 030 | I(t;x): 2.0671 | I(t;y): 0.0000 | Recon: 0.0331 | Total: 11.2135
   ↳ AA sample loss: 0.010864 | AA cos loss: 0.001745
[Train] Batch 040 | I(t;x): 2.0835 | I(t;y): 0.0000 | Recon: 0.0327 | Total: 11.1568
   ↳ AA sample loss: 0.010833 | AA cos loss: 0.001791

[Summary] Epoch 33 Train Total Loss: 11.2328
[Collapse Monitor] Avg intra-class archetype distance: 1.0989
=======================================================================

===================== Epoch 34/50 =====================
Mode: Full (KL + Recon + MI + full AA reconstruction + cos loss)
[Train] Batch 010 | I(t;x): 2.0761 | I(t;y): 0.0000 | Recon: 0.0323 | Total: 11.0218
   ↳ AA sample loss: 0.010594 | AA cos loss: 0.001874
[Train] Batch 020 | I(t;x): 2.0872 | I(t;y): 0.0000 | Recon: 0.0323 | Total: 11.0446
   ↳ AA sample loss: 0.010506 | AA cos loss: 0.001935
[Train] Batch 030 | I(t;x): 2.0728 | I(t;y): 0.0000 | Recon: 0.0328 | Total: 11.0931
   ↳ AA sample loss: 0.010358 | AA cos loss: 0.001948
[Train] Batch 040 | I(t;x): 2.1110 | I(t;y): 0.0000 | Recon: 0.0324 | Total: 11.0185
   ↳ AA sample loss: 0.010307 | AA cos loss: 0.001781

[Summary] Epoch 34 Train Total Loss: 11.0579
[Collapse Monitor] Avg intra-class archetype distance: 1.1135
=======================================================================

===================== Epoch 35/50 =====================
Mode: Full (KL + Recon + MI + full AA reconstruction + cos loss)
[Train] Batch 010 | I(t;x): 2.0761 | I(t;y): 0.0000 | Recon: 0.0328 | Total: 11.0659
   ↳ AA sample loss: 0.010143 | AA cos loss: 0.002005
[Train] Batch 020 | I(t;x): 2.0829 | I(t;y): 0.0000 | Recon: 0.0312 | Total: 10.7072
   ↳ AA sample loss: 0.010025 | AA cos loss: 0.001861
[Train] Batch 030 | I(t;x): 2.1160 | I(t;y): 0.0000 | Recon: 0.0329 | Total: 11.0427
   ↳ AA sample loss: 0.009933 | AA cos loss: 0.001849
[Train] Batch 040 | I(t;x): 2.0903 | I(t;y): 0.0000 | Recon: 0.0334 | Total: 11.1227
   ↳ AA sample loss: 0.009844 | AA cos loss: 0.001899

[Summary] Epoch 35 Train Total Loss: 10.9821
[Collapse Monitor] Avg intra-class archetype distance: 1.1264
=======================================================================

===================== Epoch 36/50 =====================
Mode: Full (KL + Recon + MI + full AA reconstruction + cos loss)
[Train] Batch 010 | I(t;x): 2.1128 | I(t;y): 0.0000 | Recon: 0.0322 | Total: 10.8477
   ↳ AA sample loss: 0.009704 | AA cos loss: 0.001740
[Train] Batch 020 | I(t;x): 2.0937 | I(t;y): 0.0000 | Recon: 0.0329 | Total: 10.9872
   ↳ AA sample loss: 0.009665 | AA cos loss: 0.001880
[Train] Batch 030 | I(t;x): 2.0986 | I(t;y): 0.0000 | Recon: 0.0333 | Total: 11.0287
   ↳ AA sample loss: 0.009528 | AA cos loss: 0.001826
[Train] Batch 040 | I(t;x): 2.0909 | I(t;y): 0.0000 | Recon: 0.0344 | Total: 11.2306
   ↳ AA sample loss: 0.009429 | AA cos loss: 0.001864

[Summary] Epoch 36 Train Total Loss: 10.8870
[Collapse Monitor] Avg intra-class archetype distance: 1.1436
=======================================================================

===================== Epoch 37/50 =====================
Mode: Full (KL + Recon + MI + full AA reconstruction + cos loss)
[Train] Batch 010 | I(t;x): 2.1450 | I(t;y): 0.0000 | Recon: 0.0311 | Total: 10.6023
   ↳ AA sample loss: 0.009384 | AA cos loss: 0.001806
[Train] Batch 020 | I(t;x): 2.0490 | I(t;y): 0.0000 | Recon: 0.0318 | Total: 10.6507
   ↳ AA sample loss: 0.009319 | AA cos loss: 0.001899
[Train] Batch 030 | I(t;x): 2.1001 | I(t;y): 0.0000 | Recon: 0.0330 | Total: 10.9007
   ↳ AA sample loss: 0.009213 | AA cos loss: 0.001831
[Train] Batch 040 | I(t;x): 2.1457 | I(t;y): 0.0000 | Recon: 0.0316 | Total: 10.6717
   ↳ AA sample loss: 0.009195 | AA cos loss: 0.001851

[Summary] Epoch 37 Train Total Loss: 10.7650
[Collapse Monitor] Avg intra-class archetype distance: 1.1613
=======================================================================

===================== Epoch 38/50 =====================
Mode: Full (KL + Recon + MI + full AA reconstruction + cos loss)
[Train] Batch 010 | I(t;x): 2.1226 | I(t;y): 0.0000 | Recon: 0.0316 | Total: 10.6254
   ↳ AA sample loss: 0.009074 | AA cos loss: 0.001832
[Train] Batch 020 | I(t;x): 2.1017 | I(t;y): 0.0000 | Recon: 0.0327 | Total: 10.8130
   ↳ AA sample loss: 0.008957 | AA cos loss: 0.001915
[Train] Batch 030 | I(t;x): 2.0853 | I(t;y): 0.0000 | Recon: 0.0333 | Total: 10.9184
   ↳ AA sample loss: 0.008861 | AA cos loss: 0.001974
[Train] Batch 040 | I(t;x): 2.1383 | I(t;y): 0.0000 | Recon: 0.0311 | Total: 10.4666
   ↳ AA sample loss: 0.008781 | AA cos loss: 0.001803

[Summary] Epoch 38 Train Total Loss: 10.6800
[Collapse Monitor] Avg intra-class archetype distance: 1.1714
=======================================================================

===================== Epoch 39/50 =====================
Mode: Full (KL + Recon + MI + full AA reconstruction + cos loss)
[Train] Batch 010 | I(t;x): 2.1452 | I(t;y): 0.0000 | Recon: 0.0320 | Total: 10.6632
   ↳ AA sample loss: 0.008738 | AA cos loss: 0.001811
[Train] Batch 020 | I(t;x): 2.1076 | I(t;y): 0.0000 | Recon: 0.0318 | Total: 10.5640
   ↳ AA sample loss: 0.008683 | AA cos loss: 0.001843
[Train] Batch 030 | I(t;x): 2.1467 | I(t;y): 0.0000 | Recon: 0.0306 | Total: 10.3477
   ↳ AA sample loss: 0.008543 | AA cos loss: 0.001833
[Train] Batch 040 | I(t;x): 2.1875 | I(t;y): 0.0000 | Recon: 0.0322 | Total: 10.7072
   ↳ AA sample loss: 0.008547 | AA cos loss: 0.001821

[Summary] Epoch 39 Train Total Loss: 10.6338
[Collapse Monitor] Avg intra-class archetype distance: 1.1784
=======================================================================

===================== Epoch 40/50 =====================
Mode: Full (KL + Recon + MI + full AA reconstruction + cos loss)
[Train] Batch 010 | I(t;x): 2.1402 | I(t;y): 0.0000 | Recon: 0.0305 | Total: 10.2847
   ↳ AA sample loss: 0.008455 | AA cos loss: 0.001768
[Train] Batch 020 | I(t;x): 2.1004 | I(t;y): 0.0000 | Recon: 0.0319 | Total: 10.5422
   ↳ AA sample loss: 0.008371 | AA cos loss: 0.001910
[Train] Batch 030 | I(t;x): 2.1199 | I(t;y): 0.0000 | Recon: 0.0311 | Total: 10.3666
   ↳ AA sample loss: 0.008363 | AA cos loss: 0.001771
[Train] Batch 040 | I(t;x): 2.0962 | I(t;y): 0.0000 | Recon: 0.0315 | Total: 10.4077
   ↳ AA sample loss: 0.008322 | AA cos loss: 0.001771

[Summary] Epoch 40 Train Total Loss: 10.5265
[Collapse Monitor] Avg intra-class archetype distance: 1.1833
=======================================================================

===================== Epoch 41/50 =====================
Mode: Full (KL + Recon + MI + full AA reconstruction + cos loss)
[Train] Batch 010 | I(t;x): 2.1182 | I(t;y): 0.0000 | Recon: 0.0334 | Total: 10.7965
   ↳ AA sample loss: 0.008151 | AA cos loss: 0.001881
[Train] Batch 020 | I(t;x): 2.1272 | I(t;y): 0.0000 | Recon: 0.0314 | Total: 10.4091
   ↳ AA sample loss: 0.008130 | AA cos loss: 0.001900
[Train] Batch 030 | I(t;x): 2.1486 | I(t;y): 0.0000 | Recon: 0.0311 | Total: 10.3728
   ↳ AA sample loss: 0.008122 | AA cos loss: 0.001866
[Train] Batch 040 | I(t;x): 2.1376 | I(t;y): 0.0000 | Recon: 0.0319 | Total: 10.4743
   ↳ AA sample loss: 0.008027 | AA cos loss: 0.001802

[Summary] Epoch 41 Train Total Loss: 10.4566
[Collapse Monitor] Avg intra-class archetype distance: 1.1865
=======================================================================

===================== Epoch 42/50 =====================
Mode: Full (KL + Recon + MI + full AA reconstruction + cos loss)
[Train] Batch 010 | I(t;x): 2.1437 | I(t;y): 0.0000 | Recon: 0.0311 | Total: 10.3132
   ↳ AA sample loss: 0.007934 | AA cos loss: 0.001855
[Train] Batch 020 | I(t;x): 2.1376 | I(t;y): 0.0000 | Recon: 0.0314 | Total: 10.3543
   ↳ AA sample loss: 0.007878 | AA cos loss: 0.001788
[Train] Batch 030 | I(t;x): 2.1608 | I(t;y): 0.0000 | Recon: 0.0309 | Total: 10.2713
   ↳ AA sample loss: 0.007853 | AA cos loss: 0.001821
[Train] Batch 040 | I(t;x): 2.1678 | I(t;y): 0.0000 | Recon: 0.0320 | Total: 10.4922
   ↳ AA sample loss: 0.007771 | AA cos loss: 0.001815

[Summary] Epoch 42 Train Total Loss: 10.3853
[Collapse Monitor] Avg intra-class archetype distance: 1.1900
=======================================================================

===================== Epoch 43/50 =====================
Mode: Full (KL + Recon + MI + full AA reconstruction + cos loss)
[Train] Batch 010 | I(t;x): 2.1615 | I(t;y): 0.0000 | Recon: 0.0309 | Total: 10.2446
   ↳ AA sample loss: 0.007663 | AA cos loss: 0.001832
[Train] Batch 020 | I(t;x): 2.1840 | I(t;y): 0.0000 | Recon: 0.0309 | Total: 10.2606
   ↳ AA sample loss: 0.007652 | AA cos loss: 0.001783
[Train] Batch 030 | I(t;x): 2.1771 | I(t;y): 0.0000 | Recon: 0.0317 | Total: 10.4070
   ↳ AA sample loss: 0.007577 | AA cos loss: 0.001828
[Train] Batch 040 | I(t;x): 2.1580 | I(t;y): 0.0000 | Recon: 0.0313 | Total: 10.2742
   ↳ AA sample loss: 0.007553 | AA cos loss: 0.001711

[Summary] Epoch 43 Train Total Loss: 10.3377
[Collapse Monitor] Avg intra-class archetype distance: 1.1933
=======================================================================

===================== Epoch 44/50 =====================
Mode: Full (KL + Recon + MI + full AA reconstruction + cos loss)
[Train] Batch 010 | I(t;x): 2.1558 | I(t;y): 0.0000 | Recon: 0.0317 | Total: 10.3569
   ↳ AA sample loss: 0.007485 | AA cos loss: 0.001797
[Train] Batch 020 | I(t;x): 2.2264 | I(t;y): 0.0000 | Recon: 0.0317 | Total: 10.4122
   ↳ AA sample loss: 0.007427 | AA cos loss: 0.001757
[Train] Batch 030 | I(t;x): 2.1728 | I(t;y): 0.0000 | Recon: 0.0307 | Total: 10.1684
   ↳ AA sample loss: 0.007417 | AA cos loss: 0.001832
[Train] Batch 040 | I(t;x): 2.1501 | I(t;y): 0.0000 | Recon: 0.0313 | Total: 10.2372
   ↳ AA sample loss: 0.007325 | AA cos loss: 0.001850

[Summary] Epoch 44 Train Total Loss: 10.2806
[Collapse Monitor] Avg intra-class archetype distance: 1.1951
=======================================================================

===================== Epoch 45/50 =====================
Mode: Full (KL + Recon + MI + full AA reconstruction + cos loss)
[Train] Batch 010 | I(t;x): 2.1945 | I(t;y): 0.0000 | Recon: 0.0312 | Total: 10.2322
   ↳ AA sample loss: 0.007301 | AA cos loss: 0.001728
[Train] Batch 020 | I(t;x): 2.1587 | I(t;y): 0.0000 | Recon: 0.0307 | Total: 10.1023
   ↳ AA sample loss: 0.007269 | AA cos loss: 0.001759
[Train] Batch 030 | I(t;x): 2.1929 | I(t;y): 0.0000 | Recon: 0.0311 | Total: 10.1889
   ↳ AA sample loss: 0.007180 | AA cos loss: 0.001737
[Train] Batch 040 | I(t;x): 2.1303 | I(t;y): 0.0000 | Recon: 0.0309 | Total: 10.0961
   ↳ AA sample loss: 0.007125 | AA cos loss: 0.001774

[Summary] Epoch 45 Train Total Loss: 10.2275
[Collapse Monitor] Avg intra-class archetype distance: 1.1963
=======================================================================

===================== Epoch 46/50 =====================
Mode: Full (KL + Recon + MI + full AA reconstruction + cos loss)
[Train] Batch 010 | I(t;x): 2.1789 | I(t;y): 0.0000 | Recon: 0.0310 | Total: 10.1497
   ↳ AA sample loss: 0.007050 | AA cos loss: 0.001799
[Train] Batch 020 | I(t;x): 2.1955 | I(t;y): 0.0000 | Recon: 0.0310 | Total: 10.1512
   ↳ AA sample loss: 0.007025 | AA cos loss: 0.001747
[Train] Batch 030 | I(t;x): 2.1938 | I(t;y): 0.0000 | Recon: 0.0308 | Total: 10.0960
   ↳ AA sample loss: 0.007018 | AA cos loss: 0.001670
[Train] Batch 040 | I(t;x): 2.1782 | I(t;y): 0.0000 | Recon: 0.0309 | Total: 10.0843
   ↳ AA sample loss: 0.006894 | AA cos loss: 0.001708

[Summary] Epoch 46 Train Total Loss: 10.1334
[Collapse Monitor] Avg intra-class archetype distance: 1.1945
=======================================================================

===================== Epoch 47/50 =====================
Mode: Full (KL + Recon + MI + full AA reconstruction + cos loss)
[Train] Batch 010 | I(t;x): 2.1730 | I(t;y): 0.0000 | Recon: 0.0295 | Total: 9.8102
   ↳ AA sample loss: 0.006878 | AA cos loss: 0.001789
[Train] Batch 020 | I(t;x): 2.2158 | I(t;y): 0.0000 | Recon: 0.0321 | Total: 10.3644
   ↳ AA sample loss: 0.006861 | AA cos loss: 0.001766
[Train] Batch 030 | I(t;x): 2.1981 | I(t;y): 0.0000 | Recon: 0.0309 | Total: 10.0896
   ↳ AA sample loss: 0.006769 | AA cos loss: 0.001754
[Train] Batch 040 | I(t;x): 2.1973 | I(t;y): 0.0000 | Recon: 0.0311 | Total: 10.1029
   ↳ AA sample loss: 0.006743 | AA cos loss: 0.001725

[Summary] Epoch 47 Train Total Loss: 10.0943
[Collapse Monitor] Avg intra-class archetype distance: 1.1807
=======================================================================

===================== Epoch 48/50 =====================
Mode: Full (KL + Recon + MI + full AA reconstruction + cos loss)
[Train] Batch 010 | I(t;x): 2.1680 | I(t;y): 0.0000 | Recon: 0.0314 | Total: 10.1479
   ↳ AA sample loss: 0.006628 | AA cos loss: 0.001845
[Train] Batch 020 | I(t;x): 2.1863 | I(t;y): 0.0000 | Recon: 0.0310 | Total: 10.0738
   ↳ AA sample loss: 0.006651 | AA cos loss: 0.001835
[Train] Batch 030 | I(t;x): 2.2570 | I(t;y): 0.0000 | Recon: 0.0306 | Total: 10.0671
   ↳ AA sample loss: 0.006583 | AA cos loss: 0.001829
[Train] Batch 040 | I(t;x): 2.2356 | I(t;y): 0.0000 | Recon: 0.0312 | Total: 10.1425
   ↳ AA sample loss: 0.006598 | AA cos loss: 0.001748

[Summary] Epoch 48 Train Total Loss: 10.0811
[Collapse Monitor] Avg intra-class archetype distance: 1.1488
=======================================================================

===================== Epoch 49/50 =====================
Mode: Full (KL + Recon + MI + full AA reconstruction + cos loss)
[Train] Batch 010 | I(t;x): 2.1634 | I(t;y): 0.0000 | Recon: 0.0307 | Total: 9.9764
   ↳ AA sample loss: 0.006540 | AA cos loss: 0.001811
[Train] Batch 020 | I(t;x): 2.1738 | I(t;y): 0.0000 | Recon: 0.0314 | Total: 10.1278
   ↳ AA sample loss: 0.006457 | AA cos loss: 0.001880
[Train] Batch 030 | I(t;x): 2.1861 | I(t;y): 0.0000 | Recon: 0.0309 | Total: 9.9999
   ↳ AA sample loss: 0.006420 | AA cos loss: 0.001769
[Train] Batch 040 | I(t;x): 2.1829 | I(t;y): 0.0000 | Recon: 0.0315 | Total: 10.1274
   ↳ AA sample loss: 0.006445 | AA cos loss: 0.001803

[Summary] Epoch 49 Train Total Loss: 10.0069
[Collapse Monitor] Avg intra-class archetype distance: 1.1318
=======================================================================

===================== Epoch 50/50 =====================
Mode: Full (KL + Recon + MI + full AA reconstruction + cos loss)
[Train] Batch 010 | I(t;x): 2.1748 | I(t;y): 0.0000 | Recon: 0.0300 | Total: 9.8331
   ↳ AA sample loss: 0.006438 | AA cos loss: 0.001820
[Train] Batch 020 | I(t;x): 2.1851 | I(t;y): 0.0000 | Recon: 0.0303 | Total: 9.8479
   ↳ AA sample loss: 0.006258 | AA cos loss: 0.001787
[Train] Batch 030 | I(t;x): 2.1745 | I(t;y): 0.0000 | Recon: 0.0319 | Total: 10.1750
   ↳ AA sample loss: 0.006313 | AA cos loss: 0.001829
[Train] Batch 040 | I(t;x): 2.2353 | I(t;y): 0.0000 | Recon: 0.0313 | Total: 10.0972
   ↳ AA sample loss: 0.006196 | AA cos loss: 0.001807

[Summary] Epoch 50 Train Total Loss: 9.9462
[Collapse Monitor] Avg intra-class archetype distance: 1.1273
=======================================================================

[Save] Epoch losses saved to: results/kmnist/seed_46_aa_6/epoch_total_losses.pkl
[Save] Final archetype coordinates saved to: results/kmnist/seed_46_aa_6/final_archetypes.npy (shape: (60, 32))
[Save] Decoded archetype images saved to: results/kmnist/seed_46_aa_6/final_archetypes_decoded.npy (shape: (60, 1, 28, 28))
[Save] Sample-to-AA weight parameters saved to: results/kmnist/seed_46_aa_6/fc_sample_to_aa_weights.pth
[Save] Final model weights saved to: results/kmnist/seed_46_aa_6/model_final.pth
