[Init] Using device: cuda
[Config] Parameters saved to: results/mnist/seed_42_aa_7/params.json
[Training Start] 50 epochs total
Warmup: first 5 epochs | Semantic: 6–10 | AA starts from 11
[Config] batch_size=500 | lr=0.005 | gamma=60.0 | cos_sim_weight=1.0

===================== Epoch 1/50 =====================
Mode: Warmup (KL + Reconstruction)
[Train] Batch 010 | I(t;x): 0.2245 | I(t;y): 2.2995 | Recon: 0.0673 | Total: 13.6793
[Train] Batch 020 | I(t;x): 0.1584 | I(t;y): 2.3005 | Recon: 0.0641 | Total: 12.9769
[Train] Batch 030 | I(t;x): 0.2698 | I(t;y): 2.2999 | Recon: 0.0607 | Total: 12.4189
[Train] Batch 040 | I(t;x): 0.4680 | I(t;y): 2.3001 | Recon: 0.0569 | Total: 11.8438

[Summary] Epoch 1 Train Total Loss: 15.3913
=======================================================================

===================== Epoch 2/50 =====================
Mode: Warmup (KL + Reconstruction)
[Train] Batch 010 | I(t;x): 0.6129 | I(t;y): 2.3002 | Recon: 0.0526 | Total: 11.1297
[Train] Batch 020 | I(t;x): 0.8108 | I(t;y): 2.3004 | Recon: 0.0474 | Total: 10.2975
[Train] Batch 030 | I(t;x): 0.8861 | I(t;y): 2.3006 | Recon: 0.0426 | Total: 9.4087
[Train] Batch 040 | I(t;x): 0.9992 | I(t;y): 2.3003 | Recon: 0.0403 | Total: 9.0497

[Summary] Epoch 2 Train Total Loss: 10.3558
=======================================================================

===================== Epoch 3/50 =====================
Mode: Warmup (KL + Reconstruction)
[Train] Batch 010 | I(t;x): 0.9958 | I(t;y): 2.3004 | Recon: 0.0375 | Total: 8.4905
[Train] Batch 020 | I(t;x): 0.9663 | I(t;y): 2.3005 | Recon: 0.0351 | Total: 7.9816
[Train] Batch 030 | I(t;x): 0.9534 | I(t;y): 2.3004 | Recon: 0.0338 | Total: 7.7198
[Train] Batch 040 | I(t;x): 0.9042 | I(t;y): 2.3005 | Recon: 0.0339 | Total: 7.6788

[Summary] Epoch 3 Train Total Loss: 8.1268
=======================================================================

===================== Epoch 4/50 =====================
Mode: Warmup (KL + Reconstruction)
[Train] Batch 010 | I(t;x): 0.8846 | I(t;y): 2.3004 | Recon: 0.0323 | Total: 7.3539
[Train] Batch 020 | I(t;x): 0.9181 | I(t;y): 2.3004 | Recon: 0.0307 | Total: 7.0575
[Train] Batch 030 | I(t;x): 0.9100 | I(t;y): 2.3005 | Recon: 0.0287 | Total: 6.6590
[Train] Batch 040 | I(t;x): 0.8988 | I(t;y): 2.3004 | Recon: 0.0284 | Total: 6.5761

[Summary] Epoch 4 Train Total Loss: 7.0246
=======================================================================

===================== Epoch 5/50 =====================
Mode: Warmup (KL + Reconstruction)
[Train] Batch 010 | I(t;x): 0.8808 | I(t;y): 2.3005 | Recon: 0.0280 | Total: 6.4903
[Train] Batch 020 | I(t;x): 0.8960 | I(t;y): 2.3005 | Recon: 0.0274 | Total: 6.3749
[Train] Batch 030 | I(t;x): 0.9039 | I(t;y): 2.3005 | Recon: 0.0260 | Total: 6.1012
[Train] Batch 040 | I(t;x): 0.9020 | I(t;y): 2.3004 | Recon: 0.0257 | Total: 6.0341

[Summary] Epoch 5 Train Total Loss: 6.3089
=======================================================================

===================== Epoch 6/50 =====================
Mode: Semantic (KL + Recon + weak MI)
[Train] Batch 010 | I(t;x): 0.8963 | I(t;y): 2.1529 | Recon: 0.0242 | Total: 5.7413
[Train] Batch 020 | I(t;x): 0.8630 | I(t;y): 1.5614 | Recon: 0.0242 | Total: 5.7048
[Train] Batch 030 | I(t;x): 0.9108 | I(t;y): 1.1492 | Recon: 0.0235 | Total: 5.6155
[Train] Batch 040 | I(t;x): 0.9174 | I(t;y): 0.6979 | Recon: 0.0229 | Total: 5.4910

[Summary] Epoch 6 Train Total Loss: 5.7619
=======================================================================

===================== Epoch 7/50 =====================
Mode: Semantic (KL + Recon + weak MI)
[Train] Batch 010 | I(t;x): 0.8878 | I(t;y): 0.3396 | Recon: 0.0234 | Total: 5.5754
[Train] Batch 020 | I(t;x): 0.8523 | I(t;y): 0.1827 | Recon: 0.0232 | Total: 5.4922
[Train] Batch 030 | I(t;x): 0.8750 | I(t;y): 0.1102 | Recon: 0.0219 | Total: 5.2536
[Train] Batch 040 | I(t;x): 0.9190 | I(t;y): 0.1029 | Recon: 0.0215 | Total: 5.2169

[Summary] Epoch 7 Train Total Loss: 5.3811
=======================================================================

===================== Epoch 8/50 =====================
Mode: Semantic (KL + Recon + weak MI)
[Train] Batch 010 | I(t;x): 0.8815 | I(t;y): 0.0710 | Recon: 0.0204 | Total: 4.9588
[Train] Batch 020 | I(t;x): 0.8639 | I(t;y): 0.0778 | Recon: 0.0216 | Total: 5.1778
[Train] Batch 030 | I(t;x): 0.8746 | I(t;y): 0.0591 | Recon: 0.0210 | Total: 5.0810
[Train] Batch 040 | I(t;x): 0.8807 | I(t;y): 0.0552 | Recon: 0.0205 | Total: 4.9891

[Summary] Epoch 8 Train Total Loss: 5.0759
=======================================================================

===================== Epoch 9/50 =====================
Mode: Semantic (KL + Recon + weak MI)
[Train] Batch 010 | I(t;x): 0.8926 | I(t;y): 0.0500 | Recon: 0.0203 | Total: 4.9615
[Train] Batch 020 | I(t;x): 0.8897 | I(t;y): 0.0553 | Recon: 0.0200 | Total: 4.8886
[Train] Batch 030 | I(t;x): 0.8755 | I(t;y): 0.0408 | Recon: 0.0202 | Total: 4.9228
[Train] Batch 040 | I(t;x): 0.8845 | I(t;y): 0.0467 | Recon: 0.0197 | Total: 4.8341

[Summary] Epoch 9 Train Total Loss: 4.8626
=======================================================================

===================== Epoch 10/50 =====================
Mode: Semantic (KL + Recon + weak MI)
[Train] Batch 010 | I(t;x): 0.8894 | I(t;y): 0.0337 | Recon: 0.0195 | Total: 4.7987
[Train] Batch 020 | I(t;x): 0.9009 | I(t;y): 0.0364 | Recon: 0.0195 | Total: 4.7911
[Train] Batch 030 | I(t;x): 0.8955 | I(t;y): 0.0377 | Recon: 0.0175 | Total: 4.3967
[Train] Batch 040 | I(t;x): 0.9026 | I(t;y): 0.0392 | Recon: 0.0201 | Total: 4.9180

[Summary] Epoch 10 Train Total Loss: 4.7278
=======================================================================

===================== Epoch 11/50 =====================
Mode: Full (KL + Recon + MI + full AA reconstruction + cos loss)
[Init] Initializing class-wise archetypes (multi-seed + fallback)...
[Init] Archetypes initialized.
[Train] Batch 010 | I(t;x): 0.9904 | I(t;y): 0.0145 | Recon: 0.0485 | Total: 16.0781
   ↳ AA sample loss: 0.024970 | AA cos loss: 0.064779
[Train] Batch 020 | I(t;x): 1.3269 | I(t;y): 0.0000 | Recon: 0.0441 | Total: 12.2679
   ↳ AA sample loss: 0.025596 | AA cos loss: 0.009855
[Train] Batch 030 | I(t;x): 1.4035 | I(t;y): 0.0000 | Recon: 0.0362 | Total: 10.6854
   ↳ AA sample loss: 0.025794 | AA cos loss: 0.008296
[Train] Batch 040 | I(t;x): 1.3753 | I(t;y): 0.0000 | Recon: 0.0321 | Total: 9.8433
   ↳ AA sample loss: 0.025783 | AA cos loss: 0.008207

[Summary] Epoch 11 Train Total Loss: 17.2271
[Collapse Monitor] Avg intra-class archetype distance: 0.3557
=======================================================================

===================== Epoch 12/50 =====================
Mode: Full (KL + Recon + MI + full AA reconstruction + cos loss)
[Train] Batch 010 | I(t;x): 1.4537 | I(t;y): 0.0000 | Recon: 0.0298 | Total: 9.4594
   ↳ AA sample loss: 0.025825 | AA cos loss: 0.008187
[Train] Batch 020 | I(t;x): 1.3799 | I(t;y): 0.0000 | Recon: 0.0280 | Total: 8.9851
   ↳ AA sample loss: 0.025872 | AA cos loss: 0.007688
[Train] Batch 030 | I(t;x): 1.3381 | I(t;y): 0.0000 | Recon: 0.0260 | Total: 8.5046
   ↳ AA sample loss: 0.026012 | AA cos loss: 0.006841
[Train] Batch 040 | I(t;x): 1.3699 | I(t;y): 0.0000 | Recon: 0.0252 | Total: 8.3545
   ↳ AA sample loss: 0.026223 | AA cos loss: 0.006029

[Summary] Epoch 12 Train Total Loss: 8.9873
[Collapse Monitor] Avg intra-class archetype distance: 0.3665
=======================================================================

===================== Epoch 13/50 =====================
Mode: Full (KL + Recon + MI + full AA reconstruction + cos loss)
[Train] Batch 010 | I(t;x): 1.3442 | I(t;y): 0.0000 | Recon: 0.0235 | Total: 7.9196
   ↳ AA sample loss: 0.026439 | AA cos loss: 0.004776
[Train] Batch 020 | I(t;x): 1.3110 | I(t;y): 0.0005 | Recon: 0.0229 | Total: 7.7534
   ↳ AA sample loss: 0.026487 | AA cos loss: 0.004658
[Train] Batch 030 | I(t;x): 1.3276 | I(t;y): 0.0001 | Recon: 0.0231 | Total: 7.8257
   ↳ AA sample loss: 0.026657 | AA cos loss: 0.004572
[Train] Batch 040 | I(t;x): 1.2621 | I(t;y): 0.0001 | Recon: 0.0231 | Total: 7.7207
   ↳ AA sample loss: 0.026611 | AA cos loss: 0.003996

[Summary] Epoch 13 Train Total Loss: 7.9646
[Collapse Monitor] Avg intra-class archetype distance: 0.3845
=======================================================================

===================== Epoch 14/50 =====================
Mode: Full (KL + Recon + MI + full AA reconstruction + cos loss)
[Train] Batch 010 | I(t;x): 1.2423 | I(t;y): 0.0001 | Recon: 0.0220 | Total: 7.4898
   ↳ AA sample loss: 0.026505 | AA cos loss: 0.004129
[Train] Batch 020 | I(t;x): 1.2285 | I(t;y): 0.0026 | Recon: 0.0227 | Total: 7.6051
   ↳ AA sample loss: 0.026574 | AA cos loss: 0.003906
[Train] Batch 030 | I(t;x): 1.2116 | I(t;y): 0.0000 | Recon: 0.0221 | Total: 7.4510
   ↳ AA sample loss: 0.026538 | AA cos loss: 0.003858
[Train] Batch 040 | I(t;x): 1.2128 | I(t;y): 0.0001 | Recon: 0.0210 | Total: 7.1978
   ↳ AA sample loss: 0.026468 | AA cos loss: 0.003244

[Summary] Epoch 14 Train Total Loss: 7.4379
[Collapse Monitor] Avg intra-class archetype distance: 0.3992
=======================================================================

===================== Epoch 15/50 =====================
Mode: Full (KL + Recon + MI + full AA reconstruction + cos loss)
[Train] Batch 010 | I(t;x): 1.2115 | I(t;y): 0.0000 | Recon: 0.0208 | Total: 7.1714
   ↳ AA sample loss: 0.026453 | AA cos loss: 0.003703
[Train] Batch 020 | I(t;x): 1.1910 | I(t;y): 0.0000 | Recon: 0.0199 | Total: 6.9690
   ↳ AA sample loss: 0.026367 | AA cos loss: 0.003595
[Train] Batch 030 | I(t;x): 1.1714 | I(t;y): 0.0007 | Recon: 0.0205 | Total: 7.0195
   ↳ AA sample loss: 0.026451 | AA cos loss: 0.002686
[Train] Batch 040 | I(t;x): 1.1617 | I(t;y): 0.0004 | Recon: 0.0193 | Total: 6.7633
   ↳ AA sample loss: 0.026292 | AA cos loss: 0.002728

[Summary] Epoch 15 Train Total Loss: 7.0891
[Collapse Monitor] Avg intra-class archetype distance: 0.4114
=======================================================================

===================== Epoch 16/50 =====================
Mode: Full (KL + Recon + MI + full AA reconstruction + cos loss)
[Train] Batch 010 | I(t;x): 1.1676 | I(t;y): 0.0001 | Recon: 0.0193 | Total: 6.7787
   ↳ AA sample loss: 0.026256 | AA cos loss: 0.002861
[Train] Batch 020 | I(t;x): 1.1980 | I(t;y): 0.0000 | Recon: 0.0196 | Total: 6.8676
   ↳ AA sample loss: 0.026222 | AA cos loss: 0.002805
[Train] Batch 030 | I(t;x): 1.1704 | I(t;y): 0.0000 | Recon: 0.0188 | Total: 6.6578
   ↳ AA sample loss: 0.026144 | AA cos loss: 0.002646
[Train] Batch 040 | I(t;x): 1.1552 | I(t;y): 0.0001 | Recon: 0.0187 | Total: 6.5935
   ↳ AA sample loss: 0.026101 | AA cos loss: 0.002243

[Summary] Epoch 16 Train Total Loss: 6.8504
[Collapse Monitor] Avg intra-class archetype distance: 0.4249
=======================================================================

===================== Epoch 17/50 =====================
Mode: Full (KL + Recon + MI + full AA reconstruction + cos loss)
[Train] Batch 010 | I(t;x): 1.1603 | I(t;y): 0.0000 | Recon: 0.0184 | Total: 6.5489
   ↳ AA sample loss: 0.026025 | AA cos loss: 0.002511
[Train] Batch 020 | I(t;x): 1.1418 | I(t;y): 0.0000 | Recon: 0.0187 | Total: 6.5862
   ↳ AA sample loss: 0.025942 | AA cos loss: 0.002420
[Train] Batch 030 | I(t;x): 1.1310 | I(t;y): 0.0002 | Recon: 0.0186 | Total: 6.5639
   ↳ AA sample loss: 0.025832 | AA cos loss: 0.002557
[Train] Batch 040 | I(t;x): 1.1454 | I(t;y): 0.0012 | Recon: 0.0189 | Total: 6.6061
   ↳ AA sample loss: 0.025766 | AA cos loss: 0.002304

[Summary] Epoch 17 Train Total Loss: 6.6548
[Collapse Monitor] Avg intra-class archetype distance: 0.4389
=======================================================================

===================== Epoch 18/50 =====================
Mode: Full (KL + Recon + MI + full AA reconstruction + cos loss)
[Train] Batch 010 | I(t;x): 1.0962 | I(t;y): 0.0003 | Recon: 0.0181 | Total: 6.3970
   ↳ AA sample loss: 0.025717 | AA cos loss: 0.002328
[Train] Batch 020 | I(t;x): 1.0984 | I(t;y): 0.0000 | Recon: 0.0185 | Total: 6.4697
   ↳ AA sample loss: 0.025595 | AA cos loss: 0.002205
[Train] Batch 030 | I(t;x): 1.0909 | I(t;y): 0.0000 | Recon: 0.0179 | Total: 6.3366
   ↳ AA sample loss: 0.025508 | AA cos loss: 0.002284
[Train] Batch 040 | I(t;x): 1.1161 | I(t;y): 0.0002 | Recon: 0.0194 | Total: 6.6475
   ↳ AA sample loss: 0.025426 | AA cos loss: 0.001988

[Summary] Epoch 18 Train Total Loss: 6.5151
[Collapse Monitor] Avg intra-class archetype distance: 0.4533
=======================================================================

===================== Epoch 19/50 =====================
Mode: Full (KL + Recon + MI + full AA reconstruction + cos loss)
[Train] Batch 010 | I(t;x): 1.1075 | I(t;y): 0.0002 | Recon: 0.0183 | Total: 6.4229
   ↳ AA sample loss: 0.025329 | AA cos loss: 0.002254
[Train] Batch 020 | I(t;x): 1.1260 | I(t;y): 0.0000 | Recon: 0.0183 | Total: 6.4181
   ↳ AA sample loss: 0.025221 | AA cos loss: 0.002026
[Train] Batch 030 | I(t;x): 1.0989 | I(t;y): 0.0001 | Recon: 0.0181 | Total: 6.3726
   ↳ AA sample loss: 0.025121 | AA cos loss: 0.002484
[Train] Batch 040 | I(t;x): 1.0964 | I(t;y): 0.0000 | Recon: 0.0178 | Total: 6.2847
   ↳ AA sample loss: 0.024943 | AA cos loss: 0.002238

[Summary] Epoch 19 Train Total Loss: 6.4039
[Collapse Monitor] Avg intra-class archetype distance: 0.4687
=======================================================================

===================== Epoch 20/50 =====================
Mode: Full (KL + Recon + MI + full AA reconstruction + cos loss)
[Train] Batch 010 | I(t;x): 1.0936 | I(t;y): 0.0000 | Recon: 0.0173 | Total: 6.1828
   ↳ AA sample loss: 0.024967 | AA cos loss: 0.002077
[Train] Batch 020 | I(t;x): 1.0873 | I(t;y): 0.0005 | Recon: 0.0180 | Total: 6.3033
   ↳ AA sample loss: 0.024729 | AA cos loss: 0.002322
[Train] Batch 030 | I(t;x): 1.0920 | I(t;y): 0.0001 | Recon: 0.0183 | Total: 6.3565
   ↳ AA sample loss: 0.024742 | AA cos loss: 0.002077
[Train] Batch 040 | I(t;x): 1.0955 | I(t;y): 0.0000 | Recon: 0.0191 | Total: 6.5107
   ↳ AA sample loss: 0.024602 | AA cos loss: 0.002087

[Summary] Epoch 20 Train Total Loss: 6.2773
[Collapse Monitor] Avg intra-class archetype distance: 0.4844
=======================================================================

===================== Epoch 21/50 =====================
Mode: Full (KL + Recon + MI + full AA reconstruction + cos loss)
[Train] Batch 010 | I(t;x): 1.0906 | I(t;y): 0.0000 | Recon: 0.0178 | Total: 6.2476
   ↳ AA sample loss: 0.024473 | AA cos loss: 0.001994
[Train] Batch 020 | I(t;x): 1.0723 | I(t;y): 0.0001 | Recon: 0.0171 | Total: 6.0763
   ↳ AA sample loss: 0.024332 | AA cos loss: 0.001936
[Train] Batch 030 | I(t;x): 1.0889 | I(t;y): 0.0001 | Recon: 0.0180 | Total: 6.3062
   ↳ AA sample loss: 0.024210 | AA cos loss: 0.002692
[Train] Batch 040 | I(t;x): 1.0949 | I(t;y): 0.0004 | Recon: 0.0166 | Total: 5.9773
   ↳ AA sample loss: 0.024105 | AA cos loss: 0.002050

[Summary] Epoch 21 Train Total Loss: 6.2028
[Collapse Monitor] Avg intra-class archetype distance: 0.5001
=======================================================================

===================== Epoch 22/50 =====================
Mode: Full (KL + Recon + MI + full AA reconstruction + cos loss)
[Train] Batch 010 | I(t;x): 1.0640 | I(t;y): 0.0000 | Recon: 0.0176 | Total: 6.1613
   ↳ AA sample loss: 0.024075 | AA cos loss: 0.002183
[Train] Batch 020 | I(t;x): 1.0578 | I(t;y): 0.0000 | Recon: 0.0181 | Total: 6.2413
   ↳ AA sample loss: 0.023887 | AA cos loss: 0.002137
[Train] Batch 030 | I(t;x): 1.0587 | I(t;y): 0.0000 | Recon: 0.0181 | Total: 6.2480
   ↳ AA sample loss: 0.023799 | AA cos loss: 0.002202
[Train] Batch 040 | I(t;x): 1.0839 | I(t;y): 0.0000 | Recon: 0.0171 | Total: 6.0439
   ↳ AA sample loss: 0.023692 | AA cos loss: 0.001978

[Summary] Epoch 22 Train Total Loss: 6.1590
[Collapse Monitor] Avg intra-class archetype distance: 0.5148
=======================================================================

===================== Epoch 23/50 =====================
Mode: Full (KL + Recon + MI + full AA reconstruction + cos loss)
[Train] Batch 010 | I(t;x): 1.0779 | I(t;y): 0.0000 | Recon: 0.0161 | Total: 5.8165
   ↳ AA sample loss: 0.023596 | AA cos loss: 0.001871
[Train] Batch 020 | I(t;x): 1.0693 | I(t;y): 0.0015 | Recon: 0.0170 | Total: 6.0040
   ↳ AA sample loss: 0.023431 | AA cos loss: 0.002136
[Train] Batch 030 | I(t;x): 1.0399 | I(t;y): 0.0000 | Recon: 0.0166 | Total: 5.9253
   ↳ AA sample loss: 0.023410 | AA cos loss: 0.002589
[Train] Batch 040 | I(t;x): 1.0859 | I(t;y): 0.0000 | Recon: 0.0174 | Total: 6.0795
   ↳ AA sample loss: 0.023242 | AA cos loss: 0.001842

[Summary] Epoch 23 Train Total Loss: 6.0181
[Collapse Monitor] Avg intra-class archetype distance: 0.5303
=======================================================================

===================== Epoch 24/50 =====================
Mode: Full (KL + Recon + MI + full AA reconstruction + cos loss)
[Train] Batch 010 | I(t;x): 1.0408 | I(t;y): 0.0000 | Recon: 0.0180 | Total: 6.1578
   ↳ AA sample loss: 0.023155 | AA cos loss: 0.002035
[Train] Batch 020 | I(t;x): 1.0782 | I(t;y): 0.0000 | Recon: 0.0175 | Total: 6.0722
   ↳ AA sample loss: 0.022970 | AA cos loss: 0.001854
[Train] Batch 030 | I(t;x): 1.0920 | I(t;y): 0.0000 | Recon: 0.0170 | Total: 5.9799
   ↳ AA sample loss: 0.022795 | AA cos loss: 0.001873
[Train] Batch 040 | I(t;x): 1.0882 | I(t;y): 0.0000 | Recon: 0.0172 | Total: 6.0078
   ↳ AA sample loss: 0.022779 | AA cos loss: 0.001979

[Summary] Epoch 24 Train Total Loss: 5.9771
[Collapse Monitor] Avg intra-class archetype distance: 0.5459
=======================================================================

===================== Epoch 25/50 =====================
Mode: Full (KL + Recon + MI + full AA reconstruction + cos loss)
[Train] Batch 010 | I(t;x): 1.0632 | I(t;y): 0.0000 | Recon: 0.0163 | Total: 5.7957
   ↳ AA sample loss: 0.022648 | AA cos loss: 0.001985
[Train] Batch 020 | I(t;x): 1.0540 | I(t;y): 0.0000 | Recon: 0.0171 | Total: 5.9387
   ↳ AA sample loss: 0.022387 | AA cos loss: 0.002188
[Train] Batch 030 | I(t;x): 1.0543 | I(t;y): 0.0001 | Recon: 0.0174 | Total: 5.9928
   ↳ AA sample loss: 0.022314 | AA cos loss: 0.002001
[Train] Batch 040 | I(t;x): 1.0708 | I(t;y): 0.0000 | Recon: 0.0164 | Total: 5.8020
   ↳ AA sample loss: 0.022184 | AA cos loss: 0.001931

[Summary] Epoch 25 Train Total Loss: 5.9054
[Collapse Monitor] Avg intra-class archetype distance: 0.5626
=======================================================================

===================== Epoch 26/50 =====================
Mode: Full (KL + Recon + MI + full AA reconstruction + cos loss)
[Train] Batch 010 | I(t;x): 1.0578 | I(t;y): 0.0000 | Recon: 0.0166 | Total: 5.8286
   ↳ AA sample loss: 0.022010 | AA cos loss: 0.002094
[Train] Batch 020 | I(t;x): 1.0691 | I(t;y): 0.0000 | Recon: 0.0173 | Total: 5.9557
   ↳ AA sample loss: 0.021919 | AA cos loss: 0.001922
[Train] Batch 030 | I(t;x): 1.0756 | I(t;y): 0.0000 | Recon: 0.0161 | Total: 5.7150
   ↳ AA sample loss: 0.021731 | AA cos loss: 0.001878
[Train] Batch 040 | I(t;x): 1.0813 | I(t;y): 0.0000 | Recon: 0.0161 | Total: 5.7199
   ↳ AA sample loss: 0.021642 | AA cos loss: 0.001942

[Summary] Epoch 26 Train Total Loss: 5.8462
[Collapse Monitor] Avg intra-class archetype distance: 0.5806
=======================================================================

===================== Epoch 27/50 =====================
Mode: Full (KL + Recon + MI + full AA reconstruction + cos loss)
[Train] Batch 010 | I(t;x): 1.0627 | I(t;y): 0.0000 | Recon: 0.0166 | Total: 5.7973
   ↳ AA sample loss: 0.021426 | AA cos loss: 0.002068
[Train] Batch 020 | I(t;x): 1.0574 | I(t;y): 0.0000 | Recon: 0.0159 | Total: 5.6383
   ↳ AA sample loss: 0.021293 | AA cos loss: 0.001930
[Train] Batch 030 | I(t;x): 1.0955 | I(t;y): 0.0000 | Recon: 0.0171 | Total: 5.8897
   ↳ AA sample loss: 0.021162 | AA cos loss: 0.001747
[Train] Batch 040 | I(t;x): 1.0780 | I(t;y): 0.0000 | Recon: 0.0159 | Total: 5.6399
   ↳ AA sample loss: 0.020977 | AA cos loss: 0.002040

[Summary] Epoch 27 Train Total Loss: 5.7632
[Collapse Monitor] Avg intra-class archetype distance: 0.6001
=======================================================================

===================== Epoch 28/50 =====================
Mode: Full (KL + Recon + MI + full AA reconstruction + cos loss)
[Train] Batch 010 | I(t;x): 1.0876 | I(t;y): 0.0000 | Recon: 0.0164 | Total: 5.7323
   ↳ AA sample loss: 0.020767 | AA cos loss: 0.001978
[Train] Batch 020 | I(t;x): 1.0809 | I(t;y): 0.0000 | Recon: 0.0169 | Total: 5.8285
   ↳ AA sample loss: 0.020681 | AA cos loss: 0.002010
[Train] Batch 030 | I(t;x): 1.0550 | I(t;y): 0.0000 | Recon: 0.0165 | Total: 5.6858
   ↳ AA sample loss: 0.020488 | AA cos loss: 0.001764
[Train] Batch 040 | I(t;x): 1.0581 | I(t;y): 0.0000 | Recon: 0.0170 | Total: 5.8129
   ↳ AA sample loss: 0.020344 | AA cos loss: 0.002133

[Summary] Epoch 28 Train Total Loss: 5.7170
[Collapse Monitor] Avg intra-class archetype distance: 0.6187
=======================================================================

===================== Epoch 29/50 =====================
Mode: Full (KL + Recon + MI + full AA reconstruction + cos loss)
[Train] Batch 010 | I(t;x): 1.0255 | I(t;y): 0.0000 | Recon: 0.0160 | Total: 5.5587
   ↳ AA sample loss: 0.020196 | AA cos loss: 0.001942
[Train] Batch 020 | I(t;x): 1.0765 | I(t;y): 0.0000 | Recon: 0.0157 | Total: 5.5281
   ↳ AA sample loss: 0.020053 | AA cos loss: 0.001793
[Train] Batch 030 | I(t;x): 1.0606 | I(t;y): 0.0000 | Recon: 0.0182 | Total: 6.0309
   ↳ AA sample loss: 0.019838 | AA cos loss: 0.002228
[Train] Batch 040 | I(t;x): 1.0548 | I(t;y): 0.0000 | Recon: 0.0159 | Total: 5.5493
   ↳ AA sample loss: 0.019666 | AA cos loss: 0.002095

[Summary] Epoch 29 Train Total Loss: 5.6867
[Collapse Monitor] Avg intra-class archetype distance: 0.6384
=======================================================================

===================== Epoch 30/50 =====================
Mode: Full (KL + Recon + MI + full AA reconstruction + cos loss)
[Train] Batch 010 | I(t;x): 1.0532 | I(t;y): 0.0000 | Recon: 0.0165 | Total: 5.6423
   ↳ AA sample loss: 0.019526 | AA cos loss: 0.002056
[Train] Batch 020 | I(t;x): 1.0499 | I(t;y): 0.0000 | Recon: 0.0157 | Total: 5.4715
   ↳ AA sample loss: 0.019409 | AA cos loss: 0.002073
[Train] Batch 030 | I(t;x): 1.0620 | I(t;y): 0.0000 | Recon: 0.0160 | Total: 5.5282
   ↳ AA sample loss: 0.019201 | AA cos loss: 0.001826
[Train] Batch 040 | I(t;x): 1.0627 | I(t;y): 0.0000 | Recon: 0.0168 | Total: 5.7179
   ↳ AA sample loss: 0.019043 | AA cos loss: 0.002445

[Summary] Epoch 30 Train Total Loss: 5.5863
[Collapse Monitor] Avg intra-class archetype distance: 0.6580
=======================================================================

===================== Epoch 31/50 =====================
Mode: Full (KL + Recon + MI + full AA reconstruction + cos loss)
[Train] Batch 010 | I(t;x): 1.0928 | I(t;y): 0.0000 | Recon: 0.0161 | Total: 5.5578
   ↳ AA sample loss: 0.018878 | AA cos loss: 0.001928
[Train] Batch 020 | I(t;x): 1.0829 | I(t;y): 0.0007 | Recon: 0.0159 | Total: 5.5143
   ↳ AA sample loss: 0.018705 | AA cos loss: 0.002114
[Train] Batch 030 | I(t;x): 1.0697 | I(t;y): 0.0000 | Recon: 0.0155 | Total: 5.4036
   ↳ AA sample loss: 0.018488 | AA cos loss: 0.001922
[Train] Batch 040 | I(t;x): 1.0572 | I(t;y): 0.0000 | Recon: 0.0155 | Total: 5.3750
   ↳ AA sample loss: 0.018294 | AA cos loss: 0.002068

[Summary] Epoch 31 Train Total Loss: 5.5065
[Collapse Monitor] Avg intra-class archetype distance: 0.6815
=======================================================================

===================== Epoch 32/50 =====================
Mode: Full (KL + Recon + MI + full AA reconstruction + cos loss)
[Train] Batch 010 | I(t;x): 1.0402 | I(t;y): 0.0000 | Recon: 0.0162 | Total: 5.4874
   ↳ AA sample loss: 0.018113 | AA cos loss: 0.002120
[Train] Batch 020 | I(t;x): 1.0477 | I(t;y): 0.0000 | Recon: 0.0167 | Total: 5.5955
   ↳ AA sample loss: 0.017994 | AA cos loss: 0.002204
[Train] Batch 030 | I(t;x): 1.0653 | I(t;y): 0.0000 | Recon: 0.0147 | Total: 5.1905
   ↳ AA sample loss: 0.017743 | AA cos loss: 0.002021
[Train] Batch 040 | I(t;x): 1.0575 | I(t;y): 0.0000 | Recon: 0.0163 | Total: 5.4911
   ↳ AA sample loss: 0.017601 | AA cos loss: 0.001970

[Summary] Epoch 32 Train Total Loss: 5.4468
[Collapse Monitor] Avg intra-class archetype distance: 0.7074
=======================================================================

===================== Epoch 33/50 =====================
Mode: Full (KL + Recon + MI + full AA reconstruction + cos loss)
[Train] Batch 010 | I(t;x): 1.0560 | I(t;y): 0.0000 | Recon: 0.0156 | Total: 5.3557
   ↳ AA sample loss: 0.017353 | AA cos loss: 0.002177
[Train] Batch 020 | I(t;x): 1.0802 | I(t;y): 0.0000 | Recon: 0.0168 | Total: 5.6141
   ↳ AA sample loss: 0.017274 | AA cos loss: 0.002218
[Train] Batch 030 | I(t;x): 1.0752 | I(t;y): 0.0000 | Recon: 0.0160 | Total: 5.4334
   ↳ AA sample loss: 0.017014 | AA cos loss: 0.002186
[Train] Batch 040 | I(t;x): 1.0681 | I(t;y): 0.0000 | Recon: 0.0160 | Total: 5.4203
   ↳ AA sample loss: 0.016949 | AA cos loss: 0.002245

[Summary] Epoch 33 Train Total Loss: 5.3926
[Collapse Monitor] Avg intra-class archetype distance: 0.7330
=======================================================================

===================== Epoch 34/50 =====================
Mode: Full (KL + Recon + MI + full AA reconstruction + cos loss)
[Train] Batch 010 | I(t;x): 1.0632 | I(t;y): 0.0000 | Recon: 0.0158 | Total: 5.3411
   ↳ AA sample loss: 0.016643 | AA cos loss: 0.002063
[Train] Batch 020 | I(t;x): 1.0666 | I(t;y): 0.0000 | Recon: 0.0159 | Total: 5.3534
   ↳ AA sample loss: 0.016489 | AA cos loss: 0.002061
[Train] Batch 030 | I(t;x): 1.0677 | I(t;y): 0.0000 | Recon: 0.0158 | Total: 5.3549
   ↳ AA sample loss: 0.016302 | AA cos loss: 0.002398
[Train] Batch 040 | I(t;x): 1.0837 | I(t;y): 0.0000 | Recon: 0.0155 | Total: 5.2985
   ↳ AA sample loss: 0.016187 | AA cos loss: 0.002346

[Summary] Epoch 34 Train Total Loss: 5.3304
[Collapse Monitor] Avg intra-class archetype distance: 0.7585
=======================================================================

===================== Epoch 35/50 =====================
Mode: Full (KL + Recon + MI + full AA reconstruction + cos loss)
[Train] Batch 010 | I(t;x): 1.0804 | I(t;y): 0.0000 | Recon: 0.0160 | Total: 5.3650
   ↳ AA sample loss: 0.015947 | AA cos loss: 0.002112
[Train] Batch 020 | I(t;x): 1.0691 | I(t;y): 0.0000 | Recon: 0.0160 | Total: 5.3511
   ↳ AA sample loss: 0.015691 | AA cos loss: 0.002204
[Train] Batch 030 | I(t;x): 1.0843 | I(t;y): 0.0000 | Recon: 0.0161 | Total: 5.3658
   ↳ AA sample loss: 0.015495 | AA cos loss: 0.002210
[Train] Batch 040 | I(t;x): 1.0636 | I(t;y): 0.0000 | Recon: 0.0149 | Total: 5.0891
   ↳ AA sample loss: 0.015245 | AA cos loss: 0.002194

[Summary] Epoch 35 Train Total Loss: 5.2708
[Collapse Monitor] Avg intra-class archetype distance: 0.7892
=======================================================================

===================== Epoch 36/50 =====================
Mode: Full (KL + Recon + MI + full AA reconstruction + cos loss)
[Train] Batch 010 | I(t;x): 1.0676 | I(t;y): 0.0000 | Recon: 0.0159 | Total: 5.2853
   ↳ AA sample loss: 0.015124 | AA cos loss: 0.002101
[Train] Batch 020 | I(t;x): 1.0517 | I(t;y): 0.0000 | Recon: 0.0153 | Total: 5.1522
   ↳ AA sample loss: 0.014868 | AA cos loss: 0.002471
[Train] Batch 030 | I(t;x): 1.0620 | I(t;y): 0.0000 | Recon: 0.0150 | Total: 5.0811
   ↳ AA sample loss: 0.014655 | AA cos loss: 0.002427
[Train] Batch 040 | I(t;x): 1.0552 | I(t;y): 0.0000 | Recon: 0.0160 | Total: 5.2560
   ↳ AA sample loss: 0.014577 | AA cos loss: 0.002235

[Summary] Epoch 36 Train Total Loss: 5.2401
[Collapse Monitor] Avg intra-class archetype distance: 0.8153
=======================================================================

===================== Epoch 37/50 =====================
Mode: Full (KL + Recon + MI + full AA reconstruction + cos loss)
[Train] Batch 010 | I(t;x): 1.0763 | I(t;y): 0.0000 | Recon: 0.0163 | Total: 5.3334
   ↳ AA sample loss: 0.014357 | AA cos loss: 0.002346
[Train] Batch 020 | I(t;x): 1.0983 | I(t;y): 0.0000 | Recon: 0.0156 | Total: 5.1988
   ↳ AA sample loss: 0.014170 | AA cos loss: 0.002127
[Train] Batch 030 | I(t;x): 1.0808 | I(t;y): 0.0000 | Recon: 0.0154 | Total: 5.1372
   ↳ AA sample loss: 0.013964 | AA cos loss: 0.002376
[Train] Batch 040 | I(t;x): 1.0861 | I(t;y): 0.0000 | Recon: 0.0160 | Total: 5.2522
   ↳ AA sample loss: 0.013888 | AA cos loss: 0.002254

[Summary] Epoch 37 Train Total Loss: 5.1792
[Collapse Monitor] Avg intra-class archetype distance: 0.8383
=======================================================================

===================== Epoch 38/50 =====================
Mode: Full (KL + Recon + MI + full AA reconstruction + cos loss)
[Train] Batch 010 | I(t;x): 1.0754 | I(t;y): 0.0000 | Recon: 0.0154 | Total: 5.1137
   ↳ AA sample loss: 0.013680 | AA cos loss: 0.002218
[Train] Batch 020 | I(t;x): 1.0757 | I(t;y): 0.0000 | Recon: 0.0151 | Total: 5.0458
   ↳ AA sample loss: 0.013529 | AA cos loss: 0.002236
[Train] Batch 030 | I(t;x): 1.0759 | I(t;y): 0.0000 | Recon: 0.0153 | Total: 5.0836
   ↳ AA sample loss: 0.013345 | AA cos loss: 0.002356
[Train] Batch 040 | I(t;x): 1.0826 | I(t;y): 0.0000 | Recon: 0.0153 | Total: 5.0660
   ↳ AA sample loss: 0.013222 | AA cos loss: 0.002150

[Summary] Epoch 38 Train Total Loss: 5.1481
[Collapse Monitor] Avg intra-class archetype distance: 0.8568
=======================================================================

===================== Epoch 39/50 =====================
Mode: Full (KL + Recon + MI + full AA reconstruction + cos loss)
[Train] Batch 010 | I(t;x): 1.0878 | I(t;y): 0.0000 | Recon: 0.0152 | Total: 5.0367
   ↳ AA sample loss: 0.013088 | AA cos loss: 0.002155
[Train] Batch 020 | I(t;x): 1.0670 | I(t;y): 0.0000 | Recon: 0.0154 | Total: 5.0704
   ↳ AA sample loss: 0.012985 | AA cos loss: 0.002255
[Train] Batch 030 | I(t;x): 1.1008 | I(t;y): 0.0000 | Recon: 0.0159 | Total: 5.2067
   ↳ AA sample loss: 0.012851 | AA cos loss: 0.002468
[Train] Batch 040 | I(t;x): 1.0930 | I(t;y): 0.0000 | Recon: 0.0159 | Total: 5.1634
   ↳ AA sample loss: 0.012641 | AA cos loss: 0.002353

[Summary] Epoch 39 Train Total Loss: 5.0705
[Collapse Monitor] Avg intra-class archetype distance: 0.8703
=======================================================================

===================== Epoch 40/50 =====================
Mode: Full (KL + Recon + MI + full AA reconstruction + cos loss)
[Train] Batch 010 | I(t;x): 1.0861 | I(t;y): 0.0000 | Recon: 0.0150 | Total: 4.9747
   ↳ AA sample loss: 0.012527 | AA cos loss: 0.002402
[Train] Batch 020 | I(t;x): 1.0973 | I(t;y): 0.0000 | Recon: 0.0152 | Total: 5.0186
   ↳ AA sample loss: 0.012427 | AA cos loss: 0.002217
[Train] Batch 030 | I(t;x): 1.0712 | I(t;y): 0.0000 | Recon: 0.0156 | Total: 5.0645
   ↳ AA sample loss: 0.012217 | AA cos loss: 0.002294
[Train] Batch 040 | I(t;x): 1.0910 | I(t;y): 0.0000 | Recon: 0.0159 | Total: 5.1356
   ↳ AA sample loss: 0.012197 | AA cos loss: 0.002332

[Summary] Epoch 40 Train Total Loss: 5.0188
[Collapse Monitor] Avg intra-class archetype distance: 0.8836
=======================================================================

===================== Epoch 41/50 =====================
Mode: Full (KL + Recon + MI + full AA reconstruction + cos loss)
[Train] Batch 010 | I(t;x): 1.0942 | I(t;y): 0.0000 | Recon: 0.0157 | Total: 5.0889
   ↳ AA sample loss: 0.012049 | AA cos loss: 0.002256
[Train] Batch 020 | I(t;x): 1.1055 | I(t;y): 0.0000 | Recon: 0.0150 | Total: 4.9350
   ↳ AA sample loss: 0.011901 | AA cos loss: 0.002083
[Train] Batch 030 | I(t;x): 1.0848 | I(t;y): 0.0000 | Recon: 0.0157 | Total: 5.0694
   ↳ AA sample loss: 0.011819 | AA cos loss: 0.002368
[Train] Batch 040 | I(t;x): 1.0673 | I(t;y): 0.0000 | Recon: 0.0148 | Total: 4.8651
   ↳ AA sample loss: 0.011657 | AA cos loss: 0.002293

[Summary] Epoch 41 Train Total Loss: 5.0056
[Collapse Monitor] Avg intra-class archetype distance: 0.8986
=======================================================================

===================== Epoch 42/50 =====================
Mode: Full (KL + Recon + MI + full AA reconstruction + cos loss)
[Train] Batch 010 | I(t;x): 1.0530 | I(t;y): 0.0000 | Recon: 0.0157 | Total: 5.0256
   ↳ AA sample loss: 0.011454 | AA cos loss: 0.002535
[Train] Batch 020 | I(t;x): 1.0771 | I(t;y): 0.0000 | Recon: 0.0163 | Total: 5.1687
   ↳ AA sample loss: 0.011444 | AA cos loss: 0.002285
[Train] Batch 030 | I(t;x): 1.0871 | I(t;y): 0.0000 | Recon: 0.0158 | Total: 5.0684
   ↳ AA sample loss: 0.011340 | AA cos loss: 0.002421
[Train] Batch 040 | I(t;x): 1.1095 | I(t;y): 0.0000 | Recon: 0.0144 | Total: 4.8034
   ↳ AA sample loss: 0.011197 | AA cos loss: 0.002466

[Summary] Epoch 42 Train Total Loss: 4.9561
[Collapse Monitor] Avg intra-class archetype distance: 0.9076
=======================================================================

===================== Epoch 43/50 =====================
Mode: Full (KL + Recon + MI + full AA reconstruction + cos loss)
[Train] Batch 010 | I(t;x): 1.0938 | I(t;y): 0.0000 | Recon: 0.0150 | Total: 4.8969
   ↳ AA sample loss: 0.011150 | AA cos loss: 0.002247
[Train] Batch 020 | I(t;x): 1.0850 | I(t;y): 0.0000 | Recon: 0.0154 | Total: 4.9635
   ↳ AA sample loss: 0.011048 | AA cos loss: 0.002195
[Train] Batch 030 | I(t;x): 1.1004 | I(t;y): 0.0000 | Recon: 0.0158 | Total: 5.0440
   ↳ AA sample loss: 0.010954 | AA cos loss: 0.002153
[Train] Batch 040 | I(t;x): 1.1021 | I(t;y): 0.0000 | Recon: 0.0155 | Total: 4.9860
   ↳ AA sample loss: 0.010792 | AA cos loss: 0.002305

[Summary] Epoch 43 Train Total Loss: 4.9164
[Collapse Monitor] Avg intra-class archetype distance: 0.9147
=======================================================================

===================== Epoch 44/50 =====================
Mode: Full (KL + Recon + MI + full AA reconstruction + cos loss)
[Train] Batch 010 | I(t;x): 1.1034 | I(t;y): 0.0000 | Recon: 0.0148 | Total: 4.8611
   ↳ AA sample loss: 0.010728 | AA cos loss: 0.002478
[Train] Batch 020 | I(t;x): 1.0823 | I(t;y): 0.0000 | Recon: 0.0146 | Total: 4.8002
   ↳ AA sample loss: 0.010594 | AA cos loss: 0.002539
[Train] Batch 030 | I(t;x): 1.0812 | I(t;y): 0.0000 | Recon: 0.0150 | Total: 4.8556
   ↳ AA sample loss: 0.010506 | AA cos loss: 0.002368
[Train] Batch 040 | I(t;x): 1.0800 | I(t;y): 0.0000 | Recon: 0.0148 | Total: 4.8037
   ↳ AA sample loss: 0.010438 | AA cos loss: 0.002192

[Summary] Epoch 44 Train Total Loss: 4.8580
[Collapse Monitor] Avg intra-class archetype distance: 0.9204
=======================================================================

===================== Epoch 45/50 =====================
Mode: Full (KL + Recon + MI + full AA reconstruction + cos loss)
[Train] Batch 010 | I(t;x): 1.0740 | I(t;y): 0.0000 | Recon: 0.0152 | Total: 4.8738
   ↳ AA sample loss: 0.010323 | AA cos loss: 0.002459
[Train] Batch 020 | I(t;x): 1.0900 | I(t;y): 0.0000 | Recon: 0.0148 | Total: 4.8101
   ↳ AA sample loss: 0.010215 | AA cos loss: 0.002458
[Train] Batch 030 | I(t;x): 1.0935 | I(t;y): 0.0000 | Recon: 0.0150 | Total: 4.8570
   ↳ AA sample loss: 0.010112 | AA cos loss: 0.002447
[Train] Batch 040 | I(t;x): 1.1092 | I(t;y): 0.0000 | Recon: 0.0145 | Total: 4.7444
   ↳ AA sample loss: 0.010167 | AA cos loss: 0.002199

[Summary] Epoch 45 Train Total Loss: 4.8383
[Collapse Monitor] Avg intra-class archetype distance: 0.9261
=======================================================================

===================== Epoch 46/50 =====================
Mode: Full (KL + Recon + MI + full AA reconstruction + cos loss)
[Train] Batch 010 | I(t;x): 1.1076 | I(t;y): 0.0000 | Recon: 0.0147 | Total: 4.7792
   ↳ AA sample loss: 0.010039 | AA cos loss: 0.002296
[Train] Batch 020 | I(t;x): 1.0857 | I(t;y): 0.0000 | Recon: 0.0145 | Total: 4.7311
   ↳ AA sample loss: 0.009943 | AA cos loss: 0.002448
[Train] Batch 030 | I(t;x): 1.1023 | I(t;y): 0.0000 | Recon: 0.0149 | Total: 4.8187
   ↳ AA sample loss: 0.009915 | AA cos loss: 0.002423
[Train] Batch 040 | I(t;x): 1.1103 | I(t;y): 0.0000 | Recon: 0.0149 | Total: 4.8305
   ↳ AA sample loss: 0.009847 | AA cos loss: 0.002373

[Summary] Epoch 46 Train Total Loss: 4.8121
[Collapse Monitor] Avg intra-class archetype distance: 0.9321
=======================================================================

===================== Epoch 47/50 =====================
Mode: Full (KL + Recon + MI + full AA reconstruction + cos loss)
[Train] Batch 010 | I(t;x): 1.1300 | I(t;y): 0.0000 | Recon: 0.0146 | Total: 4.7748
   ↳ AA sample loss: 0.009785 | AA cos loss: 0.002280
[Train] Batch 020 | I(t;x): 1.1028 | I(t;y): 0.0000 | Recon: 0.0151 | Total: 4.8520
   ↳ AA sample loss: 0.009671 | AA cos loss: 0.002365
[Train] Batch 030 | I(t;x): 1.1017 | I(t;y): 0.0000 | Recon: 0.0142 | Total: 4.6721
   ↳ AA sample loss: 0.009632 | AA cos loss: 0.002553
[Train] Batch 040 | I(t;x): 1.0866 | I(t;y): 0.0000 | Recon: 0.0144 | Total: 4.6769
   ↳ AA sample loss: 0.009565 | AA cos loss: 0.002371

[Summary] Epoch 47 Train Total Loss: 4.8056
[Collapse Monitor] Avg intra-class archetype distance: 0.9373
=======================================================================

===================== Epoch 48/50 =====================
Mode: Full (KL + Recon + MI + full AA reconstruction + cos loss)
[Train] Batch 010 | I(t;x): 1.1025 | I(t;y): 0.0000 | Recon: 0.0148 | Total: 4.7653
   ↳ AA sample loss: 0.009470 | AA cos loss: 0.002360
[Train] Batch 020 | I(t;x): 1.0937 | I(t;y): 0.0000 | Recon: 0.0146 | Total: 4.7134
   ↳ AA sample loss: 0.009437 | AA cos loss: 0.002367
[Train] Batch 030 | I(t;x): 1.1000 | I(t;y): 0.0000 | Recon: 0.0139 | Total: 4.5809
   ↳ AA sample loss: 0.009336 | AA cos loss: 0.002283
[Train] Batch 040 | I(t;x): 1.0899 | I(t;y): 0.0000 | Recon: 0.0155 | Total: 4.8856
   ↳ AA sample loss: 0.009338 | AA cos loss: 0.002315

[Summary] Epoch 48 Train Total Loss: 4.7701
[Collapse Monitor] Avg intra-class archetype distance: 0.9420
=======================================================================

===================== Epoch 49/50 =====================
Mode: Full (KL + Recon + MI + full AA reconstruction + cos loss)
[Train] Batch 010 | I(t;x): 1.1011 | I(t;y): 0.0000 | Recon: 0.0148 | Total: 4.7576
   ↳ AA sample loss: 0.009245 | AA cos loss: 0.002236
[Train] Batch 020 | I(t;x): 1.1220 | I(t;y): 0.0000 | Recon: 0.0150 | Total: 4.8167
   ↳ AA sample loss: 0.009186 | AA cos loss: 0.002304
[Train] Batch 030 | I(t;x): 1.1271 | I(t;y): 0.0000 | Recon: 0.0154 | Total: 4.8861
   ↳ AA sample loss: 0.009115 | AA cos loss: 0.002255
[Train] Batch 040 | I(t;x): 1.0769 | I(t;y): 0.0000 | Recon: 0.0153 | Total: 4.8242
   ↳ AA sample loss: 0.009094 | AA cos loss: 0.002463

[Summary] Epoch 49 Train Total Loss: 4.7815
[Collapse Monitor] Avg intra-class archetype distance: 0.9455
=======================================================================

===================== Epoch 50/50 =====================
Mode: Full (KL + Recon + MI + full AA reconstruction + cos loss)
[Train] Batch 010 | I(t;x): 1.1049 | I(t;y): 0.0000 | Recon: 0.0151 | Total: 4.8061
   ↳ AA sample loss: 0.009069 | AA cos loss: 0.002331
[Train] Batch 020 | I(t;x): 1.0991 | I(t;y): 0.0000 | Recon: 0.0141 | Total: 4.6004
   ↳ AA sample loss: 0.008998 | AA cos loss: 0.002345
[Train] Batch 030 | I(t;x): 1.1146 | I(t;y): 0.0000 | Recon: 0.0141 | Total: 4.6035
   ↳ AA sample loss: 0.008902 | AA cos loss: 0.002276
[Train] Batch 040 | I(t;x): 1.1190 | I(t;y): 0.0000 | Recon: 0.0152 | Total: 4.8330
   ↳ AA sample loss: 0.008900 | AA cos loss: 0.002283

[Summary] Epoch 50 Train Total Loss: 4.7215
[Collapse Monitor] Avg intra-class archetype distance: 0.9483
=======================================================================

[Save] Epoch losses saved to: results/mnist/seed_42_aa_7/epoch_total_losses.pkl
[Save] Final archetype coordinates saved to: results/mnist/seed_42_aa_7/final_archetypes.npy (shape: (70, 32))
[Save] Decoded archetype images saved to: results/mnist/seed_42_aa_7/final_archetypes_decoded.npy (shape: (70, 1, 28, 28))
[Save] Sample-to-AA weight parameters saved to: results/mnist/seed_42_aa_7/fc_sample_to_aa_weights.pth
[Save] Final model weights saved to: results/mnist/seed_42_aa_7/model_final.pth
