[Init] Using device: cuda
[Config] Parameters saved to: results/kmnist/seed_43_aa_5/params.json
[Training Start] 50 epochs total
Warmup: first 5 epochs | Semantic: 6–10 | AA starts from 11
[Config] batch_size=500 | lr=0.005 | gamma=200 | cos_sim_weight=1.0

===================== Epoch 1/50 =====================
Mode: Warmup (KL + Reconstruction)
[Train] Batch 010 | I(t;x): 0.2257 | I(t;y): 2.2989 | Recon: 0.1180 | Total: 23.8258
[Train] Batch 020 | I(t;x): 0.5183 | I(t;y): 2.2996 | Recon: 0.0995 | Total: 20.4154
[Train] Batch 030 | I(t;x): 0.6852 | I(t;y): 2.2989 | Recon: 0.0936 | Total: 19.4125
[Train] Batch 040 | I(t;x): 0.9117 | I(t;y): 2.2990 | Recon: 0.0875 | Total: 18.4207

[Summary] Epoch 1 Train Total Loss: 1884.8924
=======================================================================

===================== Epoch 2/50 =====================
Mode: Warmup (KL + Reconstruction)
[Train] Batch 010 | I(t;x): 0.9916 | I(t;y): 2.2992 | Recon: 0.0827 | Total: 17.5230
[Train] Batch 020 | I(t;x): 1.2024 | I(t;y): 2.2993 | Recon: 0.0768 | Total: 16.5578
[Train] Batch 030 | I(t;x): 1.1665 | I(t;y): 2.2993 | Recon: 0.0751 | Total: 16.1776
[Train] Batch 040 | I(t;x): 1.2238 | I(t;y): 2.2993 | Recon: 0.0704 | Total: 15.2959

[Summary] Epoch 2 Train Total Loss: 16.7464
=======================================================================

===================== Epoch 3/50 =====================
Mode: Warmup (KL + Reconstruction)
[Train] Batch 010 | I(t;x): 1.2077 | I(t;y): 2.2993 | Recon: 0.0704 | Total: 15.2934
[Train] Batch 020 | I(t;x): 1.2330 | I(t;y): 2.2990 | Recon: 0.0669 | Total: 14.6056
[Train] Batch 030 | I(t;x): 1.2924 | I(t;y): 2.2990 | Recon: 0.0636 | Total: 14.0035
[Train] Batch 040 | I(t;x): 1.3614 | I(t;y): 2.2987 | Recon: 0.0602 | Total: 13.3943

[Summary] Epoch 3 Train Total Loss: 14.2920
=======================================================================

===================== Epoch 4/50 =====================
Mode: Warmup (KL + Reconstruction)
[Train] Batch 010 | I(t;x): 1.3469 | I(t;y): 2.2989 | Recon: 0.0588 | Total: 13.1112
[Train] Batch 020 | I(t;x): 1.3335 | I(t;y): 2.2989 | Recon: 0.0573 | Total: 12.7892
[Train] Batch 030 | I(t;x): 1.3434 | I(t;y): 2.2988 | Recon: 0.0554 | Total: 12.4293
[Train] Batch 040 | I(t;x): 1.3702 | I(t;y): 2.2988 | Recon: 0.0530 | Total: 11.9603

[Summary] Epoch 4 Train Total Loss: 12.6212
=======================================================================

===================== Epoch 5/50 =====================
Mode: Warmup (KL + Reconstruction)
[Train] Batch 010 | I(t;x): 1.3764 | I(t;y): 2.2988 | Recon: 0.0512 | Total: 11.6185
[Train] Batch 020 | I(t;x): 1.4483 | I(t;y): 2.2988 | Recon: 0.0499 | Total: 11.4258
[Train] Batch 030 | I(t;x): 1.3856 | I(t;y): 2.2988 | Recon: 0.0482 | Total: 11.0177
[Train] Batch 040 | I(t;x): 1.4695 | I(t;y): 2.2989 | Recon: 0.0474 | Total: 10.9577

[Summary] Epoch 5 Train Total Loss: 11.3939
=======================================================================

===================== Epoch 6/50 =====================
Mode: Semantic (KL + Recon + weak MI)
[Train] Batch 010 | I(t;x): 1.4425 | I(t;y): 2.1274 | Recon: 0.0468 | Total: 10.8036
[Train] Batch 020 | I(t;x): 1.4629 | I(t;y): 1.5870 | Recon: 0.0442 | Total: 10.3018
[Train] Batch 030 | I(t;x): 1.5050 | I(t;y): 1.0412 | Recon: 0.0455 | Total: 10.6134
[Train] Batch 040 | I(t;x): 1.4716 | I(t;y): 0.0965 | Recon: 0.0436 | Total: 10.1961

[Summary] Epoch 6 Train Total Loss: 10.5460
=======================================================================

===================== Epoch 7/50 =====================
Mode: Semantic (KL + Recon + weak MI)
[Train] Batch 010 | I(t;x): 1.5530 | I(t;y): 0.0051 | Recon: 0.0426 | Total: 10.0818
[Train] Batch 020 | I(t;x): 1.4311 | I(t;y): 0.0009 | Recon: 0.0433 | Total: 10.0857
[Train] Batch 030 | I(t;x): 1.5441 | I(t;y): 0.0005 | Recon: 0.0424 | Total: 10.0209
[Train] Batch 040 | I(t;x): 1.5142 | I(t;y): 0.0003 | Recon: 0.0412 | Total: 9.7627

[Summary] Epoch 7 Train Total Loss: 9.9950
=======================================================================

===================== Epoch 8/50 =====================
Mode: Semantic (KL + Recon + weak MI)
[Train] Batch 010 | I(t;x): 1.5182 | I(t;y): 0.0003 | Recon: 0.0404 | Total: 9.5957
[Train] Batch 020 | I(t;x): 1.5074 | I(t;y): 0.0003 | Recon: 0.0406 | Total: 9.6325
[Train] Batch 030 | I(t;x): 1.5358 | I(t;y): 0.0003 | Recon: 0.0395 | Total: 9.4440
[Train] Batch 040 | I(t;x): 1.5027 | I(t;y): 0.0002 | Recon: 0.0408 | Total: 9.6669

[Summary] Epoch 8 Train Total Loss: 9.6456
=======================================================================

===================== Epoch 9/50 =====================
Mode: Semantic (KL + Recon + weak MI)
[Train] Batch 010 | I(t;x): 1.5912 | I(t;y): 0.0003 | Recon: 0.0386 | Total: 9.3153
[Train] Batch 020 | I(t;x): 1.4920 | I(t;y): 0.0003 | Recon: 0.0400 | Total: 9.4849
[Train] Batch 030 | I(t;x): 1.5805 | I(t;y): 0.0002 | Recon: 0.0395 | Total: 9.4749
[Train] Batch 040 | I(t;x): 1.5381 | I(t;y): 0.0003 | Recon: 0.0398 | Total: 9.5065

[Summary] Epoch 9 Train Total Loss: 9.4038
=======================================================================

===================== Epoch 10/50 =====================
Mode: Semantic (KL + Recon + weak MI)
[Train] Batch 010 | I(t;x): 1.5421 | I(t;y): 0.0002 | Recon: 0.0392 | Total: 9.3883
[Train] Batch 020 | I(t;x): 1.5486 | I(t;y): 0.0002 | Recon: 0.0399 | Total: 9.5219
[Train] Batch 030 | I(t;x): 1.5502 | I(t;y): 0.0002 | Recon: 0.0383 | Total: 9.2130
[Train] Batch 040 | I(t;x): 1.5147 | I(t;y): 0.0002 | Recon: 0.0377 | Total: 9.0483

[Summary] Epoch 10 Train Total Loss: 9.1560
=======================================================================

===================== Epoch 11/50 =====================
Mode: Full (KL + Recon + MI + full AA reconstruction + cos loss)
[Init] Initializing class-wise archetypes (multi-seed + fallback)...
[Init] Archetypes initialized.
[Train] Batch 010 | I(t;x): 1.9228 | I(t;y): 0.0004 | Recon: 0.0817 | Total: 28.1249
   ↳ AA sample loss: 0.028601 | AA cos loss: 0.020711
[Train] Batch 020 | I(t;x): 2.6717 | I(t;y): 0.0002 | Recon: 0.0766 | Total: 24.7011
   ↳ AA sample loss: 0.028679 | AA cos loss: 0.004889
[Train] Batch 030 | I(t;x): 2.5875 | I(t;y): 0.0001 | Recon: 0.0645 | Total: 22.0993
   ↳ AA sample loss: 0.028743 | AA cos loss: 0.004336
[Train] Batch 040 | I(t;x): 2.5169 | I(t;y): 0.0001 | Recon: 0.0569 | Total: 20.6448
   ↳ AA sample loss: 0.028750 | AA cos loss: 0.004958

[Summary] Epoch 11 Train Total Loss: 38.6261
[Collapse Monitor] Avg intra-class archetype distance: 0.4640
=======================================================================

===================== Epoch 12/50 =====================
Mode: Full (KL + Recon + MI + full AA reconstruction + cos loss)
[Train] Batch 010 | I(t;x): 2.6011 | I(t;y): 0.0000 | Recon: 0.0523 | Total: 19.7761
   ↳ AA sample loss: 0.028752 | AA cos loss: 0.004796
[Train] Batch 020 | I(t;x): 2.5459 | I(t;y): 0.0000 | Recon: 0.0494 | Total: 19.0862
   ↳ AA sample loss: 0.028764 | AA cos loss: 0.004580
[Train] Batch 030 | I(t;x): 2.4641 | I(t;y): 0.0000 | Recon: 0.0469 | Total: 18.4070
   ↳ AA sample loss: 0.028775 | AA cos loss: 0.004079
[Train] Batch 040 | I(t;x): 2.5569 | I(t;y): 0.0000 | Recon: 0.0468 | Total: 18.4260
   ↳ AA sample loss: 0.028785 | AA cos loss: 0.003734

[Summary] Epoch 12 Train Total Loss: 19.3981
[Collapse Monitor] Avg intra-class archetype distance: 0.4684
=======================================================================

===================== Epoch 13/50 =====================
Mode: Full (KL + Recon + MI + full AA reconstruction + cos loss)
[Train] Batch 010 | I(t;x): 2.5040 | I(t;y): 0.0000 | Recon: 0.0475 | Total: 18.4584
   ↳ AA sample loss: 0.028792 | AA cos loss: 0.003525
[Train] Batch 020 | I(t;x): 2.5114 | I(t;y): 0.0000 | Recon: 0.0450 | Total: 17.9490
   ↳ AA sample loss: 0.028793 | AA cos loss: 0.003378
[Train] Batch 030 | I(t;x): 2.4558 | I(t;y): 0.0000 | Recon: 0.0437 | Total: 17.6422
   ↳ AA sample loss: 0.028797 | AA cos loss: 0.003451
[Train] Batch 040 | I(t;x): 2.4875 | I(t;y): 0.0000 | Recon: 0.0412 | Total: 17.0923
   ↳ AA sample loss: 0.028806 | AA cos loss: 0.003015

[Summary] Epoch 13 Train Total Loss: 17.8889
[Collapse Monitor] Avg intra-class archetype distance: 0.4777
=======================================================================

===================== Epoch 14/50 =====================
Mode: Full (KL + Recon + MI + full AA reconstruction + cos loss)
[Train] Batch 010 | I(t;x): 2.4360 | I(t;y): 0.0000 | Recon: 0.0440 | Total: 17.5494
   ↳ AA sample loss: 0.028811 | AA cos loss: 0.002791
[Train] Batch 020 | I(t;x): 2.4567 | I(t;y): 0.0000 | Recon: 0.0425 | Total: 17.2517
   ↳ AA sample loss: 0.028810 | AA cos loss: 0.002639
[Train] Batch 030 | I(t;x): 2.3821 | I(t;y): 0.0000 | Recon: 0.0425 | Total: 17.1213
   ↳ AA sample loss: 0.028812 | AA cos loss: 0.002427
[Train] Batch 040 | I(t;x): 2.3008 | I(t;y): 0.0000 | Recon: 0.0413 | Total: 16.7990
   ↳ AA sample loss: 0.028807 | AA cos loss: 0.002410

[Summary] Epoch 14 Train Total Loss: 17.0601
[Collapse Monitor] Avg intra-class archetype distance: 0.4928
=======================================================================

===================== Epoch 15/50 =====================
Mode: Full (KL + Recon + MI + full AA reconstruction + cos loss)
[Train] Batch 010 | I(t;x): 2.3747 | I(t;y): 0.0000 | Recon: 0.0391 | Total: 16.3908
   ↳ AA sample loss: 0.028804 | AA cos loss: 0.002224
[Train] Batch 020 | I(t;x): 2.3002 | I(t;y): 0.0000 | Recon: 0.0381 | Total: 16.0925
   ↳ AA sample loss: 0.028802 | AA cos loss: 0.002104
[Train] Batch 030 | I(t;x): 2.2822 | I(t;y): 0.0000 | Recon: 0.0398 | Total: 16.3997
   ↳ AA sample loss: 0.028791 | AA cos loss: 0.001963
[Train] Batch 040 | I(t;x): 2.2719 | I(t;y): 0.0000 | Recon: 0.0398 | Total: 16.3783
   ↳ AA sample loss: 0.028786 | AA cos loss: 0.001936

[Summary] Epoch 15 Train Total Loss: 16.4431
[Collapse Monitor] Avg intra-class archetype distance: 0.5081
=======================================================================

===================== Epoch 16/50 =====================
Mode: Full (KL + Recon + MI + full AA reconstruction + cos loss)
[Train] Batch 010 | I(t;x): 2.2240 | I(t;y): 0.0000 | Recon: 0.0382 | Total: 16.0282
   ↳ AA sample loss: 0.028774 | AA cos loss: 0.002091
[Train] Batch 020 | I(t;x): 2.2636 | I(t;y): 0.0000 | Recon: 0.0389 | Total: 16.1392
   ↳ AA sample loss: 0.028767 | AA cos loss: 0.001722
[Train] Batch 030 | I(t;x): 2.2092 | I(t;y): 0.0000 | Recon: 0.0384 | Total: 15.9753
   ↳ AA sample loss: 0.028749 | AA cos loss: 0.001708
[Train] Batch 040 | I(t;x): 2.1922 | I(t;y): 0.0000 | Recon: 0.0373 | Total: 15.7572
   ↳ AA sample loss: 0.028742 | AA cos loss: 0.001756

[Summary] Epoch 16 Train Total Loss: 16.0844
[Collapse Monitor] Avg intra-class archetype distance: 0.5216
=======================================================================

===================== Epoch 17/50 =====================
Mode: Full (KL + Recon + MI + full AA reconstruction + cos loss)
[Train] Batch 010 | I(t;x): 2.1901 | I(t;y): 0.0000 | Recon: 0.0385 | Total: 15.9565
   ↳ AA sample loss: 0.028725 | AA cos loss: 0.001590
[Train] Batch 020 | I(t;x): 2.1783 | I(t;y): 0.0000 | Recon: 0.0395 | Total: 16.1460
   ↳ AA sample loss: 0.028708 | AA cos loss: 0.001624
[Train] Batch 030 | I(t;x): 2.1618 | I(t;y): 0.0000 | Recon: 0.0364 | Total: 15.5460
   ↳ AA sample loss: 0.028705 | AA cos loss: 0.001852
[Train] Batch 040 | I(t;x): 2.0979 | I(t;y): 0.0000 | Recon: 0.0359 | Total: 15.3807
   ↳ AA sample loss: 0.028689 | AA cos loss: 0.001783

[Summary] Epoch 17 Train Total Loss: 15.8335
[Collapse Monitor] Avg intra-class archetype distance: 0.5328
=======================================================================

===================== Epoch 18/50 =====================
Mode: Full (KL + Recon + MI + full AA reconstruction + cos loss)
[Train] Batch 010 | I(t;x): 2.1271 | I(t;y): 0.0000 | Recon: 0.0356 | Total: 15.3260
   ↳ AA sample loss: 0.028668 | AA cos loss: 0.001701
[Train] Batch 020 | I(t;x): 2.0888 | I(t;y): 0.0000 | Recon: 0.0360 | Total: 15.2988
   ↳ AA sample loss: 0.028667 | AA cos loss: 0.001422
[Train] Batch 030 | I(t;x): 2.1042 | I(t;y): 0.0000 | Recon: 0.0362 | Total: 15.3522
   ↳ AA sample loss: 0.028648 | AA cos loss: 0.001386
[Train] Batch 040 | I(t;x): 2.0903 | I(t;y): 0.0000 | Recon: 0.0353 | Total: 15.1476
   ↳ AA sample loss: 0.028642 | AA cos loss: 0.001303

[Summary] Epoch 18 Train Total Loss: 15.4724
[Collapse Monitor] Avg intra-class archetype distance: 0.5434
=======================================================================

===================== Epoch 19/50 =====================
Mode: Full (KL + Recon + MI + full AA reconstruction + cos loss)
[Train] Batch 010 | I(t;x): 2.1155 | I(t;y): 0.0000 | Recon: 0.0363 | Total: 15.3691
   ↳ AA sample loss: 0.028626 | AA cos loss: 0.001307
[Train] Batch 020 | I(t;x): 2.0931 | I(t;y): 0.0000 | Recon: 0.0359 | Total: 15.2357
   ↳ AA sample loss: 0.028620 | AA cos loss: 0.001208
[Train] Batch 030 | I(t;x): 2.0356 | I(t;y): 0.0000 | Recon: 0.0361 | Total: 15.2202
   ↳ AA sample loss: 0.028607 | AA cos loss: 0.001229
[Train] Batch 040 | I(t;x): 2.0926 | I(t;y): 0.0000 | Recon: 0.0353 | Total: 15.1158
   ↳ AA sample loss: 0.028598 | AA cos loss: 0.001180

[Summary] Epoch 19 Train Total Loss: 15.3163
[Collapse Monitor] Avg intra-class archetype distance: 0.5582
=======================================================================

===================== Epoch 20/50 =====================
Mode: Full (KL + Recon + MI + full AA reconstruction + cos loss)
[Train] Batch 010 | I(t;x): 2.0382 | I(t;y): 0.0000 | Recon: 0.0351 | Total: 15.0107
   ↳ AA sample loss: 0.028584 | AA cos loss: 0.001140
[Train] Batch 020 | I(t;x): 2.0614 | I(t;y): 0.0000 | Recon: 0.0358 | Total: 15.1566
   ↳ AA sample loss: 0.028569 | AA cos loss: 0.001106
[Train] Batch 030 | I(t;x): 2.0171 | I(t;y): 0.0000 | Recon: 0.0370 | Total: 15.3674
   ↳ AA sample loss: 0.028565 | AA cos loss: 0.001173
[Train] Batch 040 | I(t;x): 1.9950 | I(t;y): 0.0000 | Recon: 0.0363 | Total: 15.1782
   ↳ AA sample loss: 0.028560 | AA cos loss: 0.001080

[Summary] Epoch 20 Train Total Loss: 15.1825
[Collapse Monitor] Avg intra-class archetype distance: 0.5723
=======================================================================

===================== Epoch 21/50 =====================
Mode: Full (KL + Recon + MI + full AA reconstruction + cos loss)
[Train] Batch 010 | I(t;x): 1.9971 | I(t;y): 0.0000 | Recon: 0.0355 | Total: 15.0258
   ↳ AA sample loss: 0.028548 | AA cos loss: 0.001092
[Train] Batch 020 | I(t;x): 1.9609 | I(t;y): 0.0000 | Recon: 0.0368 | Total: 15.2465
   ↳ AA sample loss: 0.028538 | AA cos loss: 0.001083
[Train] Batch 030 | I(t;x): 1.9602 | I(t;y): 0.0000 | Recon: 0.0357 | Total: 15.0095
   ↳ AA sample loss: 0.028529 | AA cos loss: 0.001053
[Train] Batch 040 | I(t;x): 1.9690 | I(t;y): 0.0000 | Recon: 0.0350 | Total: 14.8758
   ↳ AA sample loss: 0.028512 | AA cos loss: 0.001068

[Summary] Epoch 21 Train Total Loss: 14.9565
[Collapse Monitor] Avg intra-class archetype distance: 0.5852
=======================================================================

===================== Epoch 22/50 =====================
Mode: Full (KL + Recon + MI + full AA reconstruction + cos loss)
[Train] Batch 010 | I(t;x): 1.9600 | I(t;y): 0.0000 | Recon: 0.0332 | Total: 14.4903
   ↳ AA sample loss: 0.028498 | AA cos loss: 0.000920
[Train] Batch 020 | I(t;x): 1.9358 | I(t;y): 0.0000 | Recon: 0.0353 | Total: 14.8912
   ↳ AA sample loss: 0.028484 | AA cos loss: 0.000960
[Train] Batch 030 | I(t;x): 1.9504 | I(t;y): 0.0000 | Recon: 0.0333 | Total: 14.4874
   ↳ AA sample loss: 0.028477 | AA cos loss: 0.000928
[Train] Batch 040 | I(t;x): 1.9591 | I(t;y): 0.0000 | Recon: 0.0343 | Total: 14.7055
   ↳ AA sample loss: 0.028462 | AA cos loss: 0.000933

[Summary] Epoch 22 Train Total Loss: 14.7395
[Collapse Monitor] Avg intra-class archetype distance: 0.5983
=======================================================================

===================== Epoch 23/50 =====================
Mode: Full (KL + Recon + MI + full AA reconstruction + cos loss)
[Train] Batch 010 | I(t;x): 1.9107 | I(t;y): 0.0000 | Recon: 0.0349 | Total: 14.7736
   ↳ AA sample loss: 0.028429 | AA cos loss: 0.001020
[Train] Batch 020 | I(t;x): 1.9065 | I(t;y): 0.0000 | Recon: 0.0345 | Total: 14.6963
   ↳ AA sample loss: 0.028415 | AA cos loss: 0.000989
[Train] Batch 030 | I(t;x): 1.9235 | I(t;y): 0.0000 | Recon: 0.0347 | Total: 14.7267
   ↳ AA sample loss: 0.028409 | AA cos loss: 0.000936
[Train] Batch 040 | I(t;x): 1.9268 | I(t;y): 0.0000 | Recon: 0.0330 | Total: 14.3732
   ↳ AA sample loss: 0.028401 | AA cos loss: 0.000861

[Summary] Epoch 23 Train Total Loss: 14.6757
[Collapse Monitor] Avg intra-class archetype distance: 0.6110
=======================================================================

===================== Epoch 24/50 =====================
Mode: Full (KL + Recon + MI + full AA reconstruction + cos loss)
[Train] Batch 010 | I(t;x): 1.8897 | I(t;y): 0.0000 | Recon: 0.0339 | Total: 14.5406
   ↳ AA sample loss: 0.028381 | AA cos loss: 0.000955
[Train] Batch 020 | I(t;x): 1.8867 | I(t;y): 0.0000 | Recon: 0.0323 | Total: 14.2037
   ↳ AA sample loss: 0.028364 | AA cos loss: 0.000922
[Train] Batch 030 | I(t;x): 1.9049 | I(t;y): 0.0000 | Recon: 0.0336 | Total: 14.4865
   ↳ AA sample loss: 0.028358 | AA cos loss: 0.000967
[Train] Batch 040 | I(t;x): 1.9304 | I(t;y): 0.0000 | Recon: 0.0360 | Total: 15.0113
   ↳ AA sample loss: 0.028349 | AA cos loss: 0.001016

[Summary] Epoch 24 Train Total Loss: 14.5299
[Collapse Monitor] Avg intra-class archetype distance: 0.6231
=======================================================================

===================== Epoch 25/50 =====================
Mode: Full (KL + Recon + MI + full AA reconstruction + cos loss)
[Train] Batch 010 | I(t;x): 1.8869 | I(t;y): 0.0000 | Recon: 0.0331 | Total: 14.3718
   ↳ AA sample loss: 0.028333 | AA cos loss: 0.001024
[Train] Batch 020 | I(t;x): 1.8897 | I(t;y): 0.0000 | Recon: 0.0336 | Total: 14.4635
   ↳ AA sample loss: 0.028311 | AA cos loss: 0.000996
[Train] Batch 030 | I(t;x): 1.8770 | I(t;y): 0.0000 | Recon: 0.0339 | Total: 14.5223
   ↳ AA sample loss: 0.028302 | AA cos loss: 0.001072
[Train] Batch 040 | I(t;x): 1.8785 | I(t;y): 0.0000 | Recon: 0.0336 | Total: 14.4415
   ↳ AA sample loss: 0.028287 | AA cos loss: 0.000954

[Summary] Epoch 25 Train Total Loss: 14.3811
[Collapse Monitor] Avg intra-class archetype distance: 0.6341
=======================================================================

===================== Epoch 26/50 =====================
Mode: Full (KL + Recon + MI + full AA reconstruction + cos loss)
[Train] Batch 010 | I(t;x): 1.8753 | I(t;y): 0.0000 | Recon: 0.0322 | Total: 14.1439
   ↳ AA sample loss: 0.028279 | AA cos loss: 0.000890
[Train] Batch 020 | I(t;x): 1.8896 | I(t;y): 0.0000 | Recon: 0.0328 | Total: 14.2755
   ↳ AA sample loss: 0.028280 | AA cos loss: 0.000893
[Train] Batch 030 | I(t;x): 1.8802 | I(t;y): 0.0000 | Recon: 0.0324 | Total: 14.1963
   ↳ AA sample loss: 0.028254 | AA cos loss: 0.000918
[Train] Batch 040 | I(t;x): 1.8794 | I(t;y): 0.0000 | Recon: 0.0329 | Total: 14.2812
   ↳ AA sample loss: 0.028235 | AA cos loss: 0.000905

[Summary] Epoch 26 Train Total Loss: 14.3350
[Collapse Monitor] Avg intra-class archetype distance: 0.6462
=======================================================================

===================== Epoch 27/50 =====================
Mode: Full (KL + Recon + MI + full AA reconstruction + cos loss)
[Train] Batch 010 | I(t;x): 1.8913 | I(t;y): 0.0000 | Recon: 0.0330 | Total: 14.3165
   ↳ AA sample loss: 0.028217 | AA cos loss: 0.000950
[Train] Batch 020 | I(t;x): 1.8598 | I(t;y): 0.0000 | Recon: 0.0315 | Total: 13.9878
   ↳ AA sample loss: 0.028208 | AA cos loss: 0.000921
[Train] Batch 030 | I(t;x): 1.8685 | I(t;y): 0.0000 | Recon: 0.0329 | Total: 14.2874
   ↳ AA sample loss: 0.028203 | AA cos loss: 0.000972
[Train] Batch 040 | I(t;x): 1.8804 | I(t;y): 0.0000 | Recon: 0.0328 | Total: 14.2514
   ↳ AA sample loss: 0.028196 | AA cos loss: 0.000867

[Summary] Epoch 27 Train Total Loss: 14.2574
[Collapse Monitor] Avg intra-class archetype distance: 0.6581
=======================================================================

===================== Epoch 28/50 =====================
Mode: Full (KL + Recon + MI + full AA reconstruction + cos loss)
[Train] Batch 010 | I(t;x): 1.9209 | I(t;y): 0.0000 | Recon: 0.0329 | Total: 14.3270
   ↳ AA sample loss: 0.028204 | AA cos loss: 0.000905
[Train] Batch 020 | I(t;x): 1.9044 | I(t;y): 0.0000 | Recon: 0.0311 | Total: 13.9630
   ↳ AA sample loss: 0.028162 | AA cos loss: 0.001044
[Train] Batch 030 | I(t;x): 1.8542 | I(t;y): 0.0000 | Recon: 0.0330 | Total: 14.2832
   ↳ AA sample loss: 0.028147 | AA cos loss: 0.000974
[Train] Batch 040 | I(t;x): 1.8496 | I(t;y): 0.0000 | Recon: 0.0332 | Total: 14.3188
   ↳ AA sample loss: 0.028139 | AA cos loss: 0.000980

[Summary] Epoch 28 Train Total Loss: 14.1877
[Collapse Monitor] Avg intra-class archetype distance: 0.6698
=======================================================================

===================== Epoch 29/50 =====================
Mode: Full (KL + Recon + MI + full AA reconstruction + cos loss)
[Train] Batch 010 | I(t;x): 1.8794 | I(t;y): 0.0000 | Recon: 0.0323 | Total: 14.1454
   ↳ AA sample loss: 0.028120 | AA cos loss: 0.000957
[Train] Batch 020 | I(t;x): 1.8614 | I(t;y): 0.0000 | Recon: 0.0313 | Total: 13.9384
   ↳ AA sample loss: 0.028104 | AA cos loss: 0.000934
[Train] Batch 030 | I(t;x): 1.8735 | I(t;y): 0.0000 | Recon: 0.0323 | Total: 14.1338
   ↳ AA sample loss: 0.028096 | AA cos loss: 0.000937
[Train] Batch 040 | I(t;x): 1.8250 | I(t;y): 0.0000 | Recon: 0.0314 | Total: 13.9174
   ↳ AA sample loss: 0.028071 | AA cos loss: 0.001002

[Summary] Epoch 29 Train Total Loss: 14.0896
[Collapse Monitor] Avg intra-class archetype distance: 0.6808
=======================================================================

===================== Epoch 30/50 =====================
Mode: Full (KL + Recon + MI + full AA reconstruction + cos loss)
[Train] Batch 010 | I(t;x): 1.8762 | I(t;y): 0.0000 | Recon: 0.0316 | Total: 13.9976
   ↳ AA sample loss: 0.028059 | AA cos loss: 0.000964
[Train] Batch 020 | I(t;x): 1.8459 | I(t;y): 0.0000 | Recon: 0.0316 | Total: 13.9730
   ↳ AA sample loss: 0.028049 | AA cos loss: 0.000992
[Train] Batch 030 | I(t;x): 1.8281 | I(t;y): 0.0000 | Recon: 0.0327 | Total: 14.1697
   ↳ AA sample loss: 0.028037 | AA cos loss: 0.000930
[Train] Batch 040 | I(t;x): 1.8493 | I(t;y): 0.0000 | Recon: 0.0309 | Total: 13.8319
   ↳ AA sample loss: 0.028019 | AA cos loss: 0.000978

[Summary] Epoch 30 Train Total Loss: 14.0738
[Collapse Monitor] Avg intra-class archetype distance: 0.6913
=======================================================================

===================== Epoch 31/50 =====================
Mode: Full (KL + Recon + MI + full AA reconstruction + cos loss)
[Train] Batch 010 | I(t;x): 1.8597 | I(t;y): 0.0000 | Recon: 0.0320 | Total: 14.0467
   ↳ AA sample loss: 0.028019 | AA cos loss: 0.000956
[Train] Batch 020 | I(t;x): 1.8633 | I(t;y): 0.0000 | Recon: 0.0307 | Total: 13.7860
   ↳ AA sample loss: 0.027993 | AA cos loss: 0.000962
[Train] Batch 030 | I(t;x): 1.8400 | I(t;y): 0.0000 | Recon: 0.0312 | Total: 13.8835
   ↳ AA sample loss: 0.027969 | AA cos loss: 0.001024
[Train] Batch 040 | I(t;x): 1.8576 | I(t;y): 0.0000 | Recon: 0.0342 | Total: 14.4884
   ↳ AA sample loss: 0.027953 | AA cos loss: 0.001025

[Summary] Epoch 31 Train Total Loss: 14.0117
[Collapse Monitor] Avg intra-class archetype distance: 0.7023
=======================================================================

===================== Epoch 32/50 =====================
Mode: Full (KL + Recon + MI + full AA reconstruction + cos loss)
[Train] Batch 010 | I(t;x): 1.8145 | I(t;y): 0.0000 | Recon: 0.0316 | Total: 13.9278
   ↳ AA sample loss: 0.027962 | AA cos loss: 0.001011
[Train] Batch 020 | I(t;x): 1.8583 | I(t;y): 0.0000 | Recon: 0.0315 | Total: 13.9546
   ↳ AA sample loss: 0.027966 | AA cos loss: 0.000991
[Train] Batch 030 | I(t;x): 1.8662 | I(t;y): 0.0000 | Recon: 0.0312 | Total: 13.8705
   ↳ AA sample loss: 0.027921 | AA cos loss: 0.000924
[Train] Batch 040 | I(t;x): 1.8622 | I(t;y): 0.0000 | Recon: 0.0307 | Total: 13.7751
   ↳ AA sample loss: 0.027912 | AA cos loss: 0.000925

[Summary] Epoch 32 Train Total Loss: 13.9471
[Collapse Monitor] Avg intra-class archetype distance: 0.7129
=======================================================================

===================== Epoch 33/50 =====================
Mode: Full (KL + Recon + MI + full AA reconstruction + cos loss)
[Train] Batch 010 | I(t;x): 1.9027 | I(t;y): 0.0000 | Recon: 0.0308 | Total: 13.8393
   ↳ AA sample loss: 0.027896 | AA cos loss: 0.000968
[Train] Batch 020 | I(t;x): 1.8396 | I(t;y): 0.0000 | Recon: 0.0311 | Total: 13.8249
   ↳ AA sample loss: 0.027867 | AA cos loss: 0.000977
[Train] Batch 030 | I(t;x): 1.8423 | I(t;y): 0.0000 | Recon: 0.0311 | Total: 13.8321
   ↳ AA sample loss: 0.027840 | AA cos loss: 0.001023
[Train] Batch 040 | I(t;x): 1.8284 | I(t;y): 0.0000 | Recon: 0.0331 | Total: 14.2394
   ↳ AA sample loss: 0.027819 | AA cos loss: 0.001095

[Summary] Epoch 33 Train Total Loss: 13.9102
[Collapse Monitor] Avg intra-class archetype distance: 0.7247
=======================================================================

===================== Epoch 34/50 =====================
Mode: Full (KL + Recon + MI + full AA reconstruction + cos loss)
[Train] Batch 010 | I(t;x): 1.8871 | I(t;y): 0.0000 | Recon: 0.0317 | Total: 13.9905
   ↳ AA sample loss: 0.027844 | AA cos loss: 0.001005
[Train] Batch 020 | I(t;x): 1.8352 | I(t;y): 0.0000 | Recon: 0.0302 | Total: 13.6417
   ↳ AA sample loss: 0.027801 | AA cos loss: 0.001008
[Train] Batch 030 | I(t;x): 1.8763 | I(t;y): 0.0000 | Recon: 0.0304 | Total: 13.7053
   ↳ AA sample loss: 0.027796 | AA cos loss: 0.000976
[Train] Batch 040 | I(t;x): 1.8325 | I(t;y): 0.0000 | Recon: 0.0316 | Total: 13.9014
   ↳ AA sample loss: 0.027756 | AA cos loss: 0.001038

[Summary] Epoch 34 Train Total Loss: 13.8678
[Collapse Monitor] Avg intra-class archetype distance: 0.7354
=======================================================================

===================== Epoch 35/50 =====================
Mode: Full (KL + Recon + MI + full AA reconstruction + cos loss)
[Train] Batch 010 | I(t;x): 1.8340 | I(t;y): 0.0000 | Recon: 0.0307 | Total: 13.7351
   ↳ AA sample loss: 0.027744 | AA cos loss: 0.001045
[Train] Batch 020 | I(t;x): 1.8242 | I(t;y): 0.0000 | Recon: 0.0294 | Total: 13.4650
   ↳ AA sample loss: 0.027714 | AA cos loss: 0.001059
[Train] Batch 030 | I(t;x): 1.8376 | I(t;y): 0.0000 | Recon: 0.0314 | Total: 13.8858
   ↳ AA sample loss: 0.027680 | AA cos loss: 0.001168
[Train] Batch 040 | I(t;x): 1.8629 | I(t;y): 0.0000 | Recon: 0.0315 | Total: 13.9059
   ↳ AA sample loss: 0.027641 | AA cos loss: 0.001088

[Summary] Epoch 35 Train Total Loss: 13.7705
[Collapse Monitor] Avg intra-class archetype distance: 0.7480
=======================================================================

===================== Epoch 36/50 =====================
Mode: Full (KL + Recon + MI + full AA reconstruction + cos loss)
[Train] Batch 010 | I(t;x): 1.8575 | I(t;y): 0.0000 | Recon: 0.0288 | Total: 13.3589
   ↳ AA sample loss: 0.027637 | AA cos loss: 0.001029
[Train] Batch 020 | I(t;x): 1.8212 | I(t;y): 0.0000 | Recon: 0.0303 | Total: 13.6264
   ↳ AA sample loss: 0.027617 | AA cos loss: 0.001065
[Train] Batch 030 | I(t;x): 1.8212 | I(t;y): 0.0000 | Recon: 0.0300 | Total: 13.5596
   ↳ AA sample loss: 0.027607 | AA cos loss: 0.001090
[Train] Batch 040 | I(t;x): 1.8273 | I(t;y): 0.0000 | Recon: 0.0302 | Total: 13.5955
   ↳ AA sample loss: 0.027584 | AA cos loss: 0.001043

[Summary] Epoch 36 Train Total Loss: 13.6946
[Collapse Monitor] Avg intra-class archetype distance: 0.7608
=======================================================================

===================== Epoch 37/50 =====================
Mode: Full (KL + Recon + MI + full AA reconstruction + cos loss)
[Train] Batch 010 | I(t;x): 1.8250 | I(t;y): 0.0000 | Recon: 0.0316 | Total: 13.8764
   ↳ AA sample loss: 0.027558 | AA cos loss: 0.001122
[Train] Batch 020 | I(t;x): 1.8380 | I(t;y): 0.0000 | Recon: 0.0303 | Total: 13.6083
   ↳ AA sample loss: 0.027546 | AA cos loss: 0.001053
[Train] Batch 030 | I(t;x): 1.8245 | I(t;y): 0.0000 | Recon: 0.0305 | Total: 13.6434
   ↳ AA sample loss: 0.027506 | AA cos loss: 0.001124
[Train] Batch 040 | I(t;x): 1.8613 | I(t;y): 0.0000 | Recon: 0.0296 | Total: 13.4895
   ↳ AA sample loss: 0.027483 | AA cos loss: 0.001074

[Summary] Epoch 37 Train Total Loss: 13.6813
[Collapse Monitor] Avg intra-class archetype distance: 0.7732
=======================================================================

===================== Epoch 38/50 =====================
Mode: Full (KL + Recon + MI + full AA reconstruction + cos loss)
[Train] Batch 010 | I(t;x): 1.8567 | I(t;y): 0.0000 | Recon: 0.0312 | Total: 13.7928
   ↳ AA sample loss: 0.027461 | AA cos loss: 0.001060
[Train] Batch 020 | I(t;x): 1.8431 | I(t;y): 0.0000 | Recon: 0.0313 | Total: 13.8295
   ↳ AA sample loss: 0.027440 | AA cos loss: 0.001155
[Train] Batch 030 | I(t;x): 1.8448 | I(t;y): 0.0000 | Recon: 0.0314 | Total: 13.8286
   ↳ AA sample loss: 0.027436 | AA cos loss: 0.001108
[Train] Batch 040 | I(t;x): 1.8168 | I(t;y): 0.0000 | Recon: 0.0298 | Total: 13.4769
   ↳ AA sample loss: 0.027389 | AA cos loss: 0.001074

[Summary] Epoch 38 Train Total Loss: 13.6644
[Collapse Monitor] Avg intra-class archetype distance: 0.7849
=======================================================================

===================== Epoch 39/50 =====================
Mode: Full (KL + Recon + MI + full AA reconstruction + cos loss)
[Train] Batch 010 | I(t;x): 1.8311 | I(t;y): 0.0000 | Recon: 0.0307 | Total: 13.6769
   ↳ AA sample loss: 0.027365 | AA cos loss: 0.001157
[Train] Batch 020 | I(t;x): 1.8966 | I(t;y): 0.0000 | Recon: 0.0302 | Total: 13.6169
   ↳ AA sample loss: 0.027344 | AA cos loss: 0.001034
[Train] Batch 030 | I(t;x): 1.8688 | I(t;y): 0.0000 | Recon: 0.0300 | Total: 13.5506
   ↳ AA sample loss: 0.027291 | AA cos loss: 0.001138
[Train] Batch 040 | I(t;x): 1.8830 | I(t;y): 0.0000 | Recon: 0.0318 | Total: 13.9457
   ↳ AA sample loss: 0.027277 | AA cos loss: 0.001256

[Summary] Epoch 39 Train Total Loss: 13.6098
[Collapse Monitor] Avg intra-class archetype distance: 0.7982
=======================================================================

===================== Epoch 40/50 =====================
Mode: Full (KL + Recon + MI + full AA reconstruction + cos loss)
[Train] Batch 010 | I(t;x): 1.8815 | I(t;y): 0.0000 | Recon: 0.0302 | Total: 13.6019
   ↳ AA sample loss: 0.027265 | AA cos loss: 0.001145
[Train] Batch 020 | I(t;x): 1.8276 | I(t;y): 0.0000 | Recon: 0.0305 | Total: 13.5969
   ↳ AA sample loss: 0.027225 | AA cos loss: 0.001162
[Train] Batch 030 | I(t;x): 1.7939 | I(t;y): 0.0000 | Recon: 0.0301 | Total: 13.4703
   ↳ AA sample loss: 0.027187 | AA cos loss: 0.001120
[Train] Batch 040 | I(t;x): 1.8092 | I(t;y): 0.0000 | Recon: 0.0311 | Total: 13.7040
   ↳ AA sample loss: 0.027171 | AA cos loss: 0.001156

[Summary] Epoch 40 Train Total Loss: 13.5523
[Collapse Monitor] Avg intra-class archetype distance: 0.8110
=======================================================================

===================== Epoch 41/50 =====================
Mode: Full (KL + Recon + MI + full AA reconstruction + cos loss)
[Train] Batch 010 | I(t;x): 1.8293 | I(t;y): 0.0000 | Recon: 0.0301 | Total: 13.5217
   ↳ AA sample loss: 0.027130 | AA cos loss: 0.001207
[Train] Batch 020 | I(t;x): 1.8411 | I(t;y): 0.0000 | Recon: 0.0297 | Total: 13.4200
   ↳ AA sample loss: 0.027110 | AA cos loss: 0.001127
[Train] Batch 030 | I(t;x): 1.8270 | I(t;y): 0.0000 | Recon: 0.0300 | Total: 13.4734
   ↳ AA sample loss: 0.027053 | AA cos loss: 0.001171
[Train] Batch 040 | I(t;x): 1.8605 | I(t;y): 0.0000 | Recon: 0.0316 | Total: 13.8115
   ↳ AA sample loss: 0.027037 | AA cos loss: 0.001087

[Summary] Epoch 41 Train Total Loss: 13.4819
[Collapse Monitor] Avg intra-class archetype distance: 0.8251
=======================================================================

===================== Epoch 42/50 =====================
Mode: Full (KL + Recon + MI + full AA reconstruction + cos loss)
[Train] Batch 010 | I(t;x): 1.8799 | I(t;y): 0.0000 | Recon: 0.0299 | Total: 13.4959
   ↳ AA sample loss: 0.027003 | AA cos loss: 0.001133
[Train] Batch 020 | I(t;x): 1.8266 | I(t;y): 0.0000 | Recon: 0.0304 | Total: 13.5203
   ↳ AA sample loss: 0.026950 | AA cos loss: 0.001116
[Train] Batch 030 | I(t;x): 1.8296 | I(t;y): 0.0000 | Recon: 0.0301 | Total: 13.4730
   ↳ AA sample loss: 0.026928 | AA cos loss: 0.001159
[Train] Batch 040 | I(t;x): 1.8437 | I(t;y): 0.0000 | Recon: 0.0298 | Total: 13.4133
   ↳ AA sample loss: 0.026892 | AA cos loss: 0.001200

[Summary] Epoch 42 Train Total Loss: 13.4116
[Collapse Monitor] Avg intra-class archetype distance: 0.8391
=======================================================================

===================== Epoch 43/50 =====================
Mode: Full (KL + Recon + MI + full AA reconstruction + cos loss)
[Train] Batch 010 | I(t;x): 1.8341 | I(t;y): 0.0000 | Recon: 0.0295 | Total: 13.3529
   ↳ AA sample loss: 0.026848 | AA cos loss: 0.001220
[Train] Batch 020 | I(t;x): 1.8380 | I(t;y): 0.0000 | Recon: 0.0300 | Total: 13.4377
   ↳ AA sample loss: 0.026826 | AA cos loss: 0.001205
[Train] Batch 030 | I(t;x): 1.8579 | I(t;y): 0.0000 | Recon: 0.0313 | Total: 13.7048
   ↳ AA sample loss: 0.026784 | AA cos loss: 0.001181
[Train] Batch 040 | I(t;x): 1.8499 | I(t;y): 0.0000 | Recon: 0.0298 | Total: 13.3832
   ↳ AA sample loss: 0.026708 | AA cos loss: 0.001185

[Summary] Epoch 43 Train Total Loss: 13.4188
[Collapse Monitor] Avg intra-class archetype distance: 0.8530
=======================================================================

===================== Epoch 44/50 =====================
Mode: Full (KL + Recon + MI + full AA reconstruction + cos loss)
[Train] Batch 010 | I(t;x): 1.8456 | I(t;y): 0.0000 | Recon: 0.0283 | Total: 13.0776
   ↳ AA sample loss: 0.026682 | AA cos loss: 0.001199
[Train] Batch 020 | I(t;x): 1.8325 | I(t;y): 0.0000 | Recon: 0.0294 | Total: 13.2813
   ↳ AA sample loss: 0.026659 | AA cos loss: 0.001204
[Train] Batch 030 | I(t;x): 1.8275 | I(t;y): 0.0000 | Recon: 0.0304 | Total: 13.4730
   ↳ AA sample loss: 0.026611 | AA cos loss: 0.001236
[Train] Batch 040 | I(t;x): 1.8934 | I(t;y): 0.0000 | Recon: 0.0288 | Total: 13.2103
   ↳ AA sample loss: 0.026560 | AA cos loss: 0.001207

[Summary] Epoch 44 Train Total Loss: 13.3209
[Collapse Monitor] Avg intra-class archetype distance: 0.8689
=======================================================================

===================== Epoch 45/50 =====================
Mode: Full (KL + Recon + MI + full AA reconstruction + cos loss)
[Train] Batch 010 | I(t;x): 1.8363 | I(t;y): 0.0000 | Recon: 0.0288 | Total: 13.1410
   ↳ AA sample loss: 0.026478 | AA cos loss: 0.001242
[Train] Batch 020 | I(t;x): 1.8373 | I(t;y): 0.0000 | Recon: 0.0295 | Total: 13.2664
   ↳ AA sample loss: 0.026443 | AA cos loss: 0.001170
[Train] Batch 030 | I(t;x): 1.8399 | I(t;y): 0.0000 | Recon: 0.0307 | Total: 13.5133
   ↳ AA sample loss: 0.026401 | AA cos loss: 0.001246
[Train] Batch 040 | I(t;x): 1.8639 | I(t;y): 0.0000 | Recon: 0.0303 | Total: 13.4432
   ↳ AA sample loss: 0.026365 | AA cos loss: 0.001257

[Summary] Epoch 45 Train Total Loss: 13.2947
[Collapse Monitor] Avg intra-class archetype distance: 0.8858
=======================================================================

===================== Epoch 46/50 =====================
Mode: Full (KL + Recon + MI + full AA reconstruction + cos loss)
[Train] Batch 010 | I(t;x): 1.8198 | I(t;y): 0.0000 | Recon: 0.0299 | Total: 13.3058
   ↳ AA sample loss: 0.026300 | AA cos loss: 0.001194
[Train] Batch 020 | I(t;x): 1.8545 | I(t;y): 0.0000 | Recon: 0.0298 | Total: 13.3152
   ↳ AA sample loss: 0.026250 | AA cos loss: 0.001205
[Train] Batch 030 | I(t;x): 1.8435 | I(t;y): 0.0000 | Recon: 0.0293 | Total: 13.1884
   ↳ AA sample loss: 0.026182 | AA cos loss: 0.001284
[Train] Batch 040 | I(t;x): 1.8243 | I(t;y): 0.0000 | Recon: 0.0305 | Total: 13.4024
   ↳ AA sample loss: 0.026114 | AA cos loss: 0.001298

[Summary] Epoch 46 Train Total Loss: 13.2443
[Collapse Monitor] Avg intra-class archetype distance: 0.9037
=======================================================================

===================== Epoch 47/50 =====================
Mode: Full (KL + Recon + MI + full AA reconstruction + cos loss)
[Train] Batch 010 | I(t;x): 1.8212 | I(t;y): 0.0000 | Recon: 0.0293 | Total: 13.1449
   ↳ AA sample loss: 0.026056 | AA cos loss: 0.001274
[Train] Batch 020 | I(t;x): 1.8534 | I(t;y): 0.0000 | Recon: 0.0299 | Total: 13.2811
   ↳ AA sample loss: 0.026000 | AA cos loss: 0.001253
[Train] Batch 030 | I(t;x): 1.8375 | I(t;y): 0.0000 | Recon: 0.0284 | Total: 12.9539
   ↳ AA sample loss: 0.025931 | AA cos loss: 0.001294
[Train] Batch 040 | I(t;x): 1.8268 | I(t;y): 0.0000 | Recon: 0.0292 | Total: 13.0883
   ↳ AA sample loss: 0.025888 | AA cos loss: 0.001208

[Summary] Epoch 47 Train Total Loss: 13.1367
[Collapse Monitor] Avg intra-class archetype distance: 0.9223
=======================================================================

===================== Epoch 48/50 =====================
Mode: Full (KL + Recon + MI + full AA reconstruction + cos loss)
[Train] Batch 010 | I(t;x): 1.8243 | I(t;y): 0.0000 | Recon: 0.0297 | Total: 13.2061
   ↳ AA sample loss: 0.025799 | AA cos loss: 0.001363
[Train] Batch 020 | I(t;x): 1.8782 | I(t;y): 0.0000 | Recon: 0.0275 | Total: 12.7708
   ↳ AA sample loss: 0.025757 | AA cos loss: 0.001237
[Train] Batch 030 | I(t;x): 1.8531 | I(t;y): 0.0000 | Recon: 0.0277 | Total: 12.7717
   ↳ AA sample loss: 0.025670 | AA cos loss: 0.001246
[Train] Batch 040 | I(t;x): 1.8704 | I(t;y): 0.0000 | Recon: 0.0300 | Total: 13.2447
   ↳ AA sample loss: 0.025621 | AA cos loss: 0.001235

[Summary] Epoch 48 Train Total Loss: 13.1083
[Collapse Monitor] Avg intra-class archetype distance: 0.9410
=======================================================================

===================== Epoch 49/50 =====================
Mode: Full (KL + Recon + MI + full AA reconstruction + cos loss)
[Train] Batch 010 | I(t;x): 1.8390 | I(t;y): 0.0000 | Recon: 0.0295 | Total: 13.1178
   ↳ AA sample loss: 0.025530 | AA cos loss: 0.001364
[Train] Batch 020 | I(t;x): 1.8401 | I(t;y): 0.0000 | Recon: 0.0298 | Total: 13.1675
   ↳ AA sample loss: 0.025461 | AA cos loss: 0.001387
[Train] Batch 030 | I(t;x): 1.8126 | I(t;y): 0.0000 | Recon: 0.0306 | Total: 13.2883
   ↳ AA sample loss: 0.025386 | AA cos loss: 0.001371
[Train] Batch 040 | I(t;x): 1.8600 | I(t;y): 0.0000 | Recon: 0.0294 | Total: 13.0672
   ↳ AA sample loss: 0.025333 | AA cos loss: 0.001312

[Summary] Epoch 49 Train Total Loss: 13.0920
[Collapse Monitor] Avg intra-class archetype distance: 0.9579
=======================================================================

===================== Epoch 50/50 =====================
Mode: Full (KL + Recon + MI + full AA reconstruction + cos loss)
[Train] Batch 010 | I(t;x): 1.8672 | I(t;y): 0.0000 | Recon: 0.0282 | Total: 12.8326
   ↳ AA sample loss: 0.025244 | AA cos loss: 0.001337
[Train] Batch 020 | I(t;x): 1.8383 | I(t;y): 0.0000 | Recon: 0.0298 | Total: 13.0944
   ↳ AA sample loss: 0.025166 | AA cos loss: 0.001359
[Train] Batch 030 | I(t;x): 1.8493 | I(t;y): 0.0000 | Recon: 0.0294 | Total: 13.0298
   ↳ AA sample loss: 0.025109 | AA cos loss: 0.001432
[Train] Batch 040 | I(t;x): 1.8524 | I(t;y): 0.0000 | Recon: 0.0289 | Total: 12.9078
   ↳ AA sample loss: 0.025019 | AA cos loss: 0.001365

[Summary] Epoch 50 Train Total Loss: 12.9918
[Collapse Monitor] Avg intra-class archetype distance: 0.9769
=======================================================================

[Save] Epoch losses saved to: results/kmnist/seed_43_aa_5/epoch_total_losses.pkl
[Save] Final archetype coordinates saved to: results/kmnist/seed_43_aa_5/final_archetypes.npy (shape: (50, 32))
[Save] Decoded archetype images saved to: results/kmnist/seed_43_aa_5/final_archetypes_decoded.npy (shape: (50, 1, 28, 28))
[Save] Sample-to-AA weight parameters saved to: results/kmnist/seed_43_aa_5/fc_sample_to_aa_weights.pth
[Save] Final model weights saved to: results/kmnist/seed_43_aa_5/model_final.pth
