[Init] Using device: cuda
[Config] Parameters saved to: results/kmnist/seed_45_aa_3/params.json
[Training Start] 50 epochs total
Warmup: first 5 epochs | Semantic: 6–10 | AA starts from 11
[Config] batch_size=500 | lr=0.005 | gamma=200 | cos_sim_weight=1.0

===================== Epoch 1/50 =====================
Mode: Warmup (KL + Reconstruction)
[Train] Batch 010 | I(t;x): 0.0745 | I(t;y): 2.3008 | Recon: 0.1579 | Total: 31.6526
[Train] Batch 020 | I(t;x): 0.0323 | I(t;y): 2.3014 | Recon: 0.1588 | Total: 31.7978
[Train] Batch 030 | I(t;x): 0.0244 | I(t;y): 2.3016 | Recon: 0.1565 | Total: 31.3261
[Train] Batch 040 | I(t;x): 0.6126 | I(t;y): 2.3017 | Recon: 0.1257 | Total: 25.7448

[Summary] Epoch 1 Train Total Loss: 18773.8287
=======================================================================

===================== Epoch 2/50 =====================
Mode: Warmup (KL + Reconstruction)
[Train] Batch 010 | I(t;x): 0.5745 | I(t;y): 2.3020 | Recon: 0.1083 | Total: 22.2253
[Train] Batch 020 | I(t;x): 0.4221 | I(t;y): 2.3021 | Recon: 0.1080 | Total: 22.0243
[Train] Batch 030 | I(t;x): 0.5323 | I(t;y): 2.3019 | Recon: 0.0999 | Total: 20.5031
[Train] Batch 040 | I(t;x): 0.5017 | I(t;y): 2.3019 | Recon: 0.0973 | Total: 19.9666

[Summary] Epoch 2 Train Total Loss: 21.5206
=======================================================================

===================== Epoch 3/50 =====================
Mode: Warmup (KL + Reconstruction)
[Train] Batch 010 | I(t;x): 0.4929 | I(t;y): 2.3018 | Recon: 0.0930 | Total: 19.0831
[Train] Batch 020 | I(t;x): 0.6101 | I(t;y): 2.3017 | Recon: 0.0909 | Total: 18.7817
[Train] Batch 030 | I(t;x): 0.6599 | I(t;y): 2.3016 | Recon: 0.0895 | Total: 18.5621
[Train] Batch 040 | I(t;x): 0.7051 | I(t;y): 2.3014 | Recon: 0.0852 | Total: 17.7503

[Summary] Epoch 3 Train Total Loss: 18.8085
=======================================================================

===================== Epoch 4/50 =====================
Mode: Warmup (KL + Reconstruction)
[Train] Batch 010 | I(t;x): 0.8771 | I(t;y): 2.3014 | Recon: 0.0832 | Total: 17.5194
[Train] Batch 020 | I(t;x): 0.9327 | I(t;y): 2.3014 | Recon: 0.0793 | Total: 16.7934
[Train] Batch 030 | I(t;x): 1.0312 | I(t;y): 2.3012 | Recon: 0.0729 | Total: 15.6150
[Train] Batch 040 | I(t;x): 1.1273 | I(t;y): 2.3010 | Recon: 0.0727 | Total: 15.6643

[Summary] Epoch 4 Train Total Loss: 16.4918
=======================================================================

===================== Epoch 5/50 =====================
Mode: Warmup (KL + Reconstruction)
[Train] Batch 010 | I(t;x): 1.0059 | I(t;y): 2.3012 | Recon: 0.0685 | Total: 14.7074
[Train] Batch 020 | I(t;x): 1.0988 | I(t;y): 2.3011 | Recon: 0.0654 | Total: 14.1815
[Train] Batch 030 | I(t;x): 1.0671 | I(t;y): 2.3012 | Recon: 0.0628 | Total: 13.6263
[Train] Batch 040 | I(t;x): 1.1612 | I(t;y): 2.3011 | Recon: 0.0623 | Total: 13.6209

[Summary] Epoch 5 Train Total Loss: 14.4158
=======================================================================

===================== Epoch 6/50 =====================
Mode: Semantic (KL + Recon + weak MI)
[Train] Batch 010 | I(t;x): 1.1219 | I(t;y): 2.1513 | Recon: 0.0606 | Total: 13.2505
[Train] Batch 020 | I(t;x): 1.1378 | I(t;y): 1.6949 | Recon: 0.0582 | Total: 12.7934
[Train] Batch 030 | I(t;x): 1.1242 | I(t;y): 1.2054 | Recon: 0.0579 | Total: 12.7123
[Train] Batch 040 | I(t;x): 1.1638 | I(t;y): 0.1992 | Recon: 0.0557 | Total: 12.2988

[Summary] Epoch 6 Train Total Loss: 12.8900
=======================================================================

===================== Epoch 7/50 =====================
Mode: Semantic (KL + Recon + weak MI)
[Train] Batch 010 | I(t;x): 1.1732 | I(t;y): 0.0216 | Recon: 0.0540 | Total: 11.9825
[Train] Batch 020 | I(t;x): 1.1837 | I(t;y): 0.0030 | Recon: 0.0571 | Total: 12.5993
[Train] Batch 030 | I(t;x): 1.1805 | I(t;y): 0.0008 | Recon: 0.0509 | Total: 11.3702
[Train] Batch 040 | I(t;x): 1.1730 | I(t;y): 0.0008 | Recon: 0.0522 | Total: 11.6153

[Summary] Epoch 7 Train Total Loss: 11.9411
=======================================================================

===================== Epoch 8/50 =====================
Mode: Semantic (KL + Recon + weak MI)
[Train] Batch 010 | I(t;x): 1.1889 | I(t;y): 0.0005 | Recon: 0.0514 | Total: 11.4701
[Train] Batch 020 | I(t;x): 1.2320 | I(t;y): 0.0003 | Recon: 0.0492 | Total: 11.0787
[Train] Batch 030 | I(t;x): 1.2108 | I(t;y): 0.0003 | Recon: 0.0481 | Total: 10.8225
[Train] Batch 040 | I(t;x): 1.2225 | I(t;y): 0.0003 | Recon: 0.0485 | Total: 10.9314

[Summary] Epoch 8 Train Total Loss: 11.1908
=======================================================================

===================== Epoch 9/50 =====================
Mode: Semantic (KL + Recon + weak MI)
[Train] Batch 010 | I(t;x): 1.2184 | I(t;y): 0.0003 | Recon: 0.0484 | Total: 10.9058
[Train] Batch 020 | I(t;x): 1.2619 | I(t;y): 0.0003 | Recon: 0.0465 | Total: 10.5581
[Train] Batch 030 | I(t;x): 1.2045 | I(t;y): 0.0002 | Recon: 0.0476 | Total: 10.7168
[Train] Batch 040 | I(t;x): 1.2569 | I(t;y): 0.0002 | Recon: 0.0465 | Total: 10.5514

[Summary] Epoch 9 Train Total Loss: 10.7470
=======================================================================

===================== Epoch 10/50 =====================
Mode: Semantic (KL + Recon + weak MI)
[Train] Batch 010 | I(t;x): 1.2783 | I(t;y): 0.0001 | Recon: 0.0455 | Total: 10.3825
[Train] Batch 020 | I(t;x): 1.2550 | I(t;y): 0.0001 | Recon: 0.0466 | Total: 10.5717
[Train] Batch 030 | I(t;x): 1.2222 | I(t;y): 0.0001 | Recon: 0.0470 | Total: 10.6206
[Train] Batch 040 | I(t;x): 1.2468 | I(t;y): 0.0001 | Recon: 0.0452 | Total: 10.2930

[Summary] Epoch 10 Train Total Loss: 10.4208
=======================================================================

===================== Epoch 11/50 =====================
Mode: Full (KL + Recon + MI + full AA reconstruction + cos loss)
[Init] Initializing class-wise archetypes (multi-seed + fallback)...
[Init] Archetypes initialized.
[Train] Batch 010 | I(t;x): 1.7538 | I(t;y): 0.0000 | Recon: 0.0912 | Total: 30.2401
   ↳ AA sample loss: 0.024169 | AA cos loss: 0.027060
[Train] Batch 020 | I(t;x): 1.9618 | I(t;y): 0.0000 | Recon: 0.0774 | Total: 23.6516
   ↳ AA sample loss: 0.023478 | AA cos loss: 0.007543
[Train] Batch 030 | I(t;x): 2.0827 | I(t;y): 0.0000 | Recon: 0.0736 | Total: 22.6618
   ↳ AA sample loss: 0.023630 | AA cos loss: 0.005695
[Train] Batch 040 | I(t;x): 2.0825 | I(t;y): 0.0000 | Recon: 0.0644 | Total: 20.7700
   ↳ AA sample loss: 0.023400 | AA cos loss: 0.005595

[Summary] Epoch 11 Train Total Loss: 37.3278
[Collapse Monitor] Avg intra-class archetype distance: 0.4488
=======================================================================

===================== Epoch 12/50 =====================
Mode: Full (KL + Recon + MI + full AA reconstruction + cos loss)
[Train] Batch 010 | I(t;x): 2.2028 | I(t;y): 0.0000 | Recon: 0.0620 | Total: 20.0956
   ↳ AA sample loss: 0.023293 | AA cos loss: 0.004211
[Train] Batch 020 | I(t;x): 2.1715 | I(t;y): 0.0000 | Recon: 0.0595 | Total: 19.5472
   ↳ AA sample loss: 0.023157 | AA cos loss: 0.004205
[Train] Batch 030 | I(t;x): 2.1474 | I(t;y): 0.0000 | Recon: 0.0585 | Total: 19.3455
   ↳ AA sample loss: 0.023020 | AA cos loss: 0.004450
[Train] Batch 040 | I(t;x): 2.1287 | I(t;y): 0.0000 | Recon: 0.0557 | Total: 18.6422
   ↳ AA sample loss: 0.022890 | AA cos loss: 0.003957

[Summary] Epoch 12 Train Total Loss: 19.6536
[Collapse Monitor] Avg intra-class archetype distance: 0.4535
=======================================================================

===================== Epoch 13/50 =====================
Mode: Full (KL + Recon + MI + full AA reconstruction + cos loss)
[Train] Batch 010 | I(t;x): 2.1034 | I(t;y): 0.0000 | Recon: 0.0550 | Total: 18.4145
   ↳ AA sample loss: 0.022711 | AA cos loss: 0.003828
[Train] Batch 020 | I(t;x): 2.0939 | I(t;y): 0.0000 | Recon: 0.0540 | Total: 18.1462
   ↳ AA sample loss: 0.022544 | AA cos loss: 0.003707
[Train] Batch 030 | I(t;x): 2.1305 | I(t;y): 0.0000 | Recon: 0.0532 | Total: 17.9767
   ↳ AA sample loss: 0.022386 | AA cos loss: 0.003605
[Train] Batch 040 | I(t;x): 2.1373 | I(t;y): 0.0000 | Recon: 0.0548 | Total: 18.2132
   ↳ AA sample loss: 0.022181 | AA cos loss: 0.003361

[Summary] Epoch 13 Train Total Loss: 18.3219
[Collapse Monitor] Avg intra-class archetype distance: 0.4612
=======================================================================

===================== Epoch 14/50 =====================
Mode: Full (KL + Recon + MI + full AA reconstruction + cos loss)
[Train] Batch 010 | I(t;x): 2.0974 | I(t;y): 0.0000 | Recon: 0.0533 | Total: 17.8347
   ↳ AA sample loss: 0.021966 | AA cos loss: 0.003410
[Train] Batch 020 | I(t;x): 2.0784 | I(t;y): 0.0000 | Recon: 0.0519 | Total: 17.4868
   ↳ AA sample loss: 0.021733 | AA cos loss: 0.003369
[Train] Batch 030 | I(t;x): 2.1033 | I(t;y): 0.0000 | Recon: 0.0511 | Total: 17.2657
   ↳ AA sample loss: 0.021486 | AA cos loss: 0.003195
[Train] Batch 040 | I(t;x): 2.1465 | I(t;y): 0.0000 | Recon: 0.0522 | Total: 17.4661
   ↳ AA sample loss: 0.021201 | AA cos loss: 0.003216

[Summary] Epoch 14 Train Total Loss: 17.6193
[Collapse Monitor] Avg intra-class archetype distance: 0.4729
=======================================================================

===================== Epoch 15/50 =====================
Mode: Full (KL + Recon + MI + full AA reconstruction + cos loss)
[Train] Batch 010 | I(t;x): 2.1414 | I(t;y): 0.0000 | Recon: 0.0522 | Total: 17.3745
   ↳ AA sample loss: 0.020898 | AA cos loss: 0.003113
[Train] Batch 020 | I(t;x): 2.1316 | I(t;y): 0.0000 | Recon: 0.0513 | Total: 17.1090
   ↳ AA sample loss: 0.020602 | AA cos loss: 0.003010
[Train] Batch 030 | I(t;x): 2.1180 | I(t;y): 0.0000 | Recon: 0.0495 | Total: 16.6742
   ↳ AA sample loss: 0.020276 | AA cos loss: 0.002968
[Train] Batch 040 | I(t;x): 2.1002 | I(t;y): 0.0000 | Recon: 0.0492 | Total: 16.5021
   ↳ AA sample loss: 0.019935 | AA cos loss: 0.002914

[Summary] Epoch 15 Train Total Loss: 16.9635
[Collapse Monitor] Avg intra-class archetype distance: 0.4877
=======================================================================

===================== Epoch 16/50 =====================
Mode: Full (KL + Recon + MI + full AA reconstruction + cos loss)
[Train] Batch 010 | I(t;x): 2.1163 | I(t;y): 0.0000 | Recon: 0.0503 | Total: 16.6632
   ↳ AA sample loss: 0.019548 | AA cos loss: 0.002870
[Train] Batch 020 | I(t;x): 2.1448 | I(t;y): 0.0000 | Recon: 0.0488 | Total: 16.2983
   ↳ AA sample loss: 0.019118 | AA cos loss: 0.002842
[Train] Batch 030 | I(t;x): 2.1137 | I(t;y): 0.0000 | Recon: 0.0479 | Total: 15.9895
   ↳ AA sample loss: 0.018695 | AA cos loss: 0.002816
[Train] Batch 040 | I(t;x): 2.0622 | I(t;y): 0.0000 | Recon: 0.0501 | Total: 16.2852
   ↳ AA sample loss: 0.018227 | AA cos loss: 0.002816

[Summary] Epoch 16 Train Total Loss: 16.3948
[Collapse Monitor] Avg intra-class archetype distance: 0.5060
=======================================================================

===================== Epoch 17/50 =====================
Mode: Full (KL + Recon + MI + full AA reconstruction + cos loss)
[Train] Batch 010 | I(t;x): 2.1342 | I(t;y): 0.0000 | Recon: 0.0485 | Total: 15.9760
   ↳ AA sample loss: 0.017748 | AA cos loss: 0.002944
[Train] Batch 020 | I(t;x): 2.0868 | I(t;y): 0.0000 | Recon: 0.0493 | Total: 15.9591
   ↳ AA sample loss: 0.017264 | AA cos loss: 0.002772
[Train] Batch 030 | I(t;x): 2.1594 | I(t;y): 0.0000 | Recon: 0.0474 | Total: 15.5804
   ↳ AA sample loss: 0.016744 | AA cos loss: 0.002932
[Train] Batch 040 | I(t;x): 2.1791 | I(t;y): 0.0000 | Recon: 0.0480 | Total: 15.5695
   ↳ AA sample loss: 0.016157 | AA cos loss: 0.002796

[Summary] Epoch 17 Train Total Loss: 15.8672
[Collapse Monitor] Avg intra-class archetype distance: 0.5248
=======================================================================

===================== Epoch 18/50 =====================
Mode: Full (KL + Recon + MI + full AA reconstruction + cos loss)
[Train] Batch 010 | I(t;x): 2.0807 | I(t;y): 0.0000 | Recon: 0.0481 | Total: 15.3872
   ↳ AA sample loss: 0.015600 | AA cos loss: 0.002862
[Train] Batch 020 | I(t;x): 2.0954 | I(t;y): 0.0000 | Recon: 0.0486 | Total: 15.4053
   ↳ AA sample loss: 0.015018 | AA cos loss: 0.002939
[Train] Batch 030 | I(t;x): 2.1043 | I(t;y): 0.0000 | Recon: 0.0463 | Total: 14.7973
   ↳ AA sample loss: 0.014373 | AA cos loss: 0.002804
[Train] Batch 040 | I(t;x): 2.0975 | I(t;y): 0.0000 | Recon: 0.0485 | Total: 15.1031
   ↳ AA sample loss: 0.013713 | AA cos loss: 0.002843

[Summary] Epoch 18 Train Total Loss: 15.1704
[Collapse Monitor] Avg intra-class archetype distance: 0.5416
=======================================================================

===================== Epoch 19/50 =====================
Mode: Full (KL + Recon + MI + full AA reconstruction + cos loss)
[Train] Batch 010 | I(t;x): 2.1277 | I(t;y): 0.0000 | Recon: 0.0472 | Total: 14.7600
   ↳ AA sample loss: 0.013055 | AA cos loss: 0.002876
[Train] Batch 020 | I(t;x): 2.1525 | I(t;y): 0.0000 | Recon: 0.0469 | Total: 14.5653
   ↳ AA sample loss: 0.012378 | AA cos loss: 0.002830
[Train] Batch 030 | I(t;x): 2.1284 | I(t;y): 0.0000 | Recon: 0.0463 | Total: 14.2959
   ↳ AA sample loss: 0.011686 | AA cos loss: 0.002838
[Train] Batch 040 | I(t;x): 2.1096 | I(t;y): 0.0000 | Recon: 0.0470 | Total: 14.2696
   ↳ AA sample loss: 0.010990 | AA cos loss: 0.002832

[Summary] Epoch 19 Train Total Loss: 14.5795
[Collapse Monitor] Avg intra-class archetype distance: 0.5536
=======================================================================

===================== Epoch 20/50 =====================
Mode: Full (KL + Recon + MI + full AA reconstruction + cos loss)
[Train] Batch 010 | I(t;x): 2.1723 | I(t;y): 0.0000 | Recon: 0.0461 | Total: 14.0236
   ↳ AA sample loss: 0.010365 | AA cos loss: 0.002840
[Train] Batch 020 | I(t;x): 2.1383 | I(t;y): 0.0000 | Recon: 0.0452 | Total: 13.6835
   ↳ AA sample loss: 0.009774 | AA cos loss: 0.002776
[Train] Batch 030 | I(t;x): 2.1409 | I(t;y): 0.0000 | Recon: 0.0470 | Total: 13.9183
   ↳ AA sample loss: 0.009150 | AA cos loss: 0.002738
[Train] Batch 040 | I(t;x): 2.1548 | I(t;y): 0.0000 | Recon: 0.0458 | Total: 13.5759
   ↳ AA sample loss: 0.008562 | AA cos loss: 0.002787

[Summary] Epoch 20 Train Total Loss: 13.9679
[Collapse Monitor] Avg intra-class archetype distance: 0.5599
=======================================================================

===================== Epoch 21/50 =====================
Mode: Full (KL + Recon + MI + full AA reconstruction + cos loss)
[Train] Batch 010 | I(t;x): 2.1811 | I(t;y): 0.0000 | Recon: 0.0456 | Total: 13.4371
   ↳ AA sample loss: 0.007953 | AA cos loss: 0.002775
[Train] Batch 020 | I(t;x): 2.2367 | I(t;y): 0.0000 | Recon: 0.0481 | Total: 13.8581
   ↳ AA sample loss: 0.007364 | AA cos loss: 0.002646
[Train] Batch 030 | I(t;x): 2.1424 | I(t;y): 0.0000 | Recon: 0.0464 | Total: 13.4548
   ↳ AA sample loss: 0.007025 | AA cos loss: 0.003158
[Train] Batch 040 | I(t;x): 2.1536 | I(t;y): 0.0000 | Recon: 0.0456 | Total: 13.1606
   ↳ AA sample loss: 0.006592 | AA cos loss: 0.002798

[Summary] Epoch 21 Train Total Loss: 13.6435
[Collapse Monitor] Avg intra-class archetype distance: 0.5614
=======================================================================

===================== Epoch 22/50 =====================
Mode: Full (KL + Recon + MI + full AA reconstruction + cos loss)
[Train] Batch 010 | I(t;x): 2.1384 | I(t;y): 0.0000 | Recon: 0.0466 | Total: 13.2206
   ↳ AA sample loss: 0.006178 | AA cos loss: 0.002614
[Train] Batch 020 | I(t;x): 2.1610 | I(t;y): 0.0000 | Recon: 0.0460 | Total: 13.0801
   ↳ AA sample loss: 0.005811 | AA cos loss: 0.002795
[Train] Batch 030 | I(t;x): 2.1498 | I(t;y): 0.0000 | Recon: 0.0468 | Total: 13.1129
   ↳ AA sample loss: 0.005467 | AA cos loss: 0.002586
[Train] Batch 040 | I(t;x): 2.1589 | I(t;y): 0.0000 | Recon: 0.0447 | Total: 12.6639
   ↳ AA sample loss: 0.005134 | AA cos loss: 0.002652

[Summary] Epoch 22 Train Total Loss: 13.0006
[Collapse Monitor] Avg intra-class archetype distance: 0.5599
=======================================================================

===================== Epoch 23/50 =====================
Mode: Full (KL + Recon + MI + full AA reconstruction + cos loss)
[Train] Batch 010 | I(t;x): 2.1751 | I(t;y): 0.0000 | Recon: 0.0439 | Total: 12.5033
   ↳ AA sample loss: 0.004841 | AA cos loss: 0.002875
[Train] Batch 020 | I(t;x): 2.1906 | I(t;y): 0.0000 | Recon: 0.0445 | Total: 12.5043
   ↳ AA sample loss: 0.004508 | AA cos loss: 0.002565
[Train] Batch 030 | I(t;x): 2.1901 | I(t;y): 0.0000 | Recon: 0.0454 | Total: 12.6830
   ↳ AA sample loss: 0.004265 | AA cos loss: 0.002751
[Train] Batch 040 | I(t;x): 2.1814 | I(t;y): 0.0000 | Recon: 0.0464 | Total: 12.7988
   ↳ AA sample loss: 0.004029 | AA cos loss: 0.002664

[Summary] Epoch 23 Train Total Loss: 12.6749
[Collapse Monitor] Avg intra-class archetype distance: 0.5574
=======================================================================

===================== Epoch 24/50 =====================
Mode: Full (KL + Recon + MI + full AA reconstruction + cos loss)
[Train] Batch 010 | I(t;x): 2.1588 | I(t;y): 0.0000 | Recon: 0.0448 | Total: 12.4009
   ↳ AA sample loss: 0.003808 | AA cos loss: 0.002642
[Train] Batch 020 | I(t;x): 2.1566 | I(t;y): 0.0000 | Recon: 0.0446 | Total: 12.3577
   ↳ AA sample loss: 0.003638 | AA cos loss: 0.002750
[Train] Batch 030 | I(t;x): 2.2540 | I(t;y): 0.0000 | Recon: 0.0452 | Total: 12.4882
   ↳ AA sample loss: 0.003463 | AA cos loss: 0.002556
[Train] Batch 040 | I(t;x): 2.1670 | I(t;y): 0.0000 | Recon: 0.0457 | Total: 12.4661
   ↳ AA sample loss: 0.003292 | AA cos loss: 0.002514

[Summary] Epoch 24 Train Total Loss: 12.4606
[Collapse Monitor] Avg intra-class archetype distance: 0.5617
=======================================================================

===================== Epoch 25/50 =====================
Mode: Full (KL + Recon + MI + full AA reconstruction + cos loss)
[Train] Batch 010 | I(t;x): 2.1798 | I(t;y): 0.0000 | Recon: 0.0450 | Total: 12.3388
   ↳ AA sample loss: 0.003136 | AA cos loss: 0.002669
[Train] Batch 020 | I(t;x): 2.1740 | I(t;y): 0.0000 | Recon: 0.0453 | Total: 12.3408
   ↳ AA sample loss: 0.003007 | AA cos loss: 0.002564
[Train] Batch 030 | I(t;x): 2.2248 | I(t;y): 0.0000 | Recon: 0.0445 | Total: 12.2082
   ↳ AA sample loss: 0.002864 | AA cos loss: 0.002589
[Train] Batch 040 | I(t;x): 2.1580 | I(t;y): 0.0000 | Recon: 0.0448 | Total: 12.1589
   ↳ AA sample loss: 0.002741 | AA cos loss: 0.002477

[Summary] Epoch 25 Train Total Loss: 12.2698
[Collapse Monitor] Avg intra-class archetype distance: 0.5792
=======================================================================

===================== Epoch 26/50 =====================
Mode: Full (KL + Recon + MI + full AA reconstruction + cos loss)
[Train] Batch 010 | I(t;x): 2.1964 | I(t;y): 0.0000 | Recon: 0.0438 | Total: 12.0179
   ↳ AA sample loss: 0.002661 | AA cos loss: 0.002608
[Train] Batch 020 | I(t;x): 2.1346 | I(t;y): 0.0000 | Recon: 0.0441 | Total: 11.9613
   ↳ AA sample loss: 0.002553 | AA cos loss: 0.002504
[Train] Batch 030 | I(t;x): 2.1489 | I(t;y): 0.0000 | Recon: 0.0442 | Total: 12.0032
   ↳ AA sample loss: 0.002496 | AA cos loss: 0.002545
[Train] Batch 040 | I(t;x): 2.1980 | I(t;y): 0.0000 | Recon: 0.0455 | Total: 12.2743
   ↳ AA sample loss: 0.002420 | AA cos loss: 0.002412

[Summary] Epoch 26 Train Total Loss: 12.1008
[Collapse Monitor] Avg intra-class archetype distance: 0.6080
=======================================================================

===================== Epoch 27/50 =====================
Mode: Full (KL + Recon + MI + full AA reconstruction + cos loss)
[Train] Batch 010 | I(t;x): 2.1881 | I(t;y): 0.0000 | Recon: 0.0448 | Total: 12.0921
   ↳ AA sample loss: 0.002363 | AA cos loss: 0.002368
[Train] Batch 020 | I(t;x): 2.1638 | I(t;y): 0.0000 | Recon: 0.0451 | Total: 12.1043
   ↳ AA sample loss: 0.002282 | AA cos loss: 0.002343
[Train] Batch 030 | I(t;x): 2.1921 | I(t;y): 0.0000 | Recon: 0.0434 | Total: 11.7745
   ↳ AA sample loss: 0.002215 | AA cos loss: 0.002319
[Train] Batch 040 | I(t;x): 2.2399 | I(t;y): 0.0000 | Recon: 0.0435 | Total: 11.8226
   ↳ AA sample loss: 0.002167 | AA cos loss: 0.002292

[Summary] Epoch 27 Train Total Loss: 11.9325
[Collapse Monitor] Avg intra-class archetype distance: 0.6464
=======================================================================

===================== Epoch 28/50 =====================
Mode: Full (KL + Recon + MI + full AA reconstruction + cos loss)
[Train] Batch 010 | I(t;x): 2.1778 | I(t;y): 0.0000 | Recon: 0.0439 | Total: 11.8770
   ↳ AA sample loss: 0.002138 | AA cos loss: 0.002458
[Train] Batch 020 | I(t;x): 2.2009 | I(t;y): 0.0000 | Recon: 0.0438 | Total: 11.8464
   ↳ AA sample loss: 0.002068 | AA cos loss: 0.002377
[Train] Batch 030 | I(t;x): 2.2303 | I(t;y): 0.0000 | Recon: 0.0438 | Total: 11.8433
   ↳ AA sample loss: 0.002017 | AA cos loss: 0.002204
[Train] Batch 040 | I(t;x): 2.2089 | I(t;y): 0.0000 | Recon: 0.0436 | Total: 11.8095
   ↳ AA sample loss: 0.001994 | AA cos loss: 0.002359

[Summary] Epoch 28 Train Total Loss: 11.8289
[Collapse Monitor] Avg intra-class archetype distance: 0.6838
=======================================================================

===================== Epoch 29/50 =====================
Mode: Full (KL + Recon + MI + full AA reconstruction + cos loss)
[Train] Batch 010 | I(t;x): 2.1722 | I(t;y): 0.0000 | Recon: 0.0427 | Total: 11.5668
   ↳ AA sample loss: 0.001950 | AA cos loss: 0.002367
[Train] Batch 020 | I(t;x): 2.1920 | I(t;y): 0.0000 | Recon: 0.0428 | Total: 11.6100
   ↳ AA sample loss: 0.001923 | AA cos loss: 0.002323
[Train] Batch 030 | I(t;x): 2.1891 | I(t;y): 0.0000 | Recon: 0.0430 | Total: 11.6251
   ↳ AA sample loss: 0.001893 | AA cos loss: 0.002276
[Train] Batch 040 | I(t;x): 2.2256 | I(t;y): 0.0000 | Recon: 0.0435 | Total: 11.7767
   ↳ AA sample loss: 0.001873 | AA cos loss: 0.002369

[Summary] Epoch 29 Train Total Loss: 11.7000
[Collapse Monitor] Avg intra-class archetype distance: 0.7197
=======================================================================

===================== Epoch 30/50 =====================
Mode: Full (KL + Recon + MI + full AA reconstruction + cos loss)
[Train] Batch 010 | I(t;x): 2.2201 | I(t;y): 0.0000 | Recon: 0.0439 | Total: 11.8377
   ↳ AA sample loss: 0.001856 | AA cos loss: 0.002328
[Train] Batch 020 | I(t;x): 2.1898 | I(t;y): 0.0000 | Recon: 0.0426 | Total: 11.5324
   ↳ AA sample loss: 0.001828 | AA cos loss: 0.002291
[Train] Batch 030 | I(t;x): 2.1632 | I(t;y): 0.0000 | Recon: 0.0420 | Total: 11.3630
   ↳ AA sample loss: 0.001816 | AA cos loss: 0.002205
[Train] Batch 040 | I(t;x): 2.1683 | I(t;y): 0.0000 | Recon: 0.0428 | Total: 11.5449
   ↳ AA sample loss: 0.001798 | AA cos loss: 0.002301

[Summary] Epoch 30 Train Total Loss: 11.6564
[Collapse Monitor] Avg intra-class archetype distance: 0.7432
=======================================================================

===================== Epoch 31/50 =====================
Mode: Full (KL + Recon + MI + full AA reconstruction + cos loss)
[Train] Batch 010 | I(t;x): 2.1914 | I(t;y): 0.0000 | Recon: 0.0430 | Total: 11.5977
   ↳ AA sample loss: 0.001784 | AA cos loss: 0.002220
[Train] Batch 020 | I(t;x): 2.1661 | I(t;y): 0.0000 | Recon: 0.0418 | Total: 11.3493
   ↳ AA sample loss: 0.001776 | AA cos loss: 0.002360
[Train] Batch 030 | I(t;x): 2.1420 | I(t;y): 0.0000 | Recon: 0.0428 | Total: 11.5071
   ↳ AA sample loss: 0.001741 | AA cos loss: 0.002240
[Train] Batch 040 | I(t;x): 2.2422 | I(t;y): 0.0000 | Recon: 0.0428 | Total: 11.5761
   ↳ AA sample loss: 0.001730 | AA cos loss: 0.002177

[Summary] Epoch 31 Train Total Loss: 11.5734
[Collapse Monitor] Avg intra-class archetype distance: 0.7595
=======================================================================

===================== Epoch 32/50 =====================
Mode: Full (KL + Recon + MI + full AA reconstruction + cos loss)
[Train] Batch 010 | I(t;x): 2.2558 | I(t;y): 0.0000 | Recon: 0.0416 | Total: 11.3628
   ↳ AA sample loss: 0.001713 | AA cos loss: 0.002247
[Train] Batch 020 | I(t;x): 2.1702 | I(t;y): 0.0000 | Recon: 0.0447 | Total: 11.8915
   ↳ AA sample loss: 0.001695 | AA cos loss: 0.002242
[Train] Batch 030 | I(t;x): 2.2238 | I(t;y): 0.0000 | Recon: 0.0424 | Total: 11.4744
   ↳ AA sample loss: 0.001675 | AA cos loss: 0.002151
[Train] Batch 040 | I(t;x): 2.2144 | I(t;y): 0.0000 | Recon: 0.0438 | Total: 11.7520
   ↳ AA sample loss: 0.001662 | AA cos loss: 0.002272

[Summary] Epoch 32 Train Total Loss: 11.5740
[Collapse Monitor] Avg intra-class archetype distance: 0.7661
=======================================================================

===================== Epoch 33/50 =====================
Mode: Full (KL + Recon + MI + full AA reconstruction + cos loss)
[Train] Batch 010 | I(t;x): 2.2455 | I(t;y): 0.0000 | Recon: 0.0419 | Total: 11.3966
   ↳ AA sample loss: 0.001646 | AA cos loss: 0.002200
[Train] Batch 020 | I(t;x): 2.1957 | I(t;y): 0.0000 | Recon: 0.0423 | Total: 11.4390
   ↳ AA sample loss: 0.001637 | AA cos loss: 0.002236
[Train] Batch 030 | I(t;x): 2.1700 | I(t;y): 0.0000 | Recon: 0.0421 | Total: 11.3628
   ↳ AA sample loss: 0.001632 | AA cos loss: 0.002259
[Train] Batch 040 | I(t;x): 2.1347 | I(t;y): 0.0000 | Recon: 0.0420 | Total: 11.2952
   ↳ AA sample loss: 0.001619 | AA cos loss: 0.002169

[Summary] Epoch 33 Train Total Loss: 11.4582
[Collapse Monitor] Avg intra-class archetype distance: 0.7662
=======================================================================

===================== Epoch 34/50 =====================
Mode: Full (KL + Recon + MI + full AA reconstruction + cos loss)
[Train] Batch 010 | I(t;x): 2.1954 | I(t;y): 0.0000 | Recon: 0.0439 | Total: 11.7191
   ↳ AA sample loss: 0.001607 | AA cos loss: 0.002160
[Train] Batch 020 | I(t;x): 2.2272 | I(t;y): 0.0000 | Recon: 0.0421 | Total: 11.3849
   ↳ AA sample loss: 0.001591 | AA cos loss: 0.002133
[Train] Batch 030 | I(t;x): 2.2043 | I(t;y): 0.0000 | Recon: 0.0436 | Total: 11.6990
   ↳ AA sample loss: 0.001581 | AA cos loss: 0.002265
[Train] Batch 040 | I(t;x): 2.1977 | I(t;y): 0.0000 | Recon: 0.0416 | Total: 11.2647
   ↳ AA sample loss: 0.001566 | AA cos loss: 0.002151

[Summary] Epoch 34 Train Total Loss: 11.4232
[Collapse Monitor] Avg intra-class archetype distance: 0.7640
=======================================================================

===================== Epoch 35/50 =====================
Mode: Full (KL + Recon + MI + full AA reconstruction + cos loss)
[Train] Batch 010 | I(t;x): 2.1451 | I(t;y): 0.0000 | Recon: 0.0434 | Total: 11.5835
   ↳ AA sample loss: 0.001573 | AA cos loss: 0.002228
[Train] Batch 020 | I(t;x): 2.1486 | I(t;y): 0.0000 | Recon: 0.0427 | Total: 11.4075
   ↳ AA sample loss: 0.001554 | AA cos loss: 0.002013
[Train] Batch 030 | I(t;x): 2.1900 | I(t;y): 0.0000 | Recon: 0.0435 | Total: 11.6147
   ↳ AA sample loss: 0.001537 | AA cos loss: 0.002095
[Train] Batch 040 | I(t;x): 2.1719 | I(t;y): 0.0000 | Recon: 0.0426 | Total: 11.4135
   ↳ AA sample loss: 0.001540 | AA cos loss: 0.002110

[Summary] Epoch 35 Train Total Loss: 11.3110
[Collapse Monitor] Avg intra-class archetype distance: 0.7628
=======================================================================

===================== Epoch 36/50 =====================
Mode: Full (KL + Recon + MI + full AA reconstruction + cos loss)
[Train] Batch 010 | I(t;x): 2.1717 | I(t;y): 0.0000 | Recon: 0.0417 | Total: 11.2544
   ↳ AA sample loss: 0.001529 | AA cos loss: 0.002173
[Train] Batch 020 | I(t;x): 2.1263 | I(t;y): 0.0000 | Recon: 0.0426 | Total: 11.3615
   ↳ AA sample loss: 0.001515 | AA cos loss: 0.002096
[Train] Batch 030 | I(t;x): 2.2056 | I(t;y): 0.0000 | Recon: 0.0432 | Total: 11.5563
   ↳ AA sample loss: 0.001513 | AA cos loss: 0.002040
[Train] Batch 040 | I(t;x): 2.1817 | I(t;y): 0.0000 | Recon: 0.0413 | Total: 11.1664
   ↳ AA sample loss: 0.001501 | AA cos loss: 0.002088

[Summary] Epoch 36 Train Total Loss: 11.3046
[Collapse Monitor] Avg intra-class archetype distance: 0.7637
=======================================================================

===================== Epoch 37/50 =====================
Mode: Full (KL + Recon + MI + full AA reconstruction + cos loss)
[Train] Batch 010 | I(t;x): 2.1840 | I(t;y): 0.0000 | Recon: 0.0421 | Total: 11.3219
   ↳ AA sample loss: 0.001496 | AA cos loss: 0.002109
[Train] Batch 020 | I(t;x): 2.1635 | I(t;y): 0.0000 | Recon: 0.0442 | Total: 11.7377
   ↳ AA sample loss: 0.001491 | AA cos loss: 0.002181
[Train] Batch 030 | I(t;x): 2.1296 | I(t;y): 0.0000 | Recon: 0.0406 | Total: 10.9965
   ↳ AA sample loss: 0.001493 | AA cos loss: 0.002203
[Train] Batch 040 | I(t;x): 2.1808 | I(t;y): 0.0000 | Recon: 0.0419 | Total: 11.2634
   ↳ AA sample loss: 0.001475 | AA cos loss: 0.002058

[Summary] Epoch 37 Train Total Loss: 11.2663
[Collapse Monitor] Avg intra-class archetype distance: 0.7652
=======================================================================

===================== Epoch 38/50 =====================
Mode: Full (KL + Recon + MI + full AA reconstruction + cos loss)
[Train] Batch 010 | I(t;x): 2.2025 | I(t;y): 0.0000 | Recon: 0.0413 | Total: 11.1918
   ↳ AA sample loss: 0.001477 | AA cos loss: 0.002144
[Train] Batch 020 | I(t;x): 2.2181 | I(t;y): 0.0000 | Recon: 0.0429 | Total: 11.5215
   ↳ AA sample loss: 0.001472 | AA cos loss: 0.002145
[Train] Batch 030 | I(t;x): 2.1925 | I(t;y): 0.0000 | Recon: 0.0418 | Total: 11.2525
   ↳ AA sample loss: 0.001452 | AA cos loss: 0.002096
[Train] Batch 040 | I(t;x): 2.1656 | I(t;y): 0.0000 | Recon: 0.0417 | Total: 11.2219
   ↳ AA sample loss: 0.001455 | AA cos loss: 0.002155

[Summary] Epoch 38 Train Total Loss: 11.2758
[Collapse Monitor] Avg intra-class archetype distance: 0.7670
=======================================================================

===================== Epoch 39/50 =====================
Mode: Full (KL + Recon + MI + full AA reconstruction + cos loss)
[Train] Batch 010 | I(t;x): 2.1718 | I(t;y): 0.0000 | Recon: 0.0408 | Total: 11.0128
   ↳ AA sample loss: 0.001444 | AA cos loss: 0.001936
[Train] Batch 020 | I(t;x): 2.1667 | I(t;y): 0.0000 | Recon: 0.0435 | Total: 11.5647
   ↳ AA sample loss: 0.001459 | AA cos loss: 0.002066
[Train] Batch 030 | I(t;x): 2.1473 | I(t;y): 0.0000 | Recon: 0.0412 | Total: 11.1042
   ↳ AA sample loss: 0.001441 | AA cos loss: 0.002163
[Train] Batch 040 | I(t;x): 2.2123 | I(t;y): 0.0000 | Recon: 0.0408 | Total: 11.0586
   ↳ AA sample loss: 0.001428 | AA cos loss: 0.002014

[Summary] Epoch 39 Train Total Loss: 11.0908
[Collapse Monitor] Avg intra-class archetype distance: 0.7687
=======================================================================

===================== Epoch 40/50 =====================
Mode: Full (KL + Recon + MI + full AA reconstruction + cos loss)
[Train] Batch 010 | I(t;x): 2.2299 | I(t;y): 0.0000 | Recon: 0.0419 | Total: 11.3226
   ↳ AA sample loss: 0.001432 | AA cos loss: 0.002145
[Train] Batch 020 | I(t;x): 2.2638 | I(t;y): 0.0000 | Recon: 0.0398 | Total: 10.9065
   ↳ AA sample loss: 0.001397 | AA cos loss: 0.002049
[Train] Batch 030 | I(t;x): 2.1917 | I(t;y): 0.0000 | Recon: 0.0416 | Total: 11.2147
   ↳ AA sample loss: 0.001419 | AA cos loss: 0.002085
[Train] Batch 040 | I(t;x): 2.1912 | I(t;y): 0.0000 | Recon: 0.0408 | Total: 11.0570
   ↳ AA sample loss: 0.001415 | AA cos loss: 0.002106

[Summary] Epoch 40 Train Total Loss: 11.1546
[Collapse Monitor] Avg intra-class archetype distance: 0.7714
=======================================================================

===================== Epoch 41/50 =====================
Mode: Full (KL + Recon + MI + full AA reconstruction + cos loss)
[Train] Batch 010 | I(t;x): 2.1842 | I(t;y): 0.0000 | Recon: 0.0414 | Total: 11.1626
   ↳ AA sample loss: 0.001408 | AA cos loss: 0.002057
[Train] Batch 020 | I(t;x): 2.2116 | I(t;y): 0.0000 | Recon: 0.0407 | Total: 11.0335
   ↳ AA sample loss: 0.001394 | AA cos loss: 0.002004
[Train] Batch 030 | I(t;x): 2.2323 | I(t;y): 0.0000 | Recon: 0.0405 | Total: 11.0090
   ↳ AA sample loss: 0.001384 | AA cos loss: 0.002016
[Train] Batch 040 | I(t;x): 2.2023 | I(t;y): 0.0000 | Recon: 0.0401 | Total: 10.9094
   ↳ AA sample loss: 0.001379 | AA cos loss: 0.002070

[Summary] Epoch 41 Train Total Loss: 11.1015
[Collapse Monitor] Avg intra-class archetype distance: 0.7744
=======================================================================

===================== Epoch 42/50 =====================
Mode: Full (KL + Recon + MI + full AA reconstruction + cos loss)
[Train] Batch 010 | I(t;x): 2.2171 | I(t;y): 0.0000 | Recon: 0.0417 | Total: 11.2445
   ↳ AA sample loss: 0.001390 | AA cos loss: 0.002015
[Train] Batch 020 | I(t;x): 2.1700 | I(t;y): 0.0000 | Recon: 0.0406 | Total: 10.9726
   ↳ AA sample loss: 0.001373 | AA cos loss: 0.002049
[Train] Batch 030 | I(t;x): 2.1847 | I(t;y): 0.0000 | Recon: 0.0421 | Total: 11.2720
   ↳ AA sample loss: 0.001367 | AA cos loss: 0.002000
[Train] Batch 040 | I(t;x): 2.1669 | I(t;y): 0.0000 | Recon: 0.0414 | Total: 11.1304
   ↳ AA sample loss: 0.001358 | AA cos loss: 0.002047

[Summary] Epoch 42 Train Total Loss: 11.0800
[Collapse Monitor] Avg intra-class archetype distance: 0.7744
=======================================================================

===================== Epoch 43/50 =====================
Mode: Full (KL + Recon + MI + full AA reconstruction + cos loss)
[Train] Batch 010 | I(t;x): 2.1996 | I(t;y): 0.0000 | Recon: 0.0403 | Total: 10.9390
   ↳ AA sample loss: 0.001355 | AA cos loss: 0.002061
[Train] Batch 020 | I(t;x): 2.1797 | I(t;y): 0.0000 | Recon: 0.0409 | Total: 11.0332
   ↳ AA sample loss: 0.001356 | AA cos loss: 0.001986
[Train] Batch 030 | I(t;x): 2.1802 | I(t;y): 0.0000 | Recon: 0.0394 | Total: 10.7326
   ↳ AA sample loss: 0.001359 | AA cos loss: 0.001986
[Train] Batch 040 | I(t;x): 2.2484 | I(t;y): 0.0000 | Recon: 0.0416 | Total: 11.2363
   ↳ AA sample loss: 0.001351 | AA cos loss: 0.001971

[Summary] Epoch 43 Train Total Loss: 10.9678
[Collapse Monitor] Avg intra-class archetype distance: 0.7717
=======================================================================

===================== Epoch 44/50 =====================
Mode: Full (KL + Recon + MI + full AA reconstruction + cos loss)
[Train] Batch 010 | I(t;x): 2.2500 | I(t;y): 0.0000 | Recon: 0.0411 | Total: 11.1698
   ↳ AA sample loss: 0.001353 | AA cos loss: 0.002158
[Train] Batch 020 | I(t;x): 2.1822 | I(t;y): 0.0000 | Recon: 0.0397 | Total: 10.8205
   ↳ AA sample loss: 0.001346 | AA cos loss: 0.002179
[Train] Batch 030 | I(t;x): 2.2122 | I(t;y): 0.0000 | Recon: 0.0403 | Total: 10.9234
   ↳ AA sample loss: 0.001339 | AA cos loss: 0.001896
[Train] Batch 040 | I(t;x): 2.2013 | I(t;y): 0.0000 | Recon: 0.0389 | Total: 10.6503
   ↳ AA sample loss: 0.001338 | AA cos loss: 0.002043

[Summary] Epoch 44 Train Total Loss: 11.0572
[Collapse Monitor] Avg intra-class archetype distance: 0.7699
=======================================================================

===================== Epoch 45/50 =====================
Mode: Full (KL + Recon + MI + full AA reconstruction + cos loss)
[Train] Batch 010 | I(t;x): 2.2358 | I(t;y): 0.0000 | Recon: 0.0409 | Total: 11.0638
   ↳ AA sample loss: 0.001330 | AA cos loss: 0.001938
[Train] Batch 020 | I(t;x): 2.1988 | I(t;y): 0.0000 | Recon: 0.0404 | Total: 10.9525
   ↳ AA sample loss: 0.001327 | AA cos loss: 0.002006
[Train] Batch 030 | I(t;x): 2.1429 | I(t;y): 0.0000 | Recon: 0.0409 | Total: 10.9859
   ↳ AA sample loss: 0.001325 | AA cos loss: 0.001991
[Train] Batch 040 | I(t;x): 2.1921 | I(t;y): 0.0000 | Recon: 0.0405 | Total: 10.9407
   ↳ AA sample loss: 0.001321 | AA cos loss: 0.001963

[Summary] Epoch 45 Train Total Loss: 10.9713
[Collapse Monitor] Avg intra-class archetype distance: 0.7746
=======================================================================

===================== Epoch 46/50 =====================
Mode: Full (KL + Recon + MI + full AA reconstruction + cos loss)
[Train] Batch 010 | I(t;x): 2.1858 | I(t;y): 0.0000 | Recon: 0.0390 | Total: 10.6346
   ↳ AA sample loss: 0.001314 | AA cos loss: 0.001918
[Train] Batch 020 | I(t;x): 2.1996 | I(t;y): 0.0000 | Recon: 0.0393 | Total: 10.7010
   ↳ AA sample loss: 0.001298 | AA cos loss: 0.001895
[Train] Batch 030 | I(t;x): 2.2299 | I(t;y): 0.0000 | Recon: 0.0393 | Total: 10.7587
   ↳ AA sample loss: 0.001310 | AA cos loss: 0.002053
[Train] Batch 040 | I(t;x): 2.1795 | I(t;y): 0.0000 | Recon: 0.0400 | Total: 10.8354
   ↳ AA sample loss: 0.001299 | AA cos loss: 0.001977

[Summary] Epoch 46 Train Total Loss: 10.8966
[Collapse Monitor] Avg intra-class archetype distance: 0.7692
=======================================================================

===================== Epoch 47/50 =====================
Mode: Full (KL + Recon + MI + full AA reconstruction + cos loss)
[Train] Batch 010 | I(t;x): 2.2063 | I(t;y): 0.0000 | Recon: 0.0397 | Total: 10.8270
   ↳ AA sample loss: 0.001309 | AA cos loss: 0.002052
[Train] Batch 020 | I(t;x): 2.2157 | I(t;y): 0.0000 | Recon: 0.0397 | Total: 10.8008
   ↳ AA sample loss: 0.001290 | AA cos loss: 0.001941
[Train] Batch 030 | I(t;x): 2.2335 | I(t;y): 0.0000 | Recon: 0.0412 | Total: 11.1428
   ↳ AA sample loss: 0.001307 | AA cos loss: 0.002002
[Train] Batch 040 | I(t;x): 2.2163 | I(t;y): 0.0000 | Recon: 0.0399 | Total: 10.8943
   ↳ AA sample loss: 0.001309 | AA cos loss: 0.002142

[Summary] Epoch 47 Train Total Loss: 10.8885
[Collapse Monitor] Avg intra-class archetype distance: 0.7622
=======================================================================

===================== Epoch 48/50 =====================
Mode: Full (KL + Recon + MI + full AA reconstruction + cos loss)
[Train] Batch 010 | I(t;x): 2.1932 | I(t;y): 0.0000 | Recon: 0.0401 | Total: 10.8541
   ↳ AA sample loss: 0.001290 | AA cos loss: 0.001893
[Train] Batch 020 | I(t;x): 2.1924 | I(t;y): 0.0000 | Recon: 0.0387 | Total: 10.5600
   ↳ AA sample loss: 0.001284 | AA cos loss: 0.001878
[Train] Batch 030 | I(t;x): 2.1844 | I(t;y): 0.0000 | Recon: 0.0400 | Total: 10.8443
   ↳ AA sample loss: 0.001285 | AA cos loss: 0.001980
[Train] Batch 040 | I(t;x): 2.1790 | I(t;y): 0.0000 | Recon: 0.0396 | Total: 10.7362
   ↳ AA sample loss: 0.001282 | AA cos loss: 0.001907

[Summary] Epoch 48 Train Total Loss: 10.8341
[Collapse Monitor] Avg intra-class archetype distance: 0.7611
=======================================================================

===================== Epoch 49/50 =====================
Mode: Full (KL + Recon + MI + full AA reconstruction + cos loss)
[Train] Batch 010 | I(t;x): 2.2246 | I(t;y): 0.0000 | Recon: 0.0392 | Total: 10.6793
   ↳ AA sample loss: 0.001280 | AA cos loss: 0.001835
[Train] Batch 020 | I(t;x): 2.2041 | I(t;y): 0.0000 | Recon: 0.0396 | Total: 10.7584
   ↳ AA sample loss: 0.001275 | AA cos loss: 0.001864
[Train] Batch 030 | I(t;x): 2.1810 | I(t;y): 0.0000 | Recon: 0.0413 | Total: 11.0848
   ↳ AA sample loss: 0.001276 | AA cos loss: 0.001988
[Train] Batch 040 | I(t;x): 2.1492 | I(t;y): 0.0000 | Recon: 0.0390 | Total: 10.5929
   ↳ AA sample loss: 0.001271 | AA cos loss: 0.001928

[Summary] Epoch 49 Train Total Loss: 10.8296
[Collapse Monitor] Avg intra-class archetype distance: 0.7603
=======================================================================

===================== Epoch 50/50 =====================
Mode: Full (KL + Recon + MI + full AA reconstruction + cos loss)
[Train] Batch 010 | I(t;x): 2.1641 | I(t;y): 0.0000 | Recon: 0.0398 | Total: 10.7682
   ↳ AA sample loss: 0.001260 | AA cos loss: 0.001944
[Train] Batch 020 | I(t;x): 2.2180 | I(t;y): 0.0000 | Recon: 0.0408 | Total: 11.0395
   ↳ AA sample loss: 0.001278 | AA cos loss: 0.002001
[Train] Batch 030 | I(t;x): 2.1991 | I(t;y): 0.0000 | Recon: 0.0398 | Total: 10.7830
   ↳ AA sample loss: 0.001258 | AA cos loss: 0.001894
[Train] Batch 040 | I(t;x): 2.2068 | I(t;y): 0.0000 | Recon: 0.0393 | Total: 10.6943
   ↳ AA sample loss: 0.001268 | AA cos loss: 0.001919

[Summary] Epoch 50 Train Total Loss: 10.7420
[Collapse Monitor] Avg intra-class archetype distance: 0.7563
=======================================================================

[Save] Epoch losses saved to: results/kmnist/seed_45_aa_3/epoch_total_losses.pkl
[Save] Final archetype coordinates saved to: results/kmnist/seed_45_aa_3/final_archetypes.npy (shape: (30, 32))
[Save] Decoded archetype images saved to: results/kmnist/seed_45_aa_3/final_archetypes_decoded.npy (shape: (30, 1, 28, 28))
[Save] Sample-to-AA weight parameters saved to: results/kmnist/seed_45_aa_3/fc_sample_to_aa_weights.pth
[Save] Final model weights saved to: results/kmnist/seed_45_aa_3/model_final.pth
