[Init] Using device: cuda
[Config] Parameters saved to: results/kmnist/seed_42_aa_6/params.json
[Training Start] 50 epochs total
Warmup: first 5 epochs | Semantic: 6–10 | AA starts from 11
[Config] batch_size=500 | lr=0.005 | gamma=200 | cos_sim_weight=1.0

===================== Epoch 1/50 =====================
Mode: Warmup (KL + Reconstruction)
[Train] Batch 010 | I(t;x): 0.4991 | I(t;y): 2.3000 | Recon: 0.1064 | Total: 21.7786
[Train] Batch 020 | I(t;x): 0.5647 | I(t;y): 2.3003 | Recon: 0.0952 | Total: 19.6004
[Train] Batch 030 | I(t;x): 0.7532 | I(t;y): 2.3001 | Recon: 0.0944 | Total: 19.6298
[Train] Batch 040 | I(t;x): 0.9215 | I(t;y): 2.3002 | Recon: 0.0877 | Total: 18.4714

[Summary] Epoch 1 Train Total Loss: 21.8026
=======================================================================

===================== Epoch 2/50 =====================
Mode: Warmup (KL + Reconstruction)
[Train] Batch 010 | I(t;x): 1.1444 | I(t;y): 2.3005 | Recon: 0.0785 | Total: 16.8384
[Train] Batch 020 | I(t;x): 1.3802 | I(t;y): 2.3005 | Recon: 0.0732 | Total: 16.0119
[Train] Batch 030 | I(t;x): 1.1800 | I(t;y): 2.3001 | Recon: 0.0708 | Total: 15.3447
[Train] Batch 040 | I(t;x): 1.4490 | I(t;y): 2.3003 | Recon: 0.0655 | Total: 14.5399

[Summary] Epoch 2 Train Total Loss: 16.1671
=======================================================================

===================== Epoch 3/50 =====================
Mode: Warmup (KL + Reconstruction)
[Train] Batch 010 | I(t;x): 1.3742 | I(t;y): 2.3002 | Recon: 0.0625 | Total: 13.8714
[Train] Batch 020 | I(t;x): 1.4575 | I(t;y): 2.3005 | Recon: 0.0595 | Total: 13.3608
[Train] Batch 030 | I(t;x): 1.4211 | I(t;y): 2.3004 | Recon: 0.0582 | Total: 13.0601
[Train] Batch 040 | I(t;x): 1.4878 | I(t;y): 2.3003 | Recon: 0.0543 | Total: 12.3417

[Summary] Epoch 3 Train Total Loss: 13.5311
=======================================================================

===================== Epoch 4/50 =====================
Mode: Warmup (KL + Reconstruction)
[Train] Batch 010 | I(t;x): 1.4801 | I(t;y): 2.3004 | Recon: 0.0535 | Total: 12.1851
[Train] Batch 020 | I(t;x): 1.4821 | I(t;y): 2.3003 | Recon: 0.0497 | Total: 11.4309
[Train] Batch 030 | I(t;x): 1.4850 | I(t;y): 2.3003 | Recon: 0.0515 | Total: 11.7808
[Train] Batch 040 | I(t;x): 1.5211 | I(t;y): 2.3002 | Recon: 0.0493 | Total: 11.3787

[Summary] Epoch 4 Train Total Loss: 11.9677
=======================================================================

===================== Epoch 5/50 =====================
Mode: Warmup (KL + Reconstruction)
[Train] Batch 010 | I(t;x): 1.5063 | I(t;y): 2.3003 | Recon: 0.0473 | Total: 10.9586
[Train] Batch 020 | I(t;x): 1.5564 | I(t;y): 2.3002 | Recon: 0.0459 | Total: 10.7297
[Train] Batch 030 | I(t;x): 1.5732 | I(t;y): 2.3003 | Recon: 0.0463 | Total: 10.8288
[Train] Batch 040 | I(t;x): 1.5265 | I(t;y): 2.3003 | Recon: 0.0459 | Total: 10.7106

[Summary] Epoch 5 Train Total Loss: 10.8678
=======================================================================

===================== Epoch 6/50 =====================
Mode: Semantic (KL + Recon + weak MI)
[Train] Batch 010 | I(t;x): 1.6024 | I(t;y): 2.1498 | Recon: 0.0431 | Total: 10.2393
[Train] Batch 020 | I(t;x): 1.6028 | I(t;y): 1.6160 | Recon: 0.0449 | Total: 10.5938
[Train] Batch 030 | I(t;x): 1.5837 | I(t;y): 1.2664 | Recon: 0.0426 | Total: 10.1092
[Train] Batch 040 | I(t;x): 1.6173 | I(t;y): 0.5964 | Recon: 0.0412 | Total: 9.8539

[Summary] Epoch 6 Train Total Loss: 10.1854
=======================================================================

===================== Epoch 7/50 =====================
Mode: Semantic (KL + Recon + weak MI)
[Train] Batch 010 | I(t;x): 1.6103 | I(t;y): 0.0370 | Recon: 0.0404 | Total: 9.6991
[Train] Batch 020 | I(t;x): 1.6048 | I(t;y): 0.0020 | Recon: 0.0401 | Total: 9.6290
[Train] Batch 030 | I(t;x): 1.6439 | I(t;y): 0.0004 | Recon: 0.0394 | Total: 9.5280
[Train] Batch 040 | I(t;x): 1.5976 | I(t;y): 0.0003 | Recon: 0.0389 | Total: 9.3755

[Summary] Epoch 7 Train Total Loss: 9.6964
=======================================================================

===================== Epoch 8/50 =====================
Mode: Semantic (KL + Recon + weak MI)
[Train] Batch 010 | I(t;x): 1.6191 | I(t;y): 0.0002 | Recon: 0.0373 | Total: 9.0727
[Train] Batch 020 | I(t;x): 1.6328 | I(t;y): 0.0002 | Recon: 0.0382 | Total: 9.2678
[Train] Batch 030 | I(t;x): 1.6144 | I(t;y): 0.0002 | Recon: 0.0370 | Total: 9.0049
[Train] Batch 040 | I(t;x): 1.6782 | I(t;y): 0.0002 | Recon: 0.0366 | Total: 8.9995

[Summary] Epoch 8 Train Total Loss: 9.3620
=======================================================================

===================== Epoch 9/50 =====================
Mode: Semantic (KL + Recon + weak MI)
[Train] Batch 010 | I(t;x): 1.6192 | I(t;y): 0.0002 | Recon: 0.0378 | Total: 9.1719
[Train] Batch 020 | I(t;x): 1.6423 | I(t;y): 0.0002 | Recon: 0.0385 | Total: 9.3493
[Train] Batch 030 | I(t;x): 1.5893 | I(t;y): 0.0001 | Recon: 0.0375 | Total: 9.0926
[Train] Batch 040 | I(t;x): 1.6298 | I(t;y): 0.0001 | Recon: 0.0368 | Total: 8.9972

[Summary] Epoch 9 Train Total Loss: 9.1273
=======================================================================

===================== Epoch 10/50 =====================
Mode: Semantic (KL + Recon + weak MI)
[Train] Batch 010 | I(t;x): 1.6430 | I(t;y): 0.0002 | Recon: 0.0380 | Total: 9.2451
[Train] Batch 020 | I(t;x): 1.6553 | I(t;y): 0.0001 | Recon: 0.0380 | Total: 9.2465
[Train] Batch 030 | I(t;x): 1.6410 | I(t;y): 0.0001 | Recon: 0.0358 | Total: 8.8045
[Train] Batch 040 | I(t;x): 1.6566 | I(t;y): 0.0001 | Recon: 0.0360 | Total: 8.8588

[Summary] Epoch 10 Train Total Loss: 8.9617
=======================================================================

===================== Epoch 11/50 =====================
Mode: Full (KL + Recon + MI + full AA reconstruction + cos loss)
[Init] Initializing class-wise archetypes (multi-seed + fallback)...
[Init] Archetypes initialized.
[Train] Batch 010 | I(t;x): 2.0177 | I(t;y): 0.0000 | Recon: 0.0793 | Total: 28.6314
   ↳ AA sample loss: 0.027380 | AA cos loss: 0.026399
[Train] Batch 020 | I(t;x): 2.8986 | I(t;y): 0.0000 | Recon: 0.0685 | Total: 23.0375
   ↳ AA sample loss: 0.027403 | AA cos loss: 0.004799
[Train] Batch 030 | I(t;x): 2.9163 | I(t;y): 0.0000 | Recon: 0.0607 | Total: 21.5540
   ↳ AA sample loss: 0.027469 | AA cos loss: 0.005029
[Train] Batch 040 | I(t;x): 2.7464 | I(t;y): 0.0000 | Recon: 0.0530 | Total: 19.9581
   ↳ AA sample loss: 0.027476 | AA cos loss: 0.005579

[Summary] Epoch 11 Train Total Loss: 38.1460
[Collapse Monitor] Avg intra-class archetype distance: 0.4452
=======================================================================

===================== Epoch 12/50 =====================
Mode: Full (KL + Recon + MI + full AA reconstruction + cos loss)
[Train] Batch 010 | I(t;x): 2.8060 | I(t;y): 0.0000 | Recon: 0.0512 | Total: 19.6160
   ↳ AA sample loss: 0.027496 | AA cos loss: 0.005336
[Train] Batch 020 | I(t;x): 2.8142 | I(t;y): 0.0000 | Recon: 0.0486 | Total: 18.9940
   ↳ AA sample loss: 0.027505 | AA cos loss: 0.004817
[Train] Batch 030 | I(t;x): 2.7928 | I(t;y): 0.0000 | Recon: 0.0456 | Total: 18.3313
   ↳ AA sample loss: 0.027510 | AA cos loss: 0.004578
[Train] Batch 040 | I(t;x): 2.7372 | I(t;y): 0.0000 | Recon: 0.0451 | Total: 18.1101
   ↳ AA sample loss: 0.027520 | AA cos loss: 0.004212

[Summary] Epoch 12 Train Total Loss: 19.0855
[Collapse Monitor] Avg intra-class archetype distance: 0.4502
=======================================================================

===================== Epoch 13/50 =====================
Mode: Full (KL + Recon + MI + full AA reconstruction + cos loss)
[Train] Batch 010 | I(t;x): 2.7497 | I(t;y): 0.0000 | Recon: 0.0466 | Total: 18.3678
   ↳ AA sample loss: 0.027526 | AA cos loss: 0.003956
[Train] Batch 020 | I(t;x): 2.7120 | I(t;y): 0.0000 | Recon: 0.0452 | Total: 18.0800
   ↳ AA sample loss: 0.027531 | AA cos loss: 0.004090
[Train] Batch 030 | I(t;x): 2.6555 | I(t;y): 0.0000 | Recon: 0.0421 | Total: 17.3223
   ↳ AA sample loss: 0.027531 | AA cos loss: 0.003685
[Train] Batch 040 | I(t;x): 2.6521 | I(t;y): 0.0000 | Recon: 0.0422 | Total: 17.2773
   ↳ AA sample loss: 0.027536 | AA cos loss: 0.003439

[Summary] Epoch 13 Train Total Loss: 17.7383
[Collapse Monitor] Avg intra-class archetype distance: 0.4620
=======================================================================

===================== Epoch 14/50 =====================
Mode: Full (KL + Recon + MI + full AA reconstruction + cos loss)
[Train] Batch 010 | I(t;x): 2.7315 | I(t;y): 0.0000 | Recon: 0.0424 | Total: 17.3877
   ↳ AA sample loss: 0.027550 | AA cos loss: 0.003357
[Train] Batch 020 | I(t;x): 2.6951 | I(t;y): 0.0000 | Recon: 0.0418 | Total: 17.2075
   ↳ AA sample loss: 0.027556 | AA cos loss: 0.003156
[Train] Batch 030 | I(t;x): 2.6388 | I(t;y): 0.0000 | Recon: 0.0394 | Total: 16.6277
   ↳ AA sample loss: 0.027554 | AA cos loss: 0.003030
[Train] Batch 040 | I(t;x): 2.6080 | I(t;y): 0.0000 | Recon: 0.0408 | Total: 16.8721
   ↳ AA sample loss: 0.027555 | AA cos loss: 0.002938

[Summary] Epoch 14 Train Total Loss: 16.9937
[Collapse Monitor] Avg intra-class archetype distance: 0.4802
=======================================================================

===================== Epoch 15/50 =====================
Mode: Full (KL + Recon + MI + full AA reconstruction + cos loss)
[Train] Batch 010 | I(t;x): 2.5934 | I(t;y): 0.0000 | Recon: 0.0394 | Total: 16.5178
   ↳ AA sample loss: 0.027555 | AA cos loss: 0.002705
[Train] Batch 020 | I(t;x): 2.5537 | I(t;y): 0.0000 | Recon: 0.0399 | Total: 16.5467
   ↳ AA sample loss: 0.027535 | AA cos loss: 0.002514
[Train] Batch 030 | I(t;x): 2.5512 | I(t;y): 0.0000 | Recon: 0.0387 | Total: 16.2886
   ↳ AA sample loss: 0.027542 | AA cos loss: 0.002491
[Train] Batch 040 | I(t;x): 2.5273 | I(t;y): 0.0000 | Recon: 0.0374 | Total: 16.0034
   ↳ AA sample loss: 0.027532 | AA cos loss: 0.002438

[Summary] Epoch 15 Train Total Loss: 16.4850
[Collapse Monitor] Avg intra-class archetype distance: 0.4997
=======================================================================

===================== Epoch 16/50 =====================
Mode: Full (KL + Recon + MI + full AA reconstruction + cos loss)
[Train] Batch 010 | I(t;x): 2.5690 | I(t;y): 0.0000 | Recon: 0.0385 | Total: 16.2421
   ↳ AA sample loss: 0.027530 | AA cos loss: 0.002304
[Train] Batch 020 | I(t;x): 2.5445 | I(t;y): 0.0000 | Recon: 0.0374 | Total: 15.9579
   ↳ AA sample loss: 0.027510 | AA cos loss: 0.002194
[Train] Batch 030 | I(t;x): 2.5116 | I(t;y): 0.0000 | Recon: 0.0369 | Total: 15.7907
   ↳ AA sample loss: 0.027505 | AA cos loss: 0.002040
[Train] Batch 040 | I(t;x): 2.5870 | I(t;y): 0.0000 | Recon: 0.0385 | Total: 16.1762
   ↳ AA sample loss: 0.027486 | AA cos loss: 0.001922

[Summary] Epoch 16 Train Total Loss: 16.0987
[Collapse Monitor] Avg intra-class archetype distance: 0.5220
=======================================================================

===================== Epoch 17/50 =====================
Mode: Full (KL + Recon + MI + full AA reconstruction + cos loss)
[Train] Batch 010 | I(t;x): 2.4474 | I(t;y): 0.0000 | Recon: 0.0368 | Total: 15.7167
   ↳ AA sample loss: 0.027483 | AA cos loss: 0.002027
[Train] Batch 020 | I(t;x): 2.4218 | I(t;y): 0.0000 | Recon: 0.0377 | Total: 15.8233
   ↳ AA sample loss: 0.027462 | AA cos loss: 0.001857
[Train] Batch 030 | I(t;x): 2.4405 | I(t;y): 0.0000 | Recon: 0.0365 | Total: 15.5632
   ↳ AA sample loss: 0.027434 | AA cos loss: 0.001719
[Train] Batch 040 | I(t;x): 2.3739 | I(t;y): 0.0000 | Recon: 0.0380 | Total: 15.8072
   ↳ AA sample loss: 0.027414 | AA cos loss: 0.001756

[Summary] Epoch 17 Train Total Loss: 15.7200
[Collapse Monitor] Avg intra-class archetype distance: 0.5465
=======================================================================

===================== Epoch 18/50 =====================
Mode: Full (KL + Recon + MI + full AA reconstruction + cos loss)
[Train] Batch 010 | I(t;x): 2.3814 | I(t;y): 0.0000 | Recon: 0.0358 | Total: 15.3243
   ↳ AA sample loss: 0.027385 | AA cos loss: 0.001527
[Train] Batch 020 | I(t;x): 2.3581 | I(t;y): 0.0000 | Recon: 0.0366 | Total: 15.4554
   ↳ AA sample loss: 0.027362 | AA cos loss: 0.001544
[Train] Batch 030 | I(t;x): 2.3695 | I(t;y): 0.0000 | Recon: 0.0355 | Total: 15.2576
   ↳ AA sample loss: 0.027328 | AA cos loss: 0.001583
[Train] Batch 040 | I(t;x): 2.2604 | I(t;y): 0.0000 | Recon: 0.0357 | Total: 15.1572
   ↳ AA sample loss: 0.027291 | AA cos loss: 0.001532

[Summary] Epoch 18 Train Total Loss: 15.4135
[Collapse Monitor] Avg intra-class archetype distance: 0.5740
=======================================================================

===================== Epoch 19/50 =====================
Mode: Full (KL + Recon + MI + full AA reconstruction + cos loss)
[Train] Batch 010 | I(t;x): 2.2691 | I(t;y): 0.0000 | Recon: 0.0364 | Total: 15.2714
   ↳ AA sample loss: 0.027242 | AA cos loss: 0.001413
[Train] Batch 020 | I(t;x): 2.2059 | I(t;y): 0.0000 | Recon: 0.0367 | Total: 15.2703
   ↳ AA sample loss: 0.027205 | AA cos loss: 0.001425
[Train] Batch 030 | I(t;x): 2.3018 | I(t;y): 0.0000 | Recon: 0.0358 | Total: 15.1411
   ↳ AA sample loss: 0.027180 | AA cos loss: 0.001229
[Train] Batch 040 | I(t;x): 2.2161 | I(t;y): 0.0000 | Recon: 0.0347 | Total: 14.8473
   ↳ AA sample loss: 0.027127 | AA cos loss: 0.001320

[Summary] Epoch 19 Train Total Loss: 15.1392
[Collapse Monitor] Avg intra-class archetype distance: 0.6000
=======================================================================

===================== Epoch 20/50 =====================
Mode: Full (KL + Recon + MI + full AA reconstruction + cos loss)
[Train] Batch 010 | I(t;x): 2.2158 | I(t;y): 0.0000 | Recon: 0.0346 | Total: 14.8017
   ↳ AA sample loss: 0.027082 | AA cos loss: 0.001286
[Train] Batch 020 | I(t;x): 2.1891 | I(t;y): 0.0000 | Recon: 0.0342 | Total: 14.7273
   ↳ AA sample loss: 0.027030 | AA cos loss: 0.001417
[Train] Batch 030 | I(t;x): 2.1810 | I(t;y): 0.0000 | Recon: 0.0352 | Total: 14.8588
   ↳ AA sample loss: 0.026999 | AA cos loss: 0.001231
[Train] Batch 040 | I(t;x): 2.1949 | I(t;y): 0.0000 | Recon: 0.0352 | Total: 14.8952
   ↳ AA sample loss: 0.026943 | AA cos loss: 0.001327

[Summary] Epoch 20 Train Total Loss: 14.9025
[Collapse Monitor] Avg intra-class archetype distance: 0.6248
=======================================================================

===================== Epoch 21/50 =====================
Mode: Full (KL + Recon + MI + full AA reconstruction + cos loss)
[Train] Batch 010 | I(t;x): 2.1442 | I(t;y): 0.0000 | Recon: 0.0339 | Total: 14.5684
   ↳ AA sample loss: 0.026894 | AA cos loss: 0.001319
[Train] Batch 020 | I(t;x): 2.1171 | I(t;y): 0.0000 | Recon: 0.0350 | Total: 14.7549
   ↳ AA sample loss: 0.026838 | AA cos loss: 0.001325
[Train] Batch 030 | I(t;x): 2.1372 | I(t;y): 0.0000 | Recon: 0.0341 | Total: 14.5815
   ↳ AA sample loss: 0.026807 | AA cos loss: 0.001293
[Train] Batch 040 | I(t;x): 2.1384 | I(t;y): 0.0000 | Recon: 0.0336 | Total: 14.4655
   ↳ AA sample loss: 0.026761 | AA cos loss: 0.001291

[Summary] Epoch 21 Train Total Loss: 14.7123
[Collapse Monitor] Avg intra-class archetype distance: 0.6488
=======================================================================

===================== Epoch 22/50 =====================
Mode: Full (KL + Recon + MI + full AA reconstruction + cos loss)
[Train] Batch 010 | I(t;x): 2.1075 | I(t;y): 0.0000 | Recon: 0.0339 | Total: 14.4856
   ↳ AA sample loss: 0.026698 | AA cos loss: 0.001316
[Train] Batch 020 | I(t;x): 2.1095 | I(t;y): 0.0000 | Recon: 0.0337 | Total: 14.4448
   ↳ AA sample loss: 0.026655 | AA cos loss: 0.001315
[Train] Batch 030 | I(t;x): 2.0983 | I(t;y): 0.0000 | Recon: 0.0349 | Total: 14.6483
   ↳ AA sample loss: 0.026594 | AA cos loss: 0.001267
[Train] Batch 040 | I(t;x): 2.0469 | I(t;y): 0.0000 | Recon: 0.0341 | Total: 14.4619
   ↳ AA sample loss: 0.026541 | AA cos loss: 0.001396

[Summary] Epoch 22 Train Total Loss: 14.5069
[Collapse Monitor] Avg intra-class archetype distance: 0.6735
=======================================================================

===================== Epoch 23/50 =====================
Mode: Full (KL + Recon + MI + full AA reconstruction + cos loss)
[Train] Batch 010 | I(t;x): 2.0946 | I(t;y): 0.0000 | Recon: 0.0345 | Total: 14.5570
   ↳ AA sample loss: 0.026457 | AA cos loss: 0.001384
[Train] Batch 020 | I(t;x): 2.0602 | I(t;y): 0.0000 | Recon: 0.0327 | Total: 14.1539
   ↳ AA sample loss: 0.026434 | AA cos loss: 0.001335
[Train] Batch 030 | I(t;x): 2.0509 | I(t;y): 0.0000 | Recon: 0.0364 | Total: 14.8701
   ↳ AA sample loss: 0.026375 | AA cos loss: 0.001300
[Train] Batch 040 | I(t;x): 2.1143 | I(t;y): 0.0000 | Recon: 0.0342 | Total: 14.4762
   ↳ AA sample loss: 0.026330 | AA cos loss: 0.001262

[Summary] Epoch 23 Train Total Loss: 14.4053
[Collapse Monitor] Avg intra-class archetype distance: 0.6969
=======================================================================

===================== Epoch 24/50 =====================
Mode: Full (KL + Recon + MI + full AA reconstruction + cos loss)
[Train] Batch 010 | I(t;x): 2.0461 | I(t;y): 0.0000 | Recon: 0.0332 | Total: 14.1968
   ↳ AA sample loss: 0.026271 | AA cos loss: 0.001313
[Train] Batch 020 | I(t;x): 2.0760 | I(t;y): 0.0000 | Recon: 0.0326 | Total: 14.0754
   ↳ AA sample loss: 0.026209 | AA cos loss: 0.001222
[Train] Batch 030 | I(t;x): 2.0205 | I(t;y): 0.0000 | Recon: 0.0338 | Total: 14.2865
   ↳ AA sample loss: 0.026122 | AA cos loss: 0.001405
[Train] Batch 040 | I(t;x): 2.0829 | I(t;y): 0.0000 | Recon: 0.0336 | Total: 14.2599
   ↳ AA sample loss: 0.026091 | AA cos loss: 0.001237

[Summary] Epoch 24 Train Total Loss: 14.2188
[Collapse Monitor] Avg intra-class archetype distance: 0.7232
=======================================================================

===================== Epoch 25/50 =====================
Mode: Full (KL + Recon + MI + full AA reconstruction + cos loss)
[Train] Batch 010 | I(t;x): 2.0940 | I(t;y): 0.0000 | Recon: 0.0328 | Total: 14.1105
   ↳ AA sample loss: 0.026026 | AA cos loss: 0.001224
[Train] Batch 020 | I(t;x): 2.0631 | I(t;y): 0.0000 | Recon: 0.0324 | Total: 13.9904
   ↳ AA sample loss: 0.025915 | AA cos loss: 0.001300
[Train] Batch 030 | I(t;x): 2.0652 | I(t;y): 0.0000 | Recon: 0.0325 | Total: 13.9919
   ↳ AA sample loss: 0.025837 | AA cos loss: 0.001279
[Train] Batch 040 | I(t;x): 2.0385 | I(t;y): 0.0000 | Recon: 0.0322 | Total: 13.8969
   ↳ AA sample loss: 0.025737 | AA cos loss: 0.001360

[Summary] Epoch 25 Train Total Loss: 14.0365
[Collapse Monitor] Avg intra-class archetype distance: 0.7519
=======================================================================

===================== Epoch 26/50 =====================
Mode: Full (KL + Recon + MI + full AA reconstruction + cos loss)
[Train] Batch 010 | I(t;x): 2.0462 | I(t;y): 0.0000 | Recon: 0.0314 | Total: 13.7286
   ↳ AA sample loss: 0.025674 | AA cos loss: 0.001339
[Train] Batch 020 | I(t;x): 2.0731 | I(t;y): 0.0000 | Recon: 0.0327 | Total: 14.0044
   ↳ AA sample loss: 0.025585 | AA cos loss: 0.001322
[Train] Batch 030 | I(t;x): 2.0506 | I(t;y): 0.0000 | Recon: 0.0323 | Total: 13.8621
   ↳ AA sample loss: 0.025473 | AA cos loss: 0.001312
[Train] Batch 040 | I(t;x): 2.0125 | I(t;y): 0.0000 | Recon: 0.0328 | Total: 13.9204
   ↳ AA sample loss: 0.025390 | AA cos loss: 0.001335

[Summary] Epoch 26 Train Total Loss: 13.9502
[Collapse Monitor] Avg intra-class archetype distance: 0.7813
=======================================================================

===================== Epoch 27/50 =====================
Mode: Full (KL + Recon + MI + full AA reconstruction + cos loss)
[Train] Batch 010 | I(t;x): 2.0294 | I(t;y): 0.0000 | Recon: 0.0335 | Total: 14.0589
   ↳ AA sample loss: 0.025280 | AA cos loss: 0.001390
[Train] Batch 020 | I(t;x): 2.0054 | I(t;y): 0.0000 | Recon: 0.0329 | Total: 13.9102
   ↳ AA sample loss: 0.025142 | AA cos loss: 0.001441
[Train] Batch 030 | I(t;x): 2.0560 | I(t;y): 0.0000 | Recon: 0.0329 | Total: 13.9301
   ↳ AA sample loss: 0.025078 | AA cos loss: 0.001350
[Train] Batch 040 | I(t;x): 2.0141 | I(t;y): 0.0000 | Recon: 0.0322 | Total: 13.7140
   ↳ AA sample loss: 0.024945 | AA cos loss: 0.001385

[Summary] Epoch 27 Train Total Loss: 13.8173
[Collapse Monitor] Avg intra-class archetype distance: 0.8117
=======================================================================

===================== Epoch 28/50 =====================
Mode: Full (KL + Recon + MI + full AA reconstruction + cos loss)
[Train] Batch 010 | I(t;x): 2.0394 | I(t;y): 0.0000 | Recon: 0.0302 | Total: 13.3229
   ↳ AA sample loss: 0.024851 | AA cos loss: 0.001414
[Train] Batch 020 | I(t;x): 2.0359 | I(t;y): 0.0000 | Recon: 0.0321 | Total: 13.6745
   ↳ AA sample loss: 0.024740 | AA cos loss: 0.001328
[Train] Batch 030 | I(t;x): 2.0622 | I(t;y): 0.0000 | Recon: 0.0329 | Total: 13.8584
   ↳ AA sample loss: 0.024586 | AA cos loss: 0.001457
[Train] Batch 040 | I(t;x): 2.0279 | I(t;y): 0.0000 | Recon: 0.0320 | Total: 13.5949
   ↳ AA sample loss: 0.024470 | AA cos loss: 0.001357

[Summary] Epoch 28 Train Total Loss: 13.6682
[Collapse Monitor] Avg intra-class archetype distance: 0.8436
=======================================================================

===================== Epoch 29/50 =====================
Mode: Full (KL + Recon + MI + full AA reconstruction + cos loss)
[Train] Batch 010 | I(t;x): 2.0459 | I(t;y): 0.0000 | Recon: 0.0304 | Total: 13.2820
   ↳ AA sample loss: 0.024346 | AA cos loss: 0.001414
[Train] Batch 020 | I(t;x): 2.0578 | I(t;y): 0.0000 | Recon: 0.0324 | Total: 13.6631
   ↳ AA sample loss: 0.024221 | AA cos loss: 0.001365
[Train] Batch 030 | I(t;x): 2.0498 | I(t;y): 0.0000 | Recon: 0.0315 | Total: 13.4453
   ↳ AA sample loss: 0.024091 | AA cos loss: 0.001384
[Train] Batch 040 | I(t;x): 2.0649 | I(t;y): 0.0000 | Recon: 0.0334 | Total: 13.8221
   ↳ AA sample loss: 0.023957 | AA cos loss: 0.001443

[Summary] Epoch 29 Train Total Loss: 13.5630
[Collapse Monitor] Avg intra-class archetype distance: 0.8741
=======================================================================

===================== Epoch 30/50 =====================
Mode: Full (KL + Recon + MI + full AA reconstruction + cos loss)
[Train] Batch 010 | I(t;x): 2.0678 | I(t;y): 0.0000 | Recon: 0.0304 | Total: 13.1849
   ↳ AA sample loss: 0.023787 | AA cos loss: 0.001436
[Train] Batch 020 | I(t;x): 2.0635 | I(t;y): 0.0000 | Recon: 0.0325 | Total: 13.5798
   ↳ AA sample loss: 0.023650 | AA cos loss: 0.001446
[Train] Batch 030 | I(t;x): 2.0645 | I(t;y): 0.0000 | Recon: 0.0312 | Total: 13.2960
   ↳ AA sample loss: 0.023509 | AA cos loss: 0.001425
[Train] Batch 040 | I(t;x): 2.0977 | I(t;y): 0.0000 | Recon: 0.0307 | Total: 13.1831
   ↳ AA sample loss: 0.023332 | AA cos loss: 0.001389

[Summary] Epoch 30 Train Total Loss: 13.3712
[Collapse Monitor] Avg intra-class archetype distance: 0.9053
=======================================================================

===================== Epoch 31/50 =====================
Mode: Full (KL + Recon + MI + full AA reconstruction + cos loss)
[Train] Batch 010 | I(t;x): 2.0628 | I(t;y): 0.0000 | Recon: 0.0316 | Total: 13.3148
   ↳ AA sample loss: 0.023130 | AA cos loss: 0.001504
[Train] Batch 020 | I(t;x): 2.0514 | I(t;y): 0.0000 | Recon: 0.0299 | Total: 12.9038
   ↳ AA sample loss: 0.022947 | AA cos loss: 0.001426
[Train] Batch 030 | I(t;x): 2.0794 | I(t;y): 0.0000 | Recon: 0.0318 | Total: 13.3060
   ↳ AA sample loss: 0.022733 | AA cos loss: 0.001577
[Train] Batch 040 | I(t;x): 2.1140 | I(t;y): 0.0000 | Recon: 0.0319 | Total: 13.2850
   ↳ AA sample loss: 0.022571 | AA cos loss: 0.001424

[Summary] Epoch 31 Train Total Loss: 13.2041
[Collapse Monitor] Avg intra-class archetype distance: 0.9386
=======================================================================

===================== Epoch 32/50 =====================
Mode: Full (KL + Recon + MI + full AA reconstruction + cos loss)
[Train] Batch 010 | I(t;x): 2.0314 | I(t;y): 0.0000 | Recon: 0.0312 | Total: 13.0436
   ↳ AA sample loss: 0.022315 | AA cos loss: 0.001579
[Train] Batch 020 | I(t;x): 2.0991 | I(t;y): 0.0000 | Recon: 0.0327 | Total: 13.3799
   ↳ AA sample loss: 0.022135 | AA cos loss: 0.001583
[Train] Batch 030 | I(t;x): 2.0583 | I(t;y): 0.0000 | Recon: 0.0318 | Total: 13.1039
   ↳ AA sample loss: 0.021892 | AA cos loss: 0.001523
[Train] Batch 040 | I(t;x): 2.1079 | I(t;y): 0.0000 | Recon: 0.0335 | Total: 13.4597
   ↳ AA sample loss: 0.021664 | AA cos loss: 0.001570

[Summary] Epoch 32 Train Total Loss: 13.0666
[Collapse Monitor] Avg intra-class archetype distance: 0.9703
=======================================================================

===================== Epoch 33/50 =====================
Mode: Full (KL + Recon + MI + full AA reconstruction + cos loss)
[Train] Batch 010 | I(t;x): 2.0520 | I(t;y): 0.0000 | Recon: 0.0318 | Total: 13.0138
   ↳ AA sample loss: 0.021397 | AA cos loss: 0.001608
[Train] Batch 020 | I(t;x): 2.0698 | I(t;y): 0.0000 | Recon: 0.0311 | Total: 12.8590
   ↳ AA sample loss: 0.021175 | AA cos loss: 0.001649
[Train] Batch 030 | I(t;x): 2.1152 | I(t;y): 0.0000 | Recon: 0.0305 | Total: 12.7142
   ↳ AA sample loss: 0.020878 | AA cos loss: 0.001616
[Train] Batch 040 | I(t;x): 2.0889 | I(t;y): 0.0000 | Recon: 0.0315 | Total: 12.8356
   ↳ AA sample loss: 0.020603 | AA cos loss: 0.001583

[Summary] Epoch 33 Train Total Loss: 12.8448
[Collapse Monitor] Avg intra-class archetype distance: 1.0013
=======================================================================

===================== Epoch 34/50 =====================
Mode: Full (KL + Recon + MI + full AA reconstruction + cos loss)
[Train] Batch 010 | I(t;x): 2.1147 | I(t;y): 0.0000 | Recon: 0.0313 | Total: 12.7524
   ↳ AA sample loss: 0.020335 | AA cos loss: 0.001603
[Train] Batch 020 | I(t;x): 2.1086 | I(t;y): 0.0000 | Recon: 0.0312 | Total: 12.6813
   ↳ AA sample loss: 0.020057 | AA cos loss: 0.001655
[Train] Batch 030 | I(t;x): 2.1402 | I(t;y): 0.0000 | Recon: 0.0308 | Total: 12.5902
   ↳ AA sample loss: 0.019779 | AA cos loss: 0.001624
[Train] Batch 040 | I(t;x): 2.1173 | I(t;y): 0.0000 | Recon: 0.0319 | Total: 12.7429
   ↳ AA sample loss: 0.019511 | AA cos loss: 0.001710

[Summary] Epoch 34 Train Total Loss: 12.6799
[Collapse Monitor] Avg intra-class archetype distance: 1.0296
=======================================================================

===================== Epoch 35/50 =====================
Mode: Full (KL + Recon + MI + full AA reconstruction + cos loss)
[Train] Batch 010 | I(t;x): 2.1237 | I(t;y): 0.0000 | Recon: 0.0312 | Total: 12.5571
   ↳ AA sample loss: 0.019246 | AA cos loss: 0.001753
[Train] Batch 020 | I(t;x): 2.1314 | I(t;y): 0.0000 | Recon: 0.0331 | Total: 12.8994
   ↳ AA sample loss: 0.019002 | AA cos loss: 0.001734
[Train] Batch 030 | I(t;x): 2.1331 | I(t;y): 0.0000 | Recon: 0.0318 | Total: 12.5985
   ↳ AA sample loss: 0.018748 | AA cos loss: 0.001796
[Train] Batch 040 | I(t;x): 2.1354 | I(t;y): 0.0000 | Recon: 0.0318 | Total: 12.5405
   ↳ AA sample loss: 0.018484 | AA cos loss: 0.001789

[Summary] Epoch 35 Train Total Loss: 12.5374
[Collapse Monitor] Avg intra-class archetype distance: 1.0530
=======================================================================

===================== Epoch 36/50 =====================
Mode: Full (KL + Recon + MI + full AA reconstruction + cos loss)
[Train] Batch 010 | I(t;x): 2.1423 | I(t;y): 0.0000 | Recon: 0.0311 | Total: 12.3506
   ↳ AA sample loss: 0.018206 | AA cos loss: 0.001739
[Train] Batch 020 | I(t;x): 2.1465 | I(t;y): 0.0000 | Recon: 0.0300 | Total: 12.1034
   ↳ AA sample loss: 0.017924 | AA cos loss: 0.001827
[Train] Batch 030 | I(t;x): 2.1342 | I(t;y): 0.0000 | Recon: 0.0303 | Total: 12.0717
   ↳ AA sample loss: 0.017616 | AA cos loss: 0.001747
[Train] Batch 040 | I(t;x): 2.1435 | I(t;y): 0.0000 | Recon: 0.0304 | Total: 12.0290
   ↳ AA sample loss: 0.017278 | AA cos loss: 0.001795

[Summary] Epoch 36 Train Total Loss: 12.2206
[Collapse Monitor] Avg intra-class archetype distance: 1.0772
=======================================================================

===================== Epoch 37/50 =====================
Mode: Full (KL + Recon + MI + full AA reconstruction + cos loss)
[Train] Batch 010 | I(t;x): 2.1613 | I(t;y): 0.0000 | Recon: 0.0302 | Total: 11.9562
   ↳ AA sample loss: 0.016968 | AA cos loss: 0.001817
[Train] Batch 020 | I(t;x): 2.1630 | I(t;y): 0.0000 | Recon: 0.0313 | Total: 12.1034
   ↳ AA sample loss: 0.016690 | AA cos loss: 0.001685
[Train] Batch 030 | I(t;x): 2.1752 | I(t;y): 0.0000 | Recon: 0.0302 | Total: 11.8453
   ↳ AA sample loss: 0.016330 | AA cos loss: 0.001800
[Train] Batch 040 | I(t;x): 2.1575 | I(t;y): 0.0000 | Recon: 0.0326 | Total: 12.2711
   ↳ AA sample loss: 0.016061 | AA cos loss: 0.001904

[Summary] Epoch 37 Train Total Loss: 11.9960
[Collapse Monitor] Avg intra-class archetype distance: 1.0995
=======================================================================

===================== Epoch 38/50 =====================
Mode: Full (KL + Recon + MI + full AA reconstruction + cos loss)
[Train] Batch 010 | I(t;x): 2.1702 | I(t;y): 0.0000 | Recon: 0.0313 | Total: 12.0035
   ↳ AA sample loss: 0.015847 | AA cos loss: 0.001993
[Train] Batch 020 | I(t;x): 2.2163 | I(t;y): 0.0000 | Recon: 0.0303 | Total: 11.7902
   ↳ AA sample loss: 0.015643 | AA cos loss: 0.001966
[Train] Batch 030 | I(t;x): 2.2066 | I(t;y): 0.0000 | Recon: 0.0308 | Total: 11.8311
   ↳ AA sample loss: 0.015406 | AA cos loss: 0.001957
[Train] Batch 040 | I(t;x): 2.1863 | I(t;y): 0.0000 | Recon: 0.0306 | Total: 11.7141
   ↳ AA sample loss: 0.015152 | AA cos loss: 0.001914

[Summary] Epoch 38 Train Total Loss: 11.8538
[Collapse Monitor] Avg intra-class archetype distance: 1.1127
=======================================================================

===================== Epoch 39/50 =====================
Mode: Full (KL + Recon + MI + full AA reconstruction + cos loss)
[Train] Batch 010 | I(t;x): 2.1593 | I(t;y): 0.0000 | Recon: 0.0311 | Total: 11.7225
   ↳ AA sample loss: 0.014922 | AA cos loss: 0.001785
[Train] Batch 020 | I(t;x): 2.2259 | I(t;y): 0.0000 | Recon: 0.0307 | Total: 11.6733
   ↳ AA sample loss: 0.014682 | AA cos loss: 0.001884
[Train] Batch 030 | I(t;x): 2.2183 | I(t;y): 0.0000 | Recon: 0.0311 | Total: 11.7093
   ↳ AA sample loss: 0.014412 | AA cos loss: 0.001961
[Train] Batch 040 | I(t;x): 2.2234 | I(t;y): 0.0000 | Recon: 0.0293 | Total: 11.3202
   ↳ AA sample loss: 0.014192 | AA cos loss: 0.001944

[Summary] Epoch 39 Train Total Loss: 11.6555
[Collapse Monitor] Avg intra-class archetype distance: 1.1202
=======================================================================

===================== Epoch 40/50 =====================
Mode: Full (KL + Recon + MI + full AA reconstruction + cos loss)
[Train] Batch 010 | I(t;x): 2.2336 | I(t;y): 0.0000 | Recon: 0.0297 | Total: 11.3418
   ↳ AA sample loss: 0.013924 | AA cos loss: 0.001885
[Train] Batch 020 | I(t;x): 2.2334 | I(t;y): 0.0000 | Recon: 0.0302 | Total: 11.4124
   ↳ AA sample loss: 0.013739 | AA cos loss: 0.001962
[Train] Batch 030 | I(t;x): 2.1798 | I(t;y): 0.0000 | Recon: 0.0318 | Total: 11.6970
   ↳ AA sample loss: 0.013622 | AA cos loss: 0.002136
[Train] Batch 040 | I(t;x): 2.2041 | I(t;y): 0.0000 | Recon: 0.0310 | Total: 11.5180
   ↳ AA sample loss: 0.013472 | AA cos loss: 0.002071

[Summary] Epoch 40 Train Total Loss: 11.5220
[Collapse Monitor] Avg intra-class archetype distance: 1.1238
=======================================================================

===================== Epoch 41/50 =====================
Mode: Full (KL + Recon + MI + full AA reconstruction + cos loss)
[Train] Batch 010 | I(t;x): 2.2325 | I(t;y): 0.0000 | Recon: 0.0303 | Total: 11.3662
   ↳ AA sample loss: 0.013246 | AA cos loss: 0.002122
[Train] Batch 020 | I(t;x): 2.2504 | I(t;y): 0.0000 | Recon: 0.0304 | Total: 11.3452
   ↳ AA sample loss: 0.013112 | AA cos loss: 0.001991
[Train] Batch 030 | I(t;x): 2.2368 | I(t;y): 0.0000 | Recon: 0.0326 | Total: 11.7417
   ↳ AA sample loss: 0.012956 | AA cos loss: 0.002002
[Train] Batch 040 | I(t;x): 2.2298 | I(t;y): 0.0000 | Recon: 0.0300 | Total: 11.1783
   ↳ AA sample loss: 0.012737 | AA cos loss: 0.001967

[Summary] Epoch 41 Train Total Loss: 11.3212
[Collapse Monitor] Avg intra-class archetype distance: 1.1298
=======================================================================

===================== Epoch 42/50 =====================
Mode: Full (KL + Recon + MI + full AA reconstruction + cos loss)
[Train] Batch 010 | I(t;x): 2.2440 | I(t;y): 0.0000 | Recon: 0.0311 | Total: 11.4113
   ↳ AA sample loss: 0.012608 | AA cos loss: 0.002097
[Train] Batch 020 | I(t;x): 2.2451 | I(t;y): 0.0000 | Recon: 0.0308 | Total: 11.2998
   ↳ AA sample loss: 0.012433 | AA cos loss: 0.002053
[Train] Batch 030 | I(t;x): 2.2502 | I(t;y): 0.0000 | Recon: 0.0302 | Total: 11.1471
   ↳ AA sample loss: 0.012228 | AA cos loss: 0.002103
[Train] Batch 040 | I(t;x): 2.2623 | I(t;y): 0.0000 | Recon: 0.0292 | Total: 10.9162
   ↳ AA sample loss: 0.012052 | AA cos loss: 0.002044

[Summary] Epoch 42 Train Total Loss: 11.1563
[Collapse Monitor] Avg intra-class archetype distance: 1.1365
=======================================================================

===================== Epoch 43/50 =====================
Mode: Full (KL + Recon + MI + full AA reconstruction + cos loss)
[Train] Batch 010 | I(t;x): 2.2865 | I(t;y): 0.0000 | Recon: 0.0301 | Total: 11.0721
   ↳ AA sample loss: 0.011901 | AA cos loss: 0.001900
[Train] Batch 020 | I(t;x): 2.2774 | I(t;y): 0.0000 | Recon: 0.0300 | Total: 11.0234
   ↳ AA sample loss: 0.011722 | AA cos loss: 0.002029
[Train] Batch 030 | I(t;x): 2.2504 | I(t;y): 0.0000 | Recon: 0.0308 | Total: 11.1619
   ↳ AA sample loss: 0.011633 | AA cos loss: 0.002120
[Train] Batch 040 | I(t;x): 2.2961 | I(t;y): 0.0000 | Recon: 0.0311 | Total: 11.2252
   ↳ AA sample loss: 0.011462 | AA cos loss: 0.002036

[Summary] Epoch 43 Train Total Loss: 11.1402
[Collapse Monitor] Avg intra-class archetype distance: 1.1408
=======================================================================

===================== Epoch 44/50 =====================
Mode: Full (KL + Recon + MI + full AA reconstruction + cos loss)
[Train] Batch 010 | I(t;x): 2.2568 | I(t;y): 0.0000 | Recon: 0.0298 | Total: 10.8897
   ↳ AA sample loss: 0.011277 | AA cos loss: 0.002093
[Train] Batch 020 | I(t;x): 2.2582 | I(t;y): 0.0000 | Recon: 0.0296 | Total: 10.8223
   ↳ AA sample loss: 0.011150 | AA cos loss: 0.002119
[Train] Batch 030 | I(t;x): 2.3048 | I(t;y): 0.0000 | Recon: 0.0300 | Total: 10.9180
   ↳ AA sample loss: 0.011048 | AA cos loss: 0.002035
[Train] Batch 040 | I(t;x): 2.3195 | I(t;y): 0.0000 | Recon: 0.0292 | Total: 10.7257
   ↳ AA sample loss: 0.010882 | AA cos loss: 0.001990

[Summary] Epoch 44 Train Total Loss: 10.9516
[Collapse Monitor] Avg intra-class archetype distance: 1.1453
=======================================================================

===================== Epoch 45/50 =====================
Mode: Full (KL + Recon + MI + full AA reconstruction + cos loss)
[Train] Batch 010 | I(t;x): 2.3081 | I(t;y): 0.0000 | Recon: 0.0308 | Total: 11.0033
   ↳ AA sample loss: 0.010806 | AA cos loss: 0.001856
[Train] Batch 020 | I(t;x): 2.3359 | I(t;y): 0.0000 | Recon: 0.0302 | Total: 10.9028
   ↳ AA sample loss: 0.010670 | AA cos loss: 0.002008
[Train] Batch 030 | I(t;x): 2.2874 | I(t;y): 0.0000 | Recon: 0.0302 | Total: 10.8659
   ↳ AA sample loss: 0.010525 | AA cos loss: 0.002128
[Train] Batch 040 | I(t;x): 2.3440 | I(t;y): 0.0000 | Recon: 0.0305 | Total: 10.9241
   ↳ AA sample loss: 0.010447 | AA cos loss: 0.001905

[Summary] Epoch 45 Train Total Loss: 10.8433
[Collapse Monitor] Avg intra-class archetype distance: 1.1491
=======================================================================

===================== Epoch 46/50 =====================
Mode: Full (KL + Recon + MI + full AA reconstruction + cos loss)
[Train] Batch 010 | I(t;x): 2.3188 | I(t;y): 0.0000 | Recon: 0.0305 | Total: 10.8882
   ↳ AA sample loss: 0.010358 | AA cos loss: 0.001975
[Train] Batch 020 | I(t;x): 2.3539 | I(t;y): 0.0000 | Recon: 0.0306 | Total: 10.9287
   ↳ AA sample loss: 0.010214 | AA cos loss: 0.002061
[Train] Batch 030 | I(t;x): 2.3318 | I(t;y): 0.0000 | Recon: 0.0289 | Total: 10.5322
   ↳ AA sample loss: 0.010138 | AA cos loss: 0.001980
[Train] Batch 040 | I(t;x): 2.3078 | I(t;y): 0.0000 | Recon: 0.0311 | Total: 10.9545
   ↳ AA sample loss: 0.010000 | AA cos loss: 0.002119

[Summary] Epoch 46 Train Total Loss: 10.7213
[Collapse Monitor] Avg intra-class archetype distance: 1.1511
=======================================================================

===================== Epoch 47/50 =====================
Mode: Full (KL + Recon + MI + full AA reconstruction + cos loss)
[Train] Batch 010 | I(t;x): 2.3554 | I(t;y): 0.0000 | Recon: 0.0292 | Total: 10.5914
   ↳ AA sample loss: 0.009904 | AA cos loss: 0.002064
[Train] Batch 020 | I(t;x): 2.3412 | I(t;y): 0.0000 | Recon: 0.0298 | Total: 10.6898
   ↳ AA sample loss: 0.009842 | AA cos loss: 0.002121
[Train] Batch 030 | I(t;x): 2.3834 | I(t;y): 0.0000 | Recon: 0.0307 | Total: 10.8758
   ↳ AA sample loss: 0.009766 | AA cos loss: 0.002023
[Train] Batch 040 | I(t;x): 2.3498 | I(t;y): 0.0000 | Recon: 0.0299 | Total: 10.7007
   ↳ AA sample loss: 0.009704 | AA cos loss: 0.002115

[Summary] Epoch 47 Train Total Loss: 10.6716
[Collapse Monitor] Avg intra-class archetype distance: 1.1529
=======================================================================

===================== Epoch 48/50 =====================
Mode: Full (KL + Recon + MI + full AA reconstruction + cos loss)
[Train] Batch 010 | I(t;x): 2.3999 | I(t;y): 0.0000 | Recon: 0.0286 | Total: 10.4551
   ↳ AA sample loss: 0.009637 | AA cos loss: 0.002054
[Train] Batch 020 | I(t;x): 2.3308 | I(t;y): 0.0000 | Recon: 0.0294 | Total: 10.5281
   ↳ AA sample loss: 0.009502 | AA cos loss: 0.002087
[Train] Batch 030 | I(t;x): 2.3318 | I(t;y): 0.0000 | Recon: 0.0288 | Total: 10.3920
   ↳ AA sample loss: 0.009404 | AA cos loss: 0.002051
[Train] Batch 040 | I(t;x): 2.3977 | I(t;y): 0.0000 | Recon: 0.0304 | Total: 10.7575
   ↳ AA sample loss: 0.009370 | AA cos loss: 0.001990

[Summary] Epoch 48 Train Total Loss: 10.5858
[Collapse Monitor] Avg intra-class archetype distance: 1.1539
=======================================================================

===================== Epoch 49/50 =====================
Mode: Full (KL + Recon + MI + full AA reconstruction + cos loss)
[Train] Batch 010 | I(t;x): 2.3343 | I(t;y): 0.0000 | Recon: 0.0308 | Total: 10.7678
   ↳ AA sample loss: 0.009295 | AA cos loss: 0.002036
[Train] Batch 020 | I(t;x): 2.3923 | I(t;y): 0.0000 | Recon: 0.0292 | Total: 10.4807
   ↳ AA sample loss: 0.009220 | AA cos loss: 0.002000
[Train] Batch 030 | I(t;x): 2.4003 | I(t;y): 0.0000 | Recon: 0.0302 | Total: 10.6512
   ↳ AA sample loss: 0.009133 | AA cos loss: 0.001970
[Train] Batch 040 | I(t;x): 2.3826 | I(t;y): 0.0000 | Recon: 0.0300 | Total: 10.6274
   ↳ AA sample loss: 0.009086 | AA cos loss: 0.002119

[Summary] Epoch 49 Train Total Loss: 10.5249
[Collapse Monitor] Avg intra-class archetype distance: 1.1551
=======================================================================

===================== Epoch 50/50 =====================
Mode: Full (KL + Recon + MI + full AA reconstruction + cos loss)
[Train] Batch 010 | I(t;x): 2.3773 | I(t;y): 0.0000 | Recon: 0.0298 | Total: 10.5340
   ↳ AA sample loss: 0.008989 | AA cos loss: 0.002028
[Train] Batch 020 | I(t;x): 2.3663 | I(t;y): 0.0000 | Recon: 0.0296 | Total: 10.4766
   ↳ AA sample loss: 0.008878 | AA cos loss: 0.002063
[Train] Batch 030 | I(t;x): 2.3469 | I(t;y): 0.0000 | Recon: 0.0302 | Total: 10.5770
   ↳ AA sample loss: 0.008887 | AA cos loss: 0.002082
[Train] Batch 040 | I(t;x): 2.3673 | I(t;y): 0.0000 | Recon: 0.0295 | Total: 10.4349
   ↳ AA sample loss: 0.008834 | AA cos loss: 0.002007

[Summary] Epoch 50 Train Total Loss: 10.4929
[Collapse Monitor] Avg intra-class archetype distance: 1.1566
=======================================================================

[Save] Epoch losses saved to: results/kmnist/seed_42_aa_6/epoch_total_losses.pkl
[Save] Final archetype coordinates saved to: results/kmnist/seed_42_aa_6/final_archetypes.npy (shape: (60, 32))
[Save] Decoded archetype images saved to: results/kmnist/seed_42_aa_6/final_archetypes_decoded.npy (shape: (60, 1, 28, 28))
[Save] Sample-to-AA weight parameters saved to: results/kmnist/seed_42_aa_6/fc_sample_to_aa_weights.pth
[Save] Final model weights saved to: results/kmnist/seed_42_aa_6/model_final.pth
