[Init] Using device: cuda
[Config] Parameters saved to: results/kmnist/seed_45_aa_7/params.json
[Training Start] 50 epochs total
Warmup: first 5 epochs | Semantic: 6–10 | AA starts from 11
[Config] batch_size=500 | lr=0.005 | gamma=200 | cos_sim_weight=1.0

===================== Epoch 1/50 =====================
Mode: Warmup (KL + Reconstruction)
[Train] Batch 010 | I(t;x): 0.2003 | I(t;y): 2.3005 | Recon: 0.1585 | Total: 31.9101
[Train] Batch 020 | I(t;x): 0.0304 | I(t;y): 2.3005 | Recon: 0.1638 | Total: 32.7846
[Train] Batch 030 | I(t;x): 0.0194 | I(t;y): 2.3005 | Recon: 0.1545 | Total: 30.9289
[Train] Batch 040 | I(t;x): 0.0168 | I(t;y): 2.3005 | Recon: 0.1582 | Total: 31.6591

[Summary] Epoch 1 Train Total Loss: 67267.4185
=======================================================================

===================== Epoch 2/50 =====================
Mode: Warmup (KL + Reconstruction)
[Train] Batch 010 | I(t;x): 0.0185 | I(t;y): 2.3005 | Recon: 0.1585 | Total: 31.7204
[Train] Batch 020 | I(t;x): 0.0160 | I(t;y): 2.3005 | Recon: 0.1644 | Total: 32.9028
[Train] Batch 030 | I(t;x): 0.0158 | I(t;y): 2.3006 | Recon: 0.1623 | Total: 32.4735
[Train] Batch 040 | I(t;x): 0.0158 | I(t;y): 2.3007 | Recon: 0.1563 | Total: 31.2793

[Summary] Epoch 2 Train Total Loss: 31.6758
=======================================================================

===================== Epoch 3/50 =====================
Mode: Warmup (KL + Reconstruction)
[Train] Batch 010 | I(t;x): 0.0159 | I(t;y): 2.3012 | Recon: 0.1622 | Total: 32.4580
[Train] Batch 020 | I(t;x): 0.0157 | I(t;y): 2.3015 | Recon: 0.1598 | Total: 31.9663
[Train] Batch 030 | I(t;x): 0.0159 | I(t;y): 2.3016 | Recon: 0.1439 | Total: 28.7875
[Train] Batch 040 | I(t;x): 0.0409 | I(t;y): 2.3016 | Recon: 0.1126 | Total: 22.5691

[Summary] Epoch 3 Train Total Loss: 29.6981
=======================================================================

===================== Epoch 4/50 =====================
Mode: Warmup (KL + Reconstruction)
[Train] Batch 010 | I(t;x): 0.3465 | I(t;y): 2.3013 | Recon: 0.1005 | Total: 20.4518
[Train] Batch 020 | I(t;x): 0.5362 | I(t;y): 2.3010 | Recon: 0.0954 | Total: 19.6254
[Train] Batch 030 | I(t;x): 0.5150 | I(t;y): 2.3009 | Recon: 0.0952 | Total: 19.5525
[Train] Batch 040 | I(t;x): 0.5508 | I(t;y): 2.3012 | Recon: 0.0933 | Total: 19.2135

[Summary] Epoch 4 Train Total Loss: 20.2554
=======================================================================

===================== Epoch 5/50 =====================
Mode: Warmup (KL + Reconstruction)
[Train] Batch 010 | I(t;x): 0.6455 | I(t;y): 2.3012 | Recon: 0.0906 | Total: 18.7615
[Train] Batch 020 | I(t;x): 0.8713 | I(t;y): 2.3012 | Recon: 0.0851 | Total: 17.8819
[Train] Batch 030 | I(t;x): 0.8947 | I(t;y): 2.3012 | Recon: 0.0847 | Total: 17.8366
[Train] Batch 040 | I(t;x): 0.8646 | I(t;y): 2.3011 | Recon: 0.0795 | Total: 16.7728

[Summary] Epoch 5 Train Total Loss: 18.1183
=======================================================================

===================== Epoch 6/50 =====================
Mode: Semantic (KL + Recon + weak MI)
[Train] Batch 010 | I(t;x): 0.9246 | I(t;y): 2.1481 | Recon: 0.0766 | Total: 16.2613
[Train] Batch 020 | I(t;x): 0.8731 | I(t;y): 1.6306 | Recon: 0.0794 | Total: 16.7679
[Train] Batch 030 | I(t;x): 0.9212 | I(t;y): 1.1953 | Recon: 0.0757 | Total: 16.0688
[Train] Batch 040 | I(t;x): 0.9063 | I(t;y): 0.3555 | Recon: 0.0722 | Total: 15.3422

[Summary] Epoch 6 Train Total Loss: 16.2009
=======================================================================

===================== Epoch 7/50 =====================
Mode: Semantic (KL + Recon + weak MI)
[Train] Batch 010 | I(t;x): 0.9455 | I(t;y): 0.0396 | Recon: 0.0713 | Total: 15.2007
[Train] Batch 020 | I(t;x): 0.9776 | I(t;y): 0.0033 | Recon: 0.0725 | Total: 15.4712
[Train] Batch 030 | I(t;x): 1.0518 | I(t;y): 0.0011 | Recon: 0.0684 | Total: 14.7323
[Train] Batch 040 | I(t;x): 1.0494 | I(t;y): 0.0003 | Recon: 0.0630 | Total: 13.6553

[Summary] Epoch 7 Train Total Loss: 17.4210
=======================================================================

===================== Epoch 8/50 =====================
Mode: Semantic (KL + Recon + weak MI)
[Train] Batch 010 | I(t;x): 1.0309 | I(t;y): 0.0003 | Recon: 0.0636 | Total: 13.7583
[Train] Batch 020 | I(t;x): 1.0614 | I(t;y): 0.0003 | Recon: 0.0616 | Total: 13.3911
[Train] Batch 030 | I(t;x): 1.0604 | I(t;y): 0.0004 | Recon: 0.0613 | Total: 13.3253
[Train] Batch 040 | I(t;x): 1.0756 | I(t;y): 0.0002 | Recon: 0.0612 | Total: 13.3063

[Summary] Epoch 8 Train Total Loss: 13.4748
=======================================================================

===================== Epoch 9/50 =====================
Mode: Semantic (KL + Recon + weak MI)
[Train] Batch 010 | I(t;x): 1.0556 | I(t;y): 0.0003 | Recon: 0.0583 | Total: 12.7091
[Train] Batch 020 | I(t;x): 1.0702 | I(t;y): 0.0002 | Recon: 0.0574 | Total: 12.5472
[Train] Batch 030 | I(t;x): 1.1005 | I(t;y): 0.0002 | Recon: 0.0561 | Total: 12.3121
[Train] Batch 040 | I(t;x): 1.1271 | I(t;y): 0.0001 | Recon: 0.0560 | Total: 12.3341

[Summary] Epoch 9 Train Total Loss: 12.6201
=======================================================================

===================== Epoch 10/50 =====================
Mode: Semantic (KL + Recon + weak MI)
[Train] Batch 010 | I(t;x): 1.1542 | I(t;y): 0.0002 | Recon: 0.0554 | Total: 12.2332
[Train] Batch 020 | I(t;x): 1.1216 | I(t;y): 0.0001 | Recon: 0.0548 | Total: 12.0859
[Train] Batch 030 | I(t;x): 1.1587 | I(t;y): 0.0001 | Recon: 0.0527 | Total: 11.6907
[Train] Batch 040 | I(t;x): 1.1866 | I(t;y): 0.0001 | Recon: 0.0537 | Total: 11.9242

[Summary] Epoch 10 Train Total Loss: 11.8935
=======================================================================

===================== Epoch 11/50 =====================
Mode: Full (KL + Recon + MI + full AA reconstruction + cos loss)
[Init] Initializing class-wise archetypes (multi-seed + fallback)...
[Init] Archetypes initialized.
[Train] Batch 010 | I(t;x): 1.4084 | I(t;y): 0.0000 | Recon: 0.1037 | Total: 28.4492
   ↳ AA sample loss: 0.023112 | AA cos loss: 0.008387
[Train] Batch 020 | I(t;x): 2.1899 | I(t;y): 0.0000 | Recon: 0.1000 | Total: 27.1715
   ↳ AA sample loss: 0.022905 | AA cos loss: 0.002002
[Train] Batch 030 | I(t;x): 2.2649 | I(t;y): 0.0000 | Recon: 0.0979 | Total: 26.8514
   ↳ AA sample loss: 0.022762 | AA cos loss: 0.002226
[Train] Batch 040 | I(t;x): 1.9769 | I(t;y): 0.0000 | Recon: 0.0873 | Total: 24.4844
   ↳ AA sample loss: 0.022643 | AA cos loss: 0.002613

[Summary] Epoch 11 Train Total Loss: 38.3160
[Collapse Monitor] Avg intra-class archetype distance: 0.4894
=======================================================================

===================== Epoch 12/50 =====================
Mode: Full (KL + Recon + MI + full AA reconstruction + cos loss)
[Train] Batch 010 | I(t;x): 1.8249 | I(t;y): 0.0000 | Recon: 0.0810 | Total: 23.2369
   ↳ AA sample loss: 0.022422 | AA cos loss: 0.003655
[Train] Batch 020 | I(t;x): 1.9865 | I(t;y): 0.0000 | Recon: 0.0722 | Total: 21.9048
   ↳ AA sample loss: 0.022168 | AA cos loss: 0.005215
[Train] Batch 030 | I(t;x): 2.1358 | I(t;y): 0.0000 | Recon: 0.0676 | Total: 20.9257
   ↳ AA sample loss: 0.021828 | AA cos loss: 0.004559
[Train] Batch 040 | I(t;x): 2.0930 | I(t;y): 0.0000 | Recon: 0.0682 | Total: 20.9763
   ↳ AA sample loss: 0.021515 | AA cos loss: 0.004684

[Summary] Epoch 12 Train Total Loss: 22.1606
[Collapse Monitor] Avg intra-class archetype distance: 0.5079
=======================================================================

===================== Epoch 13/50 =====================
Mode: Full (KL + Recon + MI + full AA reconstruction + cos loss)
[Train] Batch 010 | I(t;x): 2.1250 | I(t;y): 0.0000 | Recon: 0.0651 | Total: 20.2212
   ↳ AA sample loss: 0.021185 | AA cos loss: 0.004154
[Train] Batch 020 | I(t;x): 2.1567 | I(t;y): 0.0000 | Recon: 0.0617 | Total: 19.4935
   ↳ AA sample loss: 0.020841 | AA cos loss: 0.004095
[Train] Batch 030 | I(t;x): 2.1056 | I(t;y): 0.0000 | Recon: 0.0623 | Total: 19.4775
   ↳ AA sample loss: 0.020510 | AA cos loss: 0.004089
[Train] Batch 040 | I(t;x): 2.1339 | I(t;y): 0.0000 | Recon: 0.0577 | Total: 18.5096
   ↳ AA sample loss: 0.020156 | AA cos loss: 0.004058

[Summary] Epoch 13 Train Total Loss: 19.4923
[Collapse Monitor] Avg intra-class archetype distance: 0.5312
=======================================================================

===================== Epoch 14/50 =====================
Mode: Full (KL + Recon + MI + full AA reconstruction + cos loss)
[Train] Batch 010 | I(t;x): 2.1565 | I(t;y): 0.0000 | Recon: 0.0586 | Total: 18.5664
   ↳ AA sample loss: 0.019692 | AA cos loss: 0.003766
[Train] Batch 020 | I(t;x): 2.1212 | I(t;y): 0.0000 | Recon: 0.0594 | Total: 18.5848
   ↳ AA sample loss: 0.019212 | AA cos loss: 0.003735
[Train] Batch 030 | I(t;x): 2.0983 | I(t;y): 0.0000 | Recon: 0.0576 | Total: 18.1407
   ↳ AA sample loss: 0.018727 | AA cos loss: 0.003900
[Train] Batch 040 | I(t;x): 2.1178 | I(t;y): 0.0000 | Recon: 0.0552 | Total: 17.4694
   ↳ AA sample loss: 0.018113 | AA cos loss: 0.003430

[Summary] Epoch 14 Train Total Loss: 18.3990
[Collapse Monitor] Avg intra-class archetype distance: 0.5591
=======================================================================

===================== Epoch 15/50 =====================
Mode: Full (KL + Recon + MI + full AA reconstruction + cos loss)
[Train] Batch 010 | I(t;x): 2.1289 | I(t;y): 0.0000 | Recon: 0.0560 | Total: 17.5291
   ↳ AA sample loss: 0.017449 | AA cos loss: 0.003550
[Train] Batch 020 | I(t;x): 2.0523 | I(t;y): 0.0000 | Recon: 0.0564 | Total: 17.3881
   ↳ AA sample loss: 0.016723 | AA cos loss: 0.003581
[Train] Batch 030 | I(t;x): 2.1124 | I(t;y): 0.0000 | Recon: 0.0562 | Total: 17.2436
   ↳ AA sample loss: 0.015991 | AA cos loss: 0.003461
[Train] Batch 040 | I(t;x): 2.1167 | I(t;y): 0.0000 | Recon: 0.0550 | Total: 16.8256
   ↳ AA sample loss: 0.015192 | AA cos loss: 0.003341

[Summary] Epoch 15 Train Total Loss: 17.3282
[Collapse Monitor] Avg intra-class archetype distance: 0.5864
=======================================================================

===================== Epoch 16/50 =====================
Mode: Full (KL + Recon + MI + full AA reconstruction + cos loss)
[Train] Batch 010 | I(t;x): 2.1448 | I(t;y): 0.0000 | Recon: 0.0535 | Total: 16.3487
   ↳ AA sample loss: 0.014300 | AA cos loss: 0.003226
[Train] Batch 020 | I(t;x): 2.2289 | I(t;y): 0.0000 | Recon: 0.0546 | Total: 16.4906
   ↳ AA sample loss: 0.013337 | AA cos loss: 0.003321
[Train] Batch 030 | I(t;x): 2.0522 | I(t;y): 0.0000 | Recon: 0.0545 | Total: 16.1290
   ↳ AA sample loss: 0.012436 | AA cos loss: 0.003436
[Train] Batch 040 | I(t;x): 2.1131 | I(t;y): 0.0000 | Recon: 0.0522 | Total: 15.5104
   ↳ AA sample loss: 0.011428 | AA cos loss: 0.003390

[Summary] Epoch 16 Train Total Loss: 16.3423
[Collapse Monitor] Avg intra-class archetype distance: 0.6097
=======================================================================

===================== Epoch 17/50 =====================
Mode: Full (KL + Recon + MI + full AA reconstruction + cos loss)
[Train] Batch 010 | I(t;x): 2.2097 | I(t;y): 0.0000 | Recon: 0.0555 | Total: 16.0075
   ↳ AA sample loss: 0.010391 | AA cos loss: 0.003135
[Train] Batch 020 | I(t;x): 2.1910 | I(t;y): 0.0000 | Recon: 0.0529 | Total: 15.3358
   ↳ AA sample loss: 0.009460 | AA cos loss: 0.003324
[Train] Batch 030 | I(t;x): 2.1688 | I(t;y): 0.0000 | Recon: 0.0522 | Total: 15.0027
   ↳ AA sample loss: 0.008593 | AA cos loss: 0.003372
[Train] Batch 040 | I(t;x): 2.1640 | I(t;y): 0.0000 | Recon: 0.0538 | Total: 15.1036
   ↳ AA sample loss: 0.007768 | AA cos loss: 0.003102

[Summary] Epoch 17 Train Total Loss: 15.3584
[Collapse Monitor] Avg intra-class archetype distance: 0.6250
=======================================================================

===================== Epoch 18/50 =====================
Mode: Full (KL + Recon + MI + full AA reconstruction + cos loss)
[Train] Batch 010 | I(t;x): 2.1374 | I(t;y): 0.0000 | Recon: 0.0525 | Total: 14.6766
   ↳ AA sample loss: 0.007133 | AA cos loss: 0.003104
[Train] Batch 020 | I(t;x): 2.1593 | I(t;y): 0.0000 | Recon: 0.0522 | Total: 14.5732
   ↳ AA sample loss: 0.006572 | AA cos loss: 0.003265
[Train] Batch 030 | I(t;x): 2.2159 | I(t;y): 0.0000 | Recon: 0.0516 | Total: 14.3713
   ↳ AA sample loss: 0.006017 | AA cos loss: 0.003135
[Train] Batch 040 | I(t;x): 2.1486 | I(t;y): 0.0000 | Recon: 0.0488 | Total: 13.6172
   ↳ AA sample loss: 0.005560 | AA cos loss: 0.003012

[Summary] Epoch 18 Train Total Loss: 14.4880
[Collapse Monitor] Avg intra-class archetype distance: 0.6323
=======================================================================

===================== Epoch 19/50 =====================
Mode: Full (KL + Recon + MI + full AA reconstruction + cos loss)
[Train] Batch 010 | I(t;x): 2.1539 | I(t;y): 0.0000 | Recon: 0.0523 | Total: 14.2597
   ↳ AA sample loss: 0.005156 | AA cos loss: 0.003115
[Train] Batch 020 | I(t;x): 2.2319 | I(t;y): 0.0000 | Recon: 0.0516 | Total: 14.0715
   ↳ AA sample loss: 0.004724 | AA cos loss: 0.002896
[Train] Batch 030 | I(t;x): 2.2203 | I(t;y): 0.0000 | Recon: 0.0520 | Total: 14.0674
   ↳ AA sample loss: 0.004338 | AA cos loss: 0.002947
[Train] Batch 040 | I(t;x): 2.2028 | I(t;y): 0.0000 | Recon: 0.0497 | Total: 13.5535
   ↳ AA sample loss: 0.004007 | AA cos loss: 0.003056

[Summary] Epoch 19 Train Total Loss: 13.9876
[Collapse Monitor] Avg intra-class archetype distance: 0.6363
=======================================================================

===================== Epoch 20/50 =====================
Mode: Full (KL + Recon + MI + full AA reconstruction + cos loss)
[Train] Batch 010 | I(t;x): 2.2648 | I(t;y): 0.0000 | Recon: 0.0498 | Total: 13.5823
   ↳ AA sample loss: 0.003761 | AA cos loss: 0.003034
[Train] Batch 020 | I(t;x): 2.2690 | I(t;y): 0.0000 | Recon: 0.0501 | Total: 13.5737
   ↳ AA sample loss: 0.003489 | AA cos loss: 0.002929
[Train] Batch 030 | I(t;x): 2.2324 | I(t;y): 0.0000 | Recon: 0.0496 | Total: 13.4152
   ↳ AA sample loss: 0.003281 | AA cos loss: 0.003083
[Train] Batch 040 | I(t;x): 2.2611 | I(t;y): 0.0000 | Recon: 0.0505 | Total: 13.5769
   ↳ AA sample loss: 0.003103 | AA cos loss: 0.003015

[Summary] Epoch 20 Train Total Loss: 13.6259
[Collapse Monitor] Avg intra-class archetype distance: 0.6381
=======================================================================

===================== Epoch 21/50 =====================
Mode: Full (KL + Recon + MI + full AA reconstruction + cos loss)
[Train] Batch 010 | I(t;x): 2.2514 | I(t;y): 0.0000 | Recon: 0.0499 | Total: 13.4347
   ↳ AA sample loss: 0.002936 | AA cos loss: 0.003036
[Train] Batch 020 | I(t;x): 2.2343 | I(t;y): 0.0000 | Recon: 0.0498 | Total: 13.3560
   ↳ AA sample loss: 0.002769 | AA cos loss: 0.003011
[Train] Batch 030 | I(t;x): 2.2494 | I(t;y): 0.0000 | Recon: 0.0509 | Total: 13.5521
   ↳ AA sample loss: 0.002622 | AA cos loss: 0.002997
[Train] Batch 040 | I(t;x): 2.2288 | I(t;y): 0.0000 | Recon: 0.0512 | Total: 13.5568
   ↳ AA sample loss: 0.002508 | AA cos loss: 0.002919

[Summary] Epoch 21 Train Total Loss: 13.4304
[Collapse Monitor] Avg intra-class archetype distance: 0.6391
=======================================================================

===================== Epoch 22/50 =====================
Mode: Full (KL + Recon + MI + full AA reconstruction + cos loss)
[Train] Batch 010 | I(t;x): 2.2248 | I(t;y): 0.0000 | Recon: 0.0483 | Total: 12.9618
   ↳ AA sample loss: 0.002370 | AA cos loss: 0.002969
[Train] Batch 020 | I(t;x): 2.2215 | I(t;y): 0.0000 | Recon: 0.0492 | Total: 13.1128
   ↳ AA sample loss: 0.002266 | AA cos loss: 0.002997
[Train] Batch 030 | I(t;x): 2.2316 | I(t;y): 0.0000 | Recon: 0.0474 | Total: 12.7628
   ↳ AA sample loss: 0.002191 | AA cos loss: 0.003018
[Train] Batch 040 | I(t;x): 2.2858 | I(t;y): 0.0000 | Recon: 0.0487 | Total: 13.0372
   ↳ AA sample loss: 0.002137 | AA cos loss: 0.002875

[Summary] Epoch 22 Train Total Loss: 13.1288
[Collapse Monitor] Avg intra-class archetype distance: 0.6407
=======================================================================

===================== Epoch 23/50 =====================
Mode: Full (KL + Recon + MI + full AA reconstruction + cos loss)
[Train] Batch 010 | I(t;x): 2.2160 | I(t;y): 0.0000 | Recon: 0.0490 | Total: 13.0123
   ↳ AA sample loss: 0.002005 | AA cos loss: 0.002988
[Train] Batch 020 | I(t;x): 2.2300 | I(t;y): 0.0000 | Recon: 0.0478 | Total: 12.7889
   ↳ AA sample loss: 0.001981 | AA cos loss: 0.003003
[Train] Batch 030 | I(t;x): 2.2440 | I(t;y): 0.0000 | Recon: 0.0480 | Total: 12.7895
   ↳ AA sample loss: 0.001885 | AA cos loss: 0.002893
[Train] Batch 040 | I(t;x): 2.2340 | I(t;y): 0.0000 | Recon: 0.0486 | Total: 12.9150
   ↳ AA sample loss: 0.001831 | AA cos loss: 0.002932

[Summary] Epoch 23 Train Total Loss: 12.9350
[Collapse Monitor] Avg intra-class archetype distance: 0.6433
=======================================================================

===================== Epoch 24/50 =====================
Mode: Full (KL + Recon + MI + full AA reconstruction + cos loss)
[Train] Batch 010 | I(t;x): 2.2650 | I(t;y): 0.0000 | Recon: 0.0489 | Total: 12.9665
   ↳ AA sample loss: 0.001764 | AA cos loss: 0.002893
[Train] Batch 020 | I(t;x): 2.2543 | I(t;y): 0.0000 | Recon: 0.0491 | Total: 12.9964
   ↳ AA sample loss: 0.001730 | AA cos loss: 0.002839
[Train] Batch 030 | I(t;x): 2.2174 | I(t;y): 0.0000 | Recon: 0.0478 | Total: 12.6769
   ↳ AA sample loss: 0.001653 | AA cos loss: 0.002814
[Train] Batch 040 | I(t;x): 2.2608 | I(t;y): 0.0000 | Recon: 0.0477 | Total: 12.6695
   ↳ AA sample loss: 0.001620 | AA cos loss: 0.002696

[Summary] Epoch 24 Train Total Loss: 12.8046
[Collapse Monitor] Avg intra-class archetype distance: 0.6476
=======================================================================

===================== Epoch 25/50 =====================
Mode: Full (KL + Recon + MI + full AA reconstruction + cos loss)
[Train] Batch 010 | I(t;x): 2.2855 | I(t;y): 0.0000 | Recon: 0.0478 | Total: 12.6960
   ↳ AA sample loss: 0.001552 | AA cos loss: 0.002722
[Train] Batch 020 | I(t;x): 2.2741 | I(t;y): 0.0000 | Recon: 0.0487 | Total: 12.8750
   ↳ AA sample loss: 0.001536 | AA cos loss: 0.002789
[Train] Batch 030 | I(t;x): 2.2235 | I(t;y): 0.0000 | Recon: 0.0486 | Total: 12.7778
   ↳ AA sample loss: 0.001483 | AA cos loss: 0.002705
[Train] Batch 040 | I(t;x): 2.2861 | I(t;y): 0.0000 | Recon: 0.0478 | Total: 12.6751
   ↳ AA sample loss: 0.001476 | AA cos loss: 0.002664

[Summary] Epoch 25 Train Total Loss: 12.7371
[Collapse Monitor] Avg intra-class archetype distance: 0.6524
=======================================================================

===================== Epoch 26/50 =====================
Mode: Full (KL + Recon + MI + full AA reconstruction + cos loss)
[Train] Batch 010 | I(t;x): 2.3433 | I(t;y): 0.0000 | Recon: 0.0494 | Total: 13.0530
   ↳ AA sample loss: 0.001423 | AA cos loss: 0.002707
[Train] Batch 020 | I(t;x): 2.3303 | I(t;y): 0.0000 | Recon: 0.0471 | Total: 12.5692
   ↳ AA sample loss: 0.001394 | AA cos loss: 0.002694
[Train] Batch 030 | I(t;x): 2.3214 | I(t;y): 0.0000 | Recon: 0.0465 | Total: 12.4496
   ↳ AA sample loss: 0.001382 | AA cos loss: 0.002768
[Train] Batch 040 | I(t;x): 2.2781 | I(t;y): 0.0000 | Recon: 0.0476 | Total: 12.6270
   ↳ AA sample loss: 0.001355 | AA cos loss: 0.002787

[Summary] Epoch 26 Train Total Loss: 12.6852
[Collapse Monitor] Avg intra-class archetype distance: 0.6558
=======================================================================

===================== Epoch 27/50 =====================
Mode: Full (KL + Recon + MI + full AA reconstruction + cos loss)
[Train] Batch 010 | I(t;x): 2.2723 | I(t;y): 0.0000 | Recon: 0.0465 | Total: 12.3898
   ↳ AA sample loss: 0.001319 | AA cos loss: 0.002733
[Train] Batch 020 | I(t;x): 2.2859 | I(t;y): 0.0000 | Recon: 0.0465 | Total: 12.4016
   ↳ AA sample loss: 0.001328 | AA cos loss: 0.002781
[Train] Batch 030 | I(t;x): 2.2574 | I(t;y): 0.0000 | Recon: 0.0472 | Total: 12.4889
   ↳ AA sample loss: 0.001307 | AA cos loss: 0.002669
[Train] Batch 040 | I(t;x): 2.3382 | I(t;y): 0.0000 | Recon: 0.0471 | Total: 12.5537
   ↳ AA sample loss: 0.001308 | AA cos loss: 0.002622

[Summary] Epoch 27 Train Total Loss: 12.4934
[Collapse Monitor] Avg intra-class archetype distance: 0.6582
=======================================================================

===================== Epoch 28/50 =====================
Mode: Full (KL + Recon + MI + full AA reconstruction + cos loss)
[Train] Batch 010 | I(t;x): 2.2689 | I(t;y): 0.0000 | Recon: 0.0456 | Total: 12.1510
   ↳ AA sample loss: 0.001276 | AA cos loss: 0.002561
[Train] Batch 020 | I(t;x): 2.2762 | I(t;y): 0.0000 | Recon: 0.0477 | Total: 12.6193
   ↳ AA sample loss: 0.001272 | AA cos loss: 0.002755
[Train] Batch 030 | I(t;x): 2.3410 | I(t;y): 0.0000 | Recon: 0.0467 | Total: 12.4592
   ↳ AA sample loss: 0.001237 | AA cos loss: 0.002604
[Train] Batch 040 | I(t;x): 2.2986 | I(t;y): 0.0000 | Recon: 0.0457 | Total: 12.2154
   ↳ AA sample loss: 0.001217 | AA cos loss: 0.002634

[Summary] Epoch 28 Train Total Loss: 12.4506
[Collapse Monitor] Avg intra-class archetype distance: 0.6597
=======================================================================

===================== Epoch 29/50 =====================
Mode: Full (KL + Recon + MI + full AA reconstruction + cos loss)
[Train] Batch 010 | I(t;x): 2.3312 | I(t;y): 0.0000 | Recon: 0.0444 | Total: 12.0089
   ↳ AA sample loss: 0.001226 | AA cos loss: 0.002723
[Train] Batch 020 | I(t;x): 2.2641 | I(t;y): 0.0000 | Recon: 0.0474 | Total: 12.5350
   ↳ AA sample loss: 0.001231 | AA cos loss: 0.002747
[Train] Batch 030 | I(t;x): 2.2448 | I(t;y): 0.0000 | Recon: 0.0470 | Total: 12.4432
   ↳ AA sample loss: 0.001186 | AA cos loss: 0.002772
[Train] Batch 040 | I(t;x): 2.2465 | I(t;y): 0.0000 | Recon: 0.0452 | Total: 12.0454
   ↳ AA sample loss: 0.001163 | AA cos loss: 0.002645

[Summary] Epoch 29 Train Total Loss: 12.3173
[Collapse Monitor] Avg intra-class archetype distance: 0.6608
=======================================================================

===================== Epoch 30/50 =====================
Mode: Full (KL + Recon + MI + full AA reconstruction + cos loss)
[Train] Batch 010 | I(t;x): 2.2893 | I(t;y): 0.0000 | Recon: 0.0457 | Total: 12.1563
   ↳ AA sample loss: 0.001145 | AA cos loss: 0.002516
[Train] Batch 020 | I(t;x): 2.3126 | I(t;y): 0.0000 | Recon: 0.0462 | Total: 12.3041
   ↳ AA sample loss: 0.001146 | AA cos loss: 0.002597
[Train] Batch 030 | I(t;x): 2.2705 | I(t;y): 0.0000 | Recon: 0.0470 | Total: 12.4337
   ↳ AA sample loss: 0.001133 | AA cos loss: 0.002647
[Train] Batch 040 | I(t;x): 2.2948 | I(t;y): 0.0000 | Recon: 0.0470 | Total: 12.4186
   ↳ AA sample loss: 0.001130 | AA cos loss: 0.002514

[Summary] Epoch 30 Train Total Loss: 12.2627
[Collapse Monitor] Avg intra-class archetype distance: 0.6617
=======================================================================

===================== Epoch 31/50 =====================
Mode: Full (KL + Recon + MI + full AA reconstruction + cos loss)
[Train] Batch 010 | I(t;x): 2.2930 | I(t;y): 0.0000 | Recon: 0.0467 | Total: 12.3873
   ↳ AA sample loss: 0.001156 | AA cos loss: 0.002610
[Train] Batch 020 | I(t;x): 2.3424 | I(t;y): 0.0000 | Recon: 0.0460 | Total: 12.2816
   ↳ AA sample loss: 0.001135 | AA cos loss: 0.002602
[Train] Batch 030 | I(t;x): 2.3475 | I(t;y): 0.0000 | Recon: 0.0450 | Total: 12.0816
   ↳ AA sample loss: 0.001124 | AA cos loss: 0.002588
[Train] Batch 040 | I(t;x): 2.3472 | I(t;y): 0.0000 | Recon: 0.0453 | Total: 12.1411
   ↳ AA sample loss: 0.001097 | AA cos loss: 0.002571

[Summary] Epoch 31 Train Total Loss: 12.2157
[Collapse Monitor] Avg intra-class archetype distance: 0.6624
=======================================================================

===================== Epoch 32/50 =====================
Mode: Full (KL + Recon + MI + full AA reconstruction + cos loss)
[Train] Batch 010 | I(t;x): 2.3220 | I(t;y): 0.0000 | Recon: 0.0480 | Total: 12.6586
   ↳ AA sample loss: 0.001101 | AA cos loss: 0.002631
[Train] Batch 020 | I(t;x): 2.2848 | I(t;y): 0.0000 | Recon: 0.0462 | Total: 12.2869
   ↳ AA sample loss: 0.001110 | AA cos loss: 0.002696
[Train] Batch 030 | I(t;x): 2.3150 | I(t;y): 0.0000 | Recon: 0.0454 | Total: 12.1356
   ↳ AA sample loss: 0.001080 | AA cos loss: 0.002639
[Train] Batch 040 | I(t;x): 2.3445 | I(t;y): 0.0000 | Recon: 0.0453 | Total: 12.1136
   ↳ AA sample loss: 0.001068 | AA cos loss: 0.002488

[Summary] Epoch 32 Train Total Loss: 12.1885
[Collapse Monitor] Avg intra-class archetype distance: 0.6630
=======================================================================

===================== Epoch 33/50 =====================
Mode: Full (KL + Recon + MI + full AA reconstruction + cos loss)
[Train] Batch 010 | I(t;x): 2.3166 | I(t;y): 0.0000 | Recon: 0.0449 | Total: 12.0199
   ↳ AA sample loss: 0.001060 | AA cos loss: 0.002585
[Train] Batch 020 | I(t;x): 2.3140 | I(t;y): 0.0000 | Recon: 0.0449 | Total: 12.0049
   ↳ AA sample loss: 0.001064 | AA cos loss: 0.002489
[Train] Batch 030 | I(t;x): 2.3031 | I(t;y): 0.0000 | Recon: 0.0467 | Total: 12.3529
   ↳ AA sample loss: 0.001045 | AA cos loss: 0.002533
[Train] Batch 040 | I(t;x): 2.3762 | I(t;y): 0.0000 | Recon: 0.0444 | Total: 12.0074
   ↳ AA sample loss: 0.001051 | AA cos loss: 0.002658

[Summary] Epoch 33 Train Total Loss: 12.1343
[Collapse Monitor] Avg intra-class archetype distance: 0.6638
=======================================================================

===================== Epoch 34/50 =====================
Mode: Full (KL + Recon + MI + full AA reconstruction + cos loss)
[Train] Batch 010 | I(t;x): 2.3225 | I(t;y): 0.0000 | Recon: 0.0444 | Total: 11.9416
   ↳ AA sample loss: 0.001045 | AA cos loss: 0.002652
[Train] Batch 020 | I(t;x): 2.3122 | I(t;y): 0.0000 | Recon: 0.0450 | Total: 12.0414
   ↳ AA sample loss: 0.001031 | AA cos loss: 0.002572
[Train] Batch 030 | I(t;x): 2.3097 | I(t;y): 0.0000 | Recon: 0.0460 | Total: 12.2021
   ↳ AA sample loss: 0.001002 | AA cos loss: 0.002483
[Train] Batch 040 | I(t;x): 2.3023 | I(t;y): 0.0000 | Recon: 0.0454 | Total: 12.0814
   ↳ AA sample loss: 0.001009 | AA cos loss: 0.002517

[Summary] Epoch 34 Train Total Loss: 12.0112
[Collapse Monitor] Avg intra-class archetype distance: 0.6642
=======================================================================

===================== Epoch 35/50 =====================
Mode: Full (KL + Recon + MI + full AA reconstruction + cos loss)
[Train] Batch 010 | I(t;x): 2.3087 | I(t;y): 0.0000 | Recon: 0.0442 | Total: 11.8517
   ↳ AA sample loss: 0.001007 | AA cos loss: 0.002514
[Train] Batch 020 | I(t;x): 2.3053 | I(t;y): 0.0000 | Recon: 0.0443 | Total: 11.8554
   ↳ AA sample loss: 0.001010 | AA cos loss: 0.002478
[Train] Batch 030 | I(t;x): 2.3611 | I(t;y): 0.0000 | Recon: 0.0457 | Total: 12.1837
   ↳ AA sample loss: 0.000998 | AA cos loss: 0.002435
[Train] Batch 040 | I(t;x): 2.3642 | I(t;y): 0.0000 | Recon: 0.0435 | Total: 11.7654
   ↳ AA sample loss: 0.000996 | AA cos loss: 0.002464

[Summary] Epoch 35 Train Total Loss: 11.9476
[Collapse Monitor] Avg intra-class archetype distance: 0.6648
=======================================================================

===================== Epoch 36/50 =====================
Mode: Full (KL + Recon + MI + full AA reconstruction + cos loss)
[Train] Batch 010 | I(t;x): 2.3410 | I(t;y): 0.0000 | Recon: 0.0448 | Total: 12.0084
   ↳ AA sample loss: 0.000998 | AA cos loss: 0.002497
[Train] Batch 020 | I(t;x): 2.3429 | I(t;y): 0.0000 | Recon: 0.0461 | Total: 12.2678
   ↳ AA sample loss: 0.000999 | AA cos loss: 0.002570
[Train] Batch 030 | I(t;x): 2.3271 | I(t;y): 0.0000 | Recon: 0.0456 | Total: 12.1887
   ↳ AA sample loss: 0.001007 | AA cos loss: 0.002745
[Train] Batch 040 | I(t;x): 2.2845 | I(t;y): 0.0000 | Recon: 0.0444 | Total: 11.8909
   ↳ AA sample loss: 0.000992 | AA cos loss: 0.002685

[Summary] Epoch 36 Train Total Loss: 12.0205
[Collapse Monitor] Avg intra-class archetype distance: 0.6652
=======================================================================

===================== Epoch 37/50 =====================
Mode: Full (KL + Recon + MI + full AA reconstruction + cos loss)
[Train] Batch 010 | I(t;x): 2.2714 | I(t;y): 0.0000 | Recon: 0.0425 | Total: 11.4998
   ↳ AA sample loss: 0.000977 | AA cos loss: 0.002690
[Train] Batch 020 | I(t;x): 2.3034 | I(t;y): 0.0000 | Recon: 0.0435 | Total: 11.7191
   ↳ AA sample loss: 0.000984 | AA cos loss: 0.002560
[Train] Batch 030 | I(t;x): 2.3653 | I(t;y): 0.0000 | Recon: 0.0467 | Total: 12.4002
   ↳ AA sample loss: 0.000958 | AA cos loss: 0.002495
[Train] Batch 040 | I(t;x): 2.3789 | I(t;y): 0.0000 | Recon: 0.0445 | Total: 11.9777
   ↳ AA sample loss: 0.000964 | AA cos loss: 0.002531

[Summary] Epoch 37 Train Total Loss: 11.8686
[Collapse Monitor] Avg intra-class archetype distance: 0.6657
=======================================================================

===================== Epoch 38/50 =====================
Mode: Full (KL + Recon + MI + full AA reconstruction + cos loss)
[Train] Batch 010 | I(t;x): 2.3299 | I(t;y): 0.0000 | Recon: 0.0441 | Total: 11.8487
   ↳ AA sample loss: 0.000964 | AA cos loss: 0.002526
[Train] Batch 020 | I(t;x): 2.3916 | I(t;y): 0.0000 | Recon: 0.0460 | Total: 12.2707
   ↳ AA sample loss: 0.000955 | AA cos loss: 0.002441
[Train] Batch 030 | I(t;x): 2.3412 | I(t;y): 0.0000 | Recon: 0.0440 | Total: 11.8354
   ↳ AA sample loss: 0.000954 | AA cos loss: 0.002500
[Train] Batch 040 | I(t;x): 2.3951 | I(t;y): 0.0000 | Recon: 0.0451 | Total: 12.0865
   ↳ AA sample loss: 0.000943 | AA cos loss: 0.002432

[Summary] Epoch 38 Train Total Loss: 11.8279
[Collapse Monitor] Avg intra-class archetype distance: 0.6662
=======================================================================

===================== Epoch 39/50 =====================
Mode: Full (KL + Recon + MI + full AA reconstruction + cos loss)
[Train] Batch 010 | I(t;x): 2.3404 | I(t;y): 0.0000 | Recon: 0.0453 | Total: 12.0795
   ↳ AA sample loss: 0.000945 | AA cos loss: 0.002491
[Train] Batch 020 | I(t;x): 2.3285 | I(t;y): 0.0000 | Recon: 0.0433 | Total: 11.6764
   ↳ AA sample loss: 0.000936 | AA cos loss: 0.002477
[Train] Batch 030 | I(t;x): 2.3424 | I(t;y): 0.0000 | Recon: 0.0456 | Total: 12.1311
   ↳ AA sample loss: 0.000927 | AA cos loss: 0.002425
[Train] Batch 040 | I(t;x): 2.3415 | I(t;y): 0.0000 | Recon: 0.0439 | Total: 11.7975
   ↳ AA sample loss: 0.000933 | AA cos loss: 0.002467

[Summary] Epoch 39 Train Total Loss: 11.7257
[Collapse Monitor] Avg intra-class archetype distance: 0.6669
=======================================================================

===================== Epoch 40/50 =====================
Mode: Full (KL + Recon + MI + full AA reconstruction + cos loss)
[Train] Batch 010 | I(t;x): 2.3434 | I(t;y): 0.0000 | Recon: 0.0436 | Total: 11.7526
   ↳ AA sample loss: 0.000927 | AA cos loss: 0.002491
[Train] Batch 020 | I(t;x): 2.3645 | I(t;y): 0.0000 | Recon: 0.0425 | Total: 11.5465
   ↳ AA sample loss: 0.000932 | AA cos loss: 0.002500
[Train] Batch 030 | I(t;x): 2.3732 | I(t;y): 0.0000 | Recon: 0.0458 | Total: 12.1998
   ↳ AA sample loss: 0.000909 | AA cos loss: 0.002382
[Train] Batch 040 | I(t;x): 2.3635 | I(t;y): 0.0000 | Recon: 0.0434 | Total: 11.7071
   ↳ AA sample loss: 0.000911 | AA cos loss: 0.002434

[Summary] Epoch 40 Train Total Loss: 11.7023
[Collapse Monitor] Avg intra-class archetype distance: 0.6678
=======================================================================

===================== Epoch 41/50 =====================
Mode: Full (KL + Recon + MI + full AA reconstruction + cos loss)
[Train] Batch 010 | I(t;x): 2.3411 | I(t;y): 0.0000 | Recon: 0.0435 | Total: 11.7227
   ↳ AA sample loss: 0.000913 | AA cos loss: 0.002463
[Train] Batch 020 | I(t;x): 2.3643 | I(t;y): 0.0000 | Recon: 0.0421 | Total: 11.4635
   ↳ AA sample loss: 0.000913 | AA cos loss: 0.002523
[Train] Batch 030 | I(t;x): 2.3563 | I(t;y): 0.0000 | Recon: 0.0428 | Total: 11.6010
   ↳ AA sample loss: 0.000908 | AA cos loss: 0.002506
[Train] Batch 040 | I(t;x): 2.3555 | I(t;y): 0.0000 | Recon: 0.0430 | Total: 11.6216
   ↳ AA sample loss: 0.000902 | AA cos loss: 0.002444

[Summary] Epoch 41 Train Total Loss: 11.6463
[Collapse Monitor] Avg intra-class archetype distance: 0.6692
=======================================================================

===================== Epoch 42/50 =====================
Mode: Full (KL + Recon + MI + full AA reconstruction + cos loss)
[Train] Batch 010 | I(t;x): 2.3780 | I(t;y): 0.0000 | Recon: 0.0423 | Total: 11.4943
   ↳ AA sample loss: 0.000900 | AA cos loss: 0.002388
[Train] Batch 020 | I(t;x): 2.3411 | I(t;y): 0.0000 | Recon: 0.0414 | Total: 11.2786
   ↳ AA sample loss: 0.000894 | AA cos loss: 0.002439
[Train] Batch 030 | I(t;x): 2.3297 | I(t;y): 0.0000 | Recon: 0.0413 | Total: 11.2475
   ↳ AA sample loss: 0.000896 | AA cos loss: 0.002420
[Train] Batch 040 | I(t;x): 2.3558 | I(t;y): 0.0000 | Recon: 0.0445 | Total: 11.9046
   ↳ AA sample loss: 0.000877 | AA cos loss: 0.002394

[Summary] Epoch 42 Train Total Loss: 11.6590
[Collapse Monitor] Avg intra-class archetype distance: 0.6713
=======================================================================

===================== Epoch 43/50 =====================
Mode: Full (KL + Recon + MI + full AA reconstruction + cos loss)
[Train] Batch 010 | I(t;x): 2.3263 | I(t;y): 0.0000 | Recon: 0.0437 | Total: 11.7271
   ↳ AA sample loss: 0.000890 | AA cos loss: 0.002423
[Train] Batch 020 | I(t;x): 2.4362 | I(t;y): 0.0000 | Recon: 0.0430 | Total: 11.7003
   ↳ AA sample loss: 0.000883 | AA cos loss: 0.002443
[Train] Batch 030 | I(t;x): 2.3869 | I(t;y): 0.0000 | Recon: 0.0433 | Total: 11.7312
   ↳ AA sample loss: 0.000888 | AA cos loss: 0.002566
[Train] Batch 040 | I(t;x): 2.4024 | I(t;y): 0.0000 | Recon: 0.0431 | Total: 11.6987
   ↳ AA sample loss: 0.000877 | AA cos loss: 0.002487

[Summary] Epoch 43 Train Total Loss: 11.6019
[Collapse Monitor] Avg intra-class archetype distance: 0.6755
=======================================================================

===================== Epoch 44/50 =====================
Mode: Full (KL + Recon + MI + full AA reconstruction + cos loss)
[Train] Batch 010 | I(t;x): 2.3906 | I(t;y): 0.0000 | Recon: 0.0431 | Total: 11.6725
   ↳ AA sample loss: 0.000859 | AA cos loss: 0.002438
[Train] Batch 020 | I(t;x): 2.3579 | I(t;y): 0.0000 | Recon: 0.0413 | Total: 11.2715
   ↳ AA sample loss: 0.000875 | AA cos loss: 0.002432
[Train] Batch 030 | I(t;x): 2.3854 | I(t;y): 0.0000 | Recon: 0.0414 | Total: 11.3353
   ↳ AA sample loss: 0.000886 | AA cos loss: 0.002458
[Train] Batch 040 | I(t;x): 2.3445 | I(t;y): 0.0000 | Recon: 0.0416 | Total: 11.3010
   ↳ AA sample loss: 0.000878 | AA cos loss: 0.002352

[Summary] Epoch 44 Train Total Loss: 11.5325
[Collapse Monitor] Avg intra-class archetype distance: 0.6812
=======================================================================

===================== Epoch 45/50 =====================
Mode: Full (KL + Recon + MI + full AA reconstruction + cos loss)
[Train] Batch 010 | I(t;x): 2.3606 | I(t;y): 0.0000 | Recon: 0.0427 | Total: 11.5552
   ↳ AA sample loss: 0.000878 | AA cos loss: 0.002378
[Train] Batch 020 | I(t;x): 2.4139 | I(t;y): 0.0000 | Recon: 0.0426 | Total: 11.5799
   ↳ AA sample loss: 0.000855 | AA cos loss: 0.002356
[Train] Batch 030 | I(t;x): 2.3387 | I(t;y): 0.0000 | Recon: 0.0430 | Total: 11.6179
   ↳ AA sample loss: 0.000870 | AA cos loss: 0.002487
[Train] Batch 040 | I(t;x): 2.4164 | I(t;y): 0.0000 | Recon: 0.0431 | Total: 11.6826
   ↳ AA sample loss: 0.000849 | AA cos loss: 0.002404

[Summary] Epoch 45 Train Total Loss: 11.5627
[Collapse Monitor] Avg intra-class archetype distance: 0.6853
=======================================================================

===================== Epoch 46/50 =====================
Mode: Full (KL + Recon + MI + full AA reconstruction + cos loss)
[Train] Batch 010 | I(t;x): 2.3376 | I(t;y): 0.0000 | Recon: 0.0409 | Total: 11.1866
   ↳ AA sample loss: 0.000846 | AA cos loss: 0.002487
[Train] Batch 020 | I(t;x): 2.3830 | I(t;y): 0.0000 | Recon: 0.0418 | Total: 11.3808
   ↳ AA sample loss: 0.000835 | AA cos loss: 0.002306
[Train] Batch 030 | I(t;x): 2.3491 | I(t;y): 0.0000 | Recon: 0.0424 | Total: 11.4863
   ↳ AA sample loss: 0.000858 | AA cos loss: 0.002477
[Train] Batch 040 | I(t;x): 2.3848 | I(t;y): 0.0000 | Recon: 0.0424 | Total: 11.5165
   ↳ AA sample loss: 0.000844 | AA cos loss: 0.002384

[Summary] Epoch 46 Train Total Loss: 11.4346
[Collapse Monitor] Avg intra-class archetype distance: 0.6887
=======================================================================

===================== Epoch 47/50 =====================
Mode: Full (KL + Recon + MI + full AA reconstruction + cos loss)
[Train] Batch 010 | I(t;x): 2.3765 | I(t;y): 0.0000 | Recon: 0.0428 | Total: 11.5792
   ↳ AA sample loss: 0.000839 | AA cos loss: 0.002407
[Train] Batch 020 | I(t;x): 2.3925 | I(t;y): 0.0000 | Recon: 0.0413 | Total: 11.2907
   ↳ AA sample loss: 0.000823 | AA cos loss: 0.002342
[Train] Batch 030 | I(t;x): 2.4117 | I(t;y): 0.0000 | Recon: 0.0415 | Total: 11.3544
   ↳ AA sample loss: 0.000838 | AA cos loss: 0.002345
[Train] Batch 040 | I(t;x): 2.3448 | I(t;y): 0.0000 | Recon: 0.0416 | Total: 11.3081
   ↳ AA sample loss: 0.000836 | AA cos loss: 0.002416

[Summary] Epoch 47 Train Total Loss: 11.3806
[Collapse Monitor] Avg intra-class archetype distance: 0.6955
=======================================================================

===================== Epoch 48/50 =====================
Mode: Full (KL + Recon + MI + full AA reconstruction + cos loss)
[Train] Batch 010 | I(t;x): 2.3667 | I(t;y): 0.0000 | Recon: 0.0416 | Total: 11.3233
   ↳ AA sample loss: 0.000825 | AA cos loss: 0.002370
[Train] Batch 020 | I(t;x): 2.3875 | I(t;y): 0.0000 | Recon: 0.0428 | Total: 11.5918
   ↳ AA sample loss: 0.000838 | AA cos loss: 0.002356
[Train] Batch 030 | I(t;x): 2.4114 | I(t;y): 0.0000 | Recon: 0.0417 | Total: 11.3788
   ↳ AA sample loss: 0.000818 | AA cos loss: 0.002300
[Train] Batch 040 | I(t;x): 2.3230 | I(t;y): 0.0000 | Recon: 0.0410 | Total: 11.1712
   ↳ AA sample loss: 0.000830 | AA cos loss: 0.002385

[Summary] Epoch 48 Train Total Loss: 11.3707
[Collapse Monitor] Avg intra-class archetype distance: 0.7028
=======================================================================

===================== Epoch 49/50 =====================
Mode: Full (KL + Recon + MI + full AA reconstruction + cos loss)
[Train] Batch 010 | I(t;x): 2.4161 | I(t;y): 0.0000 | Recon: 0.0421 | Total: 11.4643
   ↳ AA sample loss: 0.000827 | AA cos loss: 0.002293
[Train] Batch 020 | I(t;x): 2.4285 | I(t;y): 0.0000 | Recon: 0.0419 | Total: 11.4087
   ↳ AA sample loss: 0.000842 | AA cos loss: 0.002205
[Train] Batch 030 | I(t;x): 2.3802 | I(t;y): 0.0000 | Recon: 0.0410 | Total: 11.2172
   ↳ AA sample loss: 0.000817 | AA cos loss: 0.002324
[Train] Batch 040 | I(t;x): 2.3723 | I(t;y): 0.0000 | Recon: 0.0408 | Total: 11.1872
   ↳ AA sample loss: 0.000843 | AA cos loss: 0.002438

[Summary] Epoch 49 Train Total Loss: 11.3703
[Collapse Monitor] Avg intra-class archetype distance: 0.7113
=======================================================================

===================== Epoch 50/50 =====================
Mode: Full (KL + Recon + MI + full AA reconstruction + cos loss)
[Train] Batch 010 | I(t;x): 2.3436 | I(t;y): 0.0000 | Recon: 0.0417 | Total: 11.3290
   ↳ AA sample loss: 0.000822 | AA cos loss: 0.002434
[Train] Batch 020 | I(t;x): 2.4013 | I(t;y): 0.0000 | Recon: 0.0416 | Total: 11.3506
   ↳ AA sample loss: 0.000842 | AA cos loss: 0.002338
[Train] Batch 030 | I(t;x): 2.3688 | I(t;y): 0.0000 | Recon: 0.0420 | Total: 11.3980
   ↳ AA sample loss: 0.000829 | AA cos loss: 0.002293
[Train] Batch 040 | I(t;x): 2.3973 | I(t;y): 0.0000 | Recon: 0.0417 | Total: 11.3472
   ↳ AA sample loss: 0.000802 | AA cos loss: 0.002258

[Summary] Epoch 50 Train Total Loss: 11.2814
[Collapse Monitor] Avg intra-class archetype distance: 0.7253
=======================================================================

[Save] Epoch losses saved to: results/kmnist/seed_45_aa_7/epoch_total_losses.pkl
[Save] Final archetype coordinates saved to: results/kmnist/seed_45_aa_7/final_archetypes.npy (shape: (70, 32))
[Save] Decoded archetype images saved to: results/kmnist/seed_45_aa_7/final_archetypes_decoded.npy (shape: (70, 1, 28, 28))
[Save] Sample-to-AA weight parameters saved to: results/kmnist/seed_45_aa_7/fc_sample_to_aa_weights.pth
[Save] Final model weights saved to: results/kmnist/seed_45_aa_7/model_final.pth
