[Init] Using device: cuda
[Config] Parameters saved to: results/mnist/seed_45_aa_4/params.json
[Training Start] 50 epochs total
Warmup: first 5 epochs | Semantic: 6–10 | AA starts from 11
[Config] batch_size=500 | lr=0.005 | gamma=60.0 | cos_sim_weight=1.0

===================== Epoch 1/50 =====================
Mode: Warmup (KL + Reconstruction)
[Train] Batch 010 | I(t;x): 0.4574 | I(t;y): 2.3001 | Recon: 0.0727 | Total: 14.9984
[Train] Batch 020 | I(t;x): 0.2549 | I(t;y): 2.3002 | Recon: 0.0646 | Total: 13.1716
[Train] Batch 030 | I(t;x): 0.2400 | I(t;y): 2.3007 | Recon: 0.0626 | Total: 12.7668
[Train] Batch 040 | I(t;x): 0.3294 | I(t;y): 2.3010 | Recon: 0.0589 | Total: 12.1038

[Summary] Epoch 1 Train Total Loss: 1540.7419
=======================================================================

===================== Epoch 2/50 =====================
Mode: Warmup (KL + Reconstruction)
[Train] Batch 010 | I(t;x): 0.6977 | I(t;y): 2.3007 | Recon: 0.0505 | Total: 10.7995
[Train] Batch 020 | I(t;x): 0.9307 | I(t;y): 2.3010 | Recon: 0.0462 | Total: 10.1751
[Train] Batch 030 | I(t;x): 0.9738 | I(t;y): 2.3009 | Recon: 0.0421 | Total: 9.3949
[Train] Batch 040 | I(t;x): 1.0830 | I(t;y): 2.3006 | Recon: 0.0402 | Total: 9.1166

[Summary] Epoch 2 Train Total Loss: 10.2782
=======================================================================

===================== Epoch 3/50 =====================
Mode: Warmup (KL + Reconstruction)
[Train] Batch 010 | I(t;x): 1.0411 | I(t;y): 2.3009 | Recon: 0.0346 | Total: 7.9621
[Train] Batch 020 | I(t;x): 1.0351 | I(t;y): 2.3008 | Recon: 0.0352 | Total: 8.0810
[Train] Batch 030 | I(t;x): 1.0150 | I(t;y): 2.3009 | Recon: 0.0322 | Total: 7.4556
[Train] Batch 040 | I(t;x): 0.9516 | I(t;y): 2.3009 | Recon: 0.0304 | Total: 7.0349

[Summary] Epoch 3 Train Total Loss: 7.8652
=======================================================================

===================== Epoch 4/50 =====================
Mode: Warmup (KL + Reconstruction)
[Train] Batch 010 | I(t;x): 0.9967 | I(t;y): 2.3012 | Recon: 0.0292 | Total: 6.8360
[Train] Batch 020 | I(t;x): 1.0461 | I(t;y): 2.3012 | Recon: 0.0278 | Total: 6.6136
[Train] Batch 030 | I(t;x): 0.9939 | I(t;y): 2.3011 | Recon: 0.0280 | Total: 6.6011
[Train] Batch 040 | I(t;x): 0.9966 | I(t;y): 2.3011 | Recon: 0.0255 | Total: 6.0933

[Summary] Epoch 4 Train Total Loss: 6.5759
=======================================================================

===================== Epoch 5/50 =====================
Mode: Warmup (KL + Reconstruction)
[Train] Batch 010 | I(t;x): 1.0424 | I(t;y): 2.3012 | Recon: 0.0239 | Total: 5.8190
[Train] Batch 020 | I(t;x): 1.0321 | I(t;y): 2.3011 | Recon: 0.0249 | Total: 6.0063
[Train] Batch 030 | I(t;x): 1.0301 | I(t;y): 2.3011 | Recon: 0.0229 | Total: 5.6112
[Train] Batch 040 | I(t;x): 1.0407 | I(t;y): 2.3012 | Recon: 0.0222 | Total: 5.4821

[Summary] Epoch 5 Train Total Loss: 5.8064
=======================================================================

===================== Epoch 6/50 =====================
Mode: Semantic (KL + Recon + weak MI)
[Train] Batch 010 | I(t;x): 1.0564 | I(t;y): 2.1441 | Recon: 0.0234 | Total: 5.7400
[Train] Batch 020 | I(t;x): 1.0416 | I(t;y): 1.5934 | Recon: 0.0216 | Total: 5.3795
[Train] Batch 030 | I(t;x): 1.0769 | I(t;y): 1.2877 | Recon: 0.0206 | Total: 5.2112
[Train] Batch 040 | I(t;x): 1.0458 | I(t;y): 0.2163 | Recon: 0.0193 | Total: 4.8979

[Summary] Epoch 6 Train Total Loss: 5.3278
=======================================================================

===================== Epoch 7/50 =====================
Mode: Semantic (KL + Recon + weak MI)
[Train] Batch 010 | I(t;x): 1.0278 | I(t;y): 0.0093 | Recon: 0.0209 | Total: 5.2110
[Train] Batch 020 | I(t;x): 1.0473 | I(t;y): 0.0028 | Recon: 0.0191 | Total: 4.8753
[Train] Batch 030 | I(t;x): 1.0754 | I(t;y): 0.0012 | Recon: 0.0199 | Total: 5.0572
[Train] Batch 040 | I(t;x): 1.0703 | I(t;y): 0.0015 | Recon: 0.0189 | Total: 4.8450

[Summary] Epoch 7 Train Total Loss: 5.0078
=======================================================================

===================== Epoch 8/50 =====================
Mode: Semantic (KL + Recon + weak MI)
[Train] Batch 010 | I(t;x): 1.0622 | I(t;y): 0.0009 | Recon: 0.0194 | Total: 4.9359
[Train] Batch 020 | I(t;x): 1.0656 | I(t;y): 0.0005 | Recon: 0.0182 | Total: 4.6965
[Train] Batch 030 | I(t;x): 1.0672 | I(t;y): 0.0008 | Recon: 0.0173 | Total: 4.5270
[Train] Batch 040 | I(t;x): 1.0804 | I(t;y): 0.0005 | Recon: 0.0177 | Total: 4.6162

[Summary] Epoch 8 Train Total Loss: 4.7474
=======================================================================

===================== Epoch 9/50 =====================
Mode: Semantic (KL + Recon + weak MI)
[Train] Batch 010 | I(t;x): 1.1053 | I(t;y): 0.0006 | Recon: 0.0169 | Total: 4.4934
[Train] Batch 020 | I(t;x): 1.0574 | I(t;y): 0.0005 | Recon: 0.0179 | Total: 4.6327
[Train] Batch 030 | I(t;x): 1.0601 | I(t;y): 0.0006 | Recon: 0.0172 | Total: 4.5042
[Train] Batch 040 | I(t;x): 1.0945 | I(t;y): 0.0005 | Recon: 0.0158 | Total: 4.2585

[Summary] Epoch 9 Train Total Loss: 4.4891
=======================================================================

===================== Epoch 10/50 =====================
Mode: Semantic (KL + Recon + weak MI)
[Train] Batch 010 | I(t;x): 1.0889 | I(t;y): 0.0004 | Recon: 0.0164 | Total: 4.3735
[Train] Batch 020 | I(t;x): 1.1064 | I(t;y): 0.0006 | Recon: 0.0163 | Total: 4.3738
[Train] Batch 030 | I(t;x): 1.0952 | I(t;y): 0.0003 | Recon: 0.0168 | Total: 4.4615
[Train] Batch 040 | I(t;x): 1.0961 | I(t;y): 0.0004 | Recon: 0.0159 | Total: 4.2726

[Summary] Epoch 10 Train Total Loss: 4.3909
=======================================================================

===================== Epoch 11/50 =====================
Mode: Full (KL + Recon + MI + full AA reconstruction + cos loss)
[Init] Initializing class-wise archetypes (multi-seed + fallback)...
[Init] Archetypes initialized.
[Train] Batch 010 | I(t;x): 1.3528 | I(t;y): 0.0000 | Recon: 0.0395 | Total: 13.3928
   ↳ AA sample loss: 0.025156 | AA cos loss: 0.043890
[Train] Batch 020 | I(t;x): 2.0807 | I(t;y): 0.0000 | Recon: 0.0346 | Total: 11.2078
   ↳ AA sample loss: 0.025412 | AA cos loss: 0.011435
[Train] Batch 030 | I(t;x): 2.0001 | I(t;y): 0.0000 | Recon: 0.0303 | Total: 10.1246
   ↳ AA sample loss: 0.025504 | AA cos loss: 0.008858
[Train] Batch 040 | I(t;x): 1.8882 | I(t;y): 0.0000 | Recon: 0.0273 | Total: 9.4620
   ↳ AA sample loss: 0.025552 | AA cos loss: 0.009786

[Summary] Epoch 11 Train Total Loss: 15.3627
[Collapse Monitor] Avg intra-class archetype distance: 0.3264
=======================================================================

===================== Epoch 12/50 =====================
Mode: Full (KL + Recon + MI + full AA reconstruction + cos loss)
[Train] Batch 010 | I(t;x): 1.8018 | I(t;y): 0.0000 | Recon: 0.0229 | Total: 8.5290
   ↳ AA sample loss: 0.025543 | AA cos loss: 0.010329
[Train] Batch 020 | I(t;x): 1.7000 | I(t;y): 0.0000 | Recon: 0.0227 | Total: 8.3895
   ↳ AA sample loss: 0.025552 | AA cos loss: 0.010254
[Train] Batch 030 | I(t;x): 1.7149 | I(t;y): 0.0000 | Recon: 0.0199 | Total: 7.7992
   ↳ AA sample loss: 0.025610 | AA cos loss: 0.009377
[Train] Batch 040 | I(t;x): 1.7775 | I(t;y): 0.0000 | Recon: 0.0196 | Total: 7.7579
   ↳ AA sample loss: 0.025665 | AA cos loss: 0.008761

[Summary] Epoch 12 Train Total Loss: 8.4556
[Collapse Monitor] Avg intra-class archetype distance: 0.3299
=======================================================================

===================== Epoch 13/50 =====================
Mode: Full (KL + Recon + MI + full AA reconstruction + cos loss)
[Train] Batch 010 | I(t;x): 1.7579 | I(t;y): 0.0000 | Recon: 0.0200 | Total: 7.7972
   ↳ AA sample loss: 0.025708 | AA cos loss: 0.008306
[Train] Batch 020 | I(t;x): 1.7096 | I(t;y): 0.0000 | Recon: 0.0198 | Total: 7.7184
   ↳ AA sample loss: 0.025750 | AA cos loss: 0.008315
[Train] Batch 030 | I(t;x): 1.6755 | I(t;y): 0.0000 | Recon: 0.0194 | Total: 7.5517
   ↳ AA sample loss: 0.025784 | AA cos loss: 0.007525
[Train] Batch 040 | I(t;x): 1.6431 | I(t;y): 0.0000 | Recon: 0.0192 | Total: 7.4822
   ↳ AA sample loss: 0.025836 | AA cos loss: 0.007393

[Summary] Epoch 13 Train Total Loss: 7.7042
[Collapse Monitor] Avg intra-class archetype distance: 0.3375
=======================================================================

===================== Epoch 14/50 =====================
Mode: Full (KL + Recon + MI + full AA reconstruction + cos loss)
[Train] Batch 010 | I(t;x): 1.7172 | I(t;y): 0.0000 | Recon: 0.0177 | Total: 7.1980
   ↳ AA sample loss: 0.025883 | AA cos loss: 0.006369
[Train] Batch 020 | I(t;x): 1.6489 | I(t;y): 0.0000 | Recon: 0.0178 | Total: 7.1221
   ↳ AA sample loss: 0.025915 | AA cos loss: 0.006117
[Train] Batch 030 | I(t;x): 1.6358 | I(t;y): 0.0000 | Recon: 0.0190 | Total: 7.3447
   ↳ AA sample loss: 0.025926 | AA cos loss: 0.005811
[Train] Batch 040 | I(t;x): 1.5800 | I(t;y): 0.0000 | Recon: 0.0175 | Total: 6.9660
   ↳ AA sample loss: 0.025945 | AA cos loss: 0.005454

[Summary] Epoch 14 Train Total Loss: 7.2107
[Collapse Monitor] Avg intra-class archetype distance: 0.3492
=======================================================================

===================== Epoch 15/50 =====================
Mode: Full (KL + Recon + MI + full AA reconstruction + cos loss)
[Train] Batch 010 | I(t;x): 1.5883 | I(t;y): 0.0000 | Recon: 0.0178 | Total: 7.0249
   ↳ AA sample loss: 0.025930 | AA cos loss: 0.005301
[Train] Batch 020 | I(t;x): 1.5535 | I(t;y): 0.0000 | Recon: 0.0170 | Total: 6.7907
   ↳ AA sample loss: 0.025939 | AA cos loss: 0.004745
[Train] Batch 030 | I(t;x): 1.5847 | I(t;y): 0.0000 | Recon: 0.0170 | Total: 6.8220
   ↳ AA sample loss: 0.025886 | AA cos loss: 0.004603
[Train] Batch 040 | I(t;x): 1.5571 | I(t;y): 0.0000 | Recon: 0.0166 | Total: 6.7249
   ↳ AA sample loss: 0.025906 | AA cos loss: 0.004774

[Summary] Epoch 15 Train Total Loss: 6.8869
[Collapse Monitor] Avg intra-class archetype distance: 0.3648
=======================================================================

===================== Epoch 16/50 =====================
Mode: Full (KL + Recon + MI + full AA reconstruction + cos loss)
[Train] Batch 010 | I(t;x): 1.5533 | I(t;y): 0.0000 | Recon: 0.0174 | Total: 6.8589
   ↳ AA sample loss: 0.025820 | AA cos loss: 0.004537
[Train] Batch 020 | I(t;x): 1.5167 | I(t;y): 0.0000 | Recon: 0.0171 | Total: 6.7490
   ↳ AA sample loss: 0.025716 | AA cos loss: 0.004421
[Train] Batch 030 | I(t;x): 1.4957 | I(t;y): 0.0000 | Recon: 0.0167 | Total: 6.6530
   ↳ AA sample loss: 0.025691 | AA cos loss: 0.004448
[Train] Batch 040 | I(t;x): 1.4778 | I(t;y): 0.0000 | Recon: 0.0166 | Total: 6.5921
   ↳ AA sample loss: 0.025710 | AA cos loss: 0.004045

[Summary] Epoch 16 Train Total Loss: 6.7094
[Collapse Monitor] Avg intra-class archetype distance: 0.3824
=======================================================================

===================== Epoch 17/50 =====================
Mode: Full (KL + Recon + MI + full AA reconstruction + cos loss)
[Train] Batch 010 | I(t;x): 1.4705 | I(t;y): 0.0000 | Recon: 0.0169 | Total: 6.6257
   ↳ AA sample loss: 0.025631 | AA cos loss: 0.003984
[Train] Batch 020 | I(t;x): 1.4574 | I(t;y): 0.0000 | Recon: 0.0164 | Total: 6.5172
   ↳ AA sample loss: 0.025533 | AA cos loss: 0.004009
[Train] Batch 030 | I(t;x): 1.4274 | I(t;y): 0.0000 | Recon: 0.0170 | Total: 6.5936
   ↳ AA sample loss: 0.025410 | AA cos loss: 0.003934
[Train] Batch 040 | I(t;x): 1.4509 | I(t;y): 0.0000 | Recon: 0.0153 | Total: 6.2712
   ↳ AA sample loss: 0.025379 | AA cos loss: 0.003936

[Summary] Epoch 17 Train Total Loss: 6.5211
[Collapse Monitor] Avg intra-class archetype distance: 0.4033
=======================================================================

===================== Epoch 18/50 =====================
Mode: Full (KL + Recon + MI + full AA reconstruction + cos loss)
[Train] Batch 010 | I(t;x): 1.4576 | I(t;y): 0.0000 | Recon: 0.0161 | Total: 6.4281
   ↳ AA sample loss: 0.025368 | AA cos loss: 0.003816
[Train] Batch 020 | I(t;x): 1.4559 | I(t;y): 0.0000 | Recon: 0.0156 | Total: 6.3346
   ↳ AA sample loss: 0.025243 | AA cos loss: 0.003967
[Train] Batch 030 | I(t;x): 1.4462 | I(t;y): 0.0000 | Recon: 0.0154 | Total: 6.2410
   ↳ AA sample loss: 0.025193 | AA cos loss: 0.003355
[Train] Batch 040 | I(t;x): 1.4568 | I(t;y): 0.0000 | Recon: 0.0157 | Total: 6.3082
   ↳ AA sample loss: 0.025099 | AA cos loss: 0.003502

[Summary] Epoch 18 Train Total Loss: 6.3561
[Collapse Monitor] Avg intra-class archetype distance: 0.4256
=======================================================================

===================== Epoch 19/50 =====================
Mode: Full (KL + Recon + MI + full AA reconstruction + cos loss)
[Train] Batch 010 | I(t;x): 1.4348 | I(t;y): 0.0000 | Recon: 0.0150 | Total: 6.1286
   ↳ AA sample loss: 0.025016 | AA cos loss: 0.003364
[Train] Batch 020 | I(t;x): 1.4127 | I(t;y): 0.0000 | Recon: 0.0151 | Total: 6.1374
   ↳ AA sample loss: 0.024941 | AA cos loss: 0.003592
[Train] Batch 030 | I(t;x): 1.4664 | I(t;y): 0.0000 | Recon: 0.0153 | Total: 6.2762
   ↳ AA sample loss: 0.024853 | AA cos loss: 0.004306
[Train] Batch 040 | I(t;x): 1.4234 | I(t;y): 0.0000 | Recon: 0.0153 | Total: 6.2014
   ↳ AA sample loss: 0.024824 | AA cos loss: 0.003735

[Summary] Epoch 19 Train Total Loss: 6.2378
[Collapse Monitor] Avg intra-class archetype distance: 0.4470
=======================================================================

===================== Epoch 20/50 =====================
Mode: Full (KL + Recon + MI + full AA reconstruction + cos loss)
[Train] Batch 010 | I(t;x): 1.4235 | I(t;y): 0.0000 | Recon: 0.0153 | Total: 6.1439
   ↳ AA sample loss: 0.024695 | AA cos loss: 0.003101
[Train] Batch 020 | I(t;x): 1.4554 | I(t;y): 0.0000 | Recon: 0.0151 | Total: 6.1382
   ↳ AA sample loss: 0.024596 | AA cos loss: 0.003103
[Train] Batch 030 | I(t;x): 1.4043 | I(t;y): 0.0000 | Recon: 0.0161 | Total: 6.2959
   ↳ AA sample loss: 0.024573 | AA cos loss: 0.003410
[Train] Batch 040 | I(t;x): 1.4229 | I(t;y): 0.0000 | Recon: 0.0144 | Total: 5.9618
   ↳ AA sample loss: 0.024462 | AA cos loss: 0.003288

[Summary] Epoch 20 Train Total Loss: 6.1315
[Collapse Monitor] Avg intra-class archetype distance: 0.4690
=======================================================================

===================== Epoch 21/50 =====================
Mode: Full (KL + Recon + MI + full AA reconstruction + cos loss)
[Train] Batch 010 | I(t;x): 1.3868 | I(t;y): 0.0000 | Recon: 0.0149 | Total: 6.0039
   ↳ AA sample loss: 0.024349 | AA cos loss: 0.003058
[Train] Batch 020 | I(t;x): 1.3843 | I(t;y): 0.0000 | Recon: 0.0154 | Total: 6.1075
   ↳ AA sample loss: 0.024381 | AA cos loss: 0.002981
[Train] Batch 030 | I(t;x): 1.3930 | I(t;y): 0.0000 | Recon: 0.0140 | Total: 5.8107
   ↳ AA sample loss: 0.024238 | AA cos loss: 0.002831
[Train] Batch 040 | I(t;x): 1.4204 | I(t;y): 0.0000 | Recon: 0.0161 | Total: 6.2760
   ↳ AA sample loss: 0.024214 | AA cos loss: 0.002895

[Summary] Epoch 21 Train Total Loss: 6.0663
[Collapse Monitor] Avg intra-class archetype distance: 0.4884
=======================================================================

===================== Epoch 22/50 =====================
Mode: Full (KL + Recon + MI + full AA reconstruction + cos loss)
[Train] Batch 010 | I(t;x): 1.3900 | I(t;y): 0.0000 | Recon: 0.0147 | Total: 5.9366
   ↳ AA sample loss: 0.024152 | AA cos loss: 0.002759
[Train] Batch 020 | I(t;x): 1.4141 | I(t;y): 0.0000 | Recon: 0.0142 | Total: 5.8658
   ↳ AA sample loss: 0.024070 | AA cos loss: 0.002832
[Train] Batch 030 | I(t;x): 1.3855 | I(t;y): 0.0000 | Recon: 0.0150 | Total: 5.9972
   ↳ AA sample loss: 0.023980 | AA cos loss: 0.002920
[Train] Batch 040 | I(t;x): 1.3841 | I(t;y): 0.0000 | Recon: 0.0143 | Total: 5.8393
   ↳ AA sample loss: 0.023878 | AA cos loss: 0.002731

[Summary] Epoch 22 Train Total Loss: 5.9271
[Collapse Monitor] Avg intra-class archetype distance: 0.5100
=======================================================================

===================== Epoch 23/50 =====================
Mode: Full (KL + Recon + MI + full AA reconstruction + cos loss)
[Train] Batch 010 | I(t;x): 1.3624 | I(t;y): 0.0000 | Recon: 0.0148 | Total: 5.9052
   ↳ AA sample loss: 0.023774 | AA cos loss: 0.002676
[Train] Batch 020 | I(t;x): 1.3740 | I(t;y): 0.0000 | Recon: 0.0147 | Total: 5.8903
   ↳ AA sample loss: 0.023691 | AA cos loss: 0.002574
[Train] Batch 030 | I(t;x): 1.3809 | I(t;y): 0.0000 | Recon: 0.0146 | Total: 5.8641
   ↳ AA sample loss: 0.023648 | AA cos loss: 0.002534
[Train] Batch 040 | I(t;x): 1.3717 | I(t;y): 0.0000 | Recon: 0.0143 | Total: 5.8191
   ↳ AA sample loss: 0.023497 | AA cos loss: 0.002894

[Summary] Epoch 23 Train Total Loss: 5.8871
[Collapse Monitor] Avg intra-class archetype distance: 0.5332
=======================================================================

===================== Epoch 24/50 =====================
Mode: Full (KL + Recon + MI + full AA reconstruction + cos loss)
[Train] Batch 010 | I(t;x): 1.3713 | I(t;y): 0.0000 | Recon: 0.0140 | Total: 5.7508
   ↳ AA sample loss: 0.023408 | AA cos loss: 0.002792
[Train] Batch 020 | I(t;x): 1.3744 | I(t;y): 0.0000 | Recon: 0.0153 | Total: 6.0029
   ↳ AA sample loss: 0.023361 | AA cos loss: 0.002668
[Train] Batch 030 | I(t;x): 1.3513 | I(t;y): 0.0000 | Recon: 0.0152 | Total: 5.9402
   ↳ AA sample loss: 0.023268 | AA cos loss: 0.002639
[Train] Batch 040 | I(t;x): 1.3814 | I(t;y): 0.0000 | Recon: 0.0144 | Total: 5.8231
   ↳ AA sample loss: 0.023193 | AA cos loss: 0.002711

[Summary] Epoch 24 Train Total Loss: 5.8149
[Collapse Monitor] Avg intra-class archetype distance: 0.5572
=======================================================================

===================== Epoch 25/50 =====================
Mode: Full (KL + Recon + MI + full AA reconstruction + cos loss)
[Train] Batch 010 | I(t;x): 1.3710 | I(t;y): 0.0000 | Recon: 0.0141 | Total: 5.7361
   ↳ AA sample loss: 0.023037 | AA cos loss: 0.002611
[Train] Batch 020 | I(t;x): 1.3597 | I(t;y): 0.0000 | Recon: 0.0146 | Total: 5.8211
   ↳ AA sample loss: 0.022886 | AA cos loss: 0.002817
[Train] Batch 030 | I(t;x): 1.3376 | I(t;y): 0.0000 | Recon: 0.0147 | Total: 5.7883
   ↳ AA sample loss: 0.022839 | AA cos loss: 0.002350
[Train] Batch 040 | I(t;x): 1.3631 | I(t;y): 0.0000 | Recon: 0.0142 | Total: 5.7123
   ↳ AA sample loss: 0.022730 | AA cos loss: 0.002348

[Summary] Epoch 25 Train Total Loss: 5.7247
[Collapse Monitor] Avg intra-class archetype distance: 0.5826
=======================================================================

===================== Epoch 26/50 =====================
Mode: Full (KL + Recon + MI + full AA reconstruction + cos loss)
[Train] Batch 010 | I(t;x): 1.3192 | I(t;y): 0.0000 | Recon: 0.0136 | Total: 5.5411
   ↳ AA sample loss: 0.022566 | AA cos loss: 0.002524
[Train] Batch 020 | I(t;x): 1.3629 | I(t;y): 0.0000 | Recon: 0.0143 | Total: 5.7199
   ↳ AA sample loss: 0.022462 | AA cos loss: 0.002456
[Train] Batch 030 | I(t;x): 1.3314 | I(t;y): 0.0000 | Recon: 0.0141 | Total: 5.6295
   ↳ AA sample loss: 0.022353 | AA cos loss: 0.002279
[Train] Batch 040 | I(t;x): 1.3253 | I(t;y): 0.0000 | Recon: 0.0148 | Total: 5.7629
   ↳ AA sample loss: 0.022180 | AA cos loss: 0.002488

[Summary] Epoch 26 Train Total Loss: 5.6404
[Collapse Monitor] Avg intra-class archetype distance: 0.6110
=======================================================================

===================== Epoch 27/50 =====================
Mode: Full (KL + Recon + MI + full AA reconstruction + cos loss)
[Train] Batch 010 | I(t;x): 1.3564 | I(t;y): 0.0000 | Recon: 0.0141 | Total: 5.6384
   ↳ AA sample loss: 0.021987 | AA cos loss: 0.002487
[Train] Batch 020 | I(t;x): 1.3301 | I(t;y): 0.0000 | Recon: 0.0134 | Total: 5.4753
   ↳ AA sample loss: 0.021889 | AA cos loss: 0.002383
[Train] Batch 030 | I(t;x): 1.3375 | I(t;y): 0.0000 | Recon: 0.0134 | Total: 5.4782
   ↳ AA sample loss: 0.021760 | AA cos loss: 0.002617
[Train] Batch 040 | I(t;x): 1.3375 | I(t;y): 0.0000 | Recon: 0.0133 | Total: 5.4460
   ↳ AA sample loss: 0.021672 | AA cos loss: 0.002377

[Summary] Epoch 27 Train Total Loss: 5.5484
[Collapse Monitor] Avg intra-class archetype distance: 0.6387
=======================================================================

===================== Epoch 28/50 =====================
Mode: Full (KL + Recon + MI + full AA reconstruction + cos loss)
[Train] Batch 010 | I(t;x): 1.3204 | I(t;y): 0.0000 | Recon: 0.0138 | Total: 5.5191
   ↳ AA sample loss: 0.021459 | AA cos loss: 0.002460
[Train] Batch 020 | I(t;x): 1.3556 | I(t;y): 0.0000 | Recon: 0.0132 | Total: 5.4290
   ↳ AA sample loss: 0.021264 | AA cos loss: 0.002473
[Train] Batch 030 | I(t;x): 1.3368 | I(t;y): 0.0000 | Recon: 0.0133 | Total: 5.4062
   ↳ AA sample loss: 0.021147 | AA cos loss: 0.002373
[Train] Batch 040 | I(t;x): 1.3366 | I(t;y): 0.0000 | Recon: 0.0135 | Total: 5.4422
   ↳ AA sample loss: 0.020977 | AA cos loss: 0.002343

[Summary] Epoch 28 Train Total Loss: 5.4957
[Collapse Monitor] Avg intra-class archetype distance: 0.6649
=======================================================================

===================== Epoch 29/50 =====================
Mode: Full (KL + Recon + MI + full AA reconstruction + cos loss)
[Train] Batch 010 | I(t;x): 1.3303 | I(t;y): 0.0000 | Recon: 0.0132 | Total: 5.3656
   ↳ AA sample loss: 0.020812 | AA cos loss: 0.002320
[Train] Batch 020 | I(t;x): 1.3179 | I(t;y): 0.0000 | Recon: 0.0144 | Total: 5.6028
   ↳ AA sample loss: 0.020650 | AA cos loss: 0.002670
[Train] Batch 030 | I(t;x): 1.3260 | I(t;y): 0.0000 | Recon: 0.0135 | Total: 5.4064
   ↳ AA sample loss: 0.020451 | AA cos loss: 0.002499
[Train] Batch 040 | I(t;x): 1.3638 | I(t;y): 0.0000 | Recon: 0.0133 | Total: 5.3952
   ↳ AA sample loss: 0.020303 | AA cos loss: 0.002406

[Summary] Epoch 29 Train Total Loss: 5.4263
[Collapse Monitor] Avg intra-class archetype distance: 0.6915
=======================================================================

===================== Epoch 30/50 =====================
Mode: Full (KL + Recon + MI + full AA reconstruction + cos loss)
[Train] Batch 010 | I(t;x): 1.3113 | I(t;y): 0.0000 | Recon: 0.0137 | Total: 5.4156
   ↳ AA sample loss: 0.020167 | AA cos loss: 0.002617
[Train] Batch 020 | I(t;x): 1.3445 | I(t;y): 0.0000 | Recon: 0.0136 | Total: 5.4137
   ↳ AA sample loss: 0.020001 | AA cos loss: 0.002402
[Train] Batch 030 | I(t;x): 1.3260 | I(t;y): 0.0000 | Recon: 0.0132 | Total: 5.3025
   ↳ AA sample loss: 0.019753 | AA cos loss: 0.002620
[Train] Batch 040 | I(t;x): 1.3392 | I(t;y): 0.0000 | Recon: 0.0133 | Total: 5.3303
   ↳ AA sample loss: 0.019586 | AA cos loss: 0.002668

[Summary] Epoch 30 Train Total Loss: 5.3753
[Collapse Monitor] Avg intra-class archetype distance: 0.7157
=======================================================================

===================== Epoch 31/50 =====================
Mode: Full (KL + Recon + MI + full AA reconstruction + cos loss)
[Train] Batch 010 | I(t;x): 1.3162 | I(t;y): 0.0000 | Recon: 0.0129 | Total: 5.2230
   ↳ AA sample loss: 0.019466 | AA cos loss: 0.002665
[Train] Batch 020 | I(t;x): 1.3527 | I(t;y): 0.0000 | Recon: 0.0131 | Total: 5.2827
   ↳ AA sample loss: 0.019205 | AA cos loss: 0.002514
[Train] Batch 030 | I(t;x): 1.3328 | I(t;y): 0.0000 | Recon: 0.0144 | Total: 5.5046
   ↳ AA sample loss: 0.019155 | AA cos loss: 0.002472
[Train] Batch 040 | I(t;x): 1.3349 | I(t;y): 0.0000 | Recon: 0.0128 | Total: 5.1852
   ↳ AA sample loss: 0.018934 | AA cos loss: 0.002457

[Summary] Epoch 31 Train Total Loss: 5.3081
[Collapse Monitor] Avg intra-class archetype distance: 0.7373
=======================================================================

===================== Epoch 32/50 =====================
Mode: Full (KL + Recon + MI + full AA reconstruction + cos loss)
[Train] Batch 010 | I(t;x): 1.3588 | I(t;y): 0.0000 | Recon: 0.0129 | Total: 5.2105
   ↳ AA sample loss: 0.018778 | AA cos loss: 0.002381
[Train] Batch 020 | I(t;x): 1.3021 | I(t;y): 0.0000 | Recon: 0.0130 | Total: 5.1596
   ↳ AA sample loss: 0.018602 | AA cos loss: 0.002424
[Train] Batch 030 | I(t;x): 1.3353 | I(t;y): 0.0000 | Recon: 0.0132 | Total: 5.2258
   ↳ AA sample loss: 0.018412 | AA cos loss: 0.002416
[Train] Batch 040 | I(t;x): 1.3152 | I(t;y): 0.0000 | Recon: 0.0128 | Total: 5.1287
   ↳ AA sample loss: 0.018254 | AA cos loss: 0.002532

[Summary] Epoch 32 Train Total Loss: 5.2359
[Collapse Monitor] Avg intra-class archetype distance: 0.7587
=======================================================================

===================== Epoch 33/50 =====================
Mode: Full (KL + Recon + MI + full AA reconstruction + cos loss)
[Train] Batch 010 | I(t;x): 1.3189 | I(t;y): 0.0000 | Recon: 0.0128 | Total: 5.0998
   ↳ AA sample loss: 0.018037 | AA cos loss: 0.002473
[Train] Batch 020 | I(t;x): 1.3203 | I(t;y): 0.0000 | Recon: 0.0126 | Total: 5.0547
   ↳ AA sample loss: 0.017858 | AA cos loss: 0.002506
[Train] Batch 030 | I(t;x): 1.3161 | I(t;y): 0.0000 | Recon: 0.0129 | Total: 5.1027
   ↳ AA sample loss: 0.017652 | AA cos loss: 0.002556
[Train] Batch 040 | I(t;x): 1.3527 | I(t;y): 0.0000 | Recon: 0.0126 | Total: 5.0816
   ↳ AA sample loss: 0.017488 | AA cos loss: 0.002620

[Summary] Epoch 33 Train Total Loss: 5.1624
[Collapse Monitor] Avg intra-class archetype distance: 0.7811
=======================================================================

===================== Epoch 34/50 =====================
Mode: Full (KL + Recon + MI + full AA reconstruction + cos loss)
[Train] Batch 010 | I(t;x): 1.3054 | I(t;y): 0.0000 | Recon: 0.0131 | Total: 5.1134
   ↳ AA sample loss: 0.017241 | AA cos loss: 0.002533
[Train] Batch 020 | I(t;x): 1.3572 | I(t;y): 0.0000 | Recon: 0.0138 | Total: 5.2883
   ↳ AA sample loss: 0.017072 | AA cos loss: 0.002427
[Train] Batch 030 | I(t;x): 1.3396 | I(t;y): 0.0000 | Recon: 0.0129 | Total: 5.0787
   ↳ AA sample loss: 0.016868 | AA cos loss: 0.002591
[Train] Batch 040 | I(t;x): 1.3173 | I(t;y): 0.0000 | Recon: 0.0122 | Total: 4.9087
   ↳ AA sample loss: 0.016657 | AA cos loss: 0.002477

[Summary] Epoch 34 Train Total Loss: 5.1104
[Collapse Monitor] Avg intra-class archetype distance: 0.8020
=======================================================================

===================== Epoch 35/50 =====================
Mode: Full (KL + Recon + MI + full AA reconstruction + cos loss)
[Train] Batch 010 | I(t;x): 1.3429 | I(t;y): 0.0000 | Recon: 0.0129 | Total: 5.0666
   ↳ AA sample loss: 0.016491 | AA cos loss: 0.002688
[Train] Batch 020 | I(t;x): 1.3223 | I(t;y): 0.0000 | Recon: 0.0132 | Total: 5.1096
   ↳ AA sample loss: 0.016353 | AA cos loss: 0.002636
[Train] Batch 030 | I(t;x): 1.3113 | I(t;y): 0.0000 | Recon: 0.0132 | Total: 5.0575
   ↳ AA sample loss: 0.016057 | AA cos loss: 0.002540
[Train] Batch 040 | I(t;x): 1.3471 | I(t;y): 0.0000 | Recon: 0.0129 | Total: 5.0567
   ↳ AA sample loss: 0.015931 | AA cos loss: 0.002775

[Summary] Epoch 35 Train Total Loss: 5.0614
[Collapse Monitor] Avg intra-class archetype distance: 0.8198
=======================================================================

===================== Epoch 36/50 =====================
Mode: Full (KL + Recon + MI + full AA reconstruction + cos loss)
[Train] Batch 010 | I(t;x): 1.3342 | I(t;y): 0.0000 | Recon: 0.0136 | Total: 5.1817
   ↳ AA sample loss: 0.015770 | AA cos loss: 0.002947
[Train] Batch 020 | I(t;x): 1.2975 | I(t;y): 0.0000 | Recon: 0.0122 | Total: 4.8135
   ↳ AA sample loss: 0.015577 | AA cos loss: 0.002444
[Train] Batch 030 | I(t;x): 1.3236 | I(t;y): 0.0000 | Recon: 0.0127 | Total: 4.9535
   ↳ AA sample loss: 0.015441 | AA cos loss: 0.002767
[Train] Batch 040 | I(t;x): 1.3643 | I(t;y): 0.0000 | Recon: 0.0130 | Total: 5.0420
   ↳ AA sample loss: 0.015273 | AA cos loss: 0.002660

[Summary] Epoch 36 Train Total Loss: 4.9900
[Collapse Monitor] Avg intra-class archetype distance: 0.8370
=======================================================================

===================== Epoch 37/50 =====================
Mode: Full (KL + Recon + MI + full AA reconstruction + cos loss)
[Train] Batch 010 | I(t;x): 1.3215 | I(t;y): 0.0000 | Recon: 0.0127 | Total: 4.9093
   ↳ AA sample loss: 0.015017 | AA cos loss: 0.002599
[Train] Batch 020 | I(t;x): 1.3447 | I(t;y): 0.0000 | Recon: 0.0132 | Total: 5.0445
   ↳ AA sample loss: 0.014954 | AA cos loss: 0.002716
[Train] Batch 030 | I(t;x): 1.3618 | I(t;y): 0.0000 | Recon: 0.0130 | Total: 5.0146
   ↳ AA sample loss: 0.014795 | AA cos loss: 0.002762
[Train] Batch 040 | I(t;x): 1.3360 | I(t;y): 0.0000 | Recon: 0.0124 | Total: 4.8608
   ↳ AA sample loss: 0.014566 | AA cos loss: 0.002767

[Summary] Epoch 37 Train Total Loss: 4.9376
[Collapse Monitor] Avg intra-class archetype distance: 0.8536
=======================================================================

===================== Epoch 38/50 =====================
Mode: Full (KL + Recon + MI + full AA reconstruction + cos loss)
[Train] Batch 010 | I(t;x): 1.3433 | I(t;y): 0.0000 | Recon: 0.0127 | Total: 4.9153
   ↳ AA sample loss: 0.014495 | AA cos loss: 0.002801
[Train] Batch 020 | I(t;x): 1.3317 | I(t;y): 0.0000 | Recon: 0.0132 | Total: 4.9783
   ↳ AA sample loss: 0.014319 | AA cos loss: 0.002581
[Train] Batch 030 | I(t;x): 1.3417 | I(t;y): 0.0000 | Recon: 0.0127 | Total: 4.8761
   ↳ AA sample loss: 0.014195 | AA cos loss: 0.002487
[Train] Batch 040 | I(t;x): 1.3465 | I(t;y): 0.0000 | Recon: 0.0125 | Total: 4.8391
   ↳ AA sample loss: 0.014027 | AA cos loss: 0.002557

[Summary] Epoch 38 Train Total Loss: 4.8946
[Collapse Monitor] Avg intra-class archetype distance: 0.8671
=======================================================================

===================== Epoch 39/50 =====================
Mode: Full (KL + Recon + MI + full AA reconstruction + cos loss)
[Train] Batch 010 | I(t;x): 1.3273 | I(t;y): 0.0000 | Recon: 0.0127 | Total: 4.8532
   ↳ AA sample loss: 0.013859 | AA cos loss: 0.002661
[Train] Batch 020 | I(t;x): 1.3487 | I(t;y): 0.0000 | Recon: 0.0127 | Total: 4.8566
   ↳ AA sample loss: 0.013705 | AA cos loss: 0.002563
[Train] Batch 030 | I(t;x): 1.3258 | I(t;y): 0.0000 | Recon: 0.0127 | Total: 4.8551
   ↳ AA sample loss: 0.013436 | AA cos loss: 0.002892
[Train] Batch 040 | I(t;x): 1.3484 | I(t;y): 0.0000 | Recon: 0.0126 | Total: 4.8335
   ↳ AA sample loss: 0.013438 | AA cos loss: 0.002738

[Summary] Epoch 39 Train Total Loss: 4.8601
[Collapse Monitor] Avg intra-class archetype distance: 0.8768
=======================================================================

===================== Epoch 40/50 =====================
Mode: Full (KL + Recon + MI + full AA reconstruction + cos loss)
[Train] Batch 010 | I(t;x): 1.3384 | I(t;y): 0.0000 | Recon: 0.0131 | Total: 4.9157
   ↳ AA sample loss: 0.013344 | AA cos loss: 0.002688
[Train] Batch 020 | I(t;x): 1.3169 | I(t;y): 0.0000 | Recon: 0.0121 | Total: 4.6940
   ↳ AA sample loss: 0.013132 | AA cos loss: 0.002736
[Train] Batch 030 | I(t;x): 1.3693 | I(t;y): 0.0000 | Recon: 0.0126 | Total: 4.8462
   ↳ AA sample loss: 0.013025 | AA cos loss: 0.002758
[Train] Batch 040 | I(t;x): 1.3694 | I(t;y): 0.0000 | Recon: 0.0125 | Total: 4.8203
   ↳ AA sample loss: 0.012993 | AA cos loss: 0.002835

[Summary] Epoch 40 Train Total Loss: 4.8227
[Collapse Monitor] Avg intra-class archetype distance: 0.8828
=======================================================================

===================== Epoch 41/50 =====================
Mode: Full (KL + Recon + MI + full AA reconstruction + cos loss)
[Train] Batch 010 | I(t;x): 1.3361 | I(t;y): 0.0000 | Recon: 0.0124 | Total: 4.7563
   ↳ AA sample loss: 0.012880 | AA cos loss: 0.002732
[Train] Batch 020 | I(t;x): 1.3314 | I(t;y): 0.0000 | Recon: 0.0134 | Total: 4.9419
   ↳ AA sample loss: 0.012812 | AA cos loss: 0.002639
[Train] Batch 030 | I(t;x): 1.3562 | I(t;y): 0.0000 | Recon: 0.0138 | Total: 5.0249
   ↳ AA sample loss: 0.012639 | AA cos loss: 0.002528
[Train] Batch 040 | I(t;x): 1.3411 | I(t;y): 0.0000 | Recon: 0.0125 | Total: 4.7505
   ↳ AA sample loss: 0.012525 | AA cos loss: 0.002765

[Summary] Epoch 41 Train Total Loss: 4.8544
[Collapse Monitor] Avg intra-class archetype distance: 0.8877
=======================================================================

===================== Epoch 42/50 =====================
Mode: Full (KL + Recon + MI + full AA reconstruction + cos loss)
[Train] Batch 010 | I(t;x): 1.3489 | I(t;y): 0.0000 | Recon: 0.0122 | Total: 4.6956
   ↳ AA sample loss: 0.012390 | AA cos loss: 0.002843
[Train] Batch 020 | I(t;x): 1.3561 | I(t;y): 0.0000 | Recon: 0.0131 | Total: 4.8910
   ↳ AA sample loss: 0.012492 | AA cos loss: 0.002701
[Train] Batch 030 | I(t;x): 1.3315 | I(t;y): 0.0000 | Recon: 0.0126 | Total: 4.7446
   ↳ AA sample loss: 0.012337 | AA cos loss: 0.002597
[Train] Batch 040 | I(t;x): 1.3369 | I(t;y): 0.0000 | Recon: 0.0119 | Total: 4.6189
   ↳ AA sample loss: 0.012206 | AA cos loss: 0.002707

[Summary] Epoch 42 Train Total Loss: 4.7560
[Collapse Monitor] Avg intra-class archetype distance: 0.8921
=======================================================================

===================== Epoch 43/50 =====================
Mode: Full (KL + Recon + MI + full AA reconstruction + cos loss)
[Train] Batch 010 | I(t;x): 1.3551 | I(t;y): 0.0000 | Recon: 0.0129 | Total: 4.8347
   ↳ AA sample loss: 0.012138 | AA cos loss: 0.002797
[Train] Batch 020 | I(t;x): 1.3597 | I(t;y): 0.0000 | Recon: 0.0126 | Total: 4.7711
   ↳ AA sample loss: 0.012168 | AA cos loss: 0.002567
[Train] Batch 030 | I(t;x): 1.3613 | I(t;y): 0.0000 | Recon: 0.0123 | Total: 4.6940
   ↳ AA sample loss: 0.011996 | AA cos loss: 0.002654
[Train] Batch 040 | I(t;x): 1.3398 | I(t;y): 0.0000 | Recon: 0.0123 | Total: 4.6785
   ↳ AA sample loss: 0.011849 | AA cos loss: 0.002751

[Summary] Epoch 43 Train Total Loss: 4.7353
[Collapse Monitor] Avg intra-class archetype distance: 0.8965
=======================================================================

===================== Epoch 44/50 =====================
Mode: Full (KL + Recon + MI + full AA reconstruction + cos loss)
[Train] Batch 010 | I(t;x): 1.3566 | I(t;y): 0.0000 | Recon: 0.0124 | Total: 4.7199
   ↳ AA sample loss: 0.011790 | AA cos loss: 0.002800
[Train] Batch 020 | I(t;x): 1.3720 | I(t;y): 0.0000 | Recon: 0.0129 | Total: 4.8175
   ↳ AA sample loss: 0.011739 | AA cos loss: 0.002752
[Train] Batch 030 | I(t;x): 1.3333 | I(t;y): 0.0000 | Recon: 0.0124 | Total: 4.6689
   ↳ AA sample loss: 0.011592 | AA cos loss: 0.002812
[Train] Batch 040 | I(t;x): 1.3553 | I(t;y): 0.0000 | Recon: 0.0126 | Total: 4.7296
   ↳ AA sample loss: 0.011592 | AA cos loss: 0.002737

[Summary] Epoch 44 Train Total Loss: 4.6870
[Collapse Monitor] Avg intra-class archetype distance: 0.9011
=======================================================================

===================== Epoch 45/50 =====================
Mode: Full (KL + Recon + MI + full AA reconstruction + cos loss)
[Train] Batch 010 | I(t;x): 1.3445 | I(t;y): 0.0000 | Recon: 0.0119 | Total: 4.5824
   ↳ AA sample loss: 0.011423 | AA cos loss: 0.002764
[Train] Batch 020 | I(t;x): 1.3634 | I(t;y): 0.0000 | Recon: 0.0118 | Total: 4.5566
   ↳ AA sample loss: 0.011345 | AA cos loss: 0.002692
[Train] Batch 030 | I(t;x): 1.3614 | I(t;y): 0.0000 | Recon: 0.0121 | Total: 4.6061
   ↳ AA sample loss: 0.011261 | AA cos loss: 0.002623
[Train] Batch 040 | I(t;x): 1.3600 | I(t;y): 0.0000 | Recon: 0.0125 | Total: 4.7089
   ↳ AA sample loss: 0.011235 | AA cos loss: 0.002877

[Summary] Epoch 45 Train Total Loss: 4.6274
[Collapse Monitor] Avg intra-class archetype distance: 0.9054
=======================================================================

===================== Epoch 46/50 =====================
Mode: Full (KL + Recon + MI + full AA reconstruction + cos loss)
[Train] Batch 010 | I(t;x): 1.3674 | I(t;y): 0.0000 | Recon: 0.0130 | Total: 4.7952
   ↳ AA sample loss: 0.011133 | AA cos loss: 0.002732
[Train] Batch 020 | I(t;x): 1.3491 | I(t;y): 0.0000 | Recon: 0.0121 | Total: 4.6100
   ↳ AA sample loss: 0.011141 | AA cos loss: 0.002933
[Train] Batch 030 | I(t;x): 1.3231 | I(t;y): 0.0000 | Recon: 0.0120 | Total: 4.5335
   ↳ AA sample loss: 0.010902 | AA cos loss: 0.002703
[Train] Batch 040 | I(t;x): 1.3555 | I(t;y): 0.0000 | Recon: 0.0123 | Total: 4.6377
   ↳ AA sample loss: 0.010895 | AA cos loss: 0.002672

[Summary] Epoch 46 Train Total Loss: 4.6288
[Collapse Monitor] Avg intra-class archetype distance: 0.9080
=======================================================================

===================== Epoch 47/50 =====================
Mode: Full (KL + Recon + MI + full AA reconstruction + cos loss)
[Train] Batch 010 | I(t;x): 1.3588 | I(t;y): 0.0000 | Recon: 0.0122 | Total: 4.6070
   ↳ AA sample loss: 0.010817 | AA cos loss: 0.002732
[Train] Batch 020 | I(t;x): 1.3603 | I(t;y): 0.0000 | Recon: 0.0122 | Total: 4.6220
   ↳ AA sample loss: 0.010814 | AA cos loss: 0.002728
[Train] Batch 030 | I(t;x): 1.3680 | I(t;y): 0.0000 | Recon: 0.0124 | Total: 4.6583
   ↳ AA sample loss: 0.010773 | AA cos loss: 0.002736
[Train] Batch 040 | I(t;x): 1.3794 | I(t;y): 0.0000 | Recon: 0.0121 | Total: 4.6173
   ↳ AA sample loss: 0.010621 | AA cos loss: 0.002890

[Summary] Epoch 47 Train Total Loss: 4.6104
[Collapse Monitor] Avg intra-class archetype distance: 0.9101
=======================================================================

===================== Epoch 48/50 =====================
Mode: Full (KL + Recon + MI + full AA reconstruction + cos loss)
[Train] Batch 010 | I(t;x): 1.3497 | I(t;y): 0.0000 | Recon: 0.0118 | Total: 4.4925
   ↳ AA sample loss: 0.010621 | AA cos loss: 0.002555
[Train] Batch 020 | I(t;x): 1.3601 | I(t;y): 0.0000 | Recon: 0.0118 | Total: 4.5153
   ↳ AA sample loss: 0.010525 | AA cos loss: 0.002597
[Train] Batch 030 | I(t;x): 1.3591 | I(t;y): 0.0000 | Recon: 0.0124 | Total: 4.6359
   ↳ AA sample loss: 0.010529 | AA cos loss: 0.002731
[Train] Batch 040 | I(t;x): 1.3713 | I(t;y): 0.0000 | Recon: 0.0117 | Total: 4.5018
   ↳ AA sample loss: 0.010403 | AA cos loss: 0.002712

[Summary] Epoch 48 Train Total Loss: 4.5892
[Collapse Monitor] Avg intra-class archetype distance: 0.9128
=======================================================================

===================== Epoch 49/50 =====================
Mode: Full (KL + Recon + MI + full AA reconstruction + cos loss)
[Train] Batch 010 | I(t;x): 1.3583 | I(t;y): 0.0000 | Recon: 0.0119 | Total: 4.5318
   ↳ AA sample loss: 0.010326 | AA cos loss: 0.002818
[Train] Batch 020 | I(t;x): 1.3496 | I(t;y): 0.0000 | Recon: 0.0123 | Total: 4.5991
   ↳ AA sample loss: 0.010222 | AA cos loss: 0.002842
[Train] Batch 030 | I(t;x): 1.3830 | I(t;y): 0.0000 | Recon: 0.0118 | Total: 4.5101
   ↳ AA sample loss: 0.010305 | AA cos loss: 0.002515
[Train] Batch 040 | I(t;x): 1.3662 | I(t;y): 0.0000 | Recon: 0.0124 | Total: 4.6288
   ↳ AA sample loss: 0.010218 | AA cos loss: 0.002898

[Summary] Epoch 49 Train Total Loss: 4.5518
[Collapse Monitor] Avg intra-class archetype distance: 0.9153
=======================================================================

===================== Epoch 50/50 =====================
Mode: Full (KL + Recon + MI + full AA reconstruction + cos loss)
[Train] Batch 010 | I(t;x): 1.3803 | I(t;y): 0.0000 | Recon: 0.0120 | Total: 4.5425
   ↳ AA sample loss: 0.010059 | AA cos loss: 0.002664
[Train] Batch 020 | I(t;x): 1.3789 | I(t;y): 0.0000 | Recon: 0.0126 | Total: 4.6951
   ↳ AA sample loss: 0.010105 | AA cos loss: 0.003043
[Train] Batch 030 | I(t;x): 1.3744 | I(t;y): 0.0000 | Recon: 0.0134 | Total: 4.8155
   ↳ AA sample loss: 0.010020 | AA cos loss: 0.002619
[Train] Batch 040 | I(t;x): 1.3913 | I(t;y): 0.0000 | Recon: 0.0124 | Total: 4.6327
   ↳ AA sample loss: 0.009968 | AA cos loss: 0.002852

[Summary] Epoch 50 Train Total Loss: 4.5605
[Collapse Monitor] Avg intra-class archetype distance: 0.9165
=======================================================================

[Save] Epoch losses saved to: results/mnist/seed_45_aa_4/epoch_total_losses.pkl
[Save] Final archetype coordinates saved to: results/mnist/seed_45_aa_4/final_archetypes.npy (shape: (40, 32))
[Save] Decoded archetype images saved to: results/mnist/seed_45_aa_4/final_archetypes_decoded.npy (shape: (40, 1, 28, 28))
[Save] Sample-to-AA weight parameters saved to: results/mnist/seed_45_aa_4/fc_sample_to_aa_weights.pth
[Save] Final model weights saved to: results/mnist/seed_45_aa_4/model_final.pth
