[Init] Using device: cuda
[Config] Parameters saved to: results/mnist/seed_43_aa_2/params.json
[Training Start] 50 epochs total
Warmup: first 5 epochs | Semantic: 6–10 | AA starts from 11
[Config] batch_size=500 | lr=0.005 | gamma=60.0 | cos_sim_weight=1.0

===================== Epoch 1/50 =====================
Mode: Warmup (KL + Reconstruction)
[Train] Batch 010 | I(t;x): 0.3140 | I(t;y): 2.2992 | Recon: 0.0663 | Total: 13.5739
[Train] Batch 020 | I(t;x): 0.1905 | I(t;y): 2.2991 | Recon: 0.0632 | Total: 12.8251
[Train] Batch 030 | I(t;x): 0.2398 | I(t;y): 2.2991 | Recon: 0.0612 | Total: 12.4745
[Train] Batch 040 | I(t;x): 0.3729 | I(t;y): 2.2991 | Recon: 0.0578 | Total: 11.9276

[Summary] Epoch 1 Train Total Loss: 15.4418
=======================================================================

===================== Epoch 2/50 =====================
Mode: Warmup (KL + Reconstruction)
[Train] Batch 010 | I(t;x): 0.4584 | I(t;y): 2.2991 | Recon: 0.0553 | Total: 11.5164
[Train] Batch 020 | I(t;x): 0.5554 | I(t;y): 2.2991 | Recon: 0.0513 | Total: 10.8077
[Train] Batch 030 | I(t;x): 0.5597 | I(t;y): 2.2989 | Recon: 0.0495 | Total: 10.4691
[Train] Batch 040 | I(t;x): 0.6588 | I(t;y): 2.2989 | Recon: 0.0447 | Total: 9.6032

[Summary] Epoch 2 Train Total Loss: 11.0152
=======================================================================

===================== Epoch 3/50 =====================
Mode: Warmup (KL + Reconstruction)
[Train] Batch 010 | I(t;x): 0.8138 | I(t;y): 2.2987 | Recon: 0.0423 | Total: 9.2669
[Train] Batch 020 | I(t;x): 0.8817 | I(t;y): 2.2988 | Recon: 0.0381 | Total: 8.4951
[Train] Batch 030 | I(t;x): 0.8383 | I(t;y): 2.2987 | Recon: 0.0351 | Total: 7.8612
[Train] Batch 040 | I(t;x): 0.8321 | I(t;y): 2.2989 | Recon: 0.0349 | Total: 7.8111

[Summary] Epoch 3 Train Total Loss: 8.5997
=======================================================================

===================== Epoch 4/50 =====================
Mode: Warmup (KL + Reconstruction)
[Train] Batch 010 | I(t;x): 0.8265 | I(t;y): 2.2989 | Recon: 0.0330 | Total: 7.4345
[Train] Batch 020 | I(t;x): 0.8367 | I(t;y): 2.2985 | Recon: 0.0305 | Total: 6.9320
[Train] Batch 030 | I(t;x): 0.7974 | I(t;y): 2.2988 | Recon: 0.0309 | Total: 6.9797
[Train] Batch 040 | I(t;x): 0.7930 | I(t;y): 2.2986 | Recon: 0.0298 | Total: 6.7572

[Summary] Epoch 4 Train Total Loss: 7.1490
=======================================================================

===================== Epoch 5/50 =====================
Mode: Warmup (KL + Reconstruction)
[Train] Batch 010 | I(t;x): 0.8039 | I(t;y): 2.2987 | Recon: 0.0292 | Total: 6.6375
[Train] Batch 020 | I(t;x): 0.8369 | I(t;y): 2.2986 | Recon: 0.0287 | Total: 6.5804
[Train] Batch 030 | I(t;x): 0.8287 | I(t;y): 2.2987 | Recon: 0.0261 | Total: 6.0540
[Train] Batch 040 | I(t;x): 0.7964 | I(t;y): 2.2987 | Recon: 0.0259 | Total: 5.9832

[Summary] Epoch 5 Train Total Loss: 6.3755
=======================================================================

===================== Epoch 6/50 =====================
Mode: Semantic (KL + Recon + weak MI)
[Train] Batch 010 | I(t;x): 0.8260 | I(t;y): 2.0993 | Recon: 0.0252 | Total: 5.8756
[Train] Batch 020 | I(t;x): 0.8121 | I(t;y): 1.5578 | Recon: 0.0244 | Total: 5.6980
[Train] Batch 030 | I(t;x): 0.7981 | I(t;y): 0.7959 | Recon: 0.0245 | Total: 5.6970
[Train] Batch 040 | I(t;x): 0.8246 | I(t;y): 0.0470 | Recon: 0.0251 | Total: 5.8526

[Summary] Epoch 6 Train Total Loss: 5.8360
=======================================================================

===================== Epoch 7/50 =====================
Mode: Semantic (KL + Recon + weak MI)
[Train] Batch 010 | I(t;x): 0.8685 | I(t;y): 0.0042 | Recon: 0.0241 | Total: 5.6904
[Train] Batch 020 | I(t;x): 0.8358 | I(t;y): 0.0010 | Recon: 0.0256 | Total: 5.9526
[Train] Batch 030 | I(t;x): 0.8377 | I(t;y): 0.0006 | Recon: 0.0250 | Total: 5.8354
[Train] Batch 040 | I(t;x): 0.8478 | I(t;y): 0.0005 | Recon: 0.0223 | Total: 5.3098

[Summary] Epoch 7 Train Total Loss: 5.6236
=======================================================================

===================== Epoch 8/50 =====================
Mode: Semantic (KL + Recon + weak MI)
[Train] Batch 010 | I(t;x): 0.8300 | I(t;y): 0.0004 | Recon: 0.0220 | Total: 5.2210
[Train] Batch 020 | I(t;x): 0.8587 | I(t;y): 0.0005 | Recon: 0.0221 | Total: 5.2779
[Train] Batch 030 | I(t;x): 0.8406 | I(t;y): 0.0004 | Recon: 0.0218 | Total: 5.1982
[Train] Batch 040 | I(t;x): 0.8364 | I(t;y): 0.0006 | Recon: 0.0226 | Total: 5.3506

[Summary] Epoch 8 Train Total Loss: 5.3340
=======================================================================

===================== Epoch 9/50 =====================
Mode: Semantic (KL + Recon + weak MI)
[Train] Batch 010 | I(t;x): 0.8359 | I(t;y): 0.0006 | Recon: 0.0224 | Total: 5.3063
[Train] Batch 020 | I(t;x): 0.8352 | I(t;y): 0.0006 | Recon: 0.0221 | Total: 5.2601
[Train] Batch 030 | I(t;x): 0.8253 | I(t;y): 0.0005 | Recon: 0.0221 | Total: 5.2497
[Train] Batch 040 | I(t;x): 0.8172 | I(t;y): 0.0009 | Recon: 0.0208 | Total: 4.9825

[Summary] Epoch 9 Train Total Loss: 5.2333
=======================================================================

===================== Epoch 10/50 =====================
Mode: Semantic (KL + Recon + weak MI)
[Train] Batch 010 | I(t;x): 0.8243 | I(t;y): 0.0005 | Recon: 0.0209 | Total: 4.9976
[Train] Batch 020 | I(t;x): 0.8451 | I(t;y): 0.0005 | Recon: 0.0201 | Total: 4.8554
[Train] Batch 030 | I(t;x): 0.8525 | I(t;y): 0.0003 | Recon: 0.0211 | Total: 5.0683
[Train] Batch 040 | I(t;x): 0.8365 | I(t;y): 0.0004 | Recon: 0.0192 | Total: 4.6797

[Summary] Epoch 10 Train Total Loss: 4.9839
=======================================================================

===================== Epoch 11/50 =====================
Mode: Full (KL + Recon + MI + full AA reconstruction + cos loss)
[Init] Initializing class-wise archetypes (multi-seed + fallback)...
[Init] Archetypes initialized.
[Train] Batch 010 | I(t;x): 1.4021 | I(t;y): 0.0000 | Recon: 0.0397 | Total: 12.3215
   ↳ AA sample loss: 0.012829 | AA cos loss: 0.036857
[Train] Batch 020 | I(t;x): 1.5262 | I(t;y): 0.0000 | Recon: 0.0316 | Total: 9.7232
   ↳ AA sample loss: 0.012194 | AA cos loss: 0.018954
[Train] Batch 030 | I(t;x): 1.5404 | I(t;y): 0.0000 | Recon: 0.0311 | Total: 9.1820
   ↳ AA sample loss: 0.011823 | AA cos loss: 0.011920
[Train] Batch 040 | I(t;x): 1.4158 | I(t;y): 0.0000 | Recon: 0.0275 | Total: 8.3956
   ↳ AA sample loss: 0.011685 | AA cos loss: 0.012915

[Summary] Epoch 11 Train Total Loss: 12.1583
[Collapse Monitor] Avg intra-class archetype distance: 0.3268
=======================================================================

===================== Epoch 12/50 =====================
Mode: Full (KL + Recon + MI + full AA reconstruction + cos loss)
[Train] Batch 010 | I(t;x): 1.4666 | I(t;y): 0.0000 | Recon: 0.0255 | Total: 7.9800
   ↳ AA sample loss: 0.011410 | AA cos loss: 0.012241
[Train] Batch 020 | I(t;x): 1.4044 | I(t;y): 0.0000 | Recon: 0.0253 | Total: 7.8201
   ↳ AA sample loss: 0.011101 | AA cos loss: 0.011400
[Train] Batch 030 | I(t;x): 1.4514 | I(t;y): 0.0000 | Recon: 0.0246 | Total: 7.6606
   ↳ AA sample loss: 0.010704 | AA cos loss: 0.010747
[Train] Batch 040 | I(t;x): 1.4372 | I(t;y): 0.0000 | Recon: 0.0250 | Total: 7.6620
   ↳ AA sample loss: 0.010276 | AA cos loss: 0.009985

[Summary] Epoch 12 Train Total Loss: 7.8574
[Collapse Monitor] Avg intra-class archetype distance: 0.3353
=======================================================================

===================== Epoch 13/50 =====================
Mode: Full (KL + Recon + MI + full AA reconstruction + cos loss)
[Train] Batch 010 | I(t;x): 1.4134 | I(t;y): 0.0000 | Recon: 0.0248 | Total: 7.5763
   ↳ AA sample loss: 0.009942 | AA cos loss: 0.010010
[Train] Batch 020 | I(t;x): 1.3742 | I(t;y): 0.0000 | Recon: 0.0240 | Total: 7.3235
   ↳ AA sample loss: 0.009571 | AA cos loss: 0.009563
[Train] Batch 030 | I(t;x): 1.3596 | I(t;y): 0.0000 | Recon: 0.0236 | Total: 7.1994
   ↳ AA sample loss: 0.009220 | AA cos loss: 0.009482
[Train] Batch 040 | I(t;x): 1.3597 | I(t;y): 0.0000 | Recon: 0.0228 | Total: 6.9812
   ↳ AA sample loss: 0.008881 | AA cos loss: 0.008949

[Summary] Epoch 13 Train Total Loss: 7.2293
[Collapse Monitor] Avg intra-class archetype distance: 0.3468
=======================================================================

===================== Epoch 14/50 =====================
Mode: Full (KL + Recon + MI + full AA reconstruction + cos loss)
[Train] Batch 010 | I(t;x): 1.3547 | I(t;y): 0.0000 | Recon: 0.0227 | Total: 6.9202
   ↳ AA sample loss: 0.008534 | AA cos loss: 0.008466
[Train] Batch 020 | I(t;x): 1.4079 | I(t;y): 0.0000 | Recon: 0.0225 | Total: 6.8924
   ↳ AA sample loss: 0.008122 | AA cos loss: 0.008446
[Train] Batch 030 | I(t;x): 1.3541 | I(t;y): 0.0000 | Recon: 0.0222 | Total: 6.7426
   ↳ AA sample loss: 0.007712 | AA cos loss: 0.008206
[Train] Batch 040 | I(t;x): 1.4079 | I(t;y): 0.0000 | Recon: 0.0208 | Total: 6.4853
   ↳ AA sample loss: 0.007319 | AA cos loss: 0.007951

[Summary] Epoch 14 Train Total Loss: 6.8161
[Collapse Monitor] Avg intra-class archetype distance: 0.3615
=======================================================================

===================== Epoch 15/50 =====================
Mode: Full (KL + Recon + MI + full AA reconstruction + cos loss)
[Train] Batch 010 | I(t;x): 1.4050 | I(t;y): 0.0000 | Recon: 0.0210 | Total: 6.5122
   ↳ AA sample loss: 0.006999 | AA cos loss: 0.008044
[Train] Batch 020 | I(t;x): 1.4082 | I(t;y): 0.0000 | Recon: 0.0206 | Total: 6.4057
   ↳ AA sample loss: 0.006655 | AA cos loss: 0.007862
[Train] Batch 030 | I(t;x): 1.3784 | I(t;y): 0.0000 | Recon: 0.0223 | Total: 6.6988
   ↳ AA sample loss: 0.006330 | AA cos loss: 0.007942
[Train] Batch 040 | I(t;x): 1.3911 | I(t;y): 0.0000 | Recon: 0.0220 | Total: 6.6036
   ↳ AA sample loss: 0.006055 | AA cos loss: 0.007336

[Summary] Epoch 15 Train Total Loss: 6.5637
[Collapse Monitor] Avg intra-class archetype distance: 0.3748
=======================================================================

===================== Epoch 16/50 =====================
Mode: Full (KL + Recon + MI + full AA reconstruction + cos loss)
[Train] Batch 010 | I(t;x): 1.3423 | I(t;y): 0.0000 | Recon: 0.0223 | Total: 6.5709
   ↳ AA sample loss: 0.005786 | AA cos loss: 0.006920
[Train] Batch 020 | I(t;x): 1.3654 | I(t;y): 0.0000 | Recon: 0.0205 | Total: 6.2262
   ↳ AA sample loss: 0.005515 | AA cos loss: 0.007101
[Train] Batch 030 | I(t;x): 1.3652 | I(t;y): 0.0000 | Recon: 0.0206 | Total: 6.1852
   ↳ AA sample loss: 0.005272 | AA cos loss: 0.006552
[Train] Batch 040 | I(t;x): 1.3946 | I(t;y): 0.0000 | Recon: 0.0207 | Total: 6.2269
   ↳ AA sample loss: 0.005036 | AA cos loss: 0.006416

[Summary] Epoch 16 Train Total Loss: 6.2804
[Collapse Monitor] Avg intra-class archetype distance: 0.3862
=======================================================================

===================== Epoch 17/50 =====================
Mode: Full (KL + Recon + MI + full AA reconstruction + cos loss)
[Train] Batch 010 | I(t;x): 1.3795 | I(t;y): 0.0000 | Recon: 0.0211 | Total: 6.2619
   ↳ AA sample loss: 0.004774 | AA cos loss: 0.006418
[Train] Batch 020 | I(t;x): 1.3814 | I(t;y): 0.0000 | Recon: 0.0213 | Total: 6.2765
   ↳ AA sample loss: 0.004546 | AA cos loss: 0.006048
[Train] Batch 030 | I(t;x): 1.3530 | I(t;y): 0.0000 | Recon: 0.0202 | Total: 6.0702
   ↳ AA sample loss: 0.004408 | AA cos loss: 0.006979
[Train] Batch 040 | I(t;x): 1.3597 | I(t;y): 0.0000 | Recon: 0.0202 | Total: 6.0404
   ↳ AA sample loss: 0.004233 | AA cos loss: 0.006284

[Summary] Epoch 17 Train Total Loss: 6.1898
[Collapse Monitor] Avg intra-class archetype distance: 0.3956
=======================================================================

===================== Epoch 18/50 =====================
Mode: Full (KL + Recon + MI + full AA reconstruction + cos loss)
[Train] Batch 010 | I(t;x): 1.3976 | I(t;y): 0.0000 | Recon: 0.0195 | Total: 5.9074
   ↳ AA sample loss: 0.004051 | AA cos loss: 0.005946
[Train] Batch 020 | I(t;x): 1.4123 | I(t;y): 0.0000 | Recon: 0.0196 | Total: 5.9168
   ↳ AA sample loss: 0.003865 | AA cos loss: 0.005780
[Train] Batch 030 | I(t;x): 1.3812 | I(t;y): 0.0000 | Recon: 0.0199 | Total: 5.9516
   ↳ AA sample loss: 0.003766 | AA cos loss: 0.006043
[Train] Batch 040 | I(t;x): 1.3827 | I(t;y): 0.0000 | Recon: 0.0199 | Total: 5.9483
   ↳ AA sample loss: 0.003625 | AA cos loss: 0.006003

[Summary] Epoch 18 Train Total Loss: 6.0289
[Collapse Monitor] Avg intra-class archetype distance: 0.4021
=======================================================================

===================== Epoch 19/50 =====================
Mode: Full (KL + Recon + MI + full AA reconstruction + cos loss)
[Train] Batch 010 | I(t;x): 1.3493 | I(t;y): 0.0000 | Recon: 0.0196 | Total: 5.8321
   ↳ AA sample loss: 0.003524 | AA cos loss: 0.005833
[Train] Batch 020 | I(t;x): 1.3383 | I(t;y): 0.0000 | Recon: 0.0203 | Total: 5.9574
   ↳ AA sample loss: 0.003432 | AA cos loss: 0.005931
[Train] Batch 030 | I(t;x): 1.3631 | I(t;y): 0.0000 | Recon: 0.0200 | Total: 5.9074
   ↳ AA sample loss: 0.003298 | AA cos loss: 0.005671
[Train] Batch 040 | I(t;x): 1.3823 | I(t;y): 0.0000 | Recon: 0.0205 | Total: 5.9933
   ↳ AA sample loss: 0.003149 | AA cos loss: 0.005426

[Summary] Epoch 19 Train Total Loss: 5.9066
[Collapse Monitor] Avg intra-class archetype distance: 0.4061
=======================================================================

===================== Epoch 20/50 =====================
Mode: Full (KL + Recon + MI + full AA reconstruction + cos loss)
[Train] Batch 010 | I(t;x): 1.3680 | I(t;y): 0.0000 | Recon: 0.0188 | Total: 5.6640
   ↳ AA sample loss: 0.003076 | AA cos loss: 0.005839
[Train] Batch 020 | I(t;x): 1.4060 | I(t;y): 0.0000 | Recon: 0.0194 | Total: 5.7923
   ↳ AA sample loss: 0.002963 | AA cos loss: 0.005493
[Train] Batch 030 | I(t;x): 1.3756 | I(t;y): 0.0000 | Recon: 0.0192 | Total: 5.7089
   ↳ AA sample loss: 0.002861 | AA cos loss: 0.005284
[Train] Batch 040 | I(t;x): 1.3946 | I(t;y): 0.0000 | Recon: 0.0194 | Total: 5.7471
   ↳ AA sample loss: 0.002761 | AA cos loss: 0.005131

[Summary] Epoch 20 Train Total Loss: 5.7885
[Collapse Monitor] Avg intra-class archetype distance: 0.4094
=======================================================================

===================== Epoch 21/50 =====================
Mode: Full (KL + Recon + MI + full AA reconstruction + cos loss)
[Train] Batch 010 | I(t;x): 1.3674 | I(t;y): 0.0000 | Recon: 0.0205 | Total: 5.9484
   ↳ AA sample loss: 0.002685 | AA cos loss: 0.005498
[Train] Batch 020 | I(t;x): 1.3495 | I(t;y): 0.0000 | Recon: 0.0198 | Total: 5.7711
   ↳ AA sample loss: 0.002560 | AA cos loss: 0.005242
[Train] Batch 030 | I(t;x): 1.3660 | I(t;y): 0.0000 | Recon: 0.0204 | Total: 5.9170
   ↳ AA sample loss: 0.002503 | AA cos loss: 0.005483
[Train] Batch 040 | I(t;x): 1.3606 | I(t;y): 0.0000 | Recon: 0.0198 | Total: 5.7683
   ↳ AA sample loss: 0.002419 | AA cos loss: 0.005144

[Summary] Epoch 21 Train Total Loss: 5.7555
[Collapse Monitor] Avg intra-class archetype distance: 0.4122
=======================================================================

===================== Epoch 22/50 =====================
Mode: Full (KL + Recon + MI + full AA reconstruction + cos loss)
[Train] Batch 010 | I(t;x): 1.3551 | I(t;y): 0.0000 | Recon: 0.0190 | Total: 5.6075
   ↳ AA sample loss: 0.002351 | AA cos loss: 0.005231
[Train] Batch 020 | I(t;x): 1.3913 | I(t;y): 0.0000 | Recon: 0.0196 | Total: 5.7511
   ↳ AA sample loss: 0.002244 | AA cos loss: 0.005212
[Train] Batch 030 | I(t;x): 1.3735 | I(t;y): 0.0000 | Recon: 0.0195 | Total: 5.7029
   ↳ AA sample loss: 0.002194 | AA cos loss: 0.004910
[Train] Batch 040 | I(t;x): 1.3776 | I(t;y): 0.0000 | Recon: 0.0178 | Total: 5.3684
   ↳ AA sample loss: 0.002132 | AA cos loss: 0.004947

[Summary] Epoch 22 Train Total Loss: 5.6449
[Collapse Monitor] Avg intra-class archetype distance: 0.4144
=======================================================================

===================== Epoch 23/50 =====================
Mode: Full (KL + Recon + MI + full AA reconstruction + cos loss)
[Train] Batch 010 | I(t;x): 1.3760 | I(t;y): 0.0000 | Recon: 0.0199 | Total: 5.7856
   ↳ AA sample loss: 0.002075 | AA cos loss: 0.005103
[Train] Batch 020 | I(t;x): 1.3342 | I(t;y): 0.0000 | Recon: 0.0192 | Total: 5.5979
   ↳ AA sample loss: 0.002030 | AA cos loss: 0.005183
[Train] Batch 030 | I(t;x): 1.3958 | I(t;y): 0.0000 | Recon: 0.0188 | Total: 5.5553
   ↳ AA sample loss: 0.001971 | AA cos loss: 0.004850
[Train] Batch 040 | I(t;x): 1.3634 | I(t;y): 0.0000 | Recon: 0.0193 | Total: 5.6408
   ↳ AA sample loss: 0.001916 | AA cos loss: 0.004887

[Summary] Epoch 23 Train Total Loss: 5.5867
[Collapse Monitor] Avg intra-class archetype distance: 0.4162
=======================================================================

===================== Epoch 24/50 =====================
Mode: Full (KL + Recon + MI + full AA reconstruction + cos loss)
[Train] Batch 010 | I(t;x): 1.3476 | I(t;y): 0.0000 | Recon: 0.0193 | Total: 5.6238
   ↳ AA sample loss: 0.001876 | AA cos loss: 0.004951
[Train] Batch 020 | I(t;x): 1.3260 | I(t;y): 0.0000 | Recon: 0.0191 | Total: 5.5568
   ↳ AA sample loss: 0.001833 | AA cos loss: 0.004854
[Train] Batch 030 | I(t;x): 1.3940 | I(t;y): 0.0000 | Recon: 0.0192 | Total: 5.6252
   ↳ AA sample loss: 0.001781 | AA cos loss: 0.004879
[Train] Batch 040 | I(t;x): 1.4258 | I(t;y): 0.0000 | Recon: 0.0191 | Total: 5.6375
   ↳ AA sample loss: 0.001722 | AA cos loss: 0.004775

[Summary] Epoch 24 Train Total Loss: 5.5246
[Collapse Monitor] Avg intra-class archetype distance: 0.4182
=======================================================================

===================== Epoch 25/50 =====================
Mode: Full (KL + Recon + MI + full AA reconstruction + cos loss)
[Train] Batch 010 | I(t;x): 1.4048 | I(t;y): 0.0000 | Recon: 0.0180 | Total: 5.4042
   ↳ AA sample loss: 0.001684 | AA cos loss: 0.004889
[Train] Batch 020 | I(t;x): 1.3495 | I(t;y): 0.0000 | Recon: 0.0192 | Total: 5.5690
   ↳ AA sample loss: 0.001667 | AA cos loss: 0.004713
[Train] Batch 030 | I(t;x): 1.3838 | I(t;y): 0.0000 | Recon: 0.0184 | Total: 5.4412
   ↳ AA sample loss: 0.001630 | AA cos loss: 0.004616
[Train] Batch 040 | I(t;x): 1.3923 | I(t;y): 0.0000 | Recon: 0.0188 | Total: 5.5477
   ↳ AA sample loss: 0.001585 | AA cos loss: 0.004899

[Summary] Epoch 25 Train Total Loss: 5.5119
[Collapse Monitor] Avg intra-class archetype distance: 0.4236
=======================================================================

===================== Epoch 26/50 =====================
Mode: Full (KL + Recon + MI + full AA reconstruction + cos loss)
[Train] Batch 010 | I(t;x): 1.3848 | I(t;y): 0.0000 | Recon: 0.0184 | Total: 5.4329
   ↳ AA sample loss: 0.001552 | AA cos loss: 0.004624
[Train] Batch 020 | I(t;x): 1.3448 | I(t;y): 0.0000 | Recon: 0.0179 | Total: 5.3120
   ↳ AA sample loss: 0.001551 | AA cos loss: 0.004860
[Train] Batch 030 | I(t;x): 1.3092 | I(t;y): 0.0000 | Recon: 0.0190 | Total: 5.4795
   ↳ AA sample loss: 0.001518 | AA cos loss: 0.004742
[Train] Batch 040 | I(t;x): 1.3369 | I(t;y): 0.0000 | Recon: 0.0186 | Total: 5.4274
   ↳ AA sample loss: 0.001501 | AA cos loss: 0.004711

[Summary] Epoch 26 Train Total Loss: 5.4337
[Collapse Monitor] Avg intra-class archetype distance: 0.4332
=======================================================================

===================== Epoch 27/50 =====================
Mode: Full (KL + Recon + MI + full AA reconstruction + cos loss)
[Train] Batch 010 | I(t;x): 1.3438 | I(t;y): 0.0000 | Recon: 0.0181 | Total: 5.3321
   ↳ AA sample loss: 0.001457 | AA cos loss: 0.004541
[Train] Batch 020 | I(t;x): 1.3574 | I(t;y): 0.0000 | Recon: 0.0180 | Total: 5.3297
   ↳ AA sample loss: 0.001457 | AA cos loss: 0.004592
[Train] Batch 030 | I(t;x): 1.3853 | I(t;y): 0.0000 | Recon: 0.0172 | Total: 5.1918
   ↳ AA sample loss: 0.001431 | AA cos loss: 0.004530
[Train] Batch 040 | I(t;x): 1.4128 | I(t;y): 0.0000 | Recon: 0.0181 | Total: 5.3783
   ↳ AA sample loss: 0.001377 | AA cos loss: 0.004496

[Summary] Epoch 27 Train Total Loss: 5.3395
[Collapse Monitor] Avg intra-class archetype distance: 0.4449
=======================================================================

===================== Epoch 28/50 =====================
Mode: Full (KL + Recon + MI + full AA reconstruction + cos loss)
[Train] Batch 010 | I(t;x): 1.4015 | I(t;y): 0.0000 | Recon: 0.0176 | Total: 5.2661
   ↳ AA sample loss: 0.001382 | AA cos loss: 0.004465
[Train] Batch 020 | I(t;x): 1.3766 | I(t;y): 0.0000 | Recon: 0.0183 | Total: 5.3784
   ↳ AA sample loss: 0.001364 | AA cos loss: 0.004486
[Train] Batch 030 | I(t;x): 1.4049 | I(t;y): 0.0000 | Recon: 0.0172 | Total: 5.2085
   ↳ AA sample loss: 0.001370 | AA cos loss: 0.004560
[Train] Batch 040 | I(t;x): 1.3891 | I(t;y): 0.0000 | Recon: 0.0187 | Total: 5.4708
   ↳ AA sample loss: 0.001327 | AA cos loss: 0.004375

[Summary] Epoch 28 Train Total Loss: 5.3451
[Collapse Monitor] Avg intra-class archetype distance: 0.4552
=======================================================================

===================== Epoch 29/50 =====================
Mode: Full (KL + Recon + MI + full AA reconstruction + cos loss)
[Train] Batch 010 | I(t;x): 1.3624 | I(t;y): 0.0000 | Recon: 0.0180 | Total: 5.3080
   ↳ AA sample loss: 0.001333 | AA cos loss: 0.004570
[Train] Batch 020 | I(t;x): 1.4029 | I(t;y): 0.0000 | Recon: 0.0180 | Total: 5.3410
   ↳ AA sample loss: 0.001320 | AA cos loss: 0.004463
[Train] Batch 030 | I(t;x): 1.3889 | I(t;y): 0.0000 | Recon: 0.0175 | Total: 5.2314
   ↳ AA sample loss: 0.001323 | AA cos loss: 0.004358
[Train] Batch 040 | I(t;x): 1.3838 | I(t;y): 0.0000 | Recon: 0.0186 | Total: 5.4467
   ↳ AA sample loss: 0.001308 | AA cos loss: 0.004571

[Summary] Epoch 29 Train Total Loss: 5.3566
[Collapse Monitor] Avg intra-class archetype distance: 0.4619
=======================================================================

===================== Epoch 30/50 =====================
Mode: Full (KL + Recon + MI + full AA reconstruction + cos loss)
[Train] Batch 010 | I(t;x): 1.3759 | I(t;y): 0.0000 | Recon: 0.0175 | Total: 5.2091
   ↳ AA sample loss: 0.001271 | AA cos loss: 0.004317
[Train] Batch 020 | I(t;x): 1.3853 | I(t;y): 0.0000 | Recon: 0.0176 | Total: 5.2371
   ↳ AA sample loss: 0.001300 | AA cos loss: 0.004283
[Train] Batch 030 | I(t;x): 1.3737 | I(t;y): 0.0000 | Recon: 0.0178 | Total: 5.2654
   ↳ AA sample loss: 0.001287 | AA cos loss: 0.004230
[Train] Batch 040 | I(t;x): 1.3715 | I(t;y): 0.0000 | Recon: 0.0179 | Total: 5.2862
   ↳ AA sample loss: 0.001273 | AA cos loss: 0.004190

[Summary] Epoch 30 Train Total Loss: 5.2478
[Collapse Monitor] Avg intra-class archetype distance: 0.4698
=======================================================================

===================== Epoch 31/50 =====================
Mode: Full (KL + Recon + MI + full AA reconstruction + cos loss)
[Train] Batch 010 | I(t;x): 1.4093 | I(t;y): 0.0000 | Recon: 0.0180 | Total: 5.3533
   ↳ AA sample loss: 0.001291 | AA cos loss: 0.004353
[Train] Batch 020 | I(t;x): 1.3962 | I(t;y): 0.0000 | Recon: 0.0176 | Total: 5.2531
   ↳ AA sample loss: 0.001293 | AA cos loss: 0.004207
[Train] Batch 030 | I(t;x): 1.3781 | I(t;y): 0.0000 | Recon: 0.0180 | Total: 5.3088
   ↳ AA sample loss: 0.001292 | AA cos loss: 0.004368
[Train] Batch 040 | I(t;x): 1.3707 | I(t;y): 0.0000 | Recon: 0.0174 | Total: 5.1730
   ↳ AA sample loss: 0.001266 | AA cos loss: 0.004188

[Summary] Epoch 31 Train Total Loss: 5.2803
[Collapse Monitor] Avg intra-class archetype distance: 0.4809
=======================================================================

===================== Epoch 32/50 =====================
Mode: Full (KL + Recon + MI + full AA reconstruction + cos loss)
[Train] Batch 010 | I(t;x): 1.3767 | I(t;y): 0.0000 | Recon: 0.0172 | Total: 5.1508
   ↳ AA sample loss: 0.001262 | AA cos loss: 0.004259
[Train] Batch 020 | I(t;x): 1.3835 | I(t;y): 0.0000 | Recon: 0.0177 | Total: 5.2423
   ↳ AA sample loss: 0.001238 | AA cos loss: 0.004124
[Train] Batch 030 | I(t;x): 1.3835 | I(t;y): 0.0000 | Recon: 0.0182 | Total: 5.3649
   ↳ AA sample loss: 0.001265 | AA cos loss: 0.004313
[Train] Batch 040 | I(t;x): 1.3813 | I(t;y): 0.0000 | Recon: 0.0168 | Total: 5.0727
   ↳ AA sample loss: 0.001251 | AA cos loss: 0.004284

[Summary] Epoch 32 Train Total Loss: 5.2673
[Collapse Monitor] Avg intra-class archetype distance: 0.4920
=======================================================================

===================== Epoch 33/50 =====================
Mode: Full (KL + Recon + MI + full AA reconstruction + cos loss)
[Train] Batch 010 | I(t;x): 1.3550 | I(t;y): 0.0000 | Recon: 0.0177 | Total: 5.2276
   ↳ AA sample loss: 0.001254 | AA cos loss: 0.004385
[Train] Batch 020 | I(t;x): 1.3528 | I(t;y): 0.0000 | Recon: 0.0176 | Total: 5.2094
   ↳ AA sample loss: 0.001256 | AA cos loss: 0.004272
[Train] Batch 030 | I(t;x): 1.3310 | I(t;y): 0.0000 | Recon: 0.0168 | Total: 5.0188
   ↳ AA sample loss: 0.001251 | AA cos loss: 0.004184
[Train] Batch 040 | I(t;x): 1.4068 | I(t;y): 0.0000 | Recon: 0.0167 | Total: 5.0597
   ↳ AA sample loss: 0.001229 | AA cos loss: 0.003961

[Summary] Epoch 33 Train Total Loss: 5.2020
[Collapse Monitor] Avg intra-class archetype distance: 0.4965
=======================================================================

===================== Epoch 34/50 =====================
Mode: Full (KL + Recon + MI + full AA reconstruction + cos loss)
[Train] Batch 010 | I(t;x): 1.3640 | I(t;y): 0.0000 | Recon: 0.0165 | Total: 4.9955
   ↳ AA sample loss: 0.001268 | AA cos loss: 0.004221
[Train] Batch 020 | I(t;x): 1.3968 | I(t;y): 0.0000 | Recon: 0.0172 | Total: 5.1639
   ↳ AA sample loss: 0.001248 | AA cos loss: 0.004067
[Train] Batch 030 | I(t;x): 1.3945 | I(t;y): 0.0000 | Recon: 0.0172 | Total: 5.1442
   ↳ AA sample loss: 0.001244 | AA cos loss: 0.003927
[Train] Batch 040 | I(t;x): 1.3795 | I(t;y): 0.0000 | Recon: 0.0179 | Total: 5.2747
   ↳ AA sample loss: 0.001245 | AA cos loss: 0.004161

[Summary] Epoch 34 Train Total Loss: 5.1604
[Collapse Monitor] Avg intra-class archetype distance: 0.5017
=======================================================================

===================== Epoch 35/50 =====================
Mode: Full (KL + Recon + MI + full AA reconstruction + cos loss)
[Train] Batch 010 | I(t;x): 1.3669 | I(t;y): 0.0000 | Recon: 0.0177 | Total: 5.2002
   ↳ AA sample loss: 0.001226 | AA cos loss: 0.003823
[Train] Batch 020 | I(t;x): 1.3433 | I(t;y): 0.0000 | Recon: 0.0169 | Total: 5.0389
   ↳ AA sample loss: 0.001246 | AA cos loss: 0.003880
[Train] Batch 030 | I(t;x): 1.3700 | I(t;y): 0.0000 | Recon: 0.0173 | Total: 5.1419
   ↳ AA sample loss: 0.001232 | AA cos loss: 0.003971
[Train] Batch 040 | I(t;x): 1.3320 | I(t;y): 0.0000 | Recon: 0.0185 | Total: 5.3442
   ↳ AA sample loss: 0.001232 | AA cos loss: 0.003936

[Summary] Epoch 35 Train Total Loss: 5.1028
[Collapse Monitor] Avg intra-class archetype distance: 0.5053
=======================================================================

===================== Epoch 36/50 =====================
Mode: Full (KL + Recon + MI + full AA reconstruction + cos loss)
[Train] Batch 010 | I(t;x): 1.3905 | I(t;y): 0.0000 | Recon: 0.0170 | Total: 5.0893
   ↳ AA sample loss: 0.001220 | AA cos loss: 0.003766
[Train] Batch 020 | I(t;x): 1.3764 | I(t;y): 0.0000 | Recon: 0.0169 | Total: 5.0632
   ↳ AA sample loss: 0.001221 | AA cos loss: 0.003948
[Train] Batch 030 | I(t;x): 1.3839 | I(t;y): 0.0000 | Recon: 0.0178 | Total: 5.2479
   ↳ AA sample loss: 0.001221 | AA cos loss: 0.003796
[Train] Batch 040 | I(t;x): 1.3230 | I(t;y): 0.0000 | Recon: 0.0177 | Total: 5.1561
   ↳ AA sample loss: 0.001201 | AA cos loss: 0.003831

[Summary] Epoch 36 Train Total Loss: 5.1271
[Collapse Monitor] Avg intra-class archetype distance: 0.5076
=======================================================================

===================== Epoch 37/50 =====================
Mode: Full (KL + Recon + MI + full AA reconstruction + cos loss)
[Train] Batch 010 | I(t;x): 1.3502 | I(t;y): 0.0000 | Recon: 0.0170 | Total: 5.0727
   ↳ AA sample loss: 0.001245 | AA cos loss: 0.004080
[Train] Batch 020 | I(t;x): 1.3644 | I(t;y): 0.0000 | Recon: 0.0177 | Total: 5.2160
   ↳ AA sample loss: 0.001229 | AA cos loss: 0.003910
[Train] Batch 030 | I(t;x): 1.3525 | I(t;y): 0.0000 | Recon: 0.0161 | Total: 4.8670
   ↳ AA sample loss: 0.001223 | AA cos loss: 0.003786
[Train] Batch 040 | I(t;x): 1.4189 | I(t;y): 0.0000 | Recon: 0.0170 | Total: 5.1103
   ↳ AA sample loss: 0.001216 | AA cos loss: 0.003762

[Summary] Epoch 37 Train Total Loss: 5.0788
[Collapse Monitor] Avg intra-class archetype distance: 0.5093
=======================================================================

===================== Epoch 38/50 =====================
Mode: Full (KL + Recon + MI + full AA reconstruction + cos loss)
[Train] Batch 010 | I(t;x): 1.3677 | I(t;y): 0.0000 | Recon: 0.0164 | Total: 4.9530
   ↳ AA sample loss: 0.001186 | AA cos loss: 0.003759
[Train] Batch 020 | I(t;x): 1.3761 | I(t;y): 0.0000 | Recon: 0.0172 | Total: 5.1294
   ↳ AA sample loss: 0.001207 | AA cos loss: 0.003935
[Train] Batch 030 | I(t;x): 1.3758 | I(t;y): 0.0000 | Recon: 0.0164 | Total: 4.9353
   ↳ AA sample loss: 0.001191 | AA cos loss: 0.003530
[Train] Batch 040 | I(t;x): 1.4132 | I(t;y): 0.0000 | Recon: 0.0175 | Total: 5.2106
   ↳ AA sample loss: 0.001185 | AA cos loss: 0.003614

[Summary] Epoch 38 Train Total Loss: 5.0986
[Collapse Monitor] Avg intra-class archetype distance: 0.5111
=======================================================================

===================== Epoch 39/50 =====================
Mode: Full (KL + Recon + MI + full AA reconstruction + cos loss)
[Train] Batch 010 | I(t;x): 1.3597 | I(t;y): 0.0000 | Recon: 0.0159 | Total: 4.8423
   ↳ AA sample loss: 0.001212 | AA cos loss: 0.003714
[Train] Batch 020 | I(t;x): 1.3888 | I(t;y): 0.0000 | Recon: 0.0167 | Total: 5.0364
   ↳ AA sample loss: 0.001205 | AA cos loss: 0.003911
[Train] Batch 030 | I(t;x): 1.4136 | I(t;y): 0.0000 | Recon: 0.0169 | Total: 5.0957
   ↳ AA sample loss: 0.001195 | AA cos loss: 0.003701
[Train] Batch 040 | I(t;x): 1.3791 | I(t;y): 0.0000 | Recon: 0.0170 | Total: 5.0848
   ↳ AA sample loss: 0.001200 | AA cos loss: 0.003917

[Summary] Epoch 39 Train Total Loss: 5.0950
[Collapse Monitor] Avg intra-class archetype distance: 0.5106
=======================================================================

===================== Epoch 40/50 =====================
Mode: Full (KL + Recon + MI + full AA reconstruction + cos loss)
[Train] Batch 010 | I(t;x): 1.3427 | I(t;y): 0.0000 | Recon: 0.0176 | Total: 5.1736
   ↳ AA sample loss: 0.001198 | AA cos loss: 0.003950
[Train] Batch 020 | I(t;x): 1.4372 | I(t;y): 0.0000 | Recon: 0.0167 | Total: 5.0731
   ↳ AA sample loss: 0.001186 | AA cos loss: 0.003628
[Train] Batch 030 | I(t;x): 1.4000 | I(t;y): 0.0000 | Recon: 0.0163 | Total: 4.9457
   ↳ AA sample loss: 0.001186 | AA cos loss: 0.003715
[Train] Batch 040 | I(t;x): 1.3606 | I(t;y): 0.0000 | Recon: 0.0176 | Total: 5.1685
   ↳ AA sample loss: 0.001165 | AA cos loss: 0.003750

[Summary] Epoch 40 Train Total Loss: 5.0231
[Collapse Monitor] Avg intra-class archetype distance: 0.5059
=======================================================================

===================== Epoch 41/50 =====================
Mode: Full (KL + Recon + MI + full AA reconstruction + cos loss)
[Train] Batch 010 | I(t;x): 1.3868 | I(t;y): 0.0000 | Recon: 0.0163 | Total: 4.9420
   ↳ AA sample loss: 0.001203 | AA cos loss: 0.003603
[Train] Batch 020 | I(t;x): 1.4440 | I(t;y): 0.0000 | Recon: 0.0162 | Total: 4.9587
   ↳ AA sample loss: 0.001182 | AA cos loss: 0.003563
[Train] Batch 030 | I(t;x): 1.3704 | I(t;y): 0.0000 | Recon: 0.0167 | Total: 5.0075
   ↳ AA sample loss: 0.001185 | AA cos loss: 0.003842
[Train] Batch 040 | I(t;x): 1.3719 | I(t;y): 0.0000 | Recon: 0.0155 | Total: 4.7613
   ↳ AA sample loss: 0.001166 | AA cos loss: 0.003696

[Summary] Epoch 41 Train Total Loss: 4.9978
[Collapse Monitor] Avg intra-class archetype distance: 0.5031
=======================================================================

===================== Epoch 42/50 =====================
Mode: Full (KL + Recon + MI + full AA reconstruction + cos loss)
[Train] Batch 010 | I(t;x): 1.3979 | I(t;y): 0.0000 | Recon: 0.0170 | Total: 5.1099
   ↳ AA sample loss: 0.001178 | AA cos loss: 0.003869
[Train] Batch 020 | I(t;x): 1.3993 | I(t;y): 0.0000 | Recon: 0.0164 | Total: 4.9747
   ↳ AA sample loss: 0.001197 | AA cos loss: 0.003720
[Train] Batch 030 | I(t;x): 1.3864 | I(t;y): 0.0000 | Recon: 0.0168 | Total: 5.0477
   ↳ AA sample loss: 0.001180 | AA cos loss: 0.003895
[Train] Batch 040 | I(t;x): 1.4081 | I(t;y): 0.0000 | Recon: 0.0159 | Total: 4.8688
   ↳ AA sample loss: 0.001166 | AA cos loss: 0.003610

[Summary] Epoch 42 Train Total Loss: 5.0086
[Collapse Monitor] Avg intra-class archetype distance: 0.5029
=======================================================================

===================== Epoch 43/50 =====================
Mode: Full (KL + Recon + MI + full AA reconstruction + cos loss)
[Train] Batch 010 | I(t;x): 1.3866 | I(t;y): 0.0000 | Recon: 0.0157 | Total: 4.8081
   ↳ AA sample loss: 0.001145 | AA cos loss: 0.003506
[Train] Batch 020 | I(t;x): 1.3827 | I(t;y): 0.0000 | Recon: 0.0167 | Total: 5.0080
   ↳ AA sample loss: 0.001151 | AA cos loss: 0.003761
[Train] Batch 030 | I(t;x): 1.4166 | I(t;y): 0.0000 | Recon: 0.0165 | Total: 4.9926
   ↳ AA sample loss: 0.001147 | AA cos loss: 0.003404
[Train] Batch 040 | I(t;x): 1.3508 | I(t;y): 0.0000 | Recon: 0.0162 | Total: 4.8577
   ↳ AA sample loss: 0.001140 | AA cos loss: 0.003286

[Summary] Epoch 43 Train Total Loss: 4.9328
[Collapse Monitor] Avg intra-class archetype distance: 0.5067
=======================================================================

===================== Epoch 44/50 =====================
Mode: Full (KL + Recon + MI + full AA reconstruction + cos loss)
[Train] Batch 010 | I(t;x): 1.3790 | I(t;y): 0.0000 | Recon: 0.0169 | Total: 5.0357
   ↳ AA sample loss: 0.001145 | AA cos loss: 0.003479
[Train] Batch 020 | I(t;x): 1.3713 | I(t;y): 0.0000 | Recon: 0.0156 | Total: 4.7907
   ↳ AA sample loss: 0.001141 | AA cos loss: 0.003840
[Train] Batch 030 | I(t;x): 1.3839 | I(t;y): 0.0000 | Recon: 0.0163 | Total: 4.9433
   ↳ AA sample loss: 0.001140 | AA cos loss: 0.003828
[Train] Batch 040 | I(t;x): 1.4066 | I(t;y): 0.0000 | Recon: 0.0170 | Total: 5.1013
   ↳ AA sample loss: 0.001152 | AA cos loss: 0.003826

[Summary] Epoch 44 Train Total Loss: 5.0174
[Collapse Monitor] Avg intra-class archetype distance: 0.5098
=======================================================================

===================== Epoch 45/50 =====================
Mode: Full (KL + Recon + MI + full AA reconstruction + cos loss)
[Train] Batch 010 | I(t;x): 1.3987 | I(t;y): 0.0000 | Recon: 0.0159 | Total: 4.8578
   ↳ AA sample loss: 0.001128 | AA cos loss: 0.003633
[Train] Batch 020 | I(t;x): 1.3925 | I(t;y): 0.0000 | Recon: 0.0159 | Total: 4.8709
   ↳ AA sample loss: 0.001146 | AA cos loss: 0.003756
[Train] Batch 030 | I(t;x): 1.3964 | I(t;y): 0.0000 | Recon: 0.0163 | Total: 4.9406
   ↳ AA sample loss: 0.001148 | AA cos loss: 0.003686
[Train] Batch 040 | I(t;x): 1.4193 | I(t;y): 0.0000 | Recon: 0.0171 | Total: 5.1082
   ↳ AA sample loss: 0.001107 | AA cos loss: 0.003466

[Summary] Epoch 45 Train Total Loss: 4.8840
[Collapse Monitor] Avg intra-class archetype distance: 0.5064
=======================================================================

===================== Epoch 46/50 =====================
Mode: Full (KL + Recon + MI + full AA reconstruction + cos loss)
[Train] Batch 010 | I(t;x): 1.3887 | I(t;y): 0.0000 | Recon: 0.0165 | Total: 4.9745
   ↳ AA sample loss: 0.001119 | AA cos loss: 0.003665
[Train] Batch 020 | I(t;x): 1.4238 | I(t;y): 0.0000 | Recon: 0.0163 | Total: 4.9798
   ↳ AA sample loss: 0.001164 | AA cos loss: 0.003619
[Train] Batch 030 | I(t;x): 1.3811 | I(t;y): 0.0000 | Recon: 0.0166 | Total: 4.9687
   ↳ AA sample loss: 0.001127 | AA cos loss: 0.003490
[Train] Batch 040 | I(t;x): 1.3924 | I(t;y): 0.0000 | Recon: 0.0161 | Total: 4.8962
   ↳ AA sample loss: 0.001133 | AA cos loss: 0.003622

[Summary] Epoch 46 Train Total Loss: 4.9474
[Collapse Monitor] Avg intra-class archetype distance: 0.5089
=======================================================================

===================== Epoch 47/50 =====================
Mode: Full (KL + Recon + MI + full AA reconstruction + cos loss)
[Train] Batch 010 | I(t;x): 1.3687 | I(t;y): 0.0000 | Recon: 0.0162 | Total: 4.9076
   ↳ AA sample loss: 0.001135 | AA cos loss: 0.003737
[Train] Batch 020 | I(t;x): 1.3613 | I(t;y): 0.0000 | Recon: 0.0159 | Total: 4.8429
   ↳ AA sample loss: 0.001141 | AA cos loss: 0.003791
[Train] Batch 030 | I(t;x): 1.4272 | I(t;y): 0.0000 | Recon: 0.0171 | Total: 5.1246
   ↳ AA sample loss: 0.001099 | AA cos loss: 0.003415
[Train] Batch 040 | I(t;x): 1.3852 | I(t;y): 0.0000 | Recon: 0.0159 | Total: 4.8667
   ↳ AA sample loss: 0.001122 | AA cos loss: 0.003809

[Summary] Epoch 47 Train Total Loss: 4.9216
[Collapse Monitor] Avg intra-class archetype distance: 0.5109
=======================================================================

===================== Epoch 48/50 =====================
Mode: Full (KL + Recon + MI + full AA reconstruction + cos loss)
[Train] Batch 010 | I(t;x): 1.3818 | I(t;y): 0.0000 | Recon: 0.0160 | Total: 4.8810
   ↳ AA sample loss: 0.001123 | AA cos loss: 0.003821
[Train] Batch 020 | I(t;x): 1.4028 | I(t;y): 0.0000 | Recon: 0.0159 | Total: 4.8693
   ↳ AA sample loss: 0.001099 | AA cos loss: 0.003534
[Train] Batch 030 | I(t;x): 1.3857 | I(t;y): 0.0000 | Recon: 0.0157 | Total: 4.8157
   ↳ AA sample loss: 0.001116 | AA cos loss: 0.003626
[Train] Batch 040 | I(t;x): 1.4015 | I(t;y): 0.0000 | Recon: 0.0152 | Total: 4.7110
   ↳ AA sample loss: 0.001104 | AA cos loss: 0.003445

[Summary] Epoch 48 Train Total Loss: 4.8800
[Collapse Monitor] Avg intra-class archetype distance: 0.5122
=======================================================================

===================== Epoch 49/50 =====================
Mode: Full (KL + Recon + MI + full AA reconstruction + cos loss)
[Train] Batch 010 | I(t;x): 1.3952 | I(t;y): 0.0000 | Recon: 0.0156 | Total: 4.7942
   ↳ AA sample loss: 0.001101 | AA cos loss: 0.003409
[Train] Batch 020 | I(t;x): 1.4017 | I(t;y): 0.0000 | Recon: 0.0167 | Total: 5.0300
   ↳ AA sample loss: 0.001109 | AA cos loss: 0.003574
[Train] Batch 030 | I(t;x): 1.4251 | I(t;y): 0.0000 | Recon: 0.0171 | Total: 5.1290
   ↳ AA sample loss: 0.001127 | AA cos loss: 0.003610
[Train] Batch 040 | I(t;x): 1.3857 | I(t;y): 0.0000 | Recon: 0.0152 | Total: 4.7130
   ↳ AA sample loss: 0.001115 | AA cos loss: 0.003605

[Summary] Epoch 49 Train Total Loss: 4.8525
[Collapse Monitor] Avg intra-class archetype distance: 0.5135
=======================================================================

===================== Epoch 50/50 =====================
Mode: Full (KL + Recon + MI + full AA reconstruction + cos loss)
[Train] Batch 010 | I(t;x): 1.4277 | I(t;y): 0.0000 | Recon: 0.0148 | Total: 4.6598
   ↳ AA sample loss: 0.001070 | AA cos loss: 0.003529
[Train] Batch 020 | I(t;x): 1.4186 | I(t;y): 0.0000 | Recon: 0.0151 | Total: 4.7216
   ↳ AA sample loss: 0.001099 | AA cos loss: 0.003510
[Train] Batch 030 | I(t;x): 1.3927 | I(t;y): 0.0000 | Recon: 0.0161 | Total: 4.8975
   ↳ AA sample loss: 0.001096 | AA cos loss: 0.003525
[Train] Batch 040 | I(t;x): 1.3790 | I(t;y): 0.0000 | Recon: 0.0149 | Total: 4.6351
   ↳ AA sample loss: 0.001090 | AA cos loss: 0.003599

[Summary] Epoch 50 Train Total Loss: 4.8370
[Collapse Monitor] Avg intra-class archetype distance: 0.5142
=======================================================================

[Save] Epoch losses saved to: results/mnist/seed_43_aa_2/epoch_total_losses.pkl
[Save] Final archetype coordinates saved to: results/mnist/seed_43_aa_2/final_archetypes.npy (shape: (20, 32))
[Save] Decoded archetype images saved to: results/mnist/seed_43_aa_2/final_archetypes_decoded.npy (shape: (20, 1, 28, 28))
[Save] Sample-to-AA weight parameters saved to: results/mnist/seed_43_aa_2/fc_sample_to_aa_weights.pth
[Save] Final model weights saved to: results/mnist/seed_43_aa_2/model_final.pth
