[Init] Using device: cuda
[Config] Parameters saved to: results/mnist/seed_43_aa_7/params.json
[Training Start] 50 epochs total
Warmup: first 5 epochs | Semantic: 6–10 | AA starts from 11
[Config] batch_size=500 | lr=0.005 | gamma=60.0 | cos_sim_weight=1.0

===================== Epoch 1/50 =====================
Mode: Warmup (KL + Reconstruction)
[Train] Batch 010 | I(t;x): 0.2741 | I(t;y): 2.2993 | Recon: 0.0679 | Total: 13.8442
[Train] Batch 020 | I(t;x): 0.1816 | I(t;y): 2.2991 | Recon: 0.0609 | Total: 12.3596
[Train] Batch 030 | I(t;x): 0.2912 | I(t;y): 2.2990 | Recon: 0.0616 | Total: 12.6085
[Train] Batch 040 | I(t;x): 0.4749 | I(t;y): 2.2990 | Recon: 0.0549 | Total: 11.4478

[Summary] Epoch 1 Train Total Loss: 15.2857
=======================================================================

===================== Epoch 2/50 =====================
Mode: Warmup (KL + Reconstruction)
[Train] Batch 010 | I(t;x): 0.6351 | I(t;y): 2.2992 | Recon: 0.0516 | Total: 10.9498
[Train] Batch 020 | I(t;x): 0.7417 | I(t;y): 2.2988 | Recon: 0.0514 | Total: 11.0158
[Train] Batch 030 | I(t;x): 0.8849 | I(t;y): 2.2988 | Recon: 0.0473 | Total: 10.3549
[Train] Batch 040 | I(t;x): 0.9252 | I(t;y): 2.2984 | Recon: 0.0431 | Total: 9.5445

[Summary] Epoch 2 Train Total Loss: 10.7448
=======================================================================

===================== Epoch 3/50 =====================
Mode: Warmup (KL + Reconstruction)
[Train] Batch 010 | I(t;x): 0.9834 | I(t;y): 2.2986 | Recon: 0.0390 | Total: 8.7863
[Train] Batch 020 | I(t;x): 1.0634 | I(t;y): 2.2988 | Recon: 0.0358 | Total: 8.2229
[Train] Batch 030 | I(t;x): 0.9774 | I(t;y): 2.2986 | Recon: 0.0353 | Total: 8.0440
[Train] Batch 040 | I(t;x): 0.9595 | I(t;y): 2.2986 | Recon: 0.0327 | Total: 7.4909

[Summary] Epoch 3 Train Total Loss: 8.3472
=======================================================================

===================== Epoch 4/50 =====================
Mode: Warmup (KL + Reconstruction)
[Train] Batch 010 | I(t;x): 0.9463 | I(t;y): 2.2986 | Recon: 0.0318 | Total: 7.2969
[Train] Batch 020 | I(t;x): 0.9700 | I(t;y): 2.2985 | Recon: 0.0316 | Total: 7.2821
[Train] Batch 030 | I(t;x): 0.9746 | I(t;y): 2.2986 | Recon: 0.0298 | Total: 6.9376
[Train] Batch 040 | I(t;x): 0.9688 | I(t;y): 2.2987 | Recon: 0.0283 | Total: 6.6248

[Summary] Epoch 4 Train Total Loss: 7.0829
=======================================================================

===================== Epoch 5/50 =====================
Mode: Warmup (KL + Reconstruction)
[Train] Batch 010 | I(t;x): 0.9848 | I(t;y): 2.2986 | Recon: 0.0275 | Total: 6.4808
[Train] Batch 020 | I(t;x): 0.9664 | I(t;y): 2.2985 | Recon: 0.0268 | Total: 6.3299
[Train] Batch 030 | I(t;x): 0.9085 | I(t;y): 2.2990 | Recon: 0.0265 | Total: 6.2148
[Train] Batch 040 | I(t;x): 0.9685 | I(t;y): 2.2988 | Recon: 0.0243 | Total: 5.8257

[Summary] Epoch 5 Train Total Loss: 6.3856
=======================================================================

===================== Epoch 6/50 =====================
Mode: Semantic (KL + Recon + weak MI)
[Train] Batch 010 | I(t;x): 0.9432 | I(t;y): 2.1210 | Recon: 0.0238 | Total: 5.7128
[Train] Batch 020 | I(t;x): 0.9627 | I(t;y): 1.5072 | Recon: 0.0242 | Total: 5.8024
[Train] Batch 030 | I(t;x): 0.9453 | I(t;y): 0.7172 | Recon: 0.0221 | Total: 5.3782
[Train] Batch 040 | I(t;x): 0.9513 | I(t;y): 0.0441 | Recon: 0.0213 | Total: 5.2083

[Summary] Epoch 6 Train Total Loss: 5.6321
=======================================================================

===================== Epoch 7/50 =====================
Mode: Semantic (KL + Recon + weak MI)
[Train] Batch 010 | I(t;x): 0.9516 | I(t;y): 0.0070 | Recon: 0.0215 | Total: 5.2496
[Train] Batch 020 | I(t;x): 0.9273 | I(t;y): 0.0022 | Recon: 0.0210 | Total: 5.1280
[Train] Batch 030 | I(t;x): 0.9679 | I(t;y): 0.0012 | Recon: 0.0211 | Total: 5.1907
[Train] Batch 040 | I(t;x): 0.9853 | I(t;y): 0.0012 | Recon: 0.0202 | Total: 5.0188

[Summary] Epoch 7 Train Total Loss: 5.2196
=======================================================================

===================== Epoch 8/50 =====================
Mode: Semantic (KL + Recon + weak MI)
[Train] Batch 010 | I(t;x): 0.9806 | I(t;y): 0.0009 | Recon: 0.0198 | Total: 4.9478
[Train] Batch 020 | I(t;x): 0.9928 | I(t;y): 0.0010 | Recon: 0.0188 | Total: 4.7570
[Train] Batch 030 | I(t;x): 1.0120 | I(t;y): 0.0005 | Recon: 0.0197 | Total: 4.9490
[Train] Batch 040 | I(t;x): 0.9753 | I(t;y): 0.0003 | Recon: 0.0192 | Total: 4.8097

[Summary] Epoch 8 Train Total Loss: 4.8507
=======================================================================

===================== Epoch 9/50 =====================
Mode: Semantic (KL + Recon + weak MI)
[Train] Batch 010 | I(t;x): 0.9825 | I(t;y): 0.0004 | Recon: 0.0184 | Total: 4.6588
[Train] Batch 020 | I(t;x): 1.0132 | I(t;y): 0.0004 | Recon: 0.0181 | Total: 4.6327
[Train] Batch 030 | I(t;x): 0.9941 | I(t;y): 0.0003 | Recon: 0.0180 | Total: 4.6005
[Train] Batch 040 | I(t;x): 0.9981 | I(t;y): 0.0002 | Recon: 0.0183 | Total: 4.6633

[Summary] Epoch 9 Train Total Loss: 4.6110
=======================================================================

===================== Epoch 10/50 =====================
Mode: Semantic (KL + Recon + weak MI)
[Train] Batch 010 | I(t;x): 0.9616 | I(t;y): 0.0002 | Recon: 0.0171 | Total: 4.3813
[Train] Batch 020 | I(t;x): 1.0175 | I(t;y): 0.0002 | Recon: 0.0172 | Total: 4.4674
[Train] Batch 030 | I(t;x): 1.0214 | I(t;y): 0.0001 | Recon: 0.0170 | Total: 4.4159
[Train] Batch 040 | I(t;x): 0.9934 | I(t;y): 0.0001 | Recon: 0.0161 | Total: 4.2205

[Summary] Epoch 10 Train Total Loss: 4.4799
=======================================================================

===================== Epoch 11/50 =====================
Mode: Full (KL + Recon + MI + full AA reconstruction + cos loss)
[Init] Initializing class-wise archetypes (multi-seed + fallback)...
[Init] Archetypes initialized.
[Train] Batch 010 | I(t;x): 1.1659 | I(t;y): 0.0000 | Recon: 0.0428 | Total: 13.6367
   ↳ AA sample loss: 0.023833 | AA cos loss: 0.041459
[Train] Batch 020 | I(t;x): 1.6309 | I(t;y): 0.0000 | Recon: 0.0398 | Total: 11.6192
   ↳ AA sample loss: 0.023900 | AA cos loss: 0.009865
[Train] Batch 030 | I(t;x): 1.6092 | I(t;y): 0.0000 | Recon: 0.0337 | Total: 10.2672
   ↳ AA sample loss: 0.023901 | AA cos loss: 0.008215
[Train] Batch 040 | I(t;x): 1.6773 | I(t;y): 0.0000 | Recon: 0.0305 | Total: 9.8071
   ↳ AA sample loss: 0.023827 | AA cos loss: 0.009939

[Summary] Epoch 11 Train Total Loss: 15.6371
[Collapse Monitor] Avg intra-class archetype distance: 0.4025
=======================================================================

===================== Epoch 12/50 =====================
Mode: Full (KL + Recon + MI + full AA reconstruction + cos loss)
[Train] Batch 010 | I(t;x): 1.5447 | I(t;y): 0.0000 | Recon: 0.0271 | Total: 9.0751
   ↳ AA sample loss: 0.023743 | AA cos loss: 0.011559
[Train] Batch 020 | I(t;x): 1.5786 | I(t;y): 0.0000 | Recon: 0.0250 | Total: 8.6469
   ↳ AA sample loss: 0.023704 | AA cos loss: 0.010637
[Train] Batch 030 | I(t;x): 1.5530 | I(t;y): 0.0000 | Recon: 0.0254 | Total: 8.6121
   ↳ AA sample loss: 0.023706 | AA cos loss: 0.009304
[Train] Batch 040 | I(t;x): 1.5595 | I(t;y): 0.0000 | Recon: 0.0238 | Total: 8.3049
   ↳ AA sample loss: 0.023706 | AA cos loss: 0.009313

[Summary] Epoch 12 Train Total Loss: 8.7956
[Collapse Monitor] Avg intra-class archetype distance: 0.4097
=======================================================================

===================== Epoch 13/50 =====================
Mode: Full (KL + Recon + MI + full AA reconstruction + cos loss)
[Train] Batch 010 | I(t;x): 1.5232 | I(t;y): 0.0000 | Recon: 0.0226 | Total: 7.9897
   ↳ AA sample loss: 0.023729 | AA cos loss: 0.008648
[Train] Batch 020 | I(t;x): 1.5907 | I(t;y): 0.0000 | Recon: 0.0221 | Total: 7.8746
   ↳ AA sample loss: 0.023741 | AA cos loss: 0.007455
[Train] Batch 030 | I(t;x): 1.5092 | I(t;y): 0.0000 | Recon: 0.0202 | Total: 7.3999
   ↳ AA sample loss: 0.023784 | AA cos loss: 0.006964
[Train] Batch 040 | I(t;x): 1.5319 | I(t;y): 0.0000 | Recon: 0.0215 | Total: 7.6848
   ↳ AA sample loss: 0.023872 | AA cos loss: 0.006911

[Summary] Epoch 13 Train Total Loss: 7.8137
[Collapse Monitor] Avg intra-class archetype distance: 0.4238
=======================================================================

===================== Epoch 14/50 =====================
Mode: Full (KL + Recon + MI + full AA reconstruction + cos loss)
[Train] Batch 010 | I(t;x): 1.5748 | I(t;y): 0.0000 | Recon: 0.0200 | Total: 7.3615
   ↳ AA sample loss: 0.023920 | AA cos loss: 0.006001
[Train] Batch 020 | I(t;x): 1.5350 | I(t;y): 0.0000 | Recon: 0.0209 | Total: 7.5034
   ↳ AA sample loss: 0.023966 | AA cos loss: 0.005811
[Train] Batch 030 | I(t;x): 1.4752 | I(t;y): 0.0000 | Recon: 0.0189 | Total: 7.0199
   ↳ AA sample loss: 0.024044 | AA cos loss: 0.005422
[Train] Batch 040 | I(t;x): 1.4749 | I(t;y): 0.0000 | Recon: 0.0195 | Total: 7.1179
   ↳ AA sample loss: 0.024079 | AA cos loss: 0.005137

[Summary] Epoch 14 Train Total Loss: 7.3464
[Collapse Monitor] Avg intra-class archetype distance: 0.4448
=======================================================================

===================== Epoch 15/50 =====================
Mode: Full (KL + Recon + MI + full AA reconstruction + cos loss)
[Train] Batch 010 | I(t;x): 1.4520 | I(t;y): 0.0000 | Recon: 0.0193 | Total: 7.0433
   ↳ AA sample loss: 0.024109 | AA cos loss: 0.004888
[Train] Batch 020 | I(t;x): 1.4844 | I(t;y): 0.0000 | Recon: 0.0192 | Total: 7.0211
   ↳ AA sample loss: 0.024126 | AA cos loss: 0.004087
[Train] Batch 030 | I(t;x): 1.4668 | I(t;y): 0.0000 | Recon: 0.0201 | Total: 7.1865
   ↳ AA sample loss: 0.024049 | AA cos loss: 0.004354
[Train] Batch 040 | I(t;x): 1.4154 | I(t;y): 0.0000 | Recon: 0.0203 | Total: 7.2657
   ↳ AA sample loss: 0.024027 | AA cos loss: 0.005842

[Summary] Epoch 15 Train Total Loss: 6.9974
[Collapse Monitor] Avg intra-class archetype distance: 0.4716
=======================================================================

===================== Epoch 16/50 =====================
Mode: Full (KL + Recon + MI + full AA reconstruction + cos loss)
[Train] Batch 010 | I(t;x): 1.4697 | I(t;y): 0.0000 | Recon: 0.0182 | Total: 6.8034
   ↳ AA sample loss: 0.023887 | AA cos loss: 0.004434
[Train] Batch 020 | I(t;x): 1.3712 | I(t;y): 0.0000 | Recon: 0.0188 | Total: 6.8227
   ↳ AA sample loss: 0.023728 | AA cos loss: 0.004470
[Train] Batch 030 | I(t;x): 1.4499 | I(t;y): 0.0000 | Recon: 0.0176 | Total: 6.6211
   ↳ AA sample loss: 0.023534 | AA cos loss: 0.004141
[Train] Batch 040 | I(t;x): 1.4347 | I(t;y): 0.0000 | Recon: 0.0181 | Total: 6.6797
   ↳ AA sample loss: 0.023444 | AA cos loss: 0.003521

[Summary] Epoch 16 Train Total Loss: 6.7934
[Collapse Monitor] Avg intra-class archetype distance: 0.4982
=======================================================================

===================== Epoch 17/50 =====================
Mode: Full (KL + Recon + MI + full AA reconstruction + cos loss)
[Train] Batch 010 | I(t;x): 1.3533 | I(t;y): 0.0000 | Recon: 0.0181 | Total: 6.5890
   ↳ AA sample loss: 0.023307 | AA cos loss: 0.003773
[Train] Batch 020 | I(t;x): 1.3582 | I(t;y): 0.0000 | Recon: 0.0175 | Total: 6.4612
   ↳ AA sample loss: 0.023158 | AA cos loss: 0.003612
[Train] Batch 030 | I(t;x): 1.3504 | I(t;y): 0.0000 | Recon: 0.0183 | Total: 6.6236
   ↳ AA sample loss: 0.023089 | AA cos loss: 0.003716
[Train] Batch 040 | I(t;x): 1.3847 | I(t;y): 0.0000 | Recon: 0.0178 | Total: 6.5245
   ↳ AA sample loss: 0.022925 | AA cos loss: 0.003450

[Summary] Epoch 17 Train Total Loss: 6.5850
[Collapse Monitor] Avg intra-class archetype distance: 0.5255
=======================================================================

===================== Epoch 18/50 =====================
Mode: Full (KL + Recon + MI + full AA reconstruction + cos loss)
[Train] Batch 010 | I(t;x): 1.3354 | I(t;y): 0.0000 | Recon: 0.0179 | Total: 6.4885
   ↳ AA sample loss: 0.022785 | AA cos loss: 0.003559
[Train] Batch 020 | I(t;x): 1.3513 | I(t;y): 0.0000 | Recon: 0.0163 | Total: 6.1780
   ↳ AA sample loss: 0.022615 | AA cos loss: 0.003395
[Train] Batch 030 | I(t;x): 1.3391 | I(t;y): 0.0000 | Recon: 0.0175 | Total: 6.3752
   ↳ AA sample loss: 0.022478 | AA cos loss: 0.003239
[Train] Batch 040 | I(t;x): 1.3174 | I(t;y): 0.0000 | Recon: 0.0170 | Total: 6.2581
   ↳ AA sample loss: 0.022341 | AA cos loss: 0.003256

[Summary] Epoch 18 Train Total Loss: 6.3915
[Collapse Monitor] Avg intra-class archetype distance: 0.5546
=======================================================================

===================== Epoch 19/50 =====================
Mode: Full (KL + Recon + MI + full AA reconstruction + cos loss)
[Train] Batch 010 | I(t;x): 1.3355 | I(t;y): 0.0000 | Recon: 0.0165 | Total: 6.1827
   ↳ AA sample loss: 0.022151 | AA cos loss: 0.003522
[Train] Batch 020 | I(t;x): 1.3177 | I(t;y): 0.0000 | Recon: 0.0169 | Total: 6.2503
   ↳ AA sample loss: 0.022034 | AA cos loss: 0.003784
[Train] Batch 030 | I(t;x): 1.3146 | I(t;y): 0.0000 | Recon: 0.0178 | Total: 6.3998
   ↳ AA sample loss: 0.021770 | AA cos loss: 0.003631
[Train] Batch 040 | I(t;x): 1.3271 | I(t;y): 0.0000 | Recon: 0.0166 | Total: 6.1359
   ↳ AA sample loss: 0.021651 | AA cos loss: 0.003143

[Summary] Epoch 19 Train Total Loss: 6.2764
[Collapse Monitor] Avg intra-class archetype distance: 0.5838
=======================================================================

===================== Epoch 20/50 =====================
Mode: Full (KL + Recon + MI + full AA reconstruction + cos loss)
[Train] Batch 010 | I(t;x): 1.3331 | I(t;y): 0.0000 | Recon: 0.0165 | Total: 6.1046
   ↳ AA sample loss: 0.021455 | AA cos loss: 0.003159
[Train] Batch 020 | I(t;x): 1.3300 | I(t;y): 0.0000 | Recon: 0.0177 | Total: 6.3435
   ↳ AA sample loss: 0.021308 | AA cos loss: 0.003311
[Train] Batch 030 | I(t;x): 1.3292 | I(t;y): 0.0000 | Recon: 0.0179 | Total: 6.3749
   ↳ AA sample loss: 0.021178 | AA cos loss: 0.003250
[Train] Batch 040 | I(t;x): 1.2828 | I(t;y): 0.0000 | Recon: 0.0177 | Total: 6.2773
   ↳ AA sample loss: 0.021000 | AA cos loss: 0.003117

[Summary] Epoch 20 Train Total Loss: 6.1832
[Collapse Monitor] Avg intra-class archetype distance: 0.6122
=======================================================================

===================== Epoch 21/50 =====================
Mode: Full (KL + Recon + MI + full AA reconstruction + cos loss)
[Train] Batch 010 | I(t;x): 1.2899 | I(t;y): 0.0000 | Recon: 0.0174 | Total: 6.1999
   ↳ AA sample loss: 0.020800 | AA cos loss: 0.003070
[Train] Batch 020 | I(t;x): 1.3067 | I(t;y): 0.0000 | Recon: 0.0166 | Total: 6.0444
   ↳ AA sample loss: 0.020615 | AA cos loss: 0.003027
[Train] Batch 030 | I(t;x): 1.2852 | I(t;y): 0.0000 | Recon: 0.0165 | Total: 5.9712
   ↳ AA sample loss: 0.020439 | AA cos loss: 0.002807
[Train] Batch 040 | I(t;x): 1.2781 | I(t;y): 0.0000 | Recon: 0.0169 | Total: 6.0440
   ↳ AA sample loss: 0.020241 | AA cos loss: 0.002884

[Summary] Epoch 21 Train Total Loss: 6.0416
[Collapse Monitor] Avg intra-class archetype distance: 0.6429
=======================================================================

===================== Epoch 22/50 =====================
Mode: Full (KL + Recon + MI + full AA reconstruction + cos loss)
[Train] Batch 010 | I(t;x): 1.3041 | I(t;y): 0.0000 | Recon: 0.0169 | Total: 6.0750
   ↳ AA sample loss: 0.020055 | AA cos loss: 0.002978
[Train] Batch 020 | I(t;x): 1.2566 | I(t;y): 0.0000 | Recon: 0.0158 | Total: 5.7949
   ↳ AA sample loss: 0.019813 | AA cos loss: 0.003022
[Train] Batch 030 | I(t;x): 1.2858 | I(t;y): 0.0000 | Recon: 0.0165 | Total: 5.9457
   ↳ AA sample loss: 0.019629 | AA cos loss: 0.002965
[Train] Batch 040 | I(t;x): 1.2765 | I(t;y): 0.0000 | Recon: 0.0165 | Total: 5.9420
   ↳ AA sample loss: 0.019519 | AA cos loss: 0.003081

[Summary] Epoch 22 Train Total Loss: 5.9585
[Collapse Monitor] Avg intra-class archetype distance: 0.6716
=======================================================================

===================== Epoch 23/50 =====================
Mode: Full (KL + Recon + MI + full AA reconstruction + cos loss)
[Train] Batch 010 | I(t;x): 1.2942 | I(t;y): 0.0000 | Recon: 0.0160 | Total: 5.8381
   ↳ AA sample loss: 0.019284 | AA cos loss: 0.002970
[Train] Batch 020 | I(t;x): 1.2881 | I(t;y): 0.0000 | Recon: 0.0154 | Total: 5.7137
   ↳ AA sample loss: 0.019098 | AA cos loss: 0.003220
[Train] Batch 030 | I(t;x): 1.2896 | I(t;y): 0.0000 | Recon: 0.0159 | Total: 5.7935
   ↳ AA sample loss: 0.018876 | AA cos loss: 0.003134
[Train] Batch 040 | I(t;x): 1.2566 | I(t;y): 0.0000 | Recon: 0.0168 | Total: 5.9223
   ↳ AA sample loss: 0.018626 | AA cos loss: 0.003027

[Summary] Epoch 23 Train Total Loss: 5.8416
[Collapse Monitor] Avg intra-class archetype distance: 0.7013
=======================================================================

===================== Epoch 24/50 =====================
Mode: Full (KL + Recon + MI + full AA reconstruction + cos loss)
[Train] Batch 010 | I(t;x): 1.2894 | I(t;y): 0.0000 | Recon: 0.0155 | Total: 5.6934
   ↳ AA sample loss: 0.018420 | AA cos loss: 0.003446
[Train] Batch 020 | I(t;x): 1.3221 | I(t;y): 0.0000 | Recon: 0.0160 | Total: 5.8435
   ↳ AA sample loss: 0.018224 | AA cos loss: 0.003668
[Train] Batch 030 | I(t;x): 1.2836 | I(t;y): 0.0000 | Recon: 0.0165 | Total: 5.8354
   ↳ AA sample loss: 0.018061 | AA cos loss: 0.002877
[Train] Batch 040 | I(t;x): 1.2838 | I(t;y): 0.0000 | Recon: 0.0152 | Total: 5.5749
   ↳ AA sample loss: 0.017797 | AA cos loss: 0.003091

[Summary] Epoch 24 Train Total Loss: 5.7698
[Collapse Monitor] Avg intra-class archetype distance: 0.7279
=======================================================================

===================== Epoch 25/50 =====================
Mode: Full (KL + Recon + MI + full AA reconstruction + cos loss)
[Train] Batch 010 | I(t;x): 1.2804 | I(t;y): 0.0000 | Recon: 0.0160 | Total: 5.7100
   ↳ AA sample loss: 0.017551 | AA cos loss: 0.002999
[Train] Batch 020 | I(t;x): 1.2840 | I(t;y): 0.0000 | Recon: 0.0159 | Total: 5.6778
   ↳ AA sample loss: 0.017414 | AA cos loss: 0.002927
[Train] Batch 030 | I(t;x): 1.2858 | I(t;y): 0.0000 | Recon: 0.0166 | Total: 5.8203
   ↳ AA sample loss: 0.017236 | AA cos loss: 0.003159
[Train] Batch 040 | I(t;x): 1.3153 | I(t;y): 0.0000 | Recon: 0.0159 | Total: 5.6871
   ↳ AA sample loss: 0.017016 | AA cos loss: 0.002953

[Summary] Epoch 25 Train Total Loss: 5.6661
[Collapse Monitor] Avg intra-class archetype distance: 0.7531
=======================================================================

===================== Epoch 26/50 =====================
Mode: Full (KL + Recon + MI + full AA reconstruction + cos loss)
[Train] Batch 010 | I(t;x): 1.2556 | I(t;y): 0.0000 | Recon: 0.0158 | Total: 5.6055
   ↳ AA sample loss: 0.016839 | AA cos loss: 0.002873
[Train] Batch 020 | I(t;x): 1.3086 | I(t;y): 0.0000 | Recon: 0.0161 | Total: 5.7005
   ↳ AA sample loss: 0.016601 | AA cos loss: 0.003045
[Train] Batch 030 | I(t;x): 1.2814 | I(t;y): 0.0000 | Recon: 0.0148 | Total: 5.3822
   ↳ AA sample loss: 0.016375 | AA cos loss: 0.002693
[Train] Batch 040 | I(t;x): 1.2757 | I(t;y): 0.0000 | Recon: 0.0156 | Total: 5.5267
   ↳ AA sample loss: 0.016189 | AA cos loss: 0.002776

[Summary] Epoch 26 Train Total Loss: 5.5802
[Collapse Monitor] Avg intra-class archetype distance: 0.7760
=======================================================================

===================== Epoch 27/50 =====================
Mode: Full (KL + Recon + MI + full AA reconstruction + cos loss)
[Train] Batch 010 | I(t;x): 1.2918 | I(t;y): 0.0000 | Recon: 0.0163 | Total: 5.6795
   ↳ AA sample loss: 0.015986 | AA cos loss: 0.002823
[Train] Batch 020 | I(t;x): 1.3016 | I(t;y): 0.0000 | Recon: 0.0152 | Total: 5.4608
   ↳ AA sample loss: 0.015719 | AA cos loss: 0.002785
[Train] Batch 030 | I(t;x): 1.2608 | I(t;y): 0.0000 | Recon: 0.0158 | Total: 5.5363
   ↳ AA sample loss: 0.015455 | AA cos loss: 0.003172
[Train] Batch 040 | I(t;x): 1.2720 | I(t;y): 0.0000 | Recon: 0.0151 | Total: 5.3835
   ↳ AA sample loss: 0.015183 | AA cos loss: 0.002903

[Summary] Epoch 27 Train Total Loss: 5.4801
[Collapse Monitor] Avg intra-class archetype distance: 0.7969
=======================================================================

===================== Epoch 28/50 =====================
Mode: Full (KL + Recon + MI + full AA reconstruction + cos loss)
[Train] Batch 010 | I(t;x): 1.2884 | I(t;y): 0.0000 | Recon: 0.0159 | Total: 5.5281
   ↳ AA sample loss: 0.015012 | AA cos loss: 0.002646
[Train] Batch 020 | I(t;x): 1.2582 | I(t;y): 0.0000 | Recon: 0.0156 | Total: 5.4478
   ↳ AA sample loss: 0.014815 | AA cos loss: 0.002986
[Train] Batch 030 | I(t;x): 1.2857 | I(t;y): 0.0000 | Recon: 0.0142 | Total: 5.2198
   ↳ AA sample loss: 0.014525 | AA cos loss: 0.003547
[Train] Batch 040 | I(t;x): 1.2939 | I(t;y): 0.0000 | Recon: 0.0154 | Total: 5.4124
   ↳ AA sample loss: 0.014377 | AA cos loss: 0.002795

[Summary] Epoch 28 Train Total Loss: 5.3957
[Collapse Monitor] Avg intra-class archetype distance: 0.8133
=======================================================================

===================== Epoch 29/50 =====================
Mode: Full (KL + Recon + MI + full AA reconstruction + cos loss)
[Train] Batch 010 | I(t;x): 1.3164 | I(t;y): 0.0000 | Recon: 0.0150 | Total: 5.3328
   ↳ AA sample loss: 0.014122 | AA cos loss: 0.002879
[Train] Batch 020 | I(t;x): 1.2482 | I(t;y): 0.0000 | Recon: 0.0162 | Total: 5.4989
   ↳ AA sample loss: 0.013892 | AA cos loss: 0.002971
[Train] Batch 030 | I(t;x): 1.2858 | I(t;y): 0.0000 | Recon: 0.0163 | Total: 5.5528
   ↳ AA sample loss: 0.013669 | AA cos loss: 0.003137
[Train] Batch 040 | I(t;x): 1.2821 | I(t;y): 0.0000 | Recon: 0.0152 | Total: 5.3130
   ↳ AA sample loss: 0.013476 | AA cos loss: 0.002971

[Summary] Epoch 29 Train Total Loss: 5.3696
[Collapse Monitor] Avg intra-class archetype distance: 0.8276
=======================================================================

===================== Epoch 30/50 =====================
Mode: Full (KL + Recon + MI + full AA reconstruction + cos loss)
[Train] Batch 010 | I(t;x): 1.2623 | I(t;y): 0.0000 | Recon: 0.0158 | Total: 5.4163
   ↳ AA sample loss: 0.013256 | AA cos loss: 0.003202
[Train] Batch 020 | I(t;x): 1.2671 | I(t;y): 0.0000 | Recon: 0.0154 | Total: 5.3109
   ↳ AA sample loss: 0.013019 | AA cos loss: 0.002892
[Train] Batch 030 | I(t;x): 1.3080 | I(t;y): 0.0000 | Recon: 0.0148 | Total: 5.2011
   ↳ AA sample loss: 0.012831 | AA cos loss: 0.002638
[Train] Batch 040 | I(t;x): 1.2961 | I(t;y): 0.0000 | Recon: 0.0154 | Total: 5.2964
   ↳ AA sample loss: 0.012639 | AA cos loss: 0.002744

[Summary] Epoch 30 Train Total Loss: 5.2402
[Collapse Monitor] Avg intra-class archetype distance: 0.8384
=======================================================================

===================== Epoch 31/50 =====================
Mode: Full (KL + Recon + MI + full AA reconstruction + cos loss)
[Train] Batch 010 | I(t;x): 1.2807 | I(t;y): 0.0000 | Recon: 0.0145 | Total: 5.0909
   ↳ AA sample loss: 0.012331 | AA cos loss: 0.002802
[Train] Batch 020 | I(t;x): 1.2834 | I(t;y): 0.0000 | Recon: 0.0159 | Total: 5.3570
   ↳ AA sample loss: 0.012217 | AA cos loss: 0.002754
[Train] Batch 030 | I(t;x): 1.2593 | I(t;y): 0.0000 | Recon: 0.0143 | Total: 5.0106
   ↳ AA sample loss: 0.011933 | AA cos loss: 0.002800
[Train] Batch 040 | I(t;x): 1.3152 | I(t;y): 0.0000 | Recon: 0.0159 | Total: 5.3617
   ↳ AA sample loss: 0.011768 | AA cos loss: 0.002721

[Summary] Epoch 31 Train Total Loss: 5.2119
[Collapse Monitor] Avg intra-class archetype distance: 0.8473
=======================================================================

===================== Epoch 32/50 =====================
Mode: Full (KL + Recon + MI + full AA reconstruction + cos loss)
[Train] Batch 010 | I(t;x): 1.2549 | I(t;y): 0.0000 | Recon: 0.0142 | Total: 4.9570
   ↳ AA sample loss: 0.011589 | AA cos loss: 0.002706
[Train] Batch 020 | I(t;x): 1.2898 | I(t;y): 0.0000 | Recon: 0.0148 | Total: 5.1169
   ↳ AA sample loss: 0.011426 | AA cos loss: 0.002994
[Train] Batch 030 | I(t;x): 1.3109 | I(t;y): 0.0000 | Recon: 0.0151 | Total: 5.1775
   ↳ AA sample loss: 0.011265 | AA cos loss: 0.002717
[Train] Batch 040 | I(t;x): 1.2777 | I(t;y): 0.0000 | Recon: 0.0147 | Total: 5.0609
   ↳ AA sample loss: 0.011093 | AA cos loss: 0.002910

[Summary] Epoch 32 Train Total Loss: 5.1169
[Collapse Monitor] Avg intra-class archetype distance: 0.8557
=======================================================================

===================== Epoch 33/50 =====================
Mode: Full (KL + Recon + MI + full AA reconstruction + cos loss)
[Train] Batch 010 | I(t;x): 1.2883 | I(t;y): 0.0000 | Recon: 0.0146 | Total: 5.0401
   ↳ AA sample loss: 0.010904 | AA cos loss: 0.002873
[Train] Batch 020 | I(t;x): 1.2916 | I(t;y): 0.0000 | Recon: 0.0145 | Total: 5.0044
   ↳ AA sample loss: 0.010798 | AA cos loss: 0.002876
[Train] Batch 030 | I(t;x): 1.2760 | I(t;y): 0.0000 | Recon: 0.0149 | Total: 5.0524
   ↳ AA sample loss: 0.010560 | AA cos loss: 0.002852
[Train] Batch 040 | I(t;x): 1.2941 | I(t;y): 0.0000 | Recon: 0.0156 | Total: 5.2025
   ↳ AA sample loss: 0.010523 | AA cos loss: 0.002728

[Summary] Epoch 33 Train Total Loss: 5.0681
[Collapse Monitor] Avg intra-class archetype distance: 0.8642
=======================================================================

===================== Epoch 34/50 =====================
Mode: Full (KL + Recon + MI + full AA reconstruction + cos loss)
[Train] Batch 010 | I(t;x): 1.2897 | I(t;y): 0.0000 | Recon: 0.0145 | Total: 4.9845
   ↳ AA sample loss: 0.010253 | AA cos loss: 0.003098
[Train] Batch 020 | I(t;x): 1.2592 | I(t;y): 0.0000 | Recon: 0.0142 | Total: 4.8809
   ↳ AA sample loss: 0.010208 | AA cos loss: 0.002821
[Train] Batch 030 | I(t;x): 1.2936 | I(t;y): 0.0000 | Recon: 0.0152 | Total: 5.1014
   ↳ AA sample loss: 0.010118 | AA cos loss: 0.002549
[Train] Batch 040 | I(t;x): 1.2632 | I(t;y): 0.0000 | Recon: 0.0146 | Total: 4.9517
   ↳ AA sample loss: 0.009961 | AA cos loss: 0.002727

[Summary] Epoch 34 Train Total Loss: 5.0157
[Collapse Monitor] Avg intra-class archetype distance: 0.8740
=======================================================================

===================== Epoch 35/50 =====================
Mode: Full (KL + Recon + MI + full AA reconstruction + cos loss)
[Train] Batch 010 | I(t;x): 1.2768 | I(t;y): 0.0000 | Recon: 0.0149 | Total: 5.0275
   ↳ AA sample loss: 0.009791 | AA cos loss: 0.002972
[Train] Batch 020 | I(t;x): 1.2998 | I(t;y): 0.0000 | Recon: 0.0148 | Total: 5.0108
   ↳ AA sample loss: 0.009792 | AA cos loss: 0.002754
[Train] Batch 030 | I(t;x): 1.2706 | I(t;y): 0.0000 | Recon: 0.0136 | Total: 4.7341
   ↳ AA sample loss: 0.009628 | AA cos loss: 0.002692
[Train] Batch 040 | I(t;x): 1.2835 | I(t;y): 0.0000 | Recon: 0.0153 | Total: 5.0883
   ↳ AA sample loss: 0.009605 | AA cos loss: 0.002834

[Summary] Epoch 35 Train Total Loss: 4.9158
[Collapse Monitor] Avg intra-class archetype distance: 0.8837
=======================================================================

===================== Epoch 36/50 =====================
Mode: Full (KL + Recon + MI + full AA reconstruction + cos loss)
[Train] Batch 010 | I(t;x): 1.2839 | I(t;y): 0.0000 | Recon: 0.0143 | Total: 4.8644
   ↳ AA sample loss: 0.009470 | AA cos loss: 0.002684
[Train] Batch 020 | I(t;x): 1.3064 | I(t;y): 0.0000 | Recon: 0.0156 | Total: 5.1684
   ↳ AA sample loss: 0.009381 | AA cos loss: 0.002837
[Train] Batch 030 | I(t;x): 1.2681 | I(t;y): 0.0000 | Recon: 0.0140 | Total: 4.7998
   ↳ AA sample loss: 0.009286 | AA cos loss: 0.002986
[Train] Batch 040 | I(t;x): 1.2920 | I(t;y): 0.0000 | Recon: 0.0147 | Total: 4.9479
   ↳ AA sample loss: 0.009225 | AA cos loss: 0.002693

[Summary] Epoch 36 Train Total Loss: 4.9274
[Collapse Monitor] Avg intra-class archetype distance: 0.8915
=======================================================================

===================== Epoch 37/50 =====================
Mode: Full (KL + Recon + MI + full AA reconstruction + cos loss)
[Train] Batch 010 | I(t;x): 1.3052 | I(t;y): 0.0000 | Recon: 0.0151 | Total: 5.0268
   ↳ AA sample loss: 0.009099 | AA cos loss: 0.002587
[Train] Batch 020 | I(t;x): 1.2673 | I(t;y): 0.0000 | Recon: 0.0145 | Total: 4.8753
   ↳ AA sample loss: 0.008955 | AA cos loss: 0.002738
[Train] Batch 030 | I(t;x): 1.2793 | I(t;y): 0.0000 | Recon: 0.0152 | Total: 5.0217
   ↳ AA sample loss: 0.008906 | AA cos loss: 0.002704
[Train] Batch 040 | I(t;x): 1.2843 | I(t;y): 0.0000 | Recon: 0.0144 | Total: 4.8659
   ↳ AA sample loss: 0.008862 | AA cos loss: 0.002868

[Summary] Epoch 37 Train Total Loss: 4.8913
[Collapse Monitor] Avg intra-class archetype distance: 0.8975
=======================================================================

===================== Epoch 38/50 =====================
Mode: Full (KL + Recon + MI + full AA reconstruction + cos loss)
[Train] Batch 010 | I(t;x): 1.2795 | I(t;y): 0.0000 | Recon: 0.0151 | Total: 4.9918
   ↳ AA sample loss: 0.008765 | AA cos loss: 0.002902
[Train] Batch 020 | I(t;x): 1.2948 | I(t;y): 0.0000 | Recon: 0.0147 | Total: 4.9322
   ↳ AA sample loss: 0.008736 | AA cos loss: 0.002734
[Train] Batch 030 | I(t;x): 1.2804 | I(t;y): 0.0000 | Recon: 0.0146 | Total: 4.8932
   ↳ AA sample loss: 0.008723 | AA cos loss: 0.002750
[Train] Batch 040 | I(t;x): 1.3036 | I(t;y): 0.0000 | Recon: 0.0140 | Total: 4.7760
   ↳ AA sample loss: 0.008618 | AA cos loss: 0.002576

[Summary] Epoch 38 Train Total Loss: 4.8715
[Collapse Monitor] Avg intra-class archetype distance: 0.9044
=======================================================================

===================== Epoch 39/50 =====================
Mode: Full (KL + Recon + MI + full AA reconstruction + cos loss)
[Train] Batch 010 | I(t;x): 1.2990 | I(t;y): 0.0000 | Recon: 0.0141 | Total: 4.8030
   ↳ AA sample loss: 0.008585 | AA cos loss: 0.002688
[Train] Batch 020 | I(t;x): 1.2650 | I(t;y): 0.0000 | Recon: 0.0142 | Total: 4.7812
   ↳ AA sample loss: 0.008474 | AA cos loss: 0.002687
[Train] Batch 030 | I(t;x): 1.2895 | I(t;y): 0.0000 | Recon: 0.0143 | Total: 4.8021
   ↳ AA sample loss: 0.008416 | AA cos loss: 0.002626
[Train] Batch 040 | I(t;x): 1.2889 | I(t;y): 0.0000 | Recon: 0.0142 | Total: 4.8017
   ↳ AA sample loss: 0.008395 | AA cos loss: 0.002719

[Summary] Epoch 39 Train Total Loss: 4.8414
[Collapse Monitor] Avg intra-class archetype distance: 0.9124
=======================================================================

===================== Epoch 40/50 =====================
Mode: Full (KL + Recon + MI + full AA reconstruction + cos loss)
[Train] Batch 010 | I(t;x): 1.2769 | I(t;y): 0.0000 | Recon: 0.0142 | Total: 4.7671
   ↳ AA sample loss: 0.008311 | AA cos loss: 0.002662
[Train] Batch 020 | I(t;x): 1.2936 | I(t;y): 0.0000 | Recon: 0.0146 | Total: 4.8957
   ↳ AA sample loss: 0.008264 | AA cos loss: 0.002950
[Train] Batch 030 | I(t;x): 1.3004 | I(t;y): 0.0000 | Recon: 0.0139 | Total: 4.7278
   ↳ AA sample loss: 0.008227 | AA cos loss: 0.002620
[Train] Batch 040 | I(t;x): 1.3047 | I(t;y): 0.0000 | Recon: 0.0143 | Total: 4.8193
   ↳ AA sample loss: 0.008227 | AA cos loss: 0.002834

[Summary] Epoch 40 Train Total Loss: 4.7905
[Collapse Monitor] Avg intra-class archetype distance: 0.9198
=======================================================================

===================== Epoch 41/50 =====================
Mode: Full (KL + Recon + MI + full AA reconstruction + cos loss)
[Train] Batch 010 | I(t;x): 1.2661 | I(t;y): 0.0000 | Recon: 0.0140 | Total: 4.7363
   ↳ AA sample loss: 0.008124 | AA cos loss: 0.002936
[Train] Batch 020 | I(t;x): 1.2981 | I(t;y): 0.0000 | Recon: 0.0146 | Total: 4.8704
   ↳ AA sample loss: 0.008084 | AA cos loss: 0.002664
[Train] Batch 030 | I(t;x): 1.2793 | I(t;y): 0.0000 | Recon: 0.0144 | Total: 4.8097
   ↳ AA sample loss: 0.008063 | AA cos loss: 0.002757
[Train] Batch 040 | I(t;x): 1.2863 | I(t;y): 0.0000 | Recon: 0.0139 | Total: 4.7165
   ↳ AA sample loss: 0.008041 | AA cos loss: 0.002652

[Summary] Epoch 41 Train Total Loss: 4.7930
[Collapse Monitor] Avg intra-class archetype distance: 0.9256
=======================================================================

===================== Epoch 42/50 =====================
Mode: Full (KL + Recon + MI + full AA reconstruction + cos loss)
[Train] Batch 010 | I(t;x): 1.2652 | I(t;y): 0.0000 | Recon: 0.0139 | Total: 4.6792
   ↳ AA sample loss: 0.007947 | AA cos loss: 0.002609
[Train] Batch 020 | I(t;x): 1.2859 | I(t;y): 0.0000 | Recon: 0.0145 | Total: 4.8382
   ↳ AA sample loss: 0.007945 | AA cos loss: 0.002803
[Train] Batch 030 | I(t;x): 1.3326 | I(t;y): 0.0000 | Recon: 0.0137 | Total: 4.7011
   ↳ AA sample loss: 0.007874 | AA cos loss: 0.002576
[Train] Batch 040 | I(t;x): 1.2986 | I(t;y): 0.0000 | Recon: 0.0142 | Total: 4.7590
   ↳ AA sample loss: 0.007888 | AA cos loss: 0.002483

[Summary] Epoch 42 Train Total Loss: 4.7815
[Collapse Monitor] Avg intra-class archetype distance: 0.9296
=======================================================================

===================== Epoch 43/50 =====================
Mode: Full (KL + Recon + MI + full AA reconstruction + cos loss)
[Train] Batch 010 | I(t;x): 1.2996 | I(t;y): 0.0000 | Recon: 0.0141 | Total: 4.7407
   ↳ AA sample loss: 0.007762 | AA cos loss: 0.002632
[Train] Batch 020 | I(t;x): 1.2808 | I(t;y): 0.0000 | Recon: 0.0137 | Total: 4.6462
   ↳ AA sample loss: 0.007714 | AA cos loss: 0.002625
[Train] Batch 030 | I(t;x): 1.2812 | I(t;y): 0.0000 | Recon: 0.0142 | Total: 4.7408
   ↳ AA sample loss: 0.007736 | AA cos loss: 0.002527
[Train] Batch 040 | I(t;x): 1.3162 | I(t;y): 0.0000 | Recon: 0.0141 | Total: 4.7457
   ↳ AA sample loss: 0.007666 | AA cos loss: 0.002485

[Summary] Epoch 43 Train Total Loss: 4.7303
[Collapse Monitor] Avg intra-class archetype distance: 0.9322
=======================================================================

===================== Epoch 44/50 =====================
Mode: Full (KL + Recon + MI + full AA reconstruction + cos loss)
[Train] Batch 010 | I(t;x): 1.3002 | I(t;y): 0.0000 | Recon: 0.0137 | Total: 4.6650
   ↳ AA sample loss: 0.007618 | AA cos loss: 0.002800
[Train] Batch 020 | I(t;x): 1.2758 | I(t;y): 0.0000 | Recon: 0.0139 | Total: 4.6837
   ↳ AA sample loss: 0.007514 | AA cos loss: 0.002884
[Train] Batch 030 | I(t;x): 1.3126 | I(t;y): 0.0000 | Recon: 0.0133 | Total: 4.6044
   ↳ AA sample loss: 0.007523 | AA cos loss: 0.002845
[Train] Batch 040 | I(t;x): 1.3274 | I(t;y): 0.0000 | Recon: 0.0140 | Total: 4.7219
   ↳ AA sample loss: 0.007505 | AA cos loss: 0.002562

[Summary] Epoch 44 Train Total Loss: 4.7056
[Collapse Monitor] Avg intra-class archetype distance: 0.9354
=======================================================================

===================== Epoch 45/50 =====================
Mode: Full (KL + Recon + MI + full AA reconstruction + cos loss)
[Train] Batch 010 | I(t;x): 1.2977 | I(t;y): 0.0000 | Recon: 0.0134 | Total: 4.5847
   ↳ AA sample loss: 0.007415 | AA cos loss: 0.002659
[Train] Batch 020 | I(t;x): 1.2905 | I(t;y): 0.0000 | Recon: 0.0140 | Total: 4.6977
   ↳ AA sample loss: 0.007450 | AA cos loss: 0.002639
[Train] Batch 030 | I(t;x): 1.2857 | I(t;y): 0.0000 | Recon: 0.0145 | Total: 4.7769
   ↳ AA sample loss: 0.007516 | AA cos loss: 0.002456
[Train] Batch 040 | I(t;x): 1.2969 | I(t;y): 0.0000 | Recon: 0.0136 | Total: 4.6008
   ↳ AA sample loss: 0.007442 | AA cos loss: 0.002386

[Summary] Epoch 45 Train Total Loss: 4.7087
[Collapse Monitor] Avg intra-class archetype distance: 0.9381
=======================================================================

===================== Epoch 46/50 =====================
Mode: Full (KL + Recon + MI + full AA reconstruction + cos loss)
[Train] Batch 010 | I(t;x): 1.2787 | I(t;y): 0.0000 | Recon: 0.0146 | Total: 4.8082
   ↳ AA sample loss: 0.007352 | AA cos loss: 0.002789
[Train] Batch 020 | I(t;x): 1.2904 | I(t;y): 0.0000 | Recon: 0.0137 | Total: 4.6205
   ↳ AA sample loss: 0.007371 | AA cos loss: 0.002556
[Train] Batch 030 | I(t;x): 1.3017 | I(t;y): 0.0000 | Recon: 0.0140 | Total: 4.7060
   ↳ AA sample loss: 0.007376 | AA cos loss: 0.002568
[Train] Batch 040 | I(t;x): 1.2997 | I(t;y): 0.0000 | Recon: 0.0143 | Total: 4.7490
   ↳ AA sample loss: 0.007354 | AA cos loss: 0.002472

[Summary] Epoch 46 Train Total Loss: 4.6780
[Collapse Monitor] Avg intra-class archetype distance: 0.9402
=======================================================================

===================== Epoch 47/50 =====================
Mode: Full (KL + Recon + MI + full AA reconstruction + cos loss)
[Train] Batch 010 | I(t;x): 1.2766 | I(t;y): 0.0000 | Recon: 0.0135 | Total: 4.5733
   ↳ AA sample loss: 0.007294 | AA cos loss: 0.002563
[Train] Batch 020 | I(t;x): 1.2997 | I(t;y): 0.0000 | Recon: 0.0147 | Total: 4.8424
   ↳ AA sample loss: 0.007249 | AA cos loss: 0.002654
[Train] Batch 030 | I(t;x): 1.2692 | I(t;y): 0.0000 | Recon: 0.0141 | Total: 4.6839
   ↳ AA sample loss: 0.007165 | AA cos loss: 0.002699
[Train] Batch 040 | I(t;x): 1.2748 | I(t;y): 0.0000 | Recon: 0.0133 | Total: 4.5218
   ↳ AA sample loss: 0.007211 | AA cos loss: 0.002504

[Summary] Epoch 47 Train Total Loss: 4.6390
[Collapse Monitor] Avg intra-class archetype distance: 0.9423
=======================================================================

===================== Epoch 48/50 =====================
Mode: Full (KL + Recon + MI + full AA reconstruction + cos loss)
[Train] Batch 010 | I(t;x): 1.2939 | I(t;y): 0.0000 | Recon: 0.0137 | Total: 4.6225
   ↳ AA sample loss: 0.007175 | AA cos loss: 0.002610
[Train] Batch 020 | I(t;x): 1.2751 | I(t;y): 0.0000 | Recon: 0.0136 | Total: 4.5913
   ↳ AA sample loss: 0.007135 | AA cos loss: 0.002667
[Train] Batch 030 | I(t;x): 1.3010 | I(t;y): 0.0000 | Recon: 0.0149 | Total: 4.8568
   ↳ AA sample loss: 0.007193 | AA cos loss: 0.002423
[Train] Batch 040 | I(t;x): 1.2860 | I(t;y): 0.0000 | Recon: 0.0142 | Total: 4.7137
   ↳ AA sample loss: 0.007109 | AA cos loss: 0.002553

[Summary] Epoch 48 Train Total Loss: 4.6318
[Collapse Monitor] Avg intra-class archetype distance: 0.9439
=======================================================================

===================== Epoch 49/50 =====================
Mode: Full (KL + Recon + MI + full AA reconstruction + cos loss)
[Train] Batch 010 | I(t;x): 1.2661 | I(t;y): 0.0000 | Recon: 0.0135 | Total: 4.5451
   ↳ AA sample loss: 0.007108 | AA cos loss: 0.002441
[Train] Batch 020 | I(t;x): 1.2996 | I(t;y): 0.0000 | Recon: 0.0133 | Total: 4.5394
   ↳ AA sample loss: 0.007043 | AA cos loss: 0.002489
[Train] Batch 030 | I(t;x): 1.2807 | I(t;y): 0.0000 | Recon: 0.0146 | Total: 4.7906
   ↳ AA sample loss: 0.007107 | AA cos loss: 0.002606
[Train] Batch 040 | I(t;x): 1.2938 | I(t;y): 0.0000 | Recon: 0.0133 | Total: 4.5239
   ↳ AA sample loss: 0.006932 | AA cos loss: 0.002521

[Summary] Epoch 49 Train Total Loss: 4.6274
[Collapse Monitor] Avg intra-class archetype distance: 0.9456
=======================================================================

===================== Epoch 50/50 =====================
Mode: Full (KL + Recon + MI + full AA reconstruction + cos loss)
[Train] Batch 010 | I(t;x): 1.2875 | I(t;y): 0.0000 | Recon: 0.0138 | Total: 4.6326
   ↳ AA sample loss: 0.007012 | AA cos loss: 0.002678
[Train] Batch 020 | I(t;x): 1.2777 | I(t;y): 0.0000 | Recon: 0.0138 | Total: 4.6166
   ↳ AA sample loss: 0.006987 | AA cos loss: 0.002579
[Train] Batch 030 | I(t;x): 1.2789 | I(t;y): 0.0000 | Recon: 0.0141 | Total: 4.6631
   ↳ AA sample loss: 0.006986 | AA cos loss: 0.002453
[Train] Batch 040 | I(t;x): 1.2921 | I(t;y): 0.0000 | Recon: 0.0135 | Total: 4.5612
   ↳ AA sample loss: 0.006974 | AA cos loss: 0.002415

[Summary] Epoch 50 Train Total Loss: 4.5992
[Collapse Monitor] Avg intra-class archetype distance: 0.9469
=======================================================================

[Save] Epoch losses saved to: results/mnist/seed_43_aa_7/epoch_total_losses.pkl
[Save] Final archetype coordinates saved to: results/mnist/seed_43_aa_7/final_archetypes.npy (shape: (70, 32))
[Save] Decoded archetype images saved to: results/mnist/seed_43_aa_7/final_archetypes_decoded.npy (shape: (70, 1, 28, 28))
[Save] Sample-to-AA weight parameters saved to: results/mnist/seed_43_aa_7/fc_sample_to_aa_weights.pth
[Save] Final model weights saved to: results/mnist/seed_43_aa_7/model_final.pth
