[Init] Using device: cuda
[Config] Parameters saved to: results/kmnist/seed_43_aa_2/params.json
[Training Start] 50 epochs total
Warmup: first 5 epochs | Semantic: 6–10 | AA starts from 11
[Config] batch_size=500 | lr=0.005 | gamma=200 | cos_sim_weight=1.0

===================== Epoch 1/50 =====================
Mode: Warmup (KL + Reconstruction)
[Train] Batch 010 | I(t;x): 0.4053 | I(t;y): 2.2998 | Recon: 0.1095 | Total: 22.3136
[Train] Batch 020 | I(t;x): 0.5171 | I(t;y): 2.2988 | Recon: 0.0976 | Total: 20.0412
[Train] Batch 030 | I(t;x): 0.8006 | I(t;y): 2.2990 | Recon: 0.0914 | Total: 19.0740
[Train] Batch 040 | I(t;x): 1.1369 | I(t;y): 2.2991 | Recon: 0.0832 | Total: 17.7826

[Summary] Epoch 1 Train Total Loss: 22.0382
=======================================================================

===================== Epoch 2/50 =====================
Mode: Warmup (KL + Reconstruction)
[Train] Batch 010 | I(t;x): 1.1053 | I(t;y): 2.2990 | Recon: 0.0783 | Total: 16.7635
[Train] Batch 020 | I(t;x): 1.1503 | I(t;y): 2.2990 | Recon: 0.0742 | Total: 15.9924
[Train] Batch 030 | I(t;x): 1.2866 | I(t;y): 2.2988 | Recon: 0.0710 | Total: 15.4947
[Train] Batch 040 | I(t;x): 1.3052 | I(t;y): 2.2989 | Recon: 0.0680 | Total: 14.9053

[Summary] Epoch 2 Train Total Loss: 16.2748
=======================================================================

===================== Epoch 3/50 =====================
Mode: Warmup (KL + Reconstruction)
[Train] Batch 010 | I(t;x): 1.2774 | I(t;y): 2.2988 | Recon: 0.0633 | Total: 13.9403
[Train] Batch 020 | I(t;x): 1.3305 | I(t;y): 2.2987 | Recon: 0.0629 | Total: 13.9083
[Train] Batch 030 | I(t;x): 1.3656 | I(t;y): 2.2987 | Recon: 0.0583 | Total: 13.0157
[Train] Batch 040 | I(t;x): 1.3653 | I(t;y): 2.2985 | Recon: 0.0568 | Total: 12.7275

[Summary] Epoch 3 Train Total Loss: 13.6799
=======================================================================

===================== Epoch 4/50 =====================
Mode: Warmup (KL + Reconstruction)
[Train] Batch 010 | I(t;x): 1.4029 | I(t;y): 2.2985 | Recon: 0.0538 | Total: 12.1534
[Train] Batch 020 | I(t;x): 1.3850 | I(t;y): 2.2985 | Recon: 0.0543 | Total: 12.2365
[Train] Batch 030 | I(t;x): 1.4503 | I(t;y): 2.2987 | Recon: 0.0522 | Total: 11.8921
[Train] Batch 040 | I(t;x): 1.4342 | I(t;y): 2.2986 | Recon: 0.0511 | Total: 11.6504

[Summary] Epoch 4 Train Total Loss: 12.1094
=======================================================================

===================== Epoch 5/50 =====================
Mode: Warmup (KL + Reconstruction)
[Train] Batch 010 | I(t;x): 1.4554 | I(t;y): 2.2986 | Recon: 0.0481 | Total: 11.0754
[Train] Batch 020 | I(t;x): 1.4445 | I(t;y): 2.2986 | Recon: 0.0490 | Total: 11.2466
[Train] Batch 030 | I(t;x): 1.4534 | I(t;y): 2.2986 | Recon: 0.0475 | Total: 10.9469
[Train] Batch 040 | I(t;x): 1.4866 | I(t;y): 2.2986 | Recon: 0.0446 | Total: 10.4102

[Summary] Epoch 5 Train Total Loss: 11.0155
=======================================================================

===================== Epoch 6/50 =====================
Mode: Semantic (KL + Recon + weak MI)
[Train] Batch 010 | I(t;x): 1.4989 | I(t;y): 2.1191 | Recon: 0.0454 | Total: 10.5832
[Train] Batch 020 | I(t;x): 1.4898 | I(t;y): 1.5252 | Recon: 0.0442 | Total: 10.3374
[Train] Batch 030 | I(t;x): 1.5120 | I(t;y): 0.9188 | Recon: 0.0432 | Total: 10.1587
[Train] Batch 040 | I(t;x): 1.4589 | I(t;y): 0.1006 | Recon: 0.0426 | Total: 9.9885

[Summary] Epoch 6 Train Total Loss: 10.3208
=======================================================================

===================== Epoch 7/50 =====================
Mode: Semantic (KL + Recon + weak MI)
[Train] Batch 010 | I(t;x): 1.5422 | I(t;y): 0.0038 | Recon: 0.0422 | Total: 9.9882
[Train] Batch 020 | I(t;x): 1.4842 | I(t;y): 0.0009 | Recon: 0.0417 | Total: 9.8178
[Train] Batch 030 | I(t;x): 1.4925 | I(t;y): 0.0004 | Recon: 0.0432 | Total: 10.1277
[Train] Batch 040 | I(t;x): 1.5185 | I(t;y): 0.0003 | Recon: 0.0404 | Total: 9.5914

[Summary] Epoch 7 Train Total Loss: 9.8371
=======================================================================

===================== Epoch 8/50 =====================
Mode: Semantic (KL + Recon + weak MI)
[Train] Batch 010 | I(t;x): 1.5384 | I(t;y): 0.0002 | Recon: 0.0399 | Total: 9.5208
[Train] Batch 020 | I(t;x): 1.5576 | I(t;y): 0.0002 | Recon: 0.0398 | Total: 9.5267
[Train] Batch 030 | I(t;x): 1.5247 | I(t;y): 0.0002 | Recon: 0.0392 | Total: 9.3747
[Train] Batch 040 | I(t;x): 1.5392 | I(t;y): 0.0002 | Recon: 0.0391 | Total: 9.3661

[Summary] Epoch 8 Train Total Loss: 9.5039
=======================================================================

===================== Epoch 9/50 =====================
Mode: Semantic (KL + Recon + weak MI)
[Train] Batch 010 | I(t;x): 1.5528 | I(t;y): 0.0002 | Recon: 0.0381 | Total: 9.1796
[Train] Batch 020 | I(t;x): 1.5780 | I(t;y): 0.0002 | Recon: 0.0382 | Total: 9.2122
[Train] Batch 030 | I(t;x): 1.5069 | I(t;y): 0.0002 | Recon: 0.0382 | Total: 9.1456
[Train] Batch 040 | I(t;x): 1.5930 | I(t;y): 0.0001 | Recon: 0.0375 | Total: 9.0847

[Summary] Epoch 9 Train Total Loss: 9.2988
=======================================================================

===================== Epoch 10/50 =====================
Mode: Semantic (KL + Recon + weak MI)
[Train] Batch 010 | I(t;x): 1.5044 | I(t;y): 0.0002 | Recon: 0.0398 | Total: 9.4686
[Train] Batch 020 | I(t;x): 1.5384 | I(t;y): 0.0002 | Recon: 0.0370 | Total: 8.9366
[Train] Batch 030 | I(t;x): 1.6016 | I(t;y): 0.0002 | Recon: 0.0376 | Total: 9.1170
[Train] Batch 040 | I(t;x): 1.5532 | I(t;y): 0.0001 | Recon: 0.0371 | Total: 8.9810

[Summary] Epoch 10 Train Total Loss: 9.0951
=======================================================================

===================== Epoch 11/50 =====================
Mode: Full (KL + Recon + MI + full AA reconstruction + cos loss)
[Init] Initializing class-wise archetypes (multi-seed + fallback)...
[Init] Archetypes initialized.
[Train] Batch 010 | I(t;x): 2.1957 | I(t;y): 0.0000 | Recon: 0.0807 | Total: 25.7806
   ↳ AA sample loss: 0.024646 | AA cos loss: 0.012552
[Train] Batch 020 | I(t;x): 2.8795 | I(t;y): 0.0000 | Recon: 0.0707 | Total: 23.0549
   ↳ AA sample loss: 0.024545 | AA cos loss: 0.005631
[Train] Batch 030 | I(t;x): 2.9494 | I(t;y): 0.0000 | Recon: 0.0615 | Total: 21.1797
   ↳ AA sample loss: 0.024380 | AA cos loss: 0.005254
[Train] Batch 040 | I(t;x): 2.7831 | I(t;y): 0.0000 | Recon: 0.0525 | Total: 19.2517
   ↳ AA sample loss: 0.024212 | AA cos loss: 0.005630

[Summary] Epoch 11 Train Total Loss: 33.0328
[Collapse Monitor] Avg intra-class archetype distance: 0.4662
=======================================================================

===================== Epoch 12/50 =====================
Mode: Full (KL + Recon + MI + full AA reconstruction + cos loss)
[Train] Batch 010 | I(t;x): 2.7646 | I(t;y): 0.0000 | Recon: 0.0528 | Total: 19.3065
   ↳ AA sample loss: 0.024001 | AA cos loss: 0.005952
[Train] Batch 020 | I(t;x): 2.7637 | I(t;y): 0.0000 | Recon: 0.0486 | Total: 18.2263
   ↳ AA sample loss: 0.023746 | AA cos loss: 0.005016
[Train] Batch 030 | I(t;x): 2.6897 | I(t;y): 0.0000 | Recon: 0.0461 | Total: 17.6501
   ↳ AA sample loss: 0.023464 | AA cos loss: 0.005199
[Train] Batch 040 | I(t;x): 2.7629 | I(t;y): 0.0000 | Recon: 0.0452 | Total: 17.4261
   ↳ AA sample loss: 0.023119 | AA cos loss: 0.004966

[Summary] Epoch 12 Train Total Loss: 18.3675
[Collapse Monitor] Avg intra-class archetype distance: 0.4746
=======================================================================

===================== Epoch 13/50 =====================
Mode: Full (KL + Recon + MI + full AA reconstruction + cos loss)
[Train] Batch 010 | I(t;x): 2.7042 | I(t;y): 0.0000 | Recon: 0.0441 | Total: 17.0509
   ↳ AA sample loss: 0.022815 | AA cos loss: 0.004858
[Train] Batch 020 | I(t;x): 2.6967 | I(t;y): 0.0000 | Recon: 0.0451 | Total: 17.1249
   ↳ AA sample loss: 0.022441 | AA cos loss: 0.004560
[Train] Batch 030 | I(t;x): 2.7032 | I(t;y): 0.0000 | Recon: 0.0437 | Total: 16.7513
   ↳ AA sample loss: 0.022023 | AA cos loss: 0.004546
[Train] Batch 040 | I(t;x): 2.7235 | I(t;y): 0.0000 | Recon: 0.0439 | Total: 16.7339
   ↳ AA sample loss: 0.021571 | AA cos loss: 0.004578

[Summary] Epoch 13 Train Total Loss: 17.0350
[Collapse Monitor] Avg intra-class archetype distance: 0.4873
=======================================================================

===================== Epoch 14/50 =====================
Mode: Full (KL + Recon + MI + full AA reconstruction + cos loss)
[Train] Batch 010 | I(t;x): 2.6572 | I(t;y): 0.0000 | Recon: 0.0440 | Total: 16.6107
   ↳ AA sample loss: 0.021082 | AA cos loss: 0.004727
[Train] Batch 020 | I(t;x): 2.6816 | I(t;y): 0.0000 | Recon: 0.0420 | Total: 16.0618
   ↳ AA sample loss: 0.020493 | AA cos loss: 0.004445
[Train] Batch 030 | I(t;x): 2.7170 | I(t;y): 0.0000 | Recon: 0.0412 | Total: 15.7938
   ↳ AA sample loss: 0.019770 | AA cos loss: 0.004397
[Train] Batch 040 | I(t;x): 2.7153 | I(t;y): 0.0000 | Recon: 0.0410 | Total: 15.5809
   ↳ AA sample loss: 0.018896 | AA cos loss: 0.004463

[Summary] Epoch 14 Train Total Loss: 16.1622
[Collapse Monitor] Avg intra-class archetype distance: 0.5026
=======================================================================

===================== Epoch 15/50 =====================
Mode: Full (KL + Recon + MI + full AA reconstruction + cos loss)
[Train] Batch 010 | I(t;x): 2.7292 | I(t;y): 0.0000 | Recon: 0.0399 | Total: 15.2336
   ↳ AA sample loss: 0.017960 | AA cos loss: 0.004626
[Train] Batch 020 | I(t;x): 2.7374 | I(t;y): 0.0000 | Recon: 0.0403 | Total: 15.0946
   ↳ AA sample loss: 0.016928 | AA cos loss: 0.004523
[Train] Batch 030 | I(t;x): 2.6833 | I(t;y): 0.0000 | Recon: 0.0416 | Total: 15.0104
   ↳ AA sample loss: 0.015574 | AA cos loss: 0.004456
[Train] Batch 040 | I(t;x): 2.7699 | I(t;y): 0.0000 | Recon: 0.0417 | Total: 14.8592
   ↳ AA sample loss: 0.014231 | AA cos loss: 0.004472

[Summary] Epoch 15 Train Total Loss: 15.2217
[Collapse Monitor] Avg intra-class archetype distance: 0.5168
=======================================================================

===================== Epoch 16/50 =====================
Mode: Full (KL + Recon + MI + full AA reconstruction + cos loss)
[Train] Batch 010 | I(t;x): 2.8119 | I(t;y): 0.0000 | Recon: 0.0401 | Total: 14.3233
   ↳ AA sample loss: 0.012857 | AA cos loss: 0.004602
[Train] Batch 020 | I(t;x): 2.8112 | I(t;y): 0.0000 | Recon: 0.0406 | Total: 14.1564
   ↳ AA sample loss: 0.011443 | AA cos loss: 0.004676
[Train] Batch 030 | I(t;x): 2.7750 | I(t;y): 0.0000 | Recon: 0.0403 | Total: 13.7618
   ↳ AA sample loss: 0.010042 | AA cos loss: 0.004580
[Train] Batch 040 | I(t;x): 2.7954 | I(t;y): 0.0000 | Recon: 0.0413 | Total: 13.7514
   ↳ AA sample loss: 0.008740 | AA cos loss: 0.004723

[Summary] Epoch 16 Train Total Loss: 14.1680
[Collapse Monitor] Avg intra-class archetype distance: 0.5279
=======================================================================

===================== Epoch 17/50 =====================
Mode: Full (KL + Recon + MI + full AA reconstruction + cos loss)
[Train] Batch 010 | I(t;x): 2.8191 | I(t;y): 0.0000 | Recon: 0.0404 | Total: 13.3761
   ↳ AA sample loss: 0.007641 | AA cos loss: 0.004762
[Train] Batch 020 | I(t;x): 2.8684 | I(t;y): 0.0000 | Recon: 0.0402 | Total: 13.1495
   ↳ AA sample loss: 0.006599 | AA cos loss: 0.004586
[Train] Batch 030 | I(t;x): 2.8650 | I(t;y): 0.0000 | Recon: 0.0417 | Total: 13.1919
   ↳ AA sample loss: 0.005629 | AA cos loss: 0.004355
[Train] Batch 040 | I(t;x): 2.8531 | I(t;y): 0.0000 | Recon: 0.0407 | Total: 12.8829
   ↳ AA sample loss: 0.004847 | AA cos loss: 0.004579

[Summary] Epoch 17 Train Total Loss: 13.1449
[Collapse Monitor] Avg intra-class archetype distance: 0.5370
=======================================================================

===================== Epoch 18/50 =====================
Mode: Full (KL + Recon + MI + full AA reconstruction + cos loss)
[Train] Batch 010 | I(t;x): 2.8453 | I(t;y): 0.0000 | Recon: 0.0400 | Total: 12.5265
   ↳ AA sample loss: 0.004210 | AA cos loss: 0.004218
[Train] Batch 020 | I(t;x): 2.8680 | I(t;y): 0.0000 | Recon: 0.0405 | Total: 12.5349
   ↳ AA sample loss: 0.003673 | AA cos loss: 0.004121
[Train] Batch 030 | I(t;x): 2.8230 | I(t;y): 0.0000 | Recon: 0.0411 | Total: 12.5449
   ↳ AA sample loss: 0.003304 | AA cos loss: 0.004208
[Train] Batch 040 | I(t;x): 2.8463 | I(t;y): 0.0000 | Recon: 0.0383 | Total: 11.9829
   ↳ AA sample loss: 0.003045 | AA cos loss: 0.004381

[Summary] Epoch 18 Train Total Loss: 12.3994
[Collapse Monitor] Avg intra-class archetype distance: 0.5413
=======================================================================

===================== Epoch 19/50 =====================
Mode: Full (KL + Recon + MI + full AA reconstruction + cos loss)
[Train] Batch 010 | I(t;x): 2.8638 | I(t;y): 0.0000 | Recon: 0.0410 | Total: 12.4192
   ↳ AA sample loss: 0.002776 | AA cos loss: 0.004034
[Train] Batch 020 | I(t;x): 2.8730 | I(t;y): 0.0000 | Recon: 0.0394 | Total: 12.0683
   ↳ AA sample loss: 0.002563 | AA cos loss: 0.004017
[Train] Batch 030 | I(t;x): 2.8763 | I(t;y): 0.0000 | Recon: 0.0390 | Total: 11.9572
   ↳ AA sample loss: 0.002385 | AA cos loss: 0.004055
[Train] Batch 040 | I(t;x): 2.8421 | I(t;y): 0.0000 | Recon: 0.0389 | Total: 11.9002
   ↳ AA sample loss: 0.002233 | AA cos loss: 0.004186

[Summary] Epoch 19 Train Total Loss: 12.0934
[Collapse Monitor] Avg intra-class archetype distance: 0.5436
=======================================================================

===================== Epoch 20/50 =====================
Mode: Full (KL + Recon + MI + full AA reconstruction + cos loss)
[Train] Batch 010 | I(t;x): 2.8592 | I(t;y): 0.0000 | Recon: 0.0401 | Total: 12.1281
   ↳ AA sample loss: 0.002130 | AA cos loss: 0.004146
[Train] Batch 020 | I(t;x): 2.8579 | I(t;y): 0.0000 | Recon: 0.0396 | Total: 12.0276
   ↳ AA sample loss: 0.002031 | AA cos loss: 0.004245
[Train] Batch 030 | I(t;x): 2.8256 | I(t;y): 0.0000 | Recon: 0.0395 | Total: 11.9425
   ↳ AA sample loss: 0.001954 | AA cos loss: 0.004178
[Train] Batch 040 | I(t;x): 2.9173 | I(t;y): 0.0000 | Recon: 0.0382 | Total: 11.7411
   ↳ AA sample loss: 0.001869 | AA cos loss: 0.004024

[Summary] Epoch 20 Train Total Loss: 11.9891
[Collapse Monitor] Avg intra-class archetype distance: 0.5450
=======================================================================

===================== Epoch 21/50 =====================
Mode: Full (KL + Recon + MI + full AA reconstruction + cos loss)
[Train] Batch 010 | I(t;x): 2.9010 | I(t;y): 0.0000 | Recon: 0.0392 | Total: 11.9013
   ↳ AA sample loss: 0.001798 | AA cos loss: 0.004030
[Train] Batch 020 | I(t;x): 2.8206 | I(t;y): 0.0000 | Recon: 0.0379 | Total: 11.5717
   ↳ AA sample loss: 0.001736 | AA cos loss: 0.004082
[Train] Batch 030 | I(t;x): 2.9068 | I(t;y): 0.0000 | Recon: 0.0377 | Total: 11.5492
   ↳ AA sample loss: 0.001650 | AA cos loss: 0.003824
[Train] Batch 040 | I(t;x): 2.9372 | I(t;y): 0.0000 | Recon: 0.0381 | Total: 11.6534
   ↳ AA sample loss: 0.001587 | AA cos loss: 0.003883

[Summary] Epoch 21 Train Total Loss: 11.7454
[Collapse Monitor] Avg intra-class archetype distance: 0.5464
=======================================================================

===================== Epoch 22/50 =====================
Mode: Full (KL + Recon + MI + full AA reconstruction + cos loss)
[Train] Batch 010 | I(t;x): 2.9075 | I(t;y): 0.0000 | Recon: 0.0383 | Total: 11.6390
   ↳ AA sample loss: 0.001524 | AA cos loss: 0.003846
[Train] Batch 020 | I(t;x): 2.8800 | I(t;y): 0.0000 | Recon: 0.0385 | Total: 11.6423
   ↳ AA sample loss: 0.001476 | AA cos loss: 0.003854
[Train] Batch 030 | I(t;x): 2.9080 | I(t;y): 0.0000 | Recon: 0.0391 | Total: 11.7979
   ↳ AA sample loss: 0.001434 | AA cos loss: 0.003891
[Train] Batch 040 | I(t;x): 2.8690 | I(t;y): 0.0000 | Recon: 0.0379 | Total: 11.5242
   ↳ AA sample loss: 0.001398 | AA cos loss: 0.004003

[Summary] Epoch 22 Train Total Loss: 11.7046
[Collapse Monitor] Avg intra-class archetype distance: 0.5474
=======================================================================

===================== Epoch 23/50 =====================
Mode: Full (KL + Recon + MI + full AA reconstruction + cos loss)
[Train] Batch 010 | I(t;x): 2.8484 | I(t;y): 0.0000 | Recon: 0.0373 | Total: 11.3545
   ↳ AA sample loss: 0.001356 | AA cos loss: 0.003846
[Train] Batch 020 | I(t;x): 2.8351 | I(t;y): 0.0000 | Recon: 0.0380 | Total: 11.4638
   ↳ AA sample loss: 0.001317 | AA cos loss: 0.003841
[Train] Batch 030 | I(t;x): 2.9170 | I(t;y): 0.0000 | Recon: 0.0378 | Total: 11.4798
   ↳ AA sample loss: 0.001277 | AA cos loss: 0.003755
[Train] Batch 040 | I(t;x): 2.9001 | I(t;y): 0.0000 | Recon: 0.0380 | Total: 11.4800
   ↳ AA sample loss: 0.001234 | AA cos loss: 0.003658

[Summary] Epoch 23 Train Total Loss: 11.5465
[Collapse Monitor] Avg intra-class archetype distance: 0.5484
=======================================================================

===================== Epoch 24/50 =====================
Mode: Full (KL + Recon + MI + full AA reconstruction + cos loss)
[Train] Batch 010 | I(t;x): 2.9114 | I(t;y): 0.0000 | Recon: 0.0383 | Total: 11.5377
   ↳ AA sample loss: 0.001200 | AA cos loss: 0.003594
[Train] Batch 020 | I(t;x): 2.8906 | I(t;y): 0.0000 | Recon: 0.0384 | Total: 11.5301
   ↳ AA sample loss: 0.001175 | AA cos loss: 0.003668
[Train] Batch 030 | I(t;x): 2.8793 | I(t;y): 0.0000 | Recon: 0.0388 | Total: 11.6086
   ↳ AA sample loss: 0.001154 | AA cos loss: 0.003690
[Train] Batch 040 | I(t;x): 2.8657 | I(t;y): 0.0000 | Recon: 0.0380 | Total: 11.4452
   ↳ AA sample loss: 0.001138 | AA cos loss: 0.003799

[Summary] Epoch 24 Train Total Loss: 11.4450
[Collapse Monitor] Avg intra-class archetype distance: 0.5492
=======================================================================

===================== Epoch 25/50 =====================
Mode: Full (KL + Recon + MI + full AA reconstruction + cos loss)
[Train] Batch 010 | I(t;x): 2.9322 | I(t;y): 0.0000 | Recon: 0.0375 | Total: 11.4034
   ↳ AA sample loss: 0.001113 | AA cos loss: 0.003695
[Train] Batch 020 | I(t;x): 2.9063 | I(t;y): 0.0000 | Recon: 0.0359 | Total: 11.0417
   ↳ AA sample loss: 0.001090 | AA cos loss: 0.003646
[Train] Batch 030 | I(t;x): 2.9046 | I(t;y): 0.0000 | Recon: 0.0374 | Total: 11.2996
   ↳ AA sample loss: 0.001062 | AA cos loss: 0.003544
[Train] Batch 040 | I(t;x): 2.9292 | I(t;y): 0.0000 | Recon: 0.0377 | Total: 11.3893
   ↳ AA sample loss: 0.001041 | AA cos loss: 0.003534

[Summary] Epoch 25 Train Total Loss: 11.3190
[Collapse Monitor] Avg intra-class archetype distance: 0.5498
=======================================================================

===================== Epoch 26/50 =====================
Mode: Full (KL + Recon + MI + full AA reconstruction + cos loss)
[Train] Batch 010 | I(t;x): 2.9277 | I(t;y): 0.0000 | Recon: 0.0364 | Total: 11.1178
   ↳ AA sample loss: 0.001021 | AA cos loss: 0.003557
[Train] Batch 020 | I(t;x): 2.9452 | I(t;y): 0.0000 | Recon: 0.0383 | Total: 11.5084
   ↳ AA sample loss: 0.001000 | AA cos loss: 0.003528
[Train] Batch 030 | I(t;x): 2.9227 | I(t;y): 0.0000 | Recon: 0.0376 | Total: 11.3361
   ↳ AA sample loss: 0.000977 | AA cos loss: 0.003464
[Train] Batch 040 | I(t;x): 2.9717 | I(t;y): 0.0000 | Recon: 0.0378 | Total: 11.4164
   ↳ AA sample loss: 0.000966 | AA cos loss: 0.003498

[Summary] Epoch 26 Train Total Loss: 11.3018
[Collapse Monitor] Avg intra-class archetype distance: 0.5505
=======================================================================

===================== Epoch 27/50 =====================
Mode: Full (KL + Recon + MI + full AA reconstruction + cos loss)
[Train] Batch 010 | I(t;x): 2.9225 | I(t;y): 0.0000 | Recon: 0.0381 | Total: 11.4449
   ↳ AA sample loss: 0.000960 | AA cos loss: 0.003588
[Train] Batch 020 | I(t;x): 2.8865 | I(t;y): 0.0000 | Recon: 0.0396 | Total: 11.7021
   ↳ AA sample loss: 0.000943 | AA cos loss: 0.003553
[Train] Batch 030 | I(t;x): 2.8881 | I(t;y): 0.0000 | Recon: 0.0363 | Total: 11.0458
   ↳ AA sample loss: 0.000928 | AA cos loss: 0.003554
[Train] Batch 040 | I(t;x): 2.9321 | I(t;y): 0.0000 | Recon: 0.0349 | Total: 10.8110
   ↳ AA sample loss: 0.000920 | AA cos loss: 0.003599

[Summary] Epoch 27 Train Total Loss: 11.2625
[Collapse Monitor] Avg intra-class archetype distance: 0.5510
=======================================================================

===================== Epoch 28/50 =====================
Mode: Full (KL + Recon + MI + full AA reconstruction + cos loss)
[Train] Batch 010 | I(t;x): 2.8405 | I(t;y): 0.0000 | Recon: 0.0374 | Total: 11.2208
   ↳ AA sample loss: 0.000908 | AA cos loss: 0.003544
[Train] Batch 020 | I(t;x): 2.9242 | I(t;y): 0.0000 | Recon: 0.0376 | Total: 11.3207
   ↳ AA sample loss: 0.000896 | AA cos loss: 0.003448
[Train] Batch 030 | I(t;x): 2.9709 | I(t;y): 0.0000 | Recon: 0.0376 | Total: 11.3584
   ↳ AA sample loss: 0.000880 | AA cos loss: 0.003437
[Train] Batch 040 | I(t;x): 2.9397 | I(t;y): 0.0000 | Recon: 0.0370 | Total: 11.1867
   ↳ AA sample loss: 0.000867 | AA cos loss: 0.003387

[Summary] Epoch 28 Train Total Loss: 11.1422
[Collapse Monitor] Avg intra-class archetype distance: 0.5513
=======================================================================

===================== Epoch 29/50 =====================
Mode: Full (KL + Recon + MI + full AA reconstruction + cos loss)
[Train] Batch 010 | I(t;x): 2.9565 | I(t;y): 0.0000 | Recon: 0.0374 | Total: 11.2766
   ↳ AA sample loss: 0.000855 | AA cos loss: 0.003350
[Train] Batch 020 | I(t;x): 2.9356 | I(t;y): 0.0000 | Recon: 0.0382 | Total: 11.4639
   ↳ AA sample loss: 0.000860 | AA cos loss: 0.003586
[Train] Batch 030 | I(t;x): 2.9071 | I(t;y): 0.0000 | Recon: 0.0365 | Total: 11.0758
   ↳ AA sample loss: 0.000851 | AA cos loss: 0.003535
[Train] Batch 040 | I(t;x): 2.8893 | I(t;y): 0.0000 | Recon: 0.0381 | Total: 11.3652
   ↳ AA sample loss: 0.000840 | AA cos loss: 0.003451

[Summary] Epoch 29 Train Total Loss: 11.1046
[Collapse Monitor] Avg intra-class archetype distance: 0.5516
=======================================================================

===================== Epoch 30/50 =====================
Mode: Full (KL + Recon + MI + full AA reconstruction + cos loss)
[Train] Batch 010 | I(t;x): 2.9042 | I(t;y): 0.0000 | Recon: 0.0375 | Total: 11.2734
   ↳ AA sample loss: 0.000832 | AA cos loss: 0.003481
[Train] Batch 020 | I(t;x): 2.9188 | I(t;y): 0.0000 | Recon: 0.0362 | Total: 11.0517
   ↳ AA sample loss: 0.000830 | AA cos loss: 0.003584
[Train] Batch 030 | I(t;x): 2.9239 | I(t;y): 0.0000 | Recon: 0.0365 | Total: 11.0828
   ↳ AA sample loss: 0.000818 | AA cos loss: 0.003446
[Train] Batch 040 | I(t;x): 2.9396 | I(t;y): 0.0000 | Recon: 0.0365 | Total: 11.0844
   ↳ AA sample loss: 0.000808 | AA cos loss: 0.003421

[Summary] Epoch 30 Train Total Loss: 11.0653
[Collapse Monitor] Avg intra-class archetype distance: 0.5520
=======================================================================

===================== Epoch 31/50 =====================
Mode: Full (KL + Recon + MI + full AA reconstruction + cos loss)
[Train] Batch 010 | I(t;x): 2.9641 | I(t;y): 0.0000 | Recon: 0.0369 | Total: 11.1682
   ↳ AA sample loss: 0.000799 | AA cos loss: 0.003355
[Train] Batch 020 | I(t;x): 2.9819 | I(t;y): 0.0000 | Recon: 0.0371 | Total: 11.2215
   ↳ AA sample loss: 0.000785 | AA cos loss: 0.003299
[Train] Batch 030 | I(t;x): 2.9324 | I(t;y): 0.0000 | Recon: 0.0368 | Total: 11.1413
   ↳ AA sample loss: 0.000787 | AA cos loss: 0.003439
[Train] Batch 040 | I(t;x): 2.9029 | I(t;y): 0.0000 | Recon: 0.0366 | Total: 11.0155
   ↳ AA sample loss: 0.000770 | AA cos loss: 0.003230

[Summary] Epoch 31 Train Total Loss: 11.0184
[Collapse Monitor] Avg intra-class archetype distance: 0.5523
=======================================================================

===================== Epoch 32/50 =====================
Mode: Full (KL + Recon + MI + full AA reconstruction + cos loss)
[Train] Batch 010 | I(t;x): 2.9314 | I(t;y): 0.0000 | Recon: 0.0361 | Total: 11.0052
   ↳ AA sample loss: 0.000778 | AA cos loss: 0.003468
[Train] Batch 020 | I(t;x): 2.9181 | I(t;y): 0.0000 | Recon: 0.0362 | Total: 10.9893
   ↳ AA sample loss: 0.000768 | AA cos loss: 0.003406
[Train] Batch 030 | I(t;x): 2.9126 | I(t;y): 0.0000 | Recon: 0.0367 | Total: 11.0624
   ↳ AA sample loss: 0.000758 | AA cos loss: 0.003259
[Train] Batch 040 | I(t;x): 2.9435 | I(t;y): 0.0000 | Recon: 0.0350 | Total: 10.7641
   ↳ AA sample loss: 0.000755 | AA cos loss: 0.003338

[Summary] Epoch 32 Train Total Loss: 11.0042
[Collapse Monitor] Avg intra-class archetype distance: 0.5525
=======================================================================

===================== Epoch 33/50 =====================
Mode: Full (KL + Recon + MI + full AA reconstruction + cos loss)
[Train] Batch 010 | I(t;x): 2.9476 | I(t;y): 0.0000 | Recon: 0.0360 | Total: 10.9920
   ↳ AA sample loss: 0.000754 | AA cos loss: 0.003423
[Train] Batch 020 | I(t;x): 2.9385 | I(t;y): 0.0000 | Recon: 0.0352 | Total: 10.7593
   ↳ AA sample loss: 0.000735 | AA cos loss: 0.003170
[Train] Batch 030 | I(t;x): 2.9560 | I(t;y): 0.0000 | Recon: 0.0368 | Total: 11.1049
   ↳ AA sample loss: 0.000736 | AA cos loss: 0.003235
[Train] Batch 040 | I(t;x): 2.9450 | I(t;y): 0.0000 | Recon: 0.0364 | Total: 11.0373
   ↳ AA sample loss: 0.000733 | AA cos loss: 0.003308

[Summary] Epoch 33 Train Total Loss: 10.9425
[Collapse Monitor] Avg intra-class archetype distance: 0.5527
=======================================================================

===================== Epoch 34/50 =====================
Mode: Full (KL + Recon + MI + full AA reconstruction + cos loss)
[Train] Batch 010 | I(t;x): 2.9552 | I(t;y): 0.0000 | Recon: 0.0370 | Total: 11.1397
   ↳ AA sample loss: 0.000725 | AA cos loss: 0.003244
[Train] Batch 020 | I(t;x): 2.9352 | I(t;y): 0.0000 | Recon: 0.0370 | Total: 11.1451
   ↳ AA sample loss: 0.000729 | AA cos loss: 0.003350
[Train] Batch 030 | I(t;x): 2.9363 | I(t;y): 0.0000 | Recon: 0.0357 | Total: 10.8738
   ↳ AA sample loss: 0.000718 | AA cos loss: 0.003271
[Train] Batch 040 | I(t;x): 2.9464 | I(t;y): 0.0000 | Recon: 0.0352 | Total: 10.7751
   ↳ AA sample loss: 0.000711 | AA cos loss: 0.003201

[Summary] Epoch 34 Train Total Loss: 10.9258
[Collapse Monitor] Avg intra-class archetype distance: 0.5529
=======================================================================

===================== Epoch 35/50 =====================
Mode: Full (KL + Recon + MI + full AA reconstruction + cos loss)
[Train] Batch 010 | I(t;x): 2.9275 | I(t;y): 0.0000 | Recon: 0.0349 | Total: 10.7120
   ↳ AA sample loss: 0.000713 | AA cos loss: 0.003271
[Train] Batch 020 | I(t;x): 2.9208 | I(t;y): 0.0000 | Recon: 0.0358 | Total: 10.8793
   ↳ AA sample loss: 0.000712 | AA cos loss: 0.003321
[Train] Batch 030 | I(t;x): 2.9104 | I(t;y): 0.0000 | Recon: 0.0359 | Total: 10.8854
   ↳ AA sample loss: 0.000708 | AA cos loss: 0.003302
[Train] Batch 040 | I(t;x): 2.9866 | I(t;y): 0.0000 | Recon: 0.0355 | Total: 10.8719
   ↳ AA sample loss: 0.000700 | AA cos loss: 0.003242

[Summary] Epoch 35 Train Total Loss: 10.8428
[Collapse Monitor] Avg intra-class archetype distance: 0.5530
=======================================================================

===================== Epoch 36/50 =====================
Mode: Full (KL + Recon + MI + full AA reconstruction + cos loss)
[Train] Batch 010 | I(t;x): 2.9195 | I(t;y): 0.0000 | Recon: 0.0348 | Total: 10.7061
   ↳ AA sample loss: 0.000704 | AA cos loss: 0.003388
[Train] Batch 020 | I(t;x): 2.9086 | I(t;y): 0.0000 | Recon: 0.0347 | Total: 10.6618
   ↳ AA sample loss: 0.000698 | AA cos loss: 0.003326
[Train] Batch 030 | I(t;x): 2.8995 | I(t;y): 0.0000 | Recon: 0.0362 | Total: 10.9200
   ↳ AA sample loss: 0.000691 | AA cos loss: 0.003239
[Train] Batch 040 | I(t;x): 2.9153 | I(t;y): 0.0000 | Recon: 0.0359 | Total: 10.8817
   ↳ AA sample loss: 0.000689 | AA cos loss: 0.003270

[Summary] Epoch 36 Train Total Loss: 10.7981
[Collapse Monitor] Avg intra-class archetype distance: 0.5532
=======================================================================

===================== Epoch 37/50 =====================
Mode: Full (KL + Recon + MI + full AA reconstruction + cos loss)
[Train] Batch 010 | I(t;x): 2.8883 | I(t;y): 0.0000 | Recon: 0.0342 | Total: 10.5090
   ↳ AA sample loss: 0.000685 | AA cos loss: 0.003232
[Train] Batch 020 | I(t;x): 2.9749 | I(t;y): 0.0000 | Recon: 0.0349 | Total: 10.7298
   ↳ AA sample loss: 0.000681 | AA cos loss: 0.003223
[Train] Batch 030 | I(t;x): 2.9226 | I(t;y): 0.0000 | Recon: 0.0359 | Total: 10.8780
   ↳ AA sample loss: 0.000678 | AA cos loss: 0.003247
[Train] Batch 040 | I(t;x): 2.8834 | I(t;y): 0.0000 | Recon: 0.0360 | Total: 10.9127
   ↳ AA sample loss: 0.000686 | AA cos loss: 0.003412

[Summary] Epoch 37 Train Total Loss: 10.7986
[Collapse Monitor] Avg intra-class archetype distance: 0.5533
=======================================================================

===================== Epoch 38/50 =====================
Mode: Full (KL + Recon + MI + full AA reconstruction + cos loss)
[Train] Batch 010 | I(t;x): 2.9482 | I(t;y): 0.0000 | Recon: 0.0340 | Total: 10.5306
   ↳ AA sample loss: 0.000673 | AA cos loss: 0.003227
[Train] Batch 020 | I(t;x): 3.0074 | I(t;y): 0.0000 | Recon: 0.0337 | Total: 10.5025
   ↳ AA sample loss: 0.000663 | AA cos loss: 0.003086
[Train] Batch 030 | I(t;x): 2.9455 | I(t;y): 0.0000 | Recon: 0.0348 | Total: 10.6699
   ↳ AA sample loss: 0.000666 | AA cos loss: 0.003194
[Train] Batch 040 | I(t;x): 2.9788 | I(t;y): 0.0000 | Recon: 0.0356 | Total: 10.8598
   ↳ AA sample loss: 0.000660 | AA cos loss: 0.003151

[Summary] Epoch 38 Train Total Loss: 10.7210
[Collapse Monitor] Avg intra-class archetype distance: 0.5534
=======================================================================

===================== Epoch 39/50 =====================
Mode: Full (KL + Recon + MI + full AA reconstruction + cos loss)
[Train] Batch 010 | I(t;x): 2.9275 | I(t;y): 0.0000 | Recon: 0.0341 | Total: 10.5127
   ↳ AA sample loss: 0.000658 | AA cos loss: 0.003168
[Train] Batch 020 | I(t;x): 2.9252 | I(t;y): 0.0000 | Recon: 0.0359 | Total: 10.8812
   ↳ AA sample loss: 0.000658 | AA cos loss: 0.003234
[Train] Batch 030 | I(t;x): 3.0075 | I(t;y): 0.0000 | Recon: 0.0346 | Total: 10.6979
   ↳ AA sample loss: 0.000656 | AA cos loss: 0.003228
[Train] Batch 040 | I(t;x): 2.9413 | I(t;y): 0.0000 | Recon: 0.0364 | Total: 10.9818
   ↳ AA sample loss: 0.000652 | AA cos loss: 0.003192

[Summary] Epoch 39 Train Total Loss: 10.7948
[Collapse Monitor] Avg intra-class archetype distance: 0.5535
=======================================================================

===================== Epoch 40/50 =====================
Mode: Full (KL + Recon + MI + full AA reconstruction + cos loss)
[Train] Batch 010 | I(t;x): 2.9210 | I(t;y): 0.0000 | Recon: 0.0347 | Total: 10.6099
   ↳ AA sample loss: 0.000648 | AA cos loss: 0.003122
[Train] Batch 020 | I(t;x): 2.9693 | I(t;y): 0.0000 | Recon: 0.0359 | Total: 10.9240
   ↳ AA sample loss: 0.000651 | AA cos loss: 0.003257
[Train] Batch 030 | I(t;x): 2.9587 | I(t;y): 0.0000 | Recon: 0.0344 | Total: 10.5990
   ↳ AA sample loss: 0.000640 | AA cos loss: 0.003130
[Train] Batch 040 | I(t;x): 2.9396 | I(t;y): 0.0000 | Recon: 0.0345 | Total: 10.5968
   ↳ AA sample loss: 0.000640 | AA cos loss: 0.003150

[Summary] Epoch 40 Train Total Loss: 10.6916
[Collapse Monitor] Avg intra-class archetype distance: 0.5537
=======================================================================

===================== Epoch 41/50 =====================
Mode: Full (KL + Recon + MI + full AA reconstruction + cos loss)
[Train] Batch 010 | I(t;x): 3.0019 | I(t;y): 0.0000 | Recon: 0.0338 | Total: 10.5137
   ↳ AA sample loss: 0.000636 | AA cos loss: 0.003111
[Train] Batch 020 | I(t;x): 2.9497 | I(t;y): 0.0000 | Recon: 0.0360 | Total: 10.9020
   ↳ AA sample loss: 0.000632 | AA cos loss: 0.003091
[Train] Batch 030 | I(t;x): 2.9356 | I(t;y): 0.0000 | Recon: 0.0334 | Total: 10.3698
   ↳ AA sample loss: 0.000636 | AA cos loss: 0.003141
[Train] Batch 040 | I(t;x): 2.9372 | I(t;y): 0.0000 | Recon: 0.0345 | Total: 10.6025
   ↳ AA sample loss: 0.000637 | AA cos loss: 0.003191

[Summary] Epoch 41 Train Total Loss: 10.6481
[Collapse Monitor] Avg intra-class archetype distance: 0.5537
=======================================================================

===================== Epoch 42/50 =====================
Mode: Full (KL + Recon + MI + full AA reconstruction + cos loss)
[Train] Batch 010 | I(t;x): 2.9421 | I(t;y): 0.0000 | Recon: 0.0362 | Total: 10.9560
   ↳ AA sample loss: 0.000635 | AA cos loss: 0.003214
[Train] Batch 020 | I(t;x): 2.9632 | I(t;y): 0.0000 | Recon: 0.0346 | Total: 10.6336
   ↳ AA sample loss: 0.000628 | AA cos loss: 0.003127
[Train] Batch 030 | I(t;x): 2.9557 | I(t;y): 0.0000 | Recon: 0.0333 | Total: 10.3610
   ↳ AA sample loss: 0.000626 | AA cos loss: 0.003108
[Train] Batch 040 | I(t;x): 2.9807 | I(t;y): 0.0000 | Recon: 0.0336 | Total: 10.4714
   ↳ AA sample loss: 0.000631 | AA cos loss: 0.003221

[Summary] Epoch 42 Train Total Loss: 10.5939
[Collapse Monitor] Avg intra-class archetype distance: 0.5538
=======================================================================

===================== Epoch 43/50 =====================
Mode: Full (KL + Recon + MI + full AA reconstruction + cos loss)
[Train] Batch 010 | I(t;x): 2.9878 | I(t;y): 0.0000 | Recon: 0.0342 | Total: 10.5910
   ↳ AA sample loss: 0.000627 | AA cos loss: 0.003191
[Train] Batch 020 | I(t;x): 2.9866 | I(t;y): 0.0000 | Recon: 0.0359 | Total: 10.9108
   ↳ AA sample loss: 0.000619 | AA cos loss: 0.003072
[Train] Batch 030 | I(t;x): 2.9343 | I(t;y): 0.0000 | Recon: 0.0340 | Total: 10.5001
   ↳ AA sample loss: 0.000627 | AA cos loss: 0.003239
[Train] Batch 040 | I(t;x): 2.9080 | I(t;y): 0.0000 | Recon: 0.0340 | Total: 10.4740
   ↳ AA sample loss: 0.000624 | AA cos loss: 0.003189

[Summary] Epoch 43 Train Total Loss: 10.6673
[Collapse Monitor] Avg intra-class archetype distance: 0.5538
=======================================================================

===================== Epoch 44/50 =====================
Mode: Full (KL + Recon + MI + full AA reconstruction + cos loss)
[Train] Batch 010 | I(t;x): 2.9422 | I(t;y): 0.0000 | Recon: 0.0341 | Total: 10.5459
   ↳ AA sample loss: 0.000625 | AA cos loss: 0.003255
[Train] Batch 020 | I(t;x): 2.9711 | I(t;y): 0.0000 | Recon: 0.0337 | Total: 10.4585
   ↳ AA sample loss: 0.000618 | AA cos loss: 0.003133
[Train] Batch 030 | I(t;x): 2.9471 | I(t;y): 0.0000 | Recon: 0.0346 | Total: 10.6215
   ↳ AA sample loss: 0.000617 | AA cos loss: 0.003136
[Train] Batch 040 | I(t;x): 2.8970 | I(t;y): 0.0000 | Recon: 0.0350 | Total: 10.6380
   ↳ AA sample loss: 0.000610 | AA cos loss: 0.003055

[Summary] Epoch 44 Train Total Loss: 10.5494
[Collapse Monitor] Avg intra-class archetype distance: 0.5539
=======================================================================

===================== Epoch 45/50 =====================
Mode: Full (KL + Recon + MI + full AA reconstruction + cos loss)
[Train] Batch 010 | I(t;x): 2.9591 | I(t;y): 0.0000 | Recon: 0.0339 | Total: 10.4836
   ↳ AA sample loss: 0.000609 | AA cos loss: 0.003081
[Train] Batch 020 | I(t;x): 2.9151 | I(t;y): 0.0000 | Recon: 0.0351 | Total: 10.6831
   ↳ AA sample loss: 0.000609 | AA cos loss: 0.003102
[Train] Batch 030 | I(t;x): 2.9774 | I(t;y): 0.0000 | Recon: 0.0335 | Total: 10.4111
   ↳ AA sample loss: 0.000609 | AA cos loss: 0.003088
[Train] Batch 040 | I(t;x): 2.9683 | I(t;y): 0.0000 | Recon: 0.0327 | Total: 10.2326
   ↳ AA sample loss: 0.000605 | AA cos loss: 0.003038

[Summary] Epoch 45 Train Total Loss: 10.5183
[Collapse Monitor] Avg intra-class archetype distance: 0.5539
=======================================================================

===================== Epoch 46/50 =====================
Mode: Full (KL + Recon + MI + full AA reconstruction + cos loss)
[Train] Batch 010 | I(t;x): 2.9610 | I(t;y): 0.0000 | Recon: 0.0342 | Total: 10.5584
   ↳ AA sample loss: 0.000610 | AA cos loss: 0.003156
[Train] Batch 020 | I(t;x): 2.9534 | I(t;y): 0.0000 | Recon: 0.0342 | Total: 10.5359
   ↳ AA sample loss: 0.000606 | AA cos loss: 0.003094
[Train] Batch 030 | I(t;x): 2.9448 | I(t;y): 0.0000 | Recon: 0.0355 | Total: 10.7551
   ↳ AA sample loss: 0.000597 | AA cos loss: 0.002963
[Train] Batch 040 | I(t;x): 2.9115 | I(t;y): 0.0000 | Recon: 0.0339 | Total: 10.4056
   ↳ AA sample loss: 0.000597 | AA cos loss: 0.003022

[Summary] Epoch 46 Train Total Loss: 10.5323
[Collapse Monitor] Avg intra-class archetype distance: 0.5540
=======================================================================

===================== Epoch 47/50 =====================
Mode: Full (KL + Recon + MI + full AA reconstruction + cos loss)
[Train] Batch 010 | I(t;x): 2.9122 | I(t;y): 0.0000 | Recon: 0.0332 | Total: 10.2675
   ↳ AA sample loss: 0.000594 | AA cos loss: 0.002991
[Train] Batch 020 | I(t;x): 2.9568 | I(t;y): 0.0000 | Recon: 0.0347 | Total: 10.6334
   ↳ AA sample loss: 0.000598 | AA cos loss: 0.003055
[Train] Batch 030 | I(t;x): 2.9777 | I(t;y): 0.0000 | Recon: 0.0356 | Total: 10.8413
   ↳ AA sample loss: 0.000600 | AA cos loss: 0.003105
[Train] Batch 040 | I(t;x): 2.9795 | I(t;y): 0.0000 | Recon: 0.0339 | Total: 10.5147
   ↳ AA sample loss: 0.000600 | AA cos loss: 0.003134

[Summary] Epoch 47 Train Total Loss: 10.5218
[Collapse Monitor] Avg intra-class archetype distance: 0.5540
=======================================================================

===================== Epoch 48/50 =====================
Mode: Full (KL + Recon + MI + full AA reconstruction + cos loss)
[Train] Batch 010 | I(t;x): 2.9919 | I(t;y): 0.0000 | Recon: 0.0337 | Total: 10.4825
   ↳ AA sample loss: 0.000600 | AA cos loss: 0.003140
[Train] Batch 020 | I(t;x): 2.9740 | I(t;y): 0.0000 | Recon: 0.0333 | Total: 10.3647
   ↳ AA sample loss: 0.000595 | AA cos loss: 0.003076
[Train] Batch 030 | I(t;x): 2.9079 | I(t;y): 0.0000 | Recon: 0.0346 | Total: 10.5647
   ↳ AA sample loss: 0.000596 | AA cos loss: 0.003073
[Train] Batch 040 | I(t;x): 2.9083 | I(t;y): 0.0000 | Recon: 0.0356 | Total: 10.7706
   ↳ AA sample loss: 0.000599 | AA cos loss: 0.003162

[Summary] Epoch 48 Train Total Loss: 10.4953
[Collapse Monitor] Avg intra-class archetype distance: 0.5540
=======================================================================

===================== Epoch 49/50 =====================
Mode: Full (KL + Recon + MI + full AA reconstruction + cos loss)
[Train] Batch 010 | I(t;x): 2.9516 | I(t;y): 0.0000 | Recon: 0.0340 | Total: 10.4983
   ↳ AA sample loss: 0.000599 | AA cos loss: 0.003173
[Train] Batch 020 | I(t;x): 2.9509 | I(t;y): 0.0000 | Recon: 0.0349 | Total: 10.6689
   ↳ AA sample loss: 0.000591 | AA cos loss: 0.003059
[Train] Batch 030 | I(t;x): 2.9292 | I(t;y): 0.0000 | Recon: 0.0346 | Total: 10.5870
   ↳ AA sample loss: 0.000591 | AA cos loss: 0.003083
[Train] Batch 040 | I(t;x): 2.9850 | I(t;y): 0.0000 | Recon: 0.0356 | Total: 10.8004
   ↳ AA sample loss: 0.000583 | AA cos loss: 0.002924

[Summary] Epoch 49 Train Total Loss: 10.4800
[Collapse Monitor] Avg intra-class archetype distance: 0.5540
=======================================================================

===================== Epoch 50/50 =====================
Mode: Full (KL + Recon + MI + full AA reconstruction + cos loss)
[Train] Batch 010 | I(t;x): 2.9653 | I(t;y): 0.0000 | Recon: 0.0335 | Total: 10.3844
   ↳ AA sample loss: 0.000588 | AA cos loss: 0.003050
[Train] Batch 020 | I(t;x): 2.9648 | I(t;y): 0.0000 | Recon: 0.0336 | Total: 10.3941
   ↳ AA sample loss: 0.000585 | AA cos loss: 0.003004
[Train] Batch 030 | I(t;x): 2.9785 | I(t;y): 0.0000 | Recon: 0.0349 | Total: 10.6817
   ↳ AA sample loss: 0.000585 | AA cos loss: 0.003031
[Train] Batch 040 | I(t;x): 2.9944 | I(t;y): 0.0000 | Recon: 0.0326 | Total: 10.2498
   ↳ AA sample loss: 0.000590 | AA cos loss: 0.003109

[Summary] Epoch 50 Train Total Loss: 10.4270
[Collapse Monitor] Avg intra-class archetype distance: 0.5540
=======================================================================

[Save] Epoch losses saved to: results/kmnist/seed_43_aa_2/epoch_total_losses.pkl
[Save] Final archetype coordinates saved to: results/kmnist/seed_43_aa_2/final_archetypes.npy (shape: (20, 32))
[Save] Decoded archetype images saved to: results/kmnist/seed_43_aa_2/final_archetypes_decoded.npy (shape: (20, 1, 28, 28))
[Save] Sample-to-AA weight parameters saved to: results/kmnist/seed_43_aa_2/fc_sample_to_aa_weights.pth
[Save] Final model weights saved to: results/kmnist/seed_43_aa_2/model_final.pth
