[Init] Using device: cuda
[Config] Parameters saved to: results/kmnist/seed_46_aa_5/params.json
[Training Start] 50 epochs total
Warmup: first 5 epochs | Semantic: 6–10 | AA starts from 11
[Config] batch_size=500 | lr=0.005 | gamma=200 | cos_sim_weight=1.0

===================== Epoch 1/50 =====================
Mode: Warmup (KL + Reconstruction)
[Train] Batch 010 | I(t;x): 0.3280 | I(t;y): 2.2988 | Recon: 0.1066 | Total: 21.6530
[Train] Batch 020 | I(t;x): 0.5930 | I(t;y): 2.2996 | Recon: 0.0964 | Total: 19.8724
[Train] Batch 030 | I(t;x): 0.6987 | I(t;y): 2.2994 | Recon: 0.0925 | Total: 19.1919
[Train] Batch 040 | I(t;x): 1.0329 | I(t;y): 2.2996 | Recon: 0.0841 | Total: 17.8608

[Summary] Epoch 1 Train Total Loss: 21.2348
=======================================================================

===================== Epoch 2/50 =====================
Mode: Warmup (KL + Reconstruction)
[Train] Batch 010 | I(t;x): 1.0836 | I(t;y): 2.2995 | Recon: 0.0792 | Total: 16.9257
[Train] Batch 020 | I(t;x): 1.1753 | I(t;y): 2.2995 | Recon: 0.0747 | Total: 16.1223
[Train] Batch 030 | I(t;x): 1.3326 | I(t;y): 2.2998 | Recon: 0.0690 | Total: 15.1304
[Train] Batch 040 | I(t;x): 1.3100 | I(t;y): 2.2999 | Recon: 0.0682 | Total: 14.9515

[Summary] Epoch 2 Train Total Loss: 16.1960
=======================================================================

===================== Epoch 3/50 =====================
Mode: Warmup (KL + Reconstruction)
[Train] Batch 010 | I(t;x): 1.3691 | I(t;y): 2.3000 | Recon: 0.0638 | Total: 14.1294
[Train] Batch 020 | I(t;x): 1.3467 | I(t;y): 2.3000 | Recon: 0.0620 | Total: 13.7438
[Train] Batch 030 | I(t;x): 1.3905 | I(t;y): 2.2999 | Recon: 0.0578 | Total: 12.9542
[Train] Batch 040 | I(t;x): 1.3657 | I(t;y): 2.3000 | Recon: 0.0573 | Total: 12.8190

[Summary] Epoch 3 Train Total Loss: 13.5915
=======================================================================

===================== Epoch 4/50 =====================
Mode: Warmup (KL + Reconstruction)
[Train] Batch 010 | I(t;x): 1.3855 | I(t;y): 2.3000 | Recon: 0.0540 | Total: 12.1856
[Train] Batch 020 | I(t;x): 1.4309 | I(t;y): 2.3000 | Recon: 0.0526 | Total: 11.9549
[Train] Batch 030 | I(t;x): 1.3900 | I(t;y): 2.3000 | Recon: 0.0519 | Total: 11.7687
[Train] Batch 040 | I(t;x): 1.4265 | I(t;y): 2.2999 | Recon: 0.0505 | Total: 11.5201

[Summary] Epoch 4 Train Total Loss: 12.0177
=======================================================================

===================== Epoch 5/50 =====================
Mode: Warmup (KL + Reconstruction)
[Train] Batch 010 | I(t;x): 1.4681 | I(t;y): 2.3000 | Recon: 0.0483 | Total: 11.1353
[Train] Batch 020 | I(t;x): 1.5216 | I(t;y): 2.3000 | Recon: 0.0464 | Total: 10.8033
[Train] Batch 030 | I(t;x): 1.4478 | I(t;y): 2.2999 | Recon: 0.0451 | Total: 10.4754
[Train] Batch 040 | I(t;x): 1.4646 | I(t;y): 2.3000 | Recon: 0.0447 | Total: 10.4108

[Summary] Epoch 5 Train Total Loss: 10.8834
=======================================================================

===================== Epoch 6/50 =====================
Mode: Semantic (KL + Recon + weak MI)
[Train] Batch 010 | I(t;x): 1.4677 | I(t;y): 2.1827 | Recon: 0.0443 | Total: 10.3401
[Train] Batch 020 | I(t;x): 1.5554 | I(t;y): 1.7869 | Recon: 0.0456 | Total: 10.6863
[Train] Batch 030 | I(t;x): 1.4693 | I(t;y): 1.4099 | Recon: 0.0424 | Total: 9.9542
[Train] Batch 040 | I(t;x): 1.5033 | I(t;y): 0.3448 | Recon: 0.0419 | Total: 9.8787

[Summary] Epoch 6 Train Total Loss: 10.2080
=======================================================================

===================== Epoch 7/50 =====================
Mode: Semantic (KL + Recon + weak MI)
[Train] Batch 010 | I(t;x): 1.4931 | I(t;y): 0.0095 | Recon: 0.0399 | Total: 9.4803
[Train] Batch 020 | I(t;x): 1.5071 | I(t;y): 0.0007 | Recon: 0.0421 | Total: 9.9358
[Train] Batch 030 | I(t;x): 1.5360 | I(t;y): 0.0005 | Recon: 0.0387 | Total: 9.2835
[Train] Batch 040 | I(t;x): 1.5478 | I(t;y): 0.0001 | Recon: 0.0396 | Total: 9.4618

[Summary] Epoch 7 Train Total Loss: 9.7301
=======================================================================

===================== Epoch 8/50 =====================
Mode: Semantic (KL + Recon + weak MI)
[Train] Batch 010 | I(t;x): 1.5236 | I(t;y): 0.0002 | Recon: 0.0387 | Total: 9.2656
[Train] Batch 020 | I(t;x): 1.5506 | I(t;y): 0.0002 | Recon: 0.0398 | Total: 9.5095
[Train] Batch 030 | I(t;x): 1.5826 | I(t;y): 0.0002 | Recon: 0.0383 | Total: 9.2424
[Train] Batch 040 | I(t;x): 1.5243 | I(t;y): 0.0001 | Recon: 0.0373 | Total: 8.9838

[Summary] Epoch 8 Train Total Loss: 9.3997
=======================================================================

===================== Epoch 9/50 =====================
Mode: Semantic (KL + Recon + weak MI)
[Train] Batch 010 | I(t;x): 1.5796 | I(t;y): 0.0001 | Recon: 0.0379 | Total: 9.1590
[Train] Batch 020 | I(t;x): 1.5831 | I(t;y): 0.0002 | Recon: 0.0385 | Total: 9.2793
[Train] Batch 030 | I(t;x): 1.5208 | I(t;y): 0.0001 | Recon: 0.0385 | Total: 9.2153
[Train] Batch 040 | I(t;x): 1.5575 | I(t;y): 0.0002 | Recon: 0.0383 | Total: 9.2164

[Summary] Epoch 9 Train Total Loss: 9.1029
=======================================================================

===================== Epoch 10/50 =====================
Mode: Semantic (KL + Recon + weak MI)
[Train] Batch 010 | I(t;x): 1.5436 | I(t;y): 0.0001 | Recon: 0.0374 | Total: 9.0261
[Train] Batch 020 | I(t;x): 1.5726 | I(t;y): 0.0001 | Recon: 0.0365 | Total: 8.8815
[Train] Batch 030 | I(t;x): 1.5430 | I(t;y): 0.0002 | Recon: 0.0373 | Total: 8.9980
[Train] Batch 040 | I(t;x): 1.5556 | I(t;y): 0.0001 | Recon: 0.0366 | Total: 8.8816

[Summary] Epoch 10 Train Total Loss: 9.0110
=======================================================================

===================== Epoch 11/50 =====================
Mode: Full (KL + Recon + MI + full AA reconstruction + cos loss)
[Init] Initializing class-wise archetypes (multi-seed + fallback)...
[Init] Archetypes initialized.
[Train] Batch 010 | I(t;x): 2.1397 | I(t;y): 0.0000 | Recon: 0.0791 | Total: 24.9735
   ↳ AA sample loss: 0.024104 | AA cos loss: 0.011008
[Train] Batch 020 | I(t;x): 2.8163 | I(t;y): 0.0000 | Recon: 0.0712 | Total: 22.7529
   ↳ AA sample loss: 0.024038 | AA cos loss: 0.004427
[Train] Batch 030 | I(t;x): 2.8080 | I(t;y): 0.0000 | Recon: 0.0626 | Total: 20.9562
   ↳ AA sample loss: 0.024026 | AA cos loss: 0.004163
[Train] Batch 040 | I(t;x): 2.8139 | I(t;y): 0.0000 | Recon: 0.0554 | Total: 19.8085
   ↳ AA sample loss: 0.024014 | AA cos loss: 0.005511

[Summary] Epoch 11 Train Total Loss: 32.8220
[Collapse Monitor] Avg intra-class archetype distance: 0.4520
=======================================================================

===================== Epoch 12/50 =====================
Mode: Full (KL + Recon + MI + full AA reconstruction + cos loss)
[Train] Batch 010 | I(t;x): 2.6951 | I(t;y): 0.0000 | Recon: 0.0535 | Total: 19.4124
   ↳ AA sample loss: 0.023994 | AA cos loss: 0.006139
[Train] Batch 020 | I(t;x): 2.7639 | I(t;y): 0.0000 | Recon: 0.0485 | Total: 18.4363
   ↳ AA sample loss: 0.023962 | AA cos loss: 0.005926
[Train] Batch 030 | I(t;x): 2.7158 | I(t;y): 0.0000 | Recon: 0.0490 | Total: 18.3461
   ↳ AA sample loss: 0.023922 | AA cos loss: 0.005183
[Train] Batch 040 | I(t;x): 2.6374 | I(t;y): 0.0000 | Recon: 0.0491 | Total: 18.2343
   ↳ AA sample loss: 0.023869 | AA cos loss: 0.004979

[Summary] Epoch 12 Train Total Loss: 18.8643
[Collapse Monitor] Avg intra-class archetype distance: 0.4565
=======================================================================

===================== Epoch 13/50 =====================
Mode: Full (KL + Recon + MI + full AA reconstruction + cos loss)
[Train] Batch 010 | I(t;x): 2.7062 | I(t;y): 0.0000 | Recon: 0.0457 | Total: 17.5509
   ↳ AA sample loss: 0.023821 | AA cos loss: 0.004732
[Train] Batch 020 | I(t;x): 2.6756 | I(t;y): 0.0000 | Recon: 0.0439 | Total: 17.1336
   ↳ AA sample loss: 0.023763 | AA cos loss: 0.004643
[Train] Batch 030 | I(t;x): 2.7029 | I(t;y): 0.0000 | Recon: 0.0448 | Total: 17.2611
   ↳ AA sample loss: 0.023692 | AA cos loss: 0.004288
[Train] Batch 040 | I(t;x): 2.6905 | I(t;y): 0.0000 | Recon: 0.0429 | Total: 16.8219
   ↳ AA sample loss: 0.023624 | AA cos loss: 0.004133

[Summary] Epoch 13 Train Total Loss: 17.3202
[Collapse Monitor] Avg intra-class archetype distance: 0.4682
=======================================================================

===================== Epoch 14/50 =====================
Mode: Full (KL + Recon + MI + full AA reconstruction + cos loss)
[Train] Batch 010 | I(t;x): 2.5946 | I(t;y): 0.0000 | Recon: 0.0411 | Total: 16.3444
   ↳ AA sample loss: 0.023546 | AA cos loss: 0.004122
[Train] Batch 020 | I(t;x): 2.6331 | I(t;y): 0.0000 | Recon: 0.0417 | Total: 16.4755
   ↳ AA sample loss: 0.023470 | AA cos loss: 0.004022
[Train] Batch 030 | I(t;x): 2.6234 | I(t;y): 0.0000 | Recon: 0.0411 | Total: 16.2799
   ↳ AA sample loss: 0.023388 | AA cos loss: 0.003795
[Train] Batch 040 | I(t;x): 2.5880 | I(t;y): 0.0000 | Recon: 0.0404 | Total: 16.0236
   ↳ AA sample loss: 0.023281 | AA cos loss: 0.003472

[Summary] Epoch 14 Train Total Loss: 16.4833
[Collapse Monitor] Avg intra-class archetype distance: 0.4876
=======================================================================

===================== Epoch 15/50 =====================
Mode: Full (KL + Recon + MI + full AA reconstruction + cos loss)
[Train] Batch 010 | I(t;x): 2.6544 | I(t;y): 0.0000 | Recon: 0.0405 | Total: 16.0642
   ↳ AA sample loss: 0.023165 | AA cos loss: 0.003409
[Train] Batch 020 | I(t;x): 2.6339 | I(t;y): 0.0000 | Recon: 0.0414 | Total: 16.1790
   ↳ AA sample loss: 0.023050 | AA cos loss: 0.003249
[Train] Batch 030 | I(t;x): 2.5962 | I(t;y): 0.0000 | Recon: 0.0400 | Total: 15.8092
   ↳ AA sample loss: 0.022933 | AA cos loss: 0.003153
[Train] Batch 040 | I(t;x): 2.5418 | I(t;y): 0.0000 | Recon: 0.0406 | Total: 15.8452
   ↳ AA sample loss: 0.022804 | AA cos loss: 0.003161

[Summary] Epoch 15 Train Total Loss: 15.9450
[Collapse Monitor] Avg intra-class archetype distance: 0.5147
=======================================================================

===================== Epoch 16/50 =====================
Mode: Full (KL + Recon + MI + full AA reconstruction + cos loss)
[Train] Batch 010 | I(t;x): 2.5387 | I(t;y): 0.0000 | Recon: 0.0386 | Total: 15.4043
   ↳ AA sample loss: 0.022647 | AA cos loss: 0.003035
[Train] Batch 020 | I(t;x): 2.6221 | I(t;y): 0.0000 | Recon: 0.0393 | Total: 15.5521
   ↳ AA sample loss: 0.022486 | AA cos loss: 0.002867
[Train] Batch 030 | I(t;x): 2.5098 | I(t;y): 0.0000 | Recon: 0.0383 | Total: 15.2061
   ↳ AA sample loss: 0.022297 | AA cos loss: 0.002878
[Train] Batch 040 | I(t;x): 2.5375 | I(t;y): 0.0000 | Recon: 0.0378 | Total: 15.0873
   ↳ AA sample loss: 0.022080 | AA cos loss: 0.002844

[Summary] Epoch 16 Train Total Loss: 15.4326
[Collapse Monitor] Avg intra-class archetype distance: 0.5490
=======================================================================

===================== Epoch 17/50 =====================
Mode: Full (KL + Recon + MI + full AA reconstruction + cos loss)
[Train] Batch 010 | I(t;x): 2.5218 | I(t;y): 0.0000 | Recon: 0.0383 | Total: 15.1111
   ↳ AA sample loss: 0.021847 | AA cos loss: 0.002760
[Train] Batch 020 | I(t;x): 2.5663 | I(t;y): 0.0000 | Recon: 0.0394 | Total: 15.2920
   ↳ AA sample loss: 0.021563 | AA cos loss: 0.002642
[Train] Batch 030 | I(t;x): 2.4875 | I(t;y): 0.0000 | Recon: 0.0384 | Total: 14.9490
   ↳ AA sample loss: 0.021283 | AA cos loss: 0.002663
[Train] Batch 040 | I(t;x): 2.4994 | I(t;y): 0.0000 | Recon: 0.0376 | Total: 14.7442
   ↳ AA sample loss: 0.021013 | AA cos loss: 0.002611

[Summary] Epoch 17 Train Total Loss: 15.0336
[Collapse Monitor] Avg intra-class archetype distance: 0.5913
=======================================================================

===================== Epoch 18/50 =====================
Mode: Full (KL + Recon + MI + full AA reconstruction + cos loss)
[Train] Batch 010 | I(t;x): 2.4720 | I(t;y): 0.0000 | Recon: 0.0378 | Total: 14.7332
   ↳ AA sample loss: 0.020754 | AA cos loss: 0.002704
[Train] Batch 020 | I(t;x): 2.5068 | I(t;y): 0.0000 | Recon: 0.0371 | Total: 14.5521
   ↳ AA sample loss: 0.020476 | AA cos loss: 0.002683
[Train] Batch 030 | I(t;x): 2.4462 | I(t;y): 0.0000 | Recon: 0.0367 | Total: 14.3502
   ↳ AA sample loss: 0.020217 | AA cos loss: 0.002564
[Train] Batch 040 | I(t;x): 2.4599 | I(t;y): 0.0000 | Recon: 0.0381 | Total: 14.5570
   ↳ AA sample loss: 0.019822 | AA cos loss: 0.002521

[Summary] Epoch 18 Train Total Loss: 14.6227
[Collapse Monitor] Avg intra-class archetype distance: 0.6313
=======================================================================

===================== Epoch 19/50 =====================
Mode: Full (KL + Recon + MI + full AA reconstruction + cos loss)
[Train] Batch 010 | I(t;x): 2.4127 | I(t;y): 0.0000 | Recon: 0.0383 | Total: 14.5414
   ↳ AA sample loss: 0.019550 | AA cos loss: 0.002784
[Train] Batch 020 | I(t;x): 2.4702 | I(t;y): 0.0000 | Recon: 0.0385 | Total: 14.5434
   ↳ AA sample loss: 0.019205 | AA cos loss: 0.002654
[Train] Batch 030 | I(t;x): 2.4413 | I(t;y): 0.0000 | Recon: 0.0371 | Total: 14.1637
   ↳ AA sample loss: 0.018871 | AA cos loss: 0.002605
[Train] Batch 040 | I(t;x): 2.4136 | I(t;y): 0.0000 | Recon: 0.0368 | Total: 13.9805
   ↳ AA sample loss: 0.018446 | AA cos loss: 0.002621

[Summary] Epoch 19 Train Total Loss: 14.3078
[Collapse Monitor] Avg intra-class archetype distance: 0.6739
=======================================================================

===================== Epoch 20/50 =====================
Mode: Full (KL + Recon + MI + full AA reconstruction + cos loss)
[Train] Batch 010 | I(t;x): 2.4211 | I(t;y): 0.0000 | Recon: 0.0380 | Total: 14.1599
   ↳ AA sample loss: 0.018058 | AA cos loss: 0.002602
[Train] Batch 020 | I(t;x): 2.4159 | I(t;y): 0.0000 | Recon: 0.0364 | Total: 13.7779
   ↳ AA sample loss: 0.017724 | AA cos loss: 0.002695
[Train] Batch 030 | I(t;x): 2.4734 | I(t;y): 0.0000 | Recon: 0.0366 | Total: 13.7458
   ↳ AA sample loss: 0.017255 | AA cos loss: 0.002464
[Train] Batch 040 | I(t;x): 2.4437 | I(t;y): 0.0000 | Recon: 0.0358 | Total: 13.4760
   ↳ AA sample loss: 0.016857 | AA cos loss: 0.002509

[Summary] Epoch 20 Train Total Loss: 13.8414
[Collapse Monitor] Avg intra-class archetype distance: 0.7125
=======================================================================

===================== Epoch 21/50 =====================
Mode: Full (KL + Recon + MI + full AA reconstruction + cos loss)
[Train] Batch 010 | I(t;x): 2.4546 | I(t;y): 0.0000 | Recon: 0.0368 | Total: 13.6162
   ↳ AA sample loss: 0.016390 | AA cos loss: 0.002595
[Train] Batch 020 | I(t;x): 2.4796 | I(t;y): 0.0000 | Recon: 0.0387 | Total: 13.9465
   ↳ AA sample loss: 0.015934 | AA cos loss: 0.002674
[Train] Batch 030 | I(t;x): 2.4548 | I(t;y): 0.0000 | Recon: 0.0370 | Total: 13.5218
   ↳ AA sample loss: 0.015554 | AA cos loss: 0.002797
[Train] Batch 040 | I(t;x): 2.5040 | I(t;y): 0.0000 | Recon: 0.0375 | Total: 13.5609
   ↳ AA sample loss: 0.015098 | AA cos loss: 0.002668

[Summary] Epoch 21 Train Total Loss: 13.5186
[Collapse Monitor] Avg intra-class archetype distance: 0.7460
=======================================================================

===================== Epoch 22/50 =====================
Mode: Full (KL + Recon + MI + full AA reconstruction + cos loss)
[Train] Batch 010 | I(t;x): 2.4808 | I(t;y): 0.0000 | Recon: 0.0367 | Total: 13.3037
   ↳ AA sample loss: 0.014731 | AA cos loss: 0.002663
[Train] Batch 020 | I(t;x): 2.4484 | I(t;y): 0.0000 | Recon: 0.0360 | Total: 13.0337
   ↳ AA sample loss: 0.014274 | AA cos loss: 0.002657
[Train] Batch 030 | I(t;x): 2.4819 | I(t;y): 0.0000 | Recon: 0.0361 | Total: 13.0296
   ↳ AA sample loss: 0.013883 | AA cos loss: 0.002739
[Train] Batch 040 | I(t;x): 2.4346 | I(t;y): 0.0000 | Recon: 0.0355 | Total: 12.7677
   ↳ AA sample loss: 0.013403 | AA cos loss: 0.002769

[Summary] Epoch 22 Train Total Loss: 13.0678
[Collapse Monitor] Avg intra-class archetype distance: 0.7716
=======================================================================

===================== Epoch 23/50 =====================
Mode: Full (KL + Recon + MI + full AA reconstruction + cos loss)
[Train] Batch 010 | I(t;x): 2.5026 | I(t;y): 0.0000 | Recon: 0.0372 | Total: 13.1307
   ↳ AA sample loss: 0.013057 | AA cos loss: 0.002848
[Train] Batch 020 | I(t;x): 2.5075 | I(t;y): 0.0000 | Recon: 0.0337 | Total: 12.3509
   ↳ AA sample loss: 0.012678 | AA cos loss: 0.002869
[Train] Batch 030 | I(t;x): 2.4460 | I(t;y): 0.0000 | Recon: 0.0362 | Total: 12.7440
   ↳ AA sample loss: 0.012300 | AA cos loss: 0.002996
[Train] Batch 040 | I(t;x): 2.5076 | I(t;y): 0.0000 | Recon: 0.0359 | Total: 12.6646
   ↳ AA sample loss: 0.012099 | AA cos loss: 0.002779

[Summary] Epoch 23 Train Total Loss: 12.7415
[Collapse Monitor] Avg intra-class archetype distance: 0.7954
=======================================================================

===================== Epoch 24/50 =====================
Mode: Full (KL + Recon + MI + full AA reconstruction + cos loss)
[Train] Batch 010 | I(t;x): 2.4718 | I(t;y): 0.0000 | Recon: 0.0344 | Total: 12.2562
   ↳ AA sample loss: 0.011620 | AA cos loss: 0.002906
[Train] Batch 020 | I(t;x): 2.5015 | I(t;y): 0.0000 | Recon: 0.0349 | Total: 12.3440
   ↳ AA sample loss: 0.011372 | AA cos loss: 0.002891
[Train] Batch 030 | I(t;x): 2.5342 | I(t;y): 0.0000 | Recon: 0.0351 | Total: 12.2839
   ↳ AA sample loss: 0.010986 | AA cos loss: 0.002703
[Train] Batch 040 | I(t;x): 2.4609 | I(t;y): 0.0000 | Recon: 0.0347 | Total: 12.1078
   ↳ AA sample loss: 0.010627 | AA cos loss: 0.002918

[Summary] Epoch 24 Train Total Loss: 12.3778
[Collapse Monitor] Avg intra-class archetype distance: 0.8236
=======================================================================

===================== Epoch 25/50 =====================
Mode: Full (KL + Recon + MI + full AA reconstruction + cos loss)
[Train] Batch 010 | I(t;x): 2.5114 | I(t;y): 0.0000 | Recon: 0.0351 | Total: 12.1309
   ↳ AA sample loss: 0.010272 | AA cos loss: 0.002755
[Train] Batch 020 | I(t;x): 2.5353 | I(t;y): 0.0000 | Recon: 0.0354 | Total: 12.2088
   ↳ AA sample loss: 0.010087 | AA cos loss: 0.002898
[Train] Batch 030 | I(t;x): 2.4916 | I(t;y): 0.0000 | Recon: 0.0359 | Total: 12.1977
   ↳ AA sample loss: 0.009766 | AA cos loss: 0.002864
[Train] Batch 040 | I(t;x): 2.5120 | I(t;y): 0.0000 | Recon: 0.0349 | Total: 11.9741
   ↳ AA sample loss: 0.009519 | AA cos loss: 0.002940

[Summary] Epoch 25 Train Total Loss: 12.1306
[Collapse Monitor] Avg intra-class archetype distance: 0.8547
=======================================================================

===================== Epoch 26/50 =====================
Mode: Full (KL + Recon + MI + full AA reconstruction + cos loss)
[Train] Batch 010 | I(t;x): 2.4850 | I(t;y): 0.0000 | Recon: 0.0337 | Total: 11.6760
   ↳ AA sample loss: 0.009378 | AA cos loss: 0.002847
[Train] Batch 020 | I(t;x): 2.4664 | I(t;y): 0.0000 | Recon: 0.0355 | Total: 11.9719
   ↳ AA sample loss: 0.009167 | AA cos loss: 0.002831
[Train] Batch 030 | I(t;x): 2.5584 | I(t;y): 0.0000 | Recon: 0.0335 | Total: 11.6225
   ↳ AA sample loss: 0.008929 | AA cos loss: 0.002863
[Train] Batch 040 | I(t;x): 2.5377 | I(t;y): 0.0000 | Recon: 0.0355 | Total: 11.9458
   ↳ AA sample loss: 0.008732 | AA cos loss: 0.002781

[Summary] Epoch 26 Train Total Loss: 11.8643
[Collapse Monitor] Avg intra-class archetype distance: 0.8856
=======================================================================

===================== Epoch 27/50 =====================
Mode: Full (KL + Recon + MI + full AA reconstruction + cos loss)
[Train] Batch 010 | I(t;x): 2.5379 | I(t;y): 0.0000 | Recon: 0.0341 | Total: 11.6260
   ↳ AA sample loss: 0.008488 | AA cos loss: 0.002818
[Train] Batch 020 | I(t;x): 2.5339 | I(t;y): 0.0000 | Recon: 0.0348 | Total: 11.7302
   ↳ AA sample loss: 0.008351 | AA cos loss: 0.002851
[Train] Batch 030 | I(t;x): 2.5140 | I(t;y): 0.0000 | Recon: 0.0351 | Total: 11.7475
   ↳ AA sample loss: 0.008180 | AA cos loss: 0.002892
[Train] Batch 040 | I(t;x): 2.5579 | I(t;y): 0.0000 | Recon: 0.0349 | Total: 11.7000
   ↳ AA sample loss: 0.008067 | AA cos loss: 0.002790

[Summary] Epoch 27 Train Total Loss: 11.7134
[Collapse Monitor] Avg intra-class archetype distance: 0.9114
=======================================================================

===================== Epoch 28/50 =====================
Mode: Full (KL + Recon + MI + full AA reconstruction + cos loss)
[Train] Batch 010 | I(t;x): 2.5427 | I(t;y): 0.0000 | Recon: 0.0342 | Total: 11.5281
   ↳ AA sample loss: 0.007828 | AA cos loss: 0.002856
[Train] Batch 020 | I(t;x): 2.5622 | I(t;y): 0.0000 | Recon: 0.0355 | Total: 11.7810
   ↳ AA sample loss: 0.007698 | AA cos loss: 0.002854
[Train] Batch 030 | I(t;x): 2.5597 | I(t;y): 0.0000 | Recon: 0.0343 | Total: 11.4847
   ↳ AA sample loss: 0.007481 | AA cos loss: 0.002869
[Train] Batch 040 | I(t;x): 2.5009 | I(t;y): 0.0000 | Recon: 0.0343 | Total: 11.3949
   ↳ AA sample loss: 0.007393 | AA cos loss: 0.002812

[Summary] Epoch 28 Train Total Loss: 11.5848
[Collapse Monitor] Avg intra-class archetype distance: 0.9283
=======================================================================

===================== Epoch 29/50 =====================
Mode: Full (KL + Recon + MI + full AA reconstruction + cos loss)
[Train] Batch 010 | I(t;x): 2.5218 | I(t;y): 0.0000 | Recon: 0.0339 | Total: 11.3121
   ↳ AA sample loss: 0.007266 | AA cos loss: 0.002762
[Train] Batch 020 | I(t;x): 2.5709 | I(t;y): 0.0000 | Recon: 0.0337 | Total: 11.3157
   ↳ AA sample loss: 0.007174 | AA cos loss: 0.002821
[Train] Batch 030 | I(t;x): 2.5594 | I(t;y): 0.0000 | Recon: 0.0337 | Total: 11.2807
   ↳ AA sample loss: 0.007100 | AA cos loss: 0.002828
[Train] Batch 040 | I(t;x): 2.5423 | I(t;y): 0.0000 | Recon: 0.0340 | Total: 11.2746
   ↳ AA sample loss: 0.006925 | AA cos loss: 0.002759

[Summary] Epoch 29 Train Total Loss: 11.4256
[Collapse Monitor] Avg intra-class archetype distance: 0.9328
=======================================================================

===================== Epoch 30/50 =====================
Mode: Full (KL + Recon + MI + full AA reconstruction + cos loss)
[Train] Batch 010 | I(t;x): 2.5600 | I(t;y): 0.0000 | Recon: 0.0335 | Total: 11.1707
   ↳ AA sample loss: 0.006738 | AA cos loss: 0.002769
[Train] Batch 020 | I(t;x): 2.5713 | I(t;y): 0.0000 | Recon: 0.0346 | Total: 11.3912
   ↳ AA sample loss: 0.006619 | AA cos loss: 0.002854
[Train] Batch 030 | I(t;x): 2.5838 | I(t;y): 0.0000 | Recon: 0.0339 | Total: 11.2482
   ↳ AA sample loss: 0.006540 | AA cos loss: 0.002834
[Train] Batch 040 | I(t;x): 2.5571 | I(t;y): 0.0000 | Recon: 0.0333 | Total: 11.0912
   ↳ AA sample loss: 0.006557 | AA cos loss: 0.002813

[Summary] Epoch 30 Train Total Loss: 11.3166
[Collapse Monitor] Avg intra-class archetype distance: 0.9252
=======================================================================

===================== Epoch 31/50 =====================
Mode: Full (KL + Recon + MI + full AA reconstruction + cos loss)
[Train] Batch 010 | I(t;x): 2.5475 | I(t;y): 0.0000 | Recon: 0.0335 | Total: 11.0782
   ↳ AA sample loss: 0.006356 | AA cos loss: 0.002794
[Train] Batch 020 | I(t;x): 2.5919 | I(t;y): 0.0000 | Recon: 0.0349 | Total: 11.4131
   ↳ AA sample loss: 0.006250 | AA cos loss: 0.002941
[Train] Batch 030 | I(t;x): 2.5536 | I(t;y): 0.0000 | Recon: 0.0332 | Total: 11.0288
   ↳ AA sample loss: 0.006217 | AA cos loss: 0.003000
[Train] Batch 040 | I(t;x): 2.5856 | I(t;y): 0.0000 | Recon: 0.0332 | Total: 10.9922
   ↳ AA sample loss: 0.006165 | AA cos loss: 0.002688

[Summary] Epoch 31 Train Total Loss: 11.1654
[Collapse Monitor] Avg intra-class archetype distance: 0.9132
=======================================================================

===================== Epoch 32/50 =====================
Mode: Full (KL + Recon + MI + full AA reconstruction + cos loss)
[Train] Batch 010 | I(t;x): 2.5867 | I(t;y): 0.0000 | Recon: 0.0343 | Total: 11.1745
   ↳ AA sample loss: 0.006029 | AA cos loss: 0.002591
[Train] Batch 020 | I(t;x): 2.6140 | I(t;y): 0.0000 | Recon: 0.0343 | Total: 11.1663
   ↳ AA sample loss: 0.005854 | AA cos loss: 0.002648
[Train] Batch 030 | I(t;x): 2.6031 | I(t;y): 0.0000 | Recon: 0.0331 | Total: 10.9430
   ↳ AA sample loss: 0.005911 | AA cos loss: 0.002694
[Train] Batch 040 | I(t;x): 2.5482 | I(t;y): 0.0000 | Recon: 0.0351 | Total: 11.2883
   ↳ AA sample loss: 0.005797 | AA cos loss: 0.002780

[Summary] Epoch 32 Train Total Loss: 11.0619
[Collapse Monitor] Avg intra-class archetype distance: 0.9024
=======================================================================

===================== Epoch 33/50 =====================
Mode: Full (KL + Recon + MI + full AA reconstruction + cos loss)
[Train] Batch 010 | I(t;x): 2.6112 | I(t;y): 0.0000 | Recon: 0.0320 | Total: 10.6918
   ↳ AA sample loss: 0.005758 | AA cos loss: 0.002678
[Train] Batch 020 | I(t;x): 2.6033 | I(t;y): 0.0000 | Recon: 0.0341 | Total: 11.0780
   ↳ AA sample loss: 0.005637 | AA cos loss: 0.002661
[Train] Batch 030 | I(t;x): 2.5682 | I(t;y): 0.0000 | Recon: 0.0339 | Total: 10.9998
   ↳ AA sample loss: 0.005572 | AA cos loss: 0.002718
[Train] Batch 040 | I(t;x): 2.5804 | I(t;y): 0.0000 | Recon: 0.0340 | Total: 10.9914
   ↳ AA sample loss: 0.005506 | AA cos loss: 0.002564

[Summary] Epoch 33 Train Total Loss: 10.9667
[Collapse Monitor] Avg intra-class archetype distance: 0.9011
=======================================================================

===================== Epoch 34/50 =====================
Mode: Full (KL + Recon + MI + full AA reconstruction + cos loss)
[Train] Batch 010 | I(t;x): 2.6056 | I(t;y): 0.0000 | Recon: 0.0332 | Total: 10.8646
   ↳ AA sample loss: 0.005437 | AA cos loss: 0.002701
[Train] Batch 020 | I(t;x): 2.5914 | I(t;y): 0.0000 | Recon: 0.0337 | Total: 10.9577
   ↳ AA sample loss: 0.005386 | AA cos loss: 0.002742
[Train] Batch 030 | I(t;x): 2.6204 | I(t;y): 0.0000 | Recon: 0.0342 | Total: 11.0747
   ↳ AA sample loss: 0.005341 | AA cos loss: 0.002700
[Train] Batch 040 | I(t;x): 2.5740 | I(t;y): 0.0000 | Recon: 0.0339 | Total: 10.9855
   ↳ AA sample loss: 0.005342 | AA cos loss: 0.002832

[Summary] Epoch 34 Train Total Loss: 10.9378
[Collapse Monitor] Avg intra-class archetype distance: 0.9024
=======================================================================

===================== Epoch 35/50 =====================
Mode: Full (KL + Recon + MI + full AA reconstruction + cos loss)
[Train] Batch 010 | I(t;x): 2.5745 | I(t;y): 0.0000 | Recon: 0.0337 | Total: 10.9120
   ↳ AA sample loss: 0.005231 | AA cos loss: 0.002790
[Train] Batch 020 | I(t;x): 2.5820 | I(t;y): 0.0000 | Recon: 0.0333 | Total: 10.7957
   ↳ AA sample loss: 0.005146 | AA cos loss: 0.002647
[Train] Batch 030 | I(t;x): 2.5932 | I(t;y): 0.0000 | Recon: 0.0340 | Total: 10.9519
   ↳ AA sample loss: 0.005209 | AA cos loss: 0.002604
[Train] Batch 040 | I(t;x): 2.5984 | I(t;y): 0.0000 | Recon: 0.0338 | Total: 10.9042
   ↳ AA sample loss: 0.005032 | AA cos loss: 0.002698

[Summary] Epoch 35 Train Total Loss: 10.8507
[Collapse Monitor] Avg intra-class archetype distance: 0.9045
=======================================================================

===================== Epoch 36/50 =====================
Mode: Full (KL + Recon + MI + full AA reconstruction + cos loss)
[Train] Batch 010 | I(t;x): 2.5966 | I(t;y): 0.0000 | Recon: 0.0314 | Total: 10.4179
   ↳ AA sample loss: 0.005040 | AA cos loss: 0.002651
[Train] Batch 020 | I(t;x): 2.6150 | I(t;y): 0.0000 | Recon: 0.0340 | Total: 10.9297
   ↳ AA sample loss: 0.004992 | AA cos loss: 0.002632
[Train] Batch 030 | I(t;x): 2.6148 | I(t;y): 0.0000 | Recon: 0.0319 | Total: 10.5072
   ↳ AA sample loss: 0.004989 | AA cos loss: 0.002542
[Train] Batch 040 | I(t;x): 2.6156 | I(t;y): 0.0000 | Recon: 0.0332 | Total: 10.7575
   ↳ AA sample loss: 0.004934 | AA cos loss: 0.002601

[Summary] Epoch 36 Train Total Loss: 10.7585
[Collapse Monitor] Avg intra-class archetype distance: 0.9074
=======================================================================

===================== Epoch 37/50 =====================
Mode: Full (KL + Recon + MI + full AA reconstruction + cos loss)
[Train] Batch 010 | I(t;x): 2.6652 | I(t;y): 0.0000 | Recon: 0.0323 | Total: 10.6152
   ↳ AA sample loss: 0.004856 | AA cos loss: 0.002562
[Train] Batch 020 | I(t;x): 2.6712 | I(t;y): 0.0000 | Recon: 0.0330 | Total: 10.7567
   ↳ AA sample loss: 0.004837 | AA cos loss: 0.002619
[Train] Batch 030 | I(t;x): 2.5925 | I(t;y): 0.0000 | Recon: 0.0343 | Total: 10.9374
   ↳ AA sample loss: 0.004723 | AA cos loss: 0.002701
[Train] Batch 040 | I(t;x): 2.6538 | I(t;y): 0.0000 | Recon: 0.0329 | Total: 10.6920
   ↳ AA sample loss: 0.004682 | AA cos loss: 0.002631

[Summary] Epoch 37 Train Total Loss: 10.7354
[Collapse Monitor] Avg intra-class archetype distance: 0.9112
=======================================================================

===================== Epoch 38/50 =====================
Mode: Full (KL + Recon + MI + full AA reconstruction + cos loss)
[Train] Batch 010 | I(t;x): 2.6145 | I(t;y): 0.0000 | Recon: 0.0336 | Total: 10.7739
   ↳ AA sample loss: 0.004711 | AA cos loss: 0.002526
[Train] Batch 020 | I(t;x): 2.5761 | I(t;y): 0.0000 | Recon: 0.0339 | Total: 10.7903
   ↳ AA sample loss: 0.004609 | AA cos loss: 0.002569
[Train] Batch 030 | I(t;x): 2.6997 | I(t;y): 0.0000 | Recon: 0.0320 | Total: 10.5021
   ↳ AA sample loss: 0.004513 | AA cos loss: 0.002504
[Train] Batch 040 | I(t;x): 2.6187 | I(t;y): 0.0000 | Recon: 0.0319 | Total: 10.4176
   ↳ AA sample loss: 0.004552 | AA cos loss: 0.002581

[Summary] Epoch 38 Train Total Loss: 10.6685
[Collapse Monitor] Avg intra-class archetype distance: 0.9144
=======================================================================

===================== Epoch 39/50 =====================
Mode: Full (KL + Recon + MI + full AA reconstruction + cos loss)
[Train] Batch 010 | I(t;x): 2.6464 | I(t;y): 0.0000 | Recon: 0.0324 | Total: 10.5397
   ↳ AA sample loss: 0.004486 | AA cos loss: 0.002585
[Train] Batch 020 | I(t;x): 2.6473 | I(t;y): 0.0000 | Recon: 0.0319 | Total: 10.4556
   ↳ AA sample loss: 0.004495 | AA cos loss: 0.002610
[Train] Batch 030 | I(t;x): 2.6791 | I(t;y): 0.0000 | Recon: 0.0336 | Total: 10.7790
   ↳ AA sample loss: 0.004452 | AA cos loss: 0.002496
[Train] Batch 040 | I(t;x): 2.6429 | I(t;y): 0.0000 | Recon: 0.0329 | Total: 10.6450
   ↳ AA sample loss: 0.004441 | AA cos loss: 0.002643

[Summary] Epoch 39 Train Total Loss: 10.6575
[Collapse Monitor] Avg intra-class archetype distance: 0.9174
=======================================================================

===================== Epoch 40/50 =====================
Mode: Full (KL + Recon + MI + full AA reconstruction + cos loss)
[Train] Batch 010 | I(t;x): 2.6152 | I(t;y): 0.0000 | Recon: 0.0335 | Total: 10.6913
   ↳ AA sample loss: 0.004381 | AA cos loss: 0.002504
[Train] Batch 020 | I(t;x): 2.6313 | I(t;y): 0.0000 | Recon: 0.0337 | Total: 10.7616
   ↳ AA sample loss: 0.004325 | AA cos loss: 0.002617
[Train] Batch 030 | I(t;x): 2.6424 | I(t;y): 0.0000 | Recon: 0.0327 | Total: 10.5446
   ↳ AA sample loss: 0.004322 | AA cos loss: 0.002499
[Train] Batch 040 | I(t;x): 2.6595 | I(t;y): 0.0000 | Recon: 0.0324 | Total: 10.5077
   ↳ AA sample loss: 0.004262 | AA cos loss: 0.002535

[Summary] Epoch 40 Train Total Loss: 10.6040
[Collapse Monitor] Avg intra-class archetype distance: 0.9190
=======================================================================

===================== Epoch 41/50 =====================
Mode: Full (KL + Recon + MI + full AA reconstruction + cos loss)
[Train] Batch 010 | I(t;x): 2.6457 | I(t;y): 0.0000 | Recon: 0.0325 | Total: 10.4877
   ↳ AA sample loss: 0.004220 | AA cos loss: 0.002530
[Train] Batch 020 | I(t;x): 2.6529 | I(t;y): 0.0000 | Recon: 0.0331 | Total: 10.6057
   ↳ AA sample loss: 0.004210 | AA cos loss: 0.002495
[Train] Batch 030 | I(t;x): 2.6036 | I(t;y): 0.0000 | Recon: 0.0326 | Total: 10.4616
   ↳ AA sample loss: 0.004167 | AA cos loss: 0.002561
[Train] Batch 040 | I(t;x): 2.6637 | I(t;y): 0.0000 | Recon: 0.0319 | Total: 10.3718
   ↳ AA sample loss: 0.004116 | AA cos loss: 0.002551

[Summary] Epoch 41 Train Total Loss: 10.5050
[Collapse Monitor] Avg intra-class archetype distance: 0.9194
=======================================================================

===================== Epoch 42/50 =====================
Mode: Full (KL + Recon + MI + full AA reconstruction + cos loss)
[Train] Batch 010 | I(t;x): 2.6067 | I(t;y): 0.0000 | Recon: 0.0325 | Total: 10.4342
   ↳ AA sample loss: 0.004118 | AA cos loss: 0.002559
[Train] Batch 020 | I(t;x): 2.6256 | I(t;y): 0.0000 | Recon: 0.0338 | Total: 10.7031
   ↳ AA sample loss: 0.004013 | AA cos loss: 0.002571
[Train] Batch 030 | I(t;x): 2.6595 | I(t;y): 0.0000 | Recon: 0.0320 | Total: 10.3753
   ↳ AA sample loss: 0.004049 | AA cos loss: 0.002577
[Train] Batch 040 | I(t;x): 2.6445 | I(t;y): 0.0000 | Recon: 0.0318 | Total: 10.2923
   ↳ AA sample loss: 0.004027 | AA cos loss: 0.002444

[Summary] Epoch 42 Train Total Loss: 10.4259
[Collapse Monitor] Avg intra-class archetype distance: 0.9189
=======================================================================

===================== Epoch 43/50 =====================
Mode: Full (KL + Recon + MI + full AA reconstruction + cos loss)
[Train] Batch 010 | I(t;x): 2.6386 | I(t;y): 0.0000 | Recon: 0.0313 | Total: 10.1843
   ↳ AA sample loss: 0.003982 | AA cos loss: 0.002475
[Train] Batch 020 | I(t;x): 2.6666 | I(t;y): 0.0000 | Recon: 0.0319 | Total: 10.3344
   ↳ AA sample loss: 0.003958 | AA cos loss: 0.002522
[Train] Batch 030 | I(t;x): 2.6510 | I(t;y): 0.0000 | Recon: 0.0320 | Total: 10.3375
   ↳ AA sample loss: 0.003895 | AA cos loss: 0.002493
[Train] Batch 040 | I(t;x): 2.6684 | I(t;y): 0.0000 | Recon: 0.0319 | Total: 10.2939
   ↳ AA sample loss: 0.003841 | AA cos loss: 0.002372

[Summary] Epoch 43 Train Total Loss: 10.3814
[Collapse Monitor] Avg intra-class archetype distance: 0.9169
=======================================================================

===================== Epoch 44/50 =====================
Mode: Full (KL + Recon + MI + full AA reconstruction + cos loss)
[Train] Batch 010 | I(t;x): 2.6511 | I(t;y): 0.0000 | Recon: 0.0317 | Total: 10.2940
   ↳ AA sample loss: 0.003900 | AA cos loss: 0.002575
[Train] Batch 020 | I(t;x): 2.6523 | I(t;y): 0.0000 | Recon: 0.0321 | Total: 10.3465
   ↳ AA sample loss: 0.003829 | AA cos loss: 0.002586
[Train] Batch 030 | I(t;x): 2.6308 | I(t;y): 0.0000 | Recon: 0.0325 | Total: 10.4201
   ↳ AA sample loss: 0.003835 | AA cos loss: 0.002632
[Train] Batch 040 | I(t;x): 2.6113 | I(t;y): 0.0000 | Recon: 0.0317 | Total: 10.2119
   ↳ AA sample loss: 0.003778 | AA cos loss: 0.002481

[Summary] Epoch 44 Train Total Loss: 10.3776
[Collapse Monitor] Avg intra-class archetype distance: 0.9121
=======================================================================

===================== Epoch 45/50 =====================
Mode: Full (KL + Recon + MI + full AA reconstruction + cos loss)
[Train] Batch 010 | I(t;x): 2.6680 | I(t;y): 0.0000 | Recon: 0.0319 | Total: 10.2972
   ↳ AA sample loss: 0.003762 | AA cos loss: 0.002469
[Train] Batch 020 | I(t;x): 2.6483 | I(t;y): 0.0000 | Recon: 0.0313 | Total: 10.1572
   ↳ AA sample loss: 0.003772 | AA cos loss: 0.002424
[Train] Batch 030 | I(t;x): 2.6435 | I(t;y): 0.0000 | Recon: 0.0312 | Total: 10.1325
   ↳ AA sample loss: 0.003730 | AA cos loss: 0.002522
[Train] Batch 040 | I(t;x): 2.6651 | I(t;y): 0.0000 | Recon: 0.0331 | Total: 10.5179
   ↳ AA sample loss: 0.003680 | AA cos loss: 0.002496

[Summary] Epoch 45 Train Total Loss: 10.2905
[Collapse Monitor] Avg intra-class archetype distance: 0.9046
=======================================================================

===================== Epoch 46/50 =====================
Mode: Full (KL + Recon + MI + full AA reconstruction + cos loss)
[Train] Batch 010 | I(t;x): 2.6904 | I(t;y): 0.0000 | Recon: 0.0313 | Total: 10.1821
   ↳ AA sample loss: 0.003638 | AA cos loss: 0.002518
[Train] Batch 020 | I(t;x): 2.7082 | I(t;y): 0.0000 | Recon: 0.0316 | Total: 10.2743
   ↳ AA sample loss: 0.003668 | AA cos loss: 0.002545
[Train] Batch 030 | I(t;x): 2.6474 | I(t;y): 0.0000 | Recon: 0.0333 | Total: 10.5515
   ↳ AA sample loss: 0.003628 | AA cos loss: 0.002555
[Train] Batch 040 | I(t;x): 2.6423 | I(t;y): 0.0000 | Recon: 0.0316 | Total: 10.1919
   ↳ AA sample loss: 0.003577 | AA cos loss: 0.002564

[Summary] Epoch 46 Train Total Loss: 10.3134
[Collapse Monitor] Avg intra-class archetype distance: 0.8950
=======================================================================

===================== Epoch 47/50 =====================
Mode: Full (KL + Recon + MI + full AA reconstruction + cos loss)
[Train] Batch 010 | I(t;x): 2.6668 | I(t;y): 0.0000 | Recon: 0.0306 | Total: 9.9707
   ↳ AA sample loss: 0.003534 | AA cos loss: 0.002430
[Train] Batch 020 | I(t;x): 2.6496 | I(t;y): 0.0000 | Recon: 0.0308 | Total: 10.0043
   ↳ AA sample loss: 0.003537 | AA cos loss: 0.002475
[Train] Batch 030 | I(t;x): 2.6675 | I(t;y): 0.0000 | Recon: 0.0325 | Total: 10.3519
   ↳ AA sample loss: 0.003539 | AA cos loss: 0.002379
[Train] Batch 040 | I(t;x): 2.7375 | I(t;y): 0.0000 | Recon: 0.0328 | Total: 10.4676
   ↳ AA sample loss: 0.003514 | AA cos loss: 0.002374

[Summary] Epoch 47 Train Total Loss: 10.2437
[Collapse Monitor] Avg intra-class archetype distance: 0.8876
=======================================================================

===================== Epoch 48/50 =====================
Mode: Full (KL + Recon + MI + full AA reconstruction + cos loss)
[Train] Batch 010 | I(t;x): 2.6557 | I(t;y): 0.0000 | Recon: 0.0314 | Total: 10.1329
   ↳ AA sample loss: 0.003425 | AA cos loss: 0.002529
[Train] Batch 020 | I(t;x): 2.6076 | I(t;y): 0.0000 | Recon: 0.0316 | Total: 10.1294
   ↳ AA sample loss: 0.003419 | AA cos loss: 0.002559
[Train] Batch 030 | I(t;x): 2.6496 | I(t;y): 0.0000 | Recon: 0.0313 | Total: 10.0867
   ↳ AA sample loss: 0.003469 | AA cos loss: 0.002457
[Train] Batch 040 | I(t;x): 2.7120 | I(t;y): 0.0000 | Recon: 0.0309 | Total: 10.0538
   ↳ AA sample loss: 0.003376 | AA cos loss: 0.002421

[Summary] Epoch 48 Train Total Loss: 10.2312
[Collapse Monitor] Avg intra-class archetype distance: 0.8867
=======================================================================

===================== Epoch 49/50 =====================
Mode: Full (KL + Recon + MI + full AA reconstruction + cos loss)
[Train] Batch 010 | I(t;x): 2.7392 | I(t;y): 0.0000 | Recon: 0.0305 | Total: 10.0149
   ↳ AA sample loss: 0.003432 | AA cos loss: 0.002437
[Train] Batch 020 | I(t;x): 2.6743 | I(t;y): 0.0000 | Recon: 0.0318 | Total: 10.1971
   ↳ AA sample loss: 0.003384 | AA cos loss: 0.002469
[Train] Batch 030 | I(t;x): 2.6409 | I(t;y): 0.0000 | Recon: 0.0319 | Total: 10.1686
   ↳ AA sample loss: 0.003293 | AA cos loss: 0.002492
[Train] Batch 040 | I(t;x): 2.6458 | I(t;y): 0.0000 | Recon: 0.0309 | Total: 9.9754
   ↳ AA sample loss: 0.003290 | AA cos loss: 0.002499

[Summary] Epoch 49 Train Total Loss: 10.2098
[Collapse Monitor] Avg intra-class archetype distance: 0.8884
=======================================================================

===================== Epoch 50/50 =====================
Mode: Full (KL + Recon + MI + full AA reconstruction + cos loss)
[Train] Batch 010 | I(t;x): 2.6688 | I(t;y): 0.0000 | Recon: 0.0303 | Total: 9.8758
   ↳ AA sample loss: 0.003292 | AA cos loss: 0.002425
[Train] Batch 020 | I(t;x): 2.7351 | I(t;y): 0.0000 | Recon: 0.0304 | Total: 9.9611
   ↳ AA sample loss: 0.003299 | AA cos loss: 0.002415
[Train] Batch 030 | I(t;x): 2.6889 | I(t;y): 0.0000 | Recon: 0.0333 | Total: 10.4871
   ↳ AA sample loss: 0.003171 | AA cos loss: 0.002479
[Train] Batch 040 | I(t;x): 2.7203 | I(t;y): 0.0000 | Recon: 0.0319 | Total: 10.2328
   ↳ AA sample loss: 0.003190 | AA cos loss: 0.002435

[Summary] Epoch 50 Train Total Loss: 10.1151
[Collapse Monitor] Avg intra-class archetype distance: 0.8900
=======================================================================

[Save] Epoch losses saved to: results/kmnist/seed_46_aa_5/epoch_total_losses.pkl
[Save] Final archetype coordinates saved to: results/kmnist/seed_46_aa_5/final_archetypes.npy (shape: (50, 32))
[Save] Decoded archetype images saved to: results/kmnist/seed_46_aa_5/final_archetypes_decoded.npy (shape: (50, 1, 28, 28))
[Save] Sample-to-AA weight parameters saved to: results/kmnist/seed_46_aa_5/fc_sample_to_aa_weights.pth
[Save] Final model weights saved to: results/kmnist/seed_46_aa_5/model_final.pth
